#
# There is insufficient memory for the Java Runtime Environment to continue.
# Native memory allocation (malloc) failed to allocate 1048576 bytes. Error detail: AllocateHeap
# Possible reasons:
#   The system is out of physical RAM or swap space
#   This process is running with CompressedOops enabled, and the Java Heap may be blocking the growth of the native heap
# Possible solutions:
#   Reduce memory load on the system
#   Increase physical memory or swap space
#   Check if swap backing store is full
#   Decrease Java heap size (-Xmx/-Xms)
#   Decrease number of Java threads
#   Decrease Java thread stack sizes (-Xss)
#   Set larger code cache with -XX:ReservedCodeCacheSize=
#   JVM is running with Unscaled Compressed Oops mode in which the Java heap is
#     placed in the first 4GB address space. The Java Heap base address is the
#     maximum limit for the native heap growth. Please use -XX:HeapBaseMinAddress
#     to set the Java Heap base and to place the Java Heap above 4GB virtual address.
# This output file may be truncated or incomplete.
#
#  Out of Memory Error (allocation.cpp:44), pid=24568, tid=21280
#
# JRE version: OpenJDK Runtime Environment Temurin-21.0.10+7 (21.0.10+7) (build 21.0.10+7-LTS)
# Java VM: OpenJDK 64-Bit Server VM Temurin-21.0.10+7 (21.0.10+7-LTS, mixed mode, sharing, tiered, compressed oops, compressed class ptrs, parallel gc, windows-amd64)
# No core dump will be written. Minidumps are not enabled by default on client versions of Windows
#

---------------  S U M M A R Y ------------

Command Line: --add-modules=ALL-SYSTEM --add-opens=java.base/java.util=ALL-UNNAMED --add-opens=java.base/java.lang=ALL-UNNAMED --add-opens=java.base/sun.nio.fs=ALL-UNNAMED -Declipse.application=org.eclipse.jdt.ls.core.id1 -Dosgi.bundles.defaultStartLevel=4 -Declipse.product=org.eclipse.jdt.ls.core.product -Djava.import.generatesMetadataFilesAtProjectRoot=false -DDetectVMInstallationsJob.disabled=true -Dfile.encoding=utf8 -XX:+UseParallelGC -XX:GCTimeRatio=4 -XX:AdaptiveSizePolicyWeight=90 -Dsun.zip.disableMemoryMapping=true -Xmx2G -Xms100m -Xlog:disable -javaagent:c:\Users\hp\.vscode\extensions\redhat.java-1.54.0-win32-x64\lombok\lombok-1.18.39-4050.jar -XX:+HeapDumpOnOutOfMemoryError -XX:HeapDumpPath=c:\Users\hp\AppData\Roaming\Code\User\workspaceStorage\a08af92cbd24ded10a1cca0772c3be56\redhat.java -Daether.dependencyCollector.impl=bf c:\Users\hp\.vscode\extensions\redhat.java-1.54.0-win32-x64\server\plugins\org.eclipse.equinox.launcher_1.7.100.v20251111-0406.jar -configuration c:\Users\hp\AppData\Roaming\Code\User\globalStorage\redhat.java\1.54.0\config_win -data c:\Users\hp\AppData\Roaming\Code\User\workspaceStorage\a08af92cbd24ded10a1cca0772c3be56\redhat.java\jdt_ws --pipe=\\.\pipe\lsp-019aa3c6a0ffdaf39a7157a6c815f78d-sock

Host: Intel(R) Core(TM) i5-8265U CPU @ 1.60GHz, 8 cores, 7G,  Windows 11 , 64 bit Build 26100 (10.0.26100.6725)
Time: Mon Jun 15 19:12:36 2026 South Africa Standard Time elapsed time: 1109.008602 seconds (0d 0h 18m 29s)

---------------  T H R E A D  ---------------

Current thread (0x000001eee9208880):  JavaThread "Attach Listener" daemon [_thread_in_vm, id=21280, stack(0x0000005e93400000,0x0000005e93500000) (1024K)]

Stack: [0x0000005e93400000,0x0000005e93500000]
Native frames: (J=compiled Java code, j=interpreted, Vv=VM code, C=native code)
V  [jvm.dll+0x6d7a39]
V  [jvm.dll+0x8b4b26]
V  [jvm.dll+0x8b70de]
V  [jvm.dll+0x8b77c3]
V  [jvm.dll+0x284346]
V  [jvm.dll+0xc1277]
V  [jvm.dll+0x6d82e9]
V  [jvm.dll+0x1334a6]
V  [jvm.dll+0x3f857e]
V  [jvm.dll+0x85f59d]
V  [jvm.dll+0x6d626d]
C  [ucrtbase.dll+0x37b0]
C  [KERNEL32.DLL+0x2e8d7]
C  [ntdll.dll+0x8c53c]


---------------  P R O C E S S  ---------------

Threads class SMR info:
_java_thread_list=0x000001eecbd7ff20, length=50, elements={
0x000001eee928e430, 0x000001eee9201f70, 0x000001eee9205900, 0x000001eee9207c20,
0x000001eee9208880, 0x000001eee920b490, 0x000001eee920cc10, 0x000001eee9218540,
0x000001eec2588120, 0x000001eec2733530, 0x000001eec288e660, 0x000001eec7423f00,
0x000001eec78a0080, 0x000001eec7893f00, 0x000001eec7925d60, 0x000001eec7b75b70,
0x000001eec77fe0f0, 0x000001eec7ca67f0, 0x000001eec70d5be0, 0x000001eec866b010,
0x000001eec8668f40, 0x000001eec866c3c0, 0x000001eec866a980, 0x000001eec866ca50,
0x000001eec866d0e0, 0x000001eec8669c60, 0x000001eec866a2f0, 0x000001eec866eb20,
0x000001eec8670560, 0x000001eec866de00, 0x000001eec866f840, 0x000001eec866d770,
0x000001eec866e490, 0x000001eec27aad00, 0x000001eec27a85a0, 0x000001eec27ab390,
0x000001eec27a7f10, 0x000001eec27aba20, 0x000001eec27ac0b0, 0x000001eec27af530,
0x000001eec27adaf0, 0x000001eec27ae810, 0x000001eeca29d2e0, 0x000001eeca29f3b0,
0x000001eeca29ed20, 0x000001eeca29d970, 0x000001eeca29e690, 0x000001eeca29bf30,
0x000001eeca2a0df0, 0x000001eeca2a21a0
}

Java Threads: ( => current thread )
  0x000001eee928e430 JavaThread "main"                              [_thread_blocked, id=14380, stack(0x0000005e92d00000,0x0000005e92e00000) (1024K)]
  0x000001eee9201f70 JavaThread "Reference Handler"          daemon [_thread_blocked, id=16508, stack(0x0000005e93100000,0x0000005e93200000) (1024K)]
  0x000001eee9205900 JavaThread "Finalizer"                  daemon [_thread_blocked, id=20984, stack(0x0000005e93200000,0x0000005e93300000) (1024K)]
  0x000001eee9207c20 JavaThread "Signal Dispatcher"          daemon [_thread_blocked, id=19704, stack(0x0000005e93300000,0x0000005e93400000) (1024K)]
=>0x000001eee9208880 JavaThread "Attach Listener"            daemon [_thread_in_vm, id=21280, stack(0x0000005e93400000,0x0000005e93500000) (1024K)]
  0x000001eee920b490 JavaThread "Service Thread"             daemon [_thread_blocked, id=12604, stack(0x0000005e93500000,0x0000005e93600000) (1024K)]
  0x000001eee920cc10 JavaThread "Monitor Deflation Thread"   daemon [_thread_blocked, id=9256, stack(0x0000005e93600000,0x0000005e93700000) (1024K)]
  0x000001eee9218540 JavaThread "C2 CompilerThread0"         daemon [_thread_blocked, id=26472, stack(0x0000005e93700000,0x0000005e93800000) (1024K)]
  0x000001eec2588120 JavaThread "C1 CompilerThread0"         daemon [_thread_blocked, id=21788, stack(0x0000005e93800000,0x0000005e93900000) (1024K)]
  0x000001eec2733530 JavaThread "Common-Cleaner"             daemon [_thread_blocked, id=948, stack(0x0000005e93a00000,0x0000005e93b00000) (1024K)]
  0x000001eec288e660 JavaThread "Notification Thread"        daemon [_thread_blocked, id=24988, stack(0x0000005e93900000,0x0000005e93a00000) (1024K)]
  0x000001eec7423f00 JavaThread "Active Thread: Equinox Container: a0d30185-67ed-40c6-b90c-8c415b523aab"        [_thread_blocked, id=19896, stack(0x0000005e94100000,0x0000005e94200000) (1024K)]
  0x000001eec78a0080 JavaThread "Refresh Thread: Equinox Container: a0d30185-67ed-40c6-b90c-8c415b523aab" daemon [_thread_blocked, id=24800, stack(0x0000005e94300000,0x0000005e94400000) (1024K)]
  0x000001eec7893f00 JavaThread "Framework Event Dispatcher: Equinox Container: a0d30185-67ed-40c6-b90c-8c415b523aab" daemon [_thread_blocked, id=12260, stack(0x0000005e94400000,0x0000005e94500000) (1024K)]
  0x000001eec7925d60 JavaThread "Start Level: Equinox Container: a0d30185-67ed-40c6-b90c-8c415b523aab" daemon [_thread_blocked, id=16668, stack(0x0000005e94500000,0x0000005e94600000) (1024K)]
  0x000001eec7b75b70 JavaThread "Bundle File Closer"         daemon [_thread_blocked, id=11212, stack(0x0000005e94700000,0x0000005e94800000) (1024K)]
  0x000001eec77fe0f0 JavaThread "SCR Component Actor"        daemon [_thread_blocked, id=11404, stack(0x0000005e94600000,0x0000005e94700000) (1024K)]
  0x000001eec7ca67f0 JavaThread "Worker-JM"                         [_thread_blocked, id=9692, stack(0x0000005e94800000,0x0000005e94900000) (1024K)]
  0x000001eec70d5be0 JavaThread "JNA Cleaner"                daemon [_thread_blocked, id=26880, stack(0x0000005e94900000,0x0000005e94a00000) (1024K)]
  0x000001eec866b010 JavaThread "Java indexing"              daemon [_thread_blocked, id=4952, stack(0x0000005e94e00000,0x0000005e94f00000) (1024K)]
  0x000001eec8668f40 JavaThread "Worker-4"                          [_thread_blocked, id=8780, stack(0x0000005e95300000,0x0000005e95400000) (1024K)]
  0x000001eec866c3c0 JavaThread "Thread-1"                   daemon [_thread_in_native, id=8196, stack(0x0000005e95400000,0x0000005e95500000) (1024K)]
  0x000001eec866a980 JavaThread "Thread-2"                   daemon [_thread_in_native, id=15392, stack(0x0000005e95500000,0x0000005e95600000) (1024K)]
  0x000001eec866ca50 JavaThread "Thread-3"                   daemon [_thread_in_native, id=11996, stack(0x0000005e95600000,0x0000005e95700000) (1024K)]
  0x000001eec866d0e0 JavaThread "Thread-4"                   daemon [_thread_in_native, id=20160, stack(0x0000005e95700000,0x0000005e95800000) (1024K)]
  0x000001eec8669c60 JavaThread "Thread-5"                   daemon [_thread_in_native, id=15368, stack(0x0000005e95800000,0x0000005e95900000) (1024K)]
  0x000001eec866a2f0 JavaThread "Thread-6"                   daemon [_thread_in_native, id=19536, stack(0x0000005e95900000,0x0000005e95a00000) (1024K)]
  0x000001eec866eb20 JavaThread "Thread-7"                   daemon [_thread_in_native, id=27864, stack(0x0000005e95a00000,0x0000005e95b00000) (1024K)]
  0x000001eec8670560 JavaThread "Thread-8"                   daemon [_thread_in_native, id=18148, stack(0x0000005e95b00000,0x0000005e95c00000) (1024K)]
  0x000001eec866de00 JavaThread "Thread-9"                   daemon [_thread_in_native, id=17008, stack(0x0000005e95c00000,0x0000005e95d00000) (1024K)]
  0x000001eec866f840 JavaThread "pool-2-thread-1"                   [_thread_blocked, id=26904, stack(0x0000005e95d00000,0x0000005e95e00000) (1024K)]
  0x000001eec866d770 JavaThread "WorkspaceEventsHandler"            [_thread_blocked, id=19976, stack(0x0000005e95e00000,0x0000005e95f00000) (1024K)]
  0x000001eec866e490 JavaThread "pool-1-thread-1"                   [_thread_blocked, id=20484, stack(0x0000005e95f00000,0x0000005e96000000) (1024K)]
  0x000001eec27aad00 JavaThread "ForkJoinPool.commonPool-worker-8" daemon [_thread_blocked, id=22268, stack(0x0000005e92a00000,0x0000005e92b00000) (1024K)]
  0x000001eec27a85a0 JavaThread "ForkJoinPool.commonPool-worker-9" daemon [_thread_blocked, id=14560, stack(0x0000005e92b00000,0x0000005e92c00000) (1024K)]
  0x000001eec27ab390 JavaThread "ForkJoinPool.commonPool-worker-10" daemon [_thread_blocked, id=6580, stack(0x0000005e94a00000,0x0000005e94b00000) (1024K)]
  0x000001eec27a7f10 JavaThread "ForkJoinPool.commonPool-worker-11" daemon [_thread_blocked, id=24048, stack(0x0000005e94b00000,0x0000005e94c00000) (1024K)]
  0x000001eec27aba20 JavaThread "ForkJoinPool.commonPool-worker-12" daemon [_thread_blocked, id=19264, stack(0x0000005e94c00000,0x0000005e94d00000) (1024K)]
  0x000001eec27ac0b0 JavaThread "Cleaner-0"                  daemon [_thread_blocked, id=21296, stack(0x0000005e95000000,0x0000005e95100000) (1024K)]
  0x000001eec27af530 JavaThread "Compiler Source File Reader" daemon [_thread_blocked, id=22408, stack(0x0000005e94f00000,0x0000005e95000000) (1024K)]
  0x000001eec27adaf0 JavaThread "Compiler Source File Reader" daemon [_thread_blocked, id=27540, stack(0x0000005e96000000,0x0000005e96100000) (1024K)]
  0x000001eec27ae810 JavaThread "Compiler Source File Reader" daemon [_thread_blocked, id=19464, stack(0x0000005e96100000,0x0000005e96200000) (1024K)]
  0x000001eeca29d2e0 JavaThread "Compiler Source File Reader" daemon [_thread_blocked, id=28124, stack(0x0000005e96200000,0x0000005e96300000) (1024K)]
  0x000001eeca29f3b0 JavaThread "Worker-8"                          [_thread_blocked, id=16632, stack(0x0000005e96300000,0x0000005e96400000) (1024K)]
  0x000001eeca29ed20 JavaThread "Compiler Source File Reader" daemon [_thread_blocked, id=11444, stack(0x0000005e95100000,0x0000005e95200000) (1024K)]
  0x000001eeca29d970 JavaThread "Worker-10"                         [_thread_blocked, id=18872, stack(0x0000005e95200000,0x0000005e95300000) (1024K)]
  0x000001eeca29e690 JavaThread "Compiler Processing Task"   daemon [_thread_blocked, id=17412, stack(0x0000005e94d00000,0x0000005e94e00000) (1024K)]
  0x000001eeca29bf30 JavaThread "Compiler Source File Reader" daemon [_thread_blocked, id=20964, stack(0x0000005e96500000,0x0000005e96600000) (1024K)]
  0x000001eeca2a0df0 JavaThread "Worker-11"                         [_thread_blocked, id=12080, stack(0x0000005e92c00000,0x0000005e92d00000) (1024K)]
  0x000001eeca2a21a0 JavaThread "ForkJoinPool.commonPool-worker-13" daemon [_thread_blocked, id=14584, stack(0x0000005e96400000,0x0000005e96500000) (1024K)]
Total: 50

Other Threads:
  0x000001eee934e9c0 VMThread "VM Thread"                           [id=3012, stack(0x0000005e93000000,0x0000005e93100000) (1024K)]
  0x000001eee911ca10 WatcherThread "VM Periodic Task Thread"        [id=14464, stack(0x0000005e92f00000,0x0000005e93000000) (1024K)]
  0x000001eee92ac650 WorkerThread "GC Thread#0"                     [id=20072, stack(0x0000005e92e00000,0x0000005e92f00000) (1024K)]
  0x000001eec7287a40 WorkerThread "GC Thread#1"                     [id=7688, stack(0x0000005e93b00000,0x0000005e93c00000) (1024K)]
  0x000001eec786c880 WorkerThread "GC Thread#2"                     [id=8692, stack(0x0000005e93c00000,0x0000005e93d00000) (1024K)]
  0x000001eec786cc30 WorkerThread "GC Thread#3"                     [id=13388, stack(0x0000005e93d00000,0x0000005e93e00000) (1024K)]
  0x000001eec786cfe0 WorkerThread "GC Thread#4"                     [id=26100, stack(0x0000005e93e00000,0x0000005e93f00000) (1024K)]
  0x000001eec786d390 WorkerThread "GC Thread#5"                     [id=16176, stack(0x0000005e93f00000,0x0000005e94000000) (1024K)]
  0x000001eec77e6710 WorkerThread "GC Thread#6"                     [id=26216, stack(0x0000005e94000000,0x0000005e94100000) (1024K)]
  0x000001eec78cc020 WorkerThread "GC Thread#7"                     [id=28252, stack(0x0000005e94200000,0x0000005e94300000) (1024K)]
Total: 10

Threads with active compile tasks:
Total: 0

VM state: not at safepoint (normal execution)

VM Mutex/Monitor currently owned by a thread: None

Heap address: 0x0000000080000000, size: 2048 MB, Compressed Oops mode: 32-bit

CDS archive(s) mapped at: [0x000001ee80000000-0x000001ee80ba0000-0x000001ee80ba0000), size 12189696, SharedBaseAddress: 0x000001ee80000000, ArchiveRelocationMode: 1.
Compressed class space mapped at: 0x000001ee81000000-0x000001eec1000000, reserved size: 1073741824
Narrow klass base: 0x000001ee80000000, Narrow klass shift: 0, Narrow klass range: 0x100000000

GC Precious Log:
 CardTable entry size: 512
 CPUs: 8 total, 8 available
 Memory: 8030M
 Large Page Support: Disabled
 NUMA Support: Disabled
 Compressed Oops: Enabled (32-bit)
 Alignments: Space 512K, Generation 512K, Heap 2M
 Heap Min Capacity: 100M
 Heap Initial Capacity: 100M
 Heap Max Capacity: 2G
 Pre-touch: Disabled
 Parallel Workers: 8

Heap:
 PSYoungGen      total 4096K, used 1121K [0x00000000d5580000, 0x00000000d5c80000, 0x0000000100000000)
  eden space 3072K, 12% used [0x00000000d5580000,0x00000000d55e1ed0,0x00000000d5880000)
  from space 1024K, 71% used [0x00000000d5a80000,0x00000000d5b36900,0x00000000d5b80000)
  to   space 1024K, 0% used [0x00000000d5b80000,0x00000000d5b80000,0x00000000d5c80000)
 ParOldGen       total 455168K, used 283112K [0x0000000080000000, 0x000000009bc80000, 0x00000000d5580000)
  object space 455168K, 62% used [0x0000000080000000,0x000000009147a108,0x000000009bc80000)
 Metaspace       used 76599K, committed 78336K, reserved 1179648K
  class space    used 7744K, committed 8512K, reserved 1048576K

Card table byte_map: [0x000001eee8c30000,0x000001eee9040000] _byte_map_base: 0x000001eee8830000

Marking Bits: (ParMarkBitMap*) 0x00007ffafd363450
 Begin Bits: [0x000001eefb740000, 0x000001eefd740000)
 End Bits:   [0x000001eefd740000, 0x000001eeff740000)

Polling page: 0x000001eee7020000

Metaspace:

Usage:
  Non-class:     67.24 MB used.
      Class:      7.56 MB used.
       Both:     74.80 MB used.

Virtual space:
  Non-class space:      128.00 MB reserved,      68.19 MB ( 53%) committed,  2 nodes.
      Class space:        1.00 GB reserved,       8.31 MB ( <1%) committed,  1 nodes.
             Both:        1.12 GB reserved,      76.50 MB (  7%) committed. 

Chunk freelists:
   Non-Class:  11.09 MB
       Class:  7.70 MB
        Both:  18.79 MB

MaxMetaspaceSize: unlimited
CompressedClassSpaceSize: 1.00 GB
Initial GC threshold: 21.00 MB
Current GC threshold: 125.31 MB
CDS: on
 - commit_granule_bytes: 65536.
 - commit_granule_words: 8192.
 - virtual_space_node_default_size: 8388608.
 - enlarge_chunks_in_place: 1.
 - use_allocation_guard: 0.


Internal statistics:

num_allocs_failed_limit: 9.
num_arena_births: 1446.
num_arena_deaths: 20.
num_vsnodes_births: 3.
num_vsnodes_deaths: 0.
num_space_committed: 1224.
num_space_uncommitted: 0.
num_chunks_returned_to_freelist: 30.
num_chunks_taken_from_freelist: 5370.
num_chunk_merges: 12.
num_chunk_splits: 3195.
num_chunks_enlarged: 1674.
num_inconsistent_stats: 0.

CodeHeap 'non-profiled nmethods': size=120000Kb used=15128Kb max_used=15128Kb free=104871Kb
 bounds [0x000001eef3f60000, 0x000001eef4e30000, 0x000001eefb490000]
CodeHeap 'profiled nmethods': size=120000Kb used=37790Kb max_used=37790Kb free=82209Kb
 bounds [0x000001eeec490000, 0x000001eeee980000, 0x000001eef39c0000]
CodeHeap 'non-nmethods': size=5760Kb used=1475Kb max_used=1609Kb free=4284Kb
 bounds [0x000001eef39c0000, 0x000001eef3c30000, 0x000001eef3f60000]
CodeCache: size=245760Kb, used=54393Kb, max_used=54527Kb, free=191364Kb
 total_blobs=16393, nmethods=15600, adapters=695, full_count=0
Compilation: enabled, stopped_count=0, restarted_count=0

Compilation events (20 events):
Event: 1103.365 Thread 0x000001eec2588120 nmethod 17168 0x000001eef4e1db10 code [0x000001eef4e1dca0, 0x000001eef4e1dd68]
Event: 1103.366 Thread 0x000001eee9218540 nmethod 17167 0x000001eef4e1de10 code [0x000001eef4e1dfa0, 0x000001eef4e1e028]
Event: 1103.459 Thread 0x000001eee9218540 17169       4       lombok.eclipse.EclipseAST::buildMethods (53 bytes)
Event: 1103.459 Thread 0x000001eec2588120 17170       3       org.eclipse.jdt.internal.compiler.util.Util::isExcluded (208 bytes)
Event: 1103.461 Thread 0x000001eec2588120 nmethod 17170 0x000001eeed39b110 code [0x000001eeed39b360, 0x000001eeed39bbe8]
Event: 1103.469 Thread 0x000001eec2588120 17171       3       org.eclipse.jdt.internal.compiler.ast.TypeDeclaration::updateSupertypesWithAnnotations (265 bytes)
Event: 1103.471 Thread 0x000001eec2588120 nmethod 17171 0x000001eeed0a1d90 code [0x000001eeed0a2020, 0x000001eeed0a2f70]
Event: 1103.475 Thread 0x000001eee9218540 nmethod 17169 0x000001eef4e1e110 code [0x000001eef4e1e2e0, 0x000001eef4e1e840]
Event: 1103.475 Thread 0x000001eee9218540 17172       4       java.util.WeakHashMap::isEmpty (13 bytes)
Event: 1103.477 Thread 0x000001eee9218540 nmethod 17172 0x000001eef4e1ec10 code [0x000001eef4e1eda0, 0x000001eef4e1ee70]
Event: 1103.482 Thread 0x000001eee9218540 17173       4       org.eclipse.jdt.internal.compiler.ast.ImportReference::<init> (62 bytes)
Event: 1103.484 Thread 0x000001eee9218540 nmethod 17173 0x000001eef4e1ef10 code [0x000001eef4e1f0a0, 0x000001eef4e1f1e8]
Event: 1103.531 Thread 0x000001eee9218540 17174       4       com.google.gson.internal.bind.ReflectiveTypeAdapterFactory$FieldReflectionAdapter::readField (7 bytes)
Event: 1103.728 Thread 0x000001eee9218540 nmethod 17174 0x000001eef4e1f310 code [0x000001eef4e1f9c0, 0x000001eef4e22b40]
Event: 1103.997 Thread 0x000001eec2588120 17175       3       org.eclipse.jdt.core.dom.VariableBinding::isDeprecated (17 bytes)
Event: 1103.998 Thread 0x000001eee9218540 17176       4       java.util.concurrent.ForkJoinPool::awaitWork (321 bytes)
Event: 1103.998 Thread 0x000001eec2588120 nmethod 17175 0x000001eeecbc1810 code [0x000001eeecbc19e0, 0x000001eeecbc1d60]
Event: 1104.022 Thread 0x000001eee9218540 nmethod 17176 0x000001eef4e25190 code [0x000001eef4e25380, 0x000001eef4e25b48]
Event: 1104.887 Thread 0x000001eee9218540 17177       4       org.eclipse.jdt.internal.compiler.lookup.LookupEnvironment::combine (73 bytes)
Event: 1104.888 Thread 0x000001eee9218540 nmethod 17177 0x000001eef4e26010 code [0x000001eef4e261a0, 0x000001eef4e26250]

GC Heap History (20 events):
Event: 1101.876 GC heap before
{Heap before GC invocations=1004 (full 4):
 PSYoungGen      total 6144K, used 5276K [0x00000000d5580000, 0x00000000d5f00000, 0x0000000100000000)
  eden space 5120K, 99% used [0x00000000d5580000,0x00000000d5a7f258,0x00000000d5a80000)
  from space 1024K, 15% used [0x00000000d5d00000,0x00000000d5d28000,0x00000000d5e00000)
  to   space 512K, 0% used [0x00000000d5e80000,0x00000000d5e80000,0x00000000d5f00000)
 ParOldGen       total 455168K, used 275970K [0x0000000080000000, 0x000000009bc80000, 0x00000000d5580000)
  object space 455168K, 60% used [0x0000000080000000,0x0000000090d809f8,0x000000009bc80000)
 Metaspace       used 76588K, committed 78336K, reserved 1179648K
  class space    used 7744K, committed 8512K, reserved 1048576K
}
Event: 1101.879 GC heap after
{Heap after GC invocations=1004 (full 4):
 PSYoungGen      total 5632K, used 160K [0x00000000d5580000, 0x00000000d5f00000, 0x0000000100000000)
  eden space 5120K, 0% used [0x00000000d5580000,0x00000000d5580000,0x00000000d5a80000)
  from space 512K, 31% used [0x00000000d5e80000,0x00000000d5ea8000,0x00000000d5f00000)
  to   space 512K, 0% used [0x00000000d5e00000,0x00000000d5e00000,0x00000000d5e80000)
 ParOldGen       total 455168K, used 276018K [0x0000000080000000, 0x000000009bc80000, 0x00000000d5580000)
  object space 455168K, 60% used [0x0000000080000000,0x0000000090d8c9f8,0x000000009bc80000)
 Metaspace       used 76588K, committed 78336K, reserved 1179648K
  class space    used 7744K, committed 8512K, reserved 1048576K
}
Event: 1102.884 GC heap before
{Heap before GC invocations=1005 (full 4):
 PSYoungGen      total 5632K, used 5280K [0x00000000d5580000, 0x00000000d5f00000, 0x0000000100000000)
  eden space 5120K, 100% used [0x00000000d5580000,0x00000000d5a80000,0x00000000d5a80000)
  from space 512K, 31% used [0x00000000d5e80000,0x00000000d5ea8000,0x00000000d5f00000)
  to   space 512K, 0% used [0x00000000d5e00000,0x00000000d5e00000,0x00000000d5e80000)
 ParOldGen       total 455168K, used 276018K [0x0000000080000000, 0x000000009bc80000, 0x00000000d5580000)
  object space 455168K, 60% used [0x0000000080000000,0x0000000090d8c9f8,0x000000009bc80000)
 Metaspace       used 76589K, committed 78336K, reserved 1179648K
  class space    used 7744K, committed 8512K, reserved 1048576K
}
Event: 1102.886 GC heap after
{Heap after GC invocations=1005 (full 4):
 PSYoungGen      total 5632K, used 192K [0x00000000d5580000, 0x00000000d5f00000, 0x0000000100000000)
  eden space 5120K, 0% used [0x00000000d5580000,0x00000000d5580000,0x00000000d5a80000)
  from space 512K, 37% used [0x00000000d5e00000,0x00000000d5e30000,0x00000000d5e80000)
  to   space 512K, 0% used [0x00000000d5e80000,0x00000000d5e80000,0x00000000d5f00000)
 ParOldGen       total 455168K, used 276034K [0x0000000080000000, 0x000000009bc80000, 0x00000000d5580000)
  object space 455168K, 60% used [0x0000000080000000,0x0000000090d909f8,0x000000009bc80000)
 Metaspace       used 76589K, committed 78336K, reserved 1179648K
  class space    used 7744K, committed 8512K, reserved 1048576K
}
Event: 1103.225 GC heap before
{Heap before GC invocations=1006 (full 4):
 PSYoungGen      total 5632K, used 5312K [0x00000000d5580000, 0x00000000d5f00000, 0x0000000100000000)
  eden space 5120K, 100% used [0x00000000d5580000,0x00000000d5a80000,0x00000000d5a80000)
  from space 512K, 37% used [0x00000000d5e00000,0x00000000d5e30000,0x00000000d5e80000)
  to   space 512K, 0% used [0x00000000d5e80000,0x00000000d5e80000,0x00000000d5f00000)
 ParOldGen       total 455168K, used 276034K [0x0000000080000000, 0x000000009bc80000, 0x00000000d5580000)
  object space 455168K, 60% used [0x0000000080000000,0x0000000090d909f8,0x000000009bc80000)
 Metaspace       used 76592K, committed 78336K, reserved 1179648K
  class space    used 7744K, committed 8512K, reserved 1048576K
}
Event: 1103.228 GC heap after
{Heap after GC invocations=1006 (full 4):
 PSYoungGen      total 5632K, used 494K [0x00000000d5580000, 0x00000000d5f00000, 0x0000000100000000)
  eden space 5120K, 0% used [0x00000000d5580000,0x00000000d5580000,0x00000000d5a80000)
  from space 512K, 96% used [0x00000000d5e80000,0x00000000d5efbb00,0x00000000d5f00000)
  to   space 1024K, 0% used [0x00000000d5d00000,0x00000000d5d00000,0x00000000d5e00000)
 ParOldGen       total 455168K, used 276226K [0x0000000080000000, 0x000000009bc80000, 0x00000000d5580000)
  object space 455168K, 60% used [0x0000000080000000,0x0000000090dc09f8,0x000000009bc80000)
 Metaspace       used 76592K, committed 78336K, reserved 1179648K
  class space    used 7744K, committed 8512K, reserved 1048576K
}
Event: 1103.308 GC heap before
{Heap before GC invocations=1007 (full 4):
 PSYoungGen      total 5632K, used 5599K [0x00000000d5580000, 0x00000000d5f00000, 0x0000000100000000)
  eden space 5120K, 99% used [0x00000000d5580000,0x00000000d5a7c320,0x00000000d5a80000)
  from space 512K, 96% used [0x00000000d5e80000,0x00000000d5efbb00,0x00000000d5f00000)
  to   space 1024K, 0% used [0x00000000d5d00000,0x00000000d5d00000,0x00000000d5e00000)
 ParOldGen       total 455168K, used 276226K [0x0000000080000000, 0x000000009bc80000, 0x00000000d5580000)
  object space 455168K, 60% used [0x0000000080000000,0x0000000090dc09f8,0x000000009bc80000)
 Metaspace       used 76595K, committed 78336K, reserved 1179648K
  class space    used 7744K, committed 8512K, reserved 1048576K
}
Event: 1103.310 GC heap after
{Heap after GC invocations=1007 (full 4):
 PSYoungGen      total 6144K, used 1020K [0x00000000d5580000, 0x00000000d5f00000, 0x0000000100000000)
  eden space 5120K, 0% used [0x00000000d5580000,0x00000000d5580000,0x00000000d5a80000)
  from space 1024K, 99% used [0x00000000d5d00000,0x00000000d5dff388,0x00000000d5e00000)
  to   space 1024K, 0% used [0x00000000d5e00000,0x00000000d5e00000,0x00000000d5f00000)
 ParOldGen       total 455168K, used 276999K [0x0000000080000000, 0x000000009bc80000, 0x00000000d5580000)
  object space 455168K, 60% used [0x0000000080000000,0x0000000090e81c08,0x000000009bc80000)
 Metaspace       used 76595K, committed 78336K, reserved 1179648K
  class space    used 7744K, committed 8512K, reserved 1048576K
}
Event: 1103.424 GC heap before
{Heap before GC invocations=1008 (full 4):
 PSYoungGen      total 6144K, used 6086K [0x00000000d5580000, 0x00000000d5f00000, 0x0000000100000000)
  eden space 5120K, 98% used [0x00000000d5580000,0x00000000d5a72508,0x00000000d5a80000)
  from space 1024K, 99% used [0x00000000d5d00000,0x00000000d5dff388,0x00000000d5e00000)
  to   space 1024K, 0% used [0x00000000d5e00000,0x00000000d5e00000,0x00000000d5f00000)
 ParOldGen       total 455168K, used 276999K [0x0000000080000000, 0x000000009bc80000, 0x00000000d5580000)
  object space 455168K, 60% used [0x0000000080000000,0x0000000090e81c08,0x000000009bc80000)
 Metaspace       used 76595K, committed 78336K, reserved 1179648K
  class space    used 7744K, committed 8512K, reserved 1048576K
}
Event: 1103.426 GC heap after
{Heap after GC invocations=1008 (full 4):
 PSYoungGen      total 4096K, used 1008K [0x00000000d5580000, 0x00000000d6580000, 0x0000000100000000)
  eden space 3072K, 0% used [0x00000000d5580000,0x00000000d5580000,0x00000000d5880000)
  from space 1024K, 98% used [0x00000000d5e00000,0x00000000d5efc3c8,0x00000000d5f00000)
  to   space 5632K, 0% used [0x00000000d5880000,0x00000000d5880000,0x00000000d5e00000)
 ParOldGen       total 455168K, used 280657K [0x0000000080000000, 0x000000009bc80000, 0x00000000d5580000)
  object space 455168K, 61% used [0x0000000080000000,0x0000000091214778,0x000000009bc80000)
 Metaspace       used 76595K, committed 78336K, reserved 1179648K
  class space    used 7744K, committed 8512K, reserved 1048576K
}
Event: 1103.463 GC heap before
{Heap before GC invocations=1009 (full 4):
 PSYoungGen      total 4096K, used 4080K [0x00000000d5580000, 0x00000000d6580000, 0x0000000100000000)
  eden space 3072K, 100% used [0x00000000d5580000,0x00000000d5880000,0x00000000d5880000)
  from space 1024K, 98% used [0x00000000d5e00000,0x00000000d5efc3c8,0x00000000d5f00000)
  to   space 5632K, 0% used [0x00000000d5880000,0x00000000d5880000,0x00000000d5e00000)
 ParOldGen       total 455168K, used 280657K [0x0000000080000000, 0x000000009bc80000, 0x00000000d5580000)
  object space 455168K, 61% used [0x0000000080000000,0x0000000091214778,0x000000009bc80000)
 Metaspace       used 76597K, committed 78336K, reserved 1179648K
  class space    used 7744K, committed 8512K, reserved 1048576K
}
Event: 1103.467 GC heap after
{Heap after GC invocations=1009 (full 4):
 PSYoungGen      total 5632K, used 2423K [0x00000000d5580000, 0x00000000d5f80000, 0x0000000100000000)
  eden space 3072K, 0% used [0x00000000d5580000,0x00000000d5580000,0x00000000d5880000)
  from space 2560K, 94% used [0x00000000d5880000,0x00000000d5addc48,0x00000000d5b00000)
  to   space 3584K, 0% used [0x00000000d5c00000,0x00000000d5c00000,0x00000000d5f80000)
 ParOldGen       total 455168K, used 281675K [0x0000000080000000, 0x000000009bc80000, 0x00000000d5580000)
  object space 455168K, 61% used [0x0000000080000000,0x0000000091312ec8,0x000000009bc80000)
 Metaspace       used 76597K, committed 78336K, reserved 1179648K
  class space    used 7744K, committed 8512K, reserved 1048576K
}
Event: 1103.524 GC heap before
{Heap before GC invocations=1010 (full 4):
 PSYoungGen      total 5632K, used 5495K [0x00000000d5580000, 0x00000000d5f80000, 0x0000000100000000)
  eden space 3072K, 100% used [0x00000000d5580000,0x00000000d5880000,0x00000000d5880000)
  from space 2560K, 94% used [0x00000000d5880000,0x00000000d5addc48,0x00000000d5b00000)
  to   space 3584K, 0% used [0x00000000d5c00000,0x00000000d5c00000,0x00000000d5f80000)
 ParOldGen       total 455168K, used 281675K [0x0000000080000000, 0x000000009bc80000, 0x00000000d5580000)
  object space 455168K, 61% used [0x0000000080000000,0x0000000091312ec8,0x000000009bc80000)
 Metaspace       used 76599K, committed 78336K, reserved 1179648K
  class space    used 7744K, committed 8512K, reserved 1048576K
}
Event: 1103.527 GC heap after
{Heap after GC invocations=1010 (full 4):
 PSYoungGen      total 3584K, used 314K [0x00000000d5580000, 0x00000000d5c80000, 0x0000000100000000)
  eden space 3072K, 0% used [0x00000000d5580000,0x00000000d5580000,0x00000000d5880000)
  from space 512K, 61% used [0x00000000d5c00000,0x00000000d5c4e900,0x00000000d5c80000)
  to   space 1536K, 0% used [0x00000000d5980000,0x00000000d5980000,0x00000000d5b00000)
 ParOldGen       total 455168K, used 282363K [0x0000000080000000, 0x000000009bc80000, 0x00000000d5580000)
  object space 455168K, 62% used [0x0000000080000000,0x00000000913beed8,0x000000009bc80000)
 Metaspace       used 76599K, committed 78336K, reserved 1179648K
  class space    used 7744K, committed 8512K, reserved 1048576K
}
Event: 1104.862 GC heap before
{Heap before GC invocations=1011 (full 4):
 PSYoungGen      total 3584K, used 3386K [0x00000000d5580000, 0x00000000d5c80000, 0x0000000100000000)
  eden space 3072K, 100% used [0x00000000d5580000,0x00000000d5880000,0x00000000d5880000)
  from space 512K, 61% used [0x00000000d5c00000,0x00000000d5c4e900,0x00000000d5c80000)
  to   space 1536K, 0% used [0x00000000d5980000,0x00000000d5980000,0x00000000d5b00000)
 ParOldGen       total 455168K, used 282363K [0x0000000080000000, 0x000000009bc80000, 0x00000000d5580000)
  object space 455168K, 62% used [0x0000000080000000,0x00000000913beed8,0x000000009bc80000)
 Metaspace       used 76599K, committed 78336K, reserved 1179648K
  class space    used 7744K, committed 8512K, reserved 1048576K
}
Event: 1104.866 GC heap after
{Heap after GC invocations=1011 (full 4):
 PSYoungGen      total 4608K, used 282K [0x00000000d5580000, 0x00000000d5c80000, 0x0000000100000000)
  eden space 3072K, 0% used [0x00000000d5580000,0x00000000d5580000,0x00000000d5880000)
  from space 1536K, 18% used [0x00000000d5980000,0x00000000d59c6920,0x00000000d5b00000)
  to   space 512K, 0% used [0x00000000d5c00000,0x00000000d5c00000,0x00000000d5c80000)
 ParOldGen       total 455168K, used 282491K [0x0000000080000000, 0x000000009bc80000, 0x00000000d5580000)
  object space 455168K, 62% used [0x0000000080000000,0x00000000913deed8,0x000000009bc80000)
 Metaspace       used 76599K, committed 78336K, reserved 1179648K
  class space    used 7744K, committed 8512K, reserved 1048576K
}
Event: 1104.884 GC heap before
{Heap before GC invocations=1012 (full 4):
 PSYoungGen      total 4608K, used 3354K [0x00000000d5580000, 0x00000000d5c80000, 0x0000000100000000)
  eden space 3072K, 99% used [0x00000000d5580000,0x00000000d587fff8,0x00000000d5880000)
  from space 1536K, 18% used [0x00000000d5980000,0x00000000d59c6920,0x00000000d5b00000)
  to   space 512K, 0% used [0x00000000d5c00000,0x00000000d5c00000,0x00000000d5c80000)
 ParOldGen       total 455168K, used 282491K [0x0000000080000000, 0x000000009bc80000, 0x00000000d5580000)
  object space 455168K, 62% used [0x0000000080000000,0x00000000913deed8,0x000000009bc80000)
 Metaspace       used 76599K, committed 78336K, reserved 1179648K
  class space    used 7744K, committed 8512K, reserved 1048576K
}
Event: 1104.886 GC heap after
{Heap after GC invocations=1012 (full 4):
 PSYoungGen      total 3584K, used 496K [0x00000000d5580000, 0x00000000d5c80000, 0x0000000100000000)
  eden space 3072K, 0% used [0x00000000d5580000,0x00000000d5580000,0x00000000d5880000)
  from space 512K, 96% used [0x00000000d5c00000,0x00000000d5c7c010,0x00000000d5c80000)
  to   space 1024K, 0% used [0x00000000d5a80000,0x00000000d5a80000,0x00000000d5b80000)
 ParOldGen       total 455168K, used 282688K [0x0000000080000000, 0x000000009bc80000, 0x00000000d5580000)
  object space 455168K, 62% used [0x0000000080000000,0x00000000914100f8,0x000000009bc80000)
 Metaspace       used 76599K, committed 78336K, reserved 1179648K
  class space    used 7744K, committed 8512K, reserved 1048576K
}
Event: 1104.899 GC heap before
{Heap before GC invocations=1013 (full 4):
 PSYoungGen      total 3584K, used 3568K [0x00000000d5580000, 0x00000000d5c80000, 0x0000000100000000)
  eden space 3072K, 100% used [0x00000000d5580000,0x00000000d5880000,0x00000000d5880000)
  from space 512K, 96% used [0x00000000d5c00000,0x00000000d5c7c010,0x00000000d5c80000)
  to   space 1024K, 0% used [0x00000000d5a80000,0x00000000d5a80000,0x00000000d5b80000)
 ParOldGen       total 455168K, used 282688K [0x0000000080000000, 0x000000009bc80000, 0x00000000d5580000)
  object space 455168K, 62% used [0x0000000080000000,0x00000000914100f8,0x000000009bc80000)
 Metaspace       used 76599K, committed 78336K, reserved 1179648K
  class space    used 7744K, committed 8512K, reserved 1048576K
}
Event: 1104.901 GC heap after
{Heap after GC invocations=1013 (full 4):
 PSYoungGen      total 4096K, used 730K [0x00000000d5580000, 0x00000000d5c80000, 0x0000000100000000)
  eden space 3072K, 0% used [0x00000000d5580000,0x00000000d5580000,0x00000000d5880000)
  from space 1024K, 71% used [0x00000000d5a80000,0x00000000d5b36900,0x00000000d5b80000)
  to   space 1024K, 0% used [0x00000000d5b80000,0x00000000d5b80000,0x00000000d5c80000)
 ParOldGen       total 455168K, used 283112K [0x0000000080000000, 0x000000009bc80000, 0x00000000d5580000)
  object space 455168K, 62% used [0x0000000080000000,0x000000009147a108,0x000000009bc80000)
 Metaspace       used 76599K, committed 78336K, reserved 1179648K
  class space    used 7744K, committed 8512K, reserved 1048576K
}

Dll operation events (10 events):
Event: 0.038 Loaded shared library c:\Users\hp\.vscode\extensions\redhat.java-1.54.0-win32-x64\jre\21.0.10-win32-x86_64\bin\java.dll
Event: 0.315 Loaded shared library c:\Users\hp\.vscode\extensions\redhat.java-1.54.0-win32-x64\jre\21.0.10-win32-x86_64\bin\zip.dll
Event: 0.422 Loaded shared library C:\Users\hp\.vscode\extensions\redhat.java-1.54.0-win32-x64\jre\21.0.10-win32-x86_64\bin\instrument.dll
Event: 0.454 Loaded shared library C:\Users\hp\.vscode\extensions\redhat.java-1.54.0-win32-x64\jre\21.0.10-win32-x86_64\bin\net.dll
Event: 0.468 Loaded shared library C:\Users\hp\.vscode\extensions\redhat.java-1.54.0-win32-x64\jre\21.0.10-win32-x86_64\bin\nio.dll
Event: 0.504 Loaded shared library C:\Users\hp\.vscode\extensions\redhat.java-1.54.0-win32-x64\jre\21.0.10-win32-x86_64\bin\zip.dll
Event: 0.612 Loaded shared library C:\Users\hp\.vscode\extensions\redhat.java-1.54.0-win32-x64\jre\21.0.10-win32-x86_64\bin\jimage.dll
Event: 1.082 Loaded shared library c:\Users\hp\.vscode\extensions\redhat.java-1.54.0-win32-x64\jre\21.0.10-win32-x86_64\bin\verify.dll
Event: 6.226 Loaded shared library C:\Users\hp\AppData\Roaming\Code\User\globalStorage\redhat.java\1.54.0\config_win\org.eclipse.equinox.launcher\org.eclipse.equinox.launcher.win32.win32.x86_64_1.3.0.v20260203-2149\eclipse_11919.dll
Event: 16.966 Loaded shared library C:\Users\hp\AppData\Local\Temp\jna--106862400\jna2284802834089289683.dll

Deoptimization events (20 events):
Event: 1101.309 Thread 0x000001eec27ab390 Uncommon trap: trap_request=0xffffffde fr.pc=0x000001eef41d3208 relative=0x0000000000000148
Event: 1101.309 Thread 0x000001eec27ab390 Uncommon trap: reason=class_check action=maybe_recompile pc=0x000001eef41d3208 method=org.eclipse.jdt.internal.compiler.parser.Parser.consumeExitVariableWithoutInitialization()V @ 25 c2
Event: 1101.309 Thread 0x000001eec27ab390 DEOPT PACKING pc=0x000001eef41d3208 sp=0x0000005e94afe040
Event: 1101.309 Thread 0x000001eec27ab390 DEOPT UNPACKING pc=0x000001eef3a13aa2 sp=0x0000005e94afdfd0 mode 2
Event: 1101.309 Thread 0x000001eec27ab390 Uncommon trap: trap_request=0xffffffc6 fr.pc=0x000001eef4bdb3bc relative=0x000000000000039c
Event: 1101.309 Thread 0x000001eec27ab390 Uncommon trap: reason=bimorphic_or_optimized_type_check action=maybe_recompile pc=0x000001eef4bdb3bc method=org.eclipse.jdt.internal.compiler.parser.Parser.recoveryTokenCheck()V @ 194 c2
Event: 1101.309 Thread 0x000001eec27ab390 DEOPT PACKING pc=0x000001eef4bdb3bc sp=0x0000005e94afe050
Event: 1101.309 Thread 0x000001eec27ab390 DEOPT UNPACKING pc=0x000001eef3a13aa2 sp=0x0000005e94afdfc8 mode 2
Event: 1102.272 Thread 0x000001eec8668f40 Uncommon trap: trap_request=0xffffff45 fr.pc=0x000001eef45ac700 relative=0x0000000000004b80
Event: 1102.272 Thread 0x000001eec8668f40 Uncommon trap: reason=unstable_if action=reinterpret pc=0x000001eef45ac700 method=org.eclipse.jdt.internal.compiler.parser.Scanner.internalScanIdentifierOrKeyword(II[C)Lorg/eclipse/jdt/internal/compiler/parser/TerminalToken; @ 2815 c2
Event: 1102.272 Thread 0x000001eec8668f40 DEOPT PACKING pc=0x000001eef45ac700 sp=0x0000005e953fecd0
Event: 1102.272 Thread 0x000001eec8668f40 DEOPT UNPACKING pc=0x000001eef3a13aa2 sp=0x0000005e953fec70 mode 2
Event: 1102.339 Thread 0x000001eec27a85a0 Uncommon trap: trap_request=0xffffff45 fr.pc=0x000001eef41ff0a4 relative=0x0000000000003fa4
Event: 1102.339 Thread 0x000001eec27a85a0 Uncommon trap: reason=unstable_if action=reinterpret pc=0x000001eef41ff0a4 method=org.eclipse.jdt.internal.core.NameLookup.<init>(Lorg/eclipse/jdt/internal/core/JavaProject;[Lorg/eclipse/jdt/core/IPackageFragmentRoot;Lorg/eclipse/jdt/internal/core/util/Ha
Event: 1102.339 Thread 0x000001eec27a85a0 DEOPT PACKING pc=0x000001eef41ff0a4 sp=0x0000005e92bfe830
Event: 1102.339 Thread 0x000001eec27a85a0 DEOPT UNPACKING pc=0x000001eef3a13aa2 sp=0x0000005e92bfe7c8 mode 2
Event: 1103.167 Thread 0x000001eeca2a21a0 Uncommon trap: trap_request=0xffffff45 fr.pc=0x000001eef4d53a88 relative=0x0000000000003ac8
Event: 1103.167 Thread 0x000001eeca2a21a0 Uncommon trap: reason=unstable_if action=reinterpret pc=0x000001eef4d53a88 method=java.util.concurrent.locks.ReentrantReadWriteLock$Sync.tryReleaseShared(I)Z @ 129 c2
Event: 1103.167 Thread 0x000001eeca2a21a0 DEOPT PACKING pc=0x000001eef4d53a88 sp=0x0000005e964feb20
Event: 1103.167 Thread 0x000001eeca2a21a0 DEOPT UNPACKING pc=0x000001eef3a13aa2 sp=0x0000005e964fe818 mode 2

Classes loaded (20 events):
Event: 347.412 Loading class java/io/ObjectOutputStream$ReplaceTable
Event: 347.412 Loading class java/io/ObjectOutputStream$ReplaceTable done
Event: 872.165 Loading class java/lang/UnsupportedClassVersionError
Event: 872.165 Loading class java/lang/UnsupportedClassVersionError done
Event: 873.540 Loading class jdk/internal/ref/CleanerImpl$InnocuousThreadFactory
Event: 873.541 Loading class jdk/internal/ref/CleanerImpl$InnocuousThreadFactory done
Event: 874.362 Loading class java/util/function/IntPredicate
Event: 874.363 Loading class java/util/function/IntPredicate done
Event: 874.413 Loading class java/util/regex/Pattern$Bound
Event: 874.413 Loading class java/util/regex/Pattern$Bound done
Event: 894.157 Loading class java/util/stream/DistinctOps
Event: 894.162 Loading class java/util/stream/DistinctOps done
Event: 894.163 Loading class java/util/stream/DistinctOps$1
Event: 894.165 Loading class java/util/stream/DistinctOps$1 done
Event: 894.190 Loading class java/util/stream/DistinctOps$1$2
Event: 894.190 Loading class java/util/stream/DistinctOps$1$2 done
Event: 896.275 Loading class java/util/ArrayDeque$DeqSpliterator
Event: 896.275 Loading class java/util/ArrayDeque$DeqSpliterator done
Event: 896.620 Loading class java/nio/BufferMismatch
Event: 896.621 Loading class java/nio/BufferMismatch done

Classes unloaded (10 events):
Event: 19.982 Thread 0x000001eee934e9c0 Unloading class 0x000001ee811a4800 'java/lang/invoke/LambdaForm$MH+0x000001ee811a4800'
Event: 19.982 Thread 0x000001eee934e9c0 Unloading class 0x000001ee811a4400 'java/lang/invoke/LambdaForm$MH+0x000001ee811a4400'
Event: 19.982 Thread 0x000001eee934e9c0 Unloading class 0x000001ee811a4000 'java/lang/invoke/LambdaForm$MH+0x000001ee811a4000'
Event: 19.982 Thread 0x000001eee934e9c0 Unloading class 0x000001ee811a3c00 'java/lang/invoke/LambdaForm$MH+0x000001ee811a3c00'
Event: 19.982 Thread 0x000001eee934e9c0 Unloading class 0x000001ee811a3800 'java/lang/invoke/LambdaForm$BMH+0x000001ee811a3800'
Event: 19.982 Thread 0x000001eee934e9c0 Unloading class 0x000001ee811a3400 'java/lang/invoke/LambdaForm$DMH+0x000001ee811a3400'
Event: 19.982 Thread 0x000001eee934e9c0 Unloading class 0x000001ee811a2000 'java/lang/invoke/LambdaForm$DMH+0x000001ee811a2000'
Event: 1038.760 Thread 0x000001eee934e9c0 Unloading class 0x000001ee81721000 'java/lang/invoke/LambdaForm$DMH+0x000001ee81721000'
Event: 1038.760 Thread 0x000001eee934e9c0 Unloading class 0x000001ee81720c00 'java/lang/invoke/LambdaForm$DMH+0x000001ee81720c00'
Event: 1038.760 Thread 0x000001eee934e9c0 Unloading class 0x000001ee81720400 'java/lang/invoke/LambdaForm$DMH+0x000001ee81720400'

Classes redefined (0 events):
No events

Internal exceptions (20 events):
Event: 872.329 Thread 0x000001eec27aad00 Exception <a 'java/lang/IncompatibleClassChangeError'{0x00000000d5595a68}: Found class java.lang.Object, but interface was expected> (0x00000000d5595a68) 
thrown [s\src\hotspot\share\interpreter\linkResolver.cpp, line 840]
Event: 874.366 Thread 0x000001eec27aad00 Exception <a 'java/lang/NoSuchMethodError'{0x00000000d55bf560}: 'int java.lang.invoke.DirectMethodHandle$Holder.invokeStaticInit(java.lang.Object, int)'> (0x00000000d55bf560) 
thrown [s\src\hotspot\share\interpreter\linkResolver.cpp, line 773]
Event: 876.608 Thread 0x000001eec866e490 Exception <a 'java/lang/IncompatibleClassChangeError'{0x00000000d566a358}: Found class java.lang.Object, but interface was expected> (0x00000000d566a358) 
thrown [s\src\hotspot\share\interpreter\linkResolver.cpp, line 840]
Event: 876.623 Thread 0x000001eec27aad00 Exception <a 'java/lang/NoSuchMethodError'{0x00000000d5593350}: 'java.lang.Object java.lang.invoke.DirectMethodHandle$Holder.invokeStatic(java.lang.Object, int, int, java.lang.Object)'> (0x00000000d5593350) 
thrown [s\src\hotspot\share\interpreter\linkResolver.cpp, line 773]
Event: 876.678 Thread 0x000001eec27aad00 Exception <a 'java/lang/NoSuchMethodError'{0x00000000d562ddf0}: 'java.lang.Object java.lang.invoke.DirectMethodHandle$Holder.invokeStatic(java.lang.Object, int, java.lang.Object)'> (0x00000000d562ddf0) 
thrown [s\src\hotspot\share\interpreter\linkResolver.cpp, line 773]
Event: 877.447 Thread 0x000001eec866e490 Exception <a 'java/lang/IncompatibleClassChangeError'{0x00000000d566b150}: Found class java.lang.Object, but interface was expected> (0x00000000d566b150) 
thrown [s\src\hotspot\share\interpreter\linkResolver.cpp, line 840]
Event: 894.135 Thread 0x000001eec866b010 Exception <a 'sun/nio/fs/WindowsException'{0x00000000d57245e8}> (0x00000000d57245e8) 
thrown [s\src\hotspot\share\prims\jni.cpp, line 520]
Event: 894.209 Thread 0x000001eec27ab390 Implicit null exception at 0x000001eef443fd8c to 0x000001eef44405a8
Event: 895.200 Thread 0x000001eec866b010 Exception <a 'sun/nio/fs/WindowsException'{0x00000000d55a2d28}> (0x00000000d55a2d28) 
thrown [s\src\hotspot\share\prims\jni.cpp, line 520]
Event: 896.321 Thread 0x000001eec866b010 Exception <a 'sun/nio/fs/WindowsException'{0x00000000d5999648}> (0x00000000d5999648) 
thrown [s\src\hotspot\share\prims\jni.cpp, line 520]
Event: 897.293 Thread 0x000001eec866b010 Exception <a 'sun/nio/fs/WindowsException'{0x00000000d55807a0}> (0x00000000d55807a0) 
thrown [s\src\hotspot\share\prims\jni.cpp, line 520]
Event: 1001.362 Thread 0x000001eec866b010 Exception <a 'sun/nio/fs/WindowsException'{0x00000000d5651400}> (0x00000000d5651400) 
thrown [s\src\hotspot\share\prims\jni.cpp, line 520]
Event: 1002.075 Thread 0x000001eec866b010 Exception <a 'sun/nio/fs/WindowsException'{0x00000000d57cad38}> (0x00000000d57cad38) 
thrown [s\src\hotspot\share\prims\jni.cpp, line 520]
Event: 1052.753 Thread 0x000001eec866e490 Exception <a 'java/lang/IncompatibleClassChangeError'{0x00000000d5a24488}: Found class java.lang.Object, but interface was expected> (0x00000000d5a24488) 
thrown [s\src\hotspot\share\interpreter\linkResolver.cpp, line 840]
Event: 1052.753 Thread 0x000001eec866e490 Exception <a 'java/lang/IncompatibleClassChangeError'{0x00000000d5a28570}: Found class java.lang.Object, but interface was expected> (0x00000000d5a28570) 
thrown [s\src\hotspot\share\interpreter\linkResolver.cpp, line 840]
Event: 1052.908 Thread 0x000001eec866b010 Exception <a 'sun/nio/fs/WindowsException'{0x00000000d57334b0}> (0x00000000d57334b0) 
thrown [s\src\hotspot\share\prims\jni.cpp, line 520]
Event: 1053.822 Thread 0x000001eec866b010 Exception <a 'sun/nio/fs/WindowsException'{0x00000000d5651948}> (0x00000000d5651948) 
thrown [s\src\hotspot\share\prims\jni.cpp, line 520]
Event: 1057.585 Thread 0x000001eec27aad00 Exception <a 'java/lang/ArrayIndexOutOfBoundsException'{0x00000000d574cfb0}: Index 2408 out of bounds for length 2407> (0x00000000d574cfb0) 
thrown [s\src\hotspot\share\interpreter\interpreterRuntime.cpp, line 439]
Event: 1086.590 Thread 0x000001eec866b010 Exception <a 'sun/nio/fs/WindowsException'{0x00000000d566a490}> (0x00000000d566a490) 
thrown [s\src\hotspot\share\prims\jni.cpp, line 520]
Event: 1087.097 Thread 0x000001eec866b010 Exception <a 'sun/nio/fs/WindowsException'{0x00000000d5587f78}> (0x00000000d5587f78) 
thrown [s\src\hotspot\share\prims\jni.cpp, line 520]

ZGC Phase Switch (0 events):
No events

VM Operations (20 events):
Event: 1102.884 Executing safepoint VM operation: ParallelGCFailedAllocation (Allocation Failure)
Event: 1102.886 Executing safepoint VM operation: ParallelGCFailedAllocation (Allocation Failure) done
Event: 1103.225 Executing safepoint VM operation: ParallelGCFailedAllocation (Allocation Failure)
Event: 1103.228 Executing safepoint VM operation: ParallelGCFailedAllocation (Allocation Failure) done
Event: 1103.308 Executing safepoint VM operation: ParallelGCFailedAllocation (Allocation Failure)
Event: 1103.310 Executing safepoint VM operation: ParallelGCFailedAllocation (Allocation Failure) done
Event: 1103.424 Executing safepoint VM operation: ParallelGCFailedAllocation (Allocation Failure)
Event: 1103.427 Executing safepoint VM operation: ParallelGCFailedAllocation (Allocation Failure) done
Event: 1103.463 Executing safepoint VM operation: ParallelGCFailedAllocation (Allocation Failure)
Event: 1103.467 Executing safepoint VM operation: ParallelGCFailedAllocation (Allocation Failure) done
Event: 1103.524 Executing safepoint VM operation: ParallelGCFailedAllocation (Allocation Failure)
Event: 1103.527 Executing safepoint VM operation: ParallelGCFailedAllocation (Allocation Failure) done
Event: 1104.528 Executing safepoint VM operation: Cleanup
Event: 1104.528 Executing safepoint VM operation: Cleanup done
Event: 1104.862 Executing safepoint VM operation: ParallelGCFailedAllocation (Allocation Failure)
Event: 1104.866 Executing safepoint VM operation: ParallelGCFailedAllocation (Allocation Failure) done
Event: 1104.884 Executing safepoint VM operation: ParallelGCFailedAllocation (Allocation Failure)
Event: 1104.886 Executing safepoint VM operation: ParallelGCFailedAllocation (Allocation Failure) done
Event: 1104.899 Executing safepoint VM operation: ParallelGCFailedAllocation (Allocation Failure)
Event: 1104.901 Executing safepoint VM operation: ParallelGCFailedAllocation (Allocation Failure) done

Memory protections (0 events):
No events

Nmethod flushes (20 events):
Event: 1038.963 Thread 0x000001eee934e9c0 flushing  nmethod 0x000001eeed463910
Event: 1038.963 Thread 0x000001eee934e9c0 flushing osr nmethod 0x000001eeed47e390
Event: 1038.963 Thread 0x000001eee934e9c0 flushing  nmethod 0x000001eeed4ae690
Event: 1038.963 Thread 0x000001eee934e9c0 flushing  nmethod 0x000001eeed4d0510
Event: 1038.963 Thread 0x000001eee934e9c0 flushing  nmethod 0x000001eeed4d2c10
Event: 1038.963 Thread 0x000001eee934e9c0 flushing  nmethod 0x000001eeed4d3690
Event: 1038.963 Thread 0x000001eee934e9c0 flushing  nmethod 0x000001eeed4d3a90
Event: 1038.963 Thread 0x000001eee934e9c0 flushing  nmethod 0x000001eeed4dc490
Event: 1038.963 Thread 0x000001eee934e9c0 flushing  nmethod 0x000001eeed52ac10
Event: 1038.963 Thread 0x000001eee934e9c0 flushing  nmethod 0x000001eeed52b110
Event: 1038.963 Thread 0x000001eee934e9c0 flushing  nmethod 0x000001eeed540390
Event: 1038.963 Thread 0x000001eee934e9c0 flushing  nmethod 0x000001eeed572210
Event: 1038.963 Thread 0x000001eee934e9c0 flushing  nmethod 0x000001eeed57d210
Event: 1038.963 Thread 0x000001eee934e9c0 flushing  nmethod 0x000001eeed587190
Event: 1038.963 Thread 0x000001eee934e9c0 flushing  nmethod 0x000001eeed588c90
Event: 1038.963 Thread 0x000001eee934e9c0 flushing  nmethod 0x000001eeed58b610
Event: 1038.963 Thread 0x000001eee934e9c0 flushing  nmethod 0x000001eeed596b90
Event: 1038.963 Thread 0x000001eee934e9c0 flushing  nmethod 0x000001eeed5a6990
Event: 1038.963 Thread 0x000001eee934e9c0 flushing  nmethod 0x000001eeed5b6790
Event: 1038.963 Thread 0x000001eee934e9c0 flushing  nmethod 0x000001eeed5d5390

Events (20 events):
Event: 1060.219 Thread 0x000001eec8799910 Thread exited: 0x000001eec8799910
Event: 1060.356 Thread 0x000001eec87954f0 Thread added: 0x000001eec8799910
Event: 1061.414 Thread 0x000001eec8799910 Thread exited: 0x000001eec8799910
Event: 1061.900 Thread 0x000001eec2588120 Thread added: 0x000001eec8799910
Event: 1067.279 Thread 0x000001eec8799910 Thread exited: 0x000001eec8799910
Event: 1067.307 Thread 0x000001eec87954f0 Thread exited: 0x000001eec87954f0
Event: 1086.687 Thread 0x000001eeca29d970 Thread added: 0x000001eeca2a0df0
Event: 1086.990 Thread 0x000001eec2588120 Thread added: 0x000001eec87954f0
Event: 1087.046 Thread 0x000001eec2588120 Thread added: 0x000001eec8799910
Event: 1088.325 Thread 0x000001eec8799910 Thread exited: 0x000001eec8799910
Event: 1088.325 Thread 0x000001eec87954f0 Thread exited: 0x000001eec87954f0
Event: 1088.689 Thread 0x000001eec2588120 Thread added: 0x000001eec87954f0
Event: 1089.155 Thread 0x000001eec87954f0 Thread exited: 0x000001eec87954f0
Event: 1089.387 Thread 0x000001eec2588120 Thread added: 0x000001eec87954f0
Event: 1089.387 Thread 0x000001eec2588120 Thread added: 0x000001eec8799910
Event: 1090.385 Thread 0x000001eec8799910 Thread exited: 0x000001eec8799910
Event: 1090.385 Thread 0x000001eec87954f0 Thread exited: 0x000001eec87954f0
Event: 1096.962 Thread 0x000001eec866e490 Thread added: 0x000001eeca2a21a0
Event: 1096.966 Thread 0x000001eec2588120 Thread added: 0x000001eec87954f0
Event: 1097.459 Thread 0x000001eec87954f0 Thread exited: 0x000001eec87954f0


Dynamic libraries:
0x00007ff7e27f0000 - 0x00007ff7e27fe000 	c:\Users\hp\.vscode\extensions\redhat.java-1.54.0-win32-x64\jre\21.0.10-win32-x86_64\bin\java.exe
0x00007ffb7cce0000 - 0x00007ffb7cf48000 	C:\WINDOWS\SYSTEM32\ntdll.dll
0x00007ffb7c170000 - 0x00007ffb7c239000 	C:\WINDOWS\System32\KERNEL32.DLL
0x00007ffb7a6b0000 - 0x00007ffb7aaa2000 	C:\WINDOWS\System32\KERNELBASE.dll
0x00007ffb79fe0000 - 0x00007ffb7a12b000 	C:\WINDOWS\System32\ucrtbase.dll
0x00007ffb5bc50000 - 0x00007ffb5bc68000 	c:\Users\hp\.vscode\extensions\redhat.java-1.54.0-win32-x64\jre\21.0.10-win32-x86_64\bin\jli.dll
0x00007ffb4f660000 - 0x00007ffb4f67e000 	c:\Users\hp\.vscode\extensions\redhat.java-1.54.0-win32-x64\jre\21.0.10-win32-x86_64\bin\VCRUNTIME140.dll
0x00007ffb7cad0000 - 0x00007ffb7cc95000 	C:\WINDOWS\System32\USER32.dll
0x00007ffb7a340000 - 0x00007ffb7a367000 	C:\WINDOWS\System32\win32u.dll
0x00007ffb62fb0000 - 0x00007ffb63243000 	C:\WINDOWS\WinSxS\amd64_microsoft.windows.common-controls_6595b64144ccf1df_6.0.26100.6899_none_3e0efeeae32e88c1\COMCTL32.dll
0x00007ffb7c860000 - 0x00007ffb7c88b000 	C:\WINDOWS\System32\GDI32.dll
0x00007ffb7a370000 - 0x00007ffb7a49d000 	C:\WINDOWS\System32\gdi32full.dll
0x00007ffb79e70000 - 0x00007ffb79f13000 	C:\WINDOWS\System32\msvcp_win.dll
0x00007ffb7c6d0000 - 0x00007ffb7c779000 	C:\WINDOWS\System32\msvcrt.dll
0x00007ffb7bc20000 - 0x00007ffb7bc4f000 	C:\WINDOWS\System32\IMM32.DLL
0x00007ffb69280000 - 0x00007ffb6928c000 	c:\Users\hp\.vscode\extensions\redhat.java-1.54.0-win32-x64\jre\21.0.10-win32-x86_64\bin\vcruntime140_1.dll
0x00007ffb445b0000 - 0x00007ffb4463d000 	c:\Users\hp\.vscode\extensions\redhat.java-1.54.0-win32-x64\jre\21.0.10-win32-x86_64\bin\msvcp140.dll
0x00007ffafc6a0000 - 0x00007ffafd441000 	c:\Users\hp\.vscode\extensions\redhat.java-1.54.0-win32-x64\jre\21.0.10-win32-x86_64\bin\server\jvm.dll
0x00007ffb7bd00000 - 0x00007ffb7bdb4000 	C:\WINDOWS\System32\ADVAPI32.dll
0x00007ffb7b390000 - 0x00007ffb7b436000 	C:\WINDOWS\System32\sechost.dll
0x00007ffb7b440000 - 0x00007ffb7b558000 	C:\WINDOWS\System32\RPCRT4.dll
0x00007ffb7c960000 - 0x00007ffb7c9d4000 	C:\WINDOWS\System32\WS2_32.dll
0x00007ffb79cd0000 - 0x00007ffb79d2e000 	C:\WINDOWS\SYSTEM32\POWRPROF.dll
0x00007ffb5c030000 - 0x00007ffb5c065000 	C:\WINDOWS\SYSTEM32\WINMM.dll
0x00007ffb72c40000 - 0x00007ffb72c4b000 	C:\WINDOWS\SYSTEM32\VERSION.dll
0x00007ffb79cb0000 - 0x00007ffb79cc4000 	C:\WINDOWS\SYSTEM32\UMPDC.dll
0x00007ffb78c40000 - 0x00007ffb78c5b000 	C:\WINDOWS\SYSTEM32\kernel.appcore.dll
0x00007ffb68060000 - 0x00007ffb6806a000 	c:\Users\hp\.vscode\extensions\redhat.java-1.54.0-win32-x64\jre\21.0.10-win32-x86_64\bin\jimage.dll
0x00007ffb771a0000 - 0x00007ffb773e2000 	C:\WINDOWS\SYSTEM32\DBGHELP.DLL
0x00007ffb7b840000 - 0x00007ffb7bbbb000 	C:\WINDOWS\System32\combase.dll
0x00007ffb7c780000 - 0x00007ffb7c857000 	C:\WINDOWS\System32\OLEAUT32.dll
0x00007ffb5a650000 - 0x00007ffb5a68c000 	C:\WINDOWS\SYSTEM32\dbgcore.DLL
0x00007ffb7a610000 - 0x00007ffb7a6a8000 	C:\WINDOWS\System32\bcryptPrimitives.dll
0x00007ffb622d0000 - 0x00007ffb622df000 	c:\Users\hp\.vscode\extensions\redhat.java-1.54.0-win32-x64\jre\21.0.10-win32-x86_64\bin\instrument.dll
0x00007ffb4ede0000 - 0x00007ffb4ee00000 	c:\Users\hp\.vscode\extensions\redhat.java-1.54.0-win32-x64\jre\21.0.10-win32-x86_64\bin\java.dll
0x00007ffb7aab0000 - 0x00007ffb7b1fd000 	C:\WINDOWS\System32\SHELL32.dll
0x00007ffb7a4a0000 - 0x00007ffb7a60b000 	C:\WINDOWS\System32\wintypes.dll
0x00007ffb77b00000 - 0x00007ffb7835d000 	C:\WINDOWS\SYSTEM32\windows.storage.dll
0x00007ffb7c070000 - 0x00007ffb7c162000 	C:\WINDOWS\System32\SHCORE.dll
0x00007ffb7c890000 - 0x00007ffb7c8f2000 	C:\WINDOWS\System32\shlwapi.dll
0x00007ffb79d90000 - 0x00007ffb79db9000 	C:\WINDOWS\SYSTEM32\profapi.dll
0x00007ffb4edc0000 - 0x00007ffb4edd8000 	c:\Users\hp\.vscode\extensions\redhat.java-1.54.0-win32-x64\jre\21.0.10-win32-x86_64\bin\zip.dll
0x00007ffb62170000 - 0x00007ffb62180000 	C:\Users\hp\.vscode\extensions\redhat.java-1.54.0-win32-x64\jre\21.0.10-win32-x86_64\bin\net.dll
0x00007ffb6d3c0000 - 0x00007ffb6d4df000 	C:\WINDOWS\SYSTEM32\WINHTTP.dll
0x00007ffb791b0000 - 0x00007ffb7921b000 	C:\WINDOWS\system32\mswsock.dll
0x00007ffb4eda0000 - 0x00007ffb4edb6000 	C:\Users\hp\.vscode\extensions\redhat.java-1.54.0-win32-x64\jre\21.0.10-win32-x86_64\bin\nio.dll
0x00007ffb61570000 - 0x00007ffb61580000 	c:\Users\hp\.vscode\extensions\redhat.java-1.54.0-win32-x64\jre\21.0.10-win32-x86_64\bin\verify.dll
0x00007ffb31f60000 - 0x00007ffb31fa5000 	C:\Users\hp\AppData\Roaming\Code\User\globalStorage\redhat.java\1.54.0\config_win\org.eclipse.equinox.launcher\org.eclipse.equinox.launcher.win32.win32.x86_64_1.3.0.v20260203-2149\eclipse_11919.dll
0x00007ffb7bec0000 - 0x00007ffb7c058000 	C:\WINDOWS\System32\ole32.dll
0x00007ffb79470000 - 0x00007ffb7948b000 	C:\WINDOWS\SYSTEM32\CRYPTSP.dll
0x00007ffb78ba0000 - 0x00007ffb78bdb000 	C:\WINDOWS\system32\rsaenh.dll
0x00007ffb79250000 - 0x00007ffb7927b000 	C:\WINDOWS\SYSTEM32\USERENV.dll
0x00007ffb79d60000 - 0x00007ffb79d86000 	C:\WINDOWS\SYSTEM32\bcrypt.dll
0x00007ffb79460000 - 0x00007ffb7946c000 	C:\WINDOWS\SYSTEM32\CRYPTBASE.dll
0x00007ffb786b0000 - 0x00007ffb786e4000 	C:\WINDOWS\SYSTEM32\IPHLPAPI.DLL
0x00007ffb7cac0000 - 0x00007ffb7caca000 	C:\WINDOWS\System32\NSI.dll
0x00007ffb2c040000 - 0x00007ffb2c089000 	C:\Users\hp\AppData\Local\Temp\jna--106862400\jna2284802834089289683.dll
0x00007ffb7bc60000 - 0x00007ffb7bc68000 	C:\WINDOWS\System32\PSAPI.DLL
0x00007ffb6d2f0000 - 0x00007ffb6d30e000 	C:\WINDOWS\SYSTEM32\dhcpcsvc6.DLL
0x00007ffb6d2c0000 - 0x00007ffb6d2e3000 	C:\WINDOWS\SYSTEM32\dhcpcsvc.DLL

JVMTI agents:
c:\Users\hp\.vscode\extensions\redhat.java-1.54.0-win32-x64\lombok\lombok-1.18.39-4050.jar path:c:\Users\hp\.vscode\extensions\redhat.java-1.54.0-win32-x64\jre\21.0.10-win32-x86_64\bin\instrument.dll, loaded, initialized, instrumentlib options:none

dbghelp: loaded successfully - version: 4.0.5 - missing functions: none
symbol engine: initialized successfully - sym options: 0x614 - pdb path: .;c:\Users\hp\.vscode\extensions\redhat.java-1.54.0-win32-x64\jre\21.0.10-win32-x86_64\bin;C:\WINDOWS\SYSTEM32;C:\WINDOWS\WinSxS\amd64_microsoft.windows.common-controls_6595b64144ccf1df_6.0.26100.6899_none_3e0efeeae32e88c1;c:\Users\hp\.vscode\extensions\redhat.java-1.54.0-win32-x64\jre\21.0.10-win32-x86_64\bin\server;C:\Users\hp\AppData\Roaming\Code\User\globalStorage\redhat.java\1.54.0\config_win\org.eclipse.equinox.launcher\org.eclipse.equinox.launcher.win32.win32.x86_64_1.3.0.v20260203-2149;C:\Users\hp\AppData\Local\Temp\jna--106862400

VM Arguments:
jvm_args: --add-modules=ALL-SYSTEM --add-opens=java.base/java.util=ALL-UNNAMED --add-opens=java.base/java.lang=ALL-UNNAMED --add-opens=java.base/sun.nio.fs=ALL-UNNAMED -Declipse.application=org.eclipse.jdt.ls.core.id1 -Dosgi.bundles.defaultStartLevel=4 -Declipse.product=org.eclipse.jdt.ls.core.product -Djava.import.generatesMetadataFilesAtProjectRoot=false -DDetectVMInstallationsJob.disabled=true -Dfile.encoding=utf8 -XX:+UseParallelGC -XX:GCTimeRatio=4 -XX:AdaptiveSizePolicyWeight=90 -Dsun.zip.disableMemoryMapping=true -Xmx2G -Xms100m -Xlog:disable -javaagent:c:\Users\hp\.vscode\extensions\redhat.java-1.54.0-win32-x64\lombok\lombok-1.18.39-4050.jar -XX:+HeapDumpOnOutOfMemoryError -XX:HeapDumpPath=c:\Users\hp\AppData\Roaming\Code\User\workspaceStorage\a08af92cbd24ded10a1cca0772c3be56\redhat.java -Daether.dependencyCollector.impl=bf 
java_command: c:\Users\hp\.vscode\extensions\redhat.java-1.54.0-win32-x64\server\plugins\org.eclipse.equinox.launcher_1.7.100.v20251111-0406.jar -configuration c:\Users\hp\AppData\Roaming\Code\User\globalStorage\redhat.java\1.54.0\config_win -data c:\Users\hp\AppData\Roaming\Code\User\workspaceStorage\a08af92cbd24ded10a1cca0772c3be56\redhat.java\jdt_ws --pipe=\\.\pipe\lsp-019aa3c6a0ffdaf39a7157a6c815f78d-sock
java_class_path (initial): c:\Users\hp\.vscode\extensions\redhat.java-1.54.0-win32-x64\server\plugins\org.eclipse.equinox.launcher_1.7.100.v20251111-0406.jar
Launcher Type: SUN_STANDARD

[Global flags]
    uintx AdaptiveSizePolicyWeight                 = 90                                        {product} {command line}
     intx CICompilerCount                          = 4                                         {product} {ergonomic}
    uintx GCTimeRatio                              = 4                                         {product} {command line}
     bool HeapDumpOnOutOfMemoryError               = true                                   {manageable} {command line}
    ccstr HeapDumpPath                             = c:\Users\hp\AppData\Roaming\Code\User\workspaceStorage\a08af92cbd24ded10a1cca0772c3be56\redhat.java         {manageable} {command line}
   size_t InitialHeapSize                          = 104857600                                 {product} {command line}
   size_t MaxHeapSize                              = 2147483648                                {product} {command line}
   size_t MaxNewSize                               = 715653120                                 {product} {ergonomic}
   size_t MinHeapDeltaBytes                        = 524288                                    {product} {ergonomic}
   size_t MinHeapSize                              = 104857600                                 {product} {command line}
   size_t NewSize                                  = 34603008                                  {product} {ergonomic}
    uintx NonNMethodCodeHeapSize                   = 5839372                                {pd product} {ergonomic}
    uintx NonProfiledCodeHeapSize                  = 122909434                              {pd product} {ergonomic}
   size_t OldSize                                  = 70254592                                  {product} {ergonomic}
    uintx ProfiledCodeHeapSize                     = 122909434                              {pd product} {ergonomic}
    uintx ReservedCodeCacheSize                    = 251658240                              {pd product} {ergonomic}
     bool SegmentedCodeCache                       = true                                      {product} {ergonomic}
   size_t SoftMaxHeapSize                          = 2147483648                             {manageable} {ergonomic}
     bool UseCompressedOops                        = true                           {product lp64_product} {ergonomic}
     bool UseLargePagesIndividualAllocation        = false                                  {pd product} {ergonomic}
     bool UseParallelGC                            = true                                      {product} {command line}

Logging:
Log output configuration:
 #0: stdout all=off uptime,level,tags foldmultilines=false
 #1: stderr all=off uptime,level,tags foldmultilines=false

Release file:
JAVA_VERSION="21.0.10" 
MODULES="java.base java.compiler java.datatransfer java.xml java.prefs java.desktop java.instrument java.logging java.management java.security.sasl java.naming java.rmi java.management.rmi java.net.http java.scripting java.security.jgss java.transaction.xa java.sql java.sql.rowset java.xml.crypto java.se java.smartcardio jdk.accessibility jdk.internal.jvmstat jdk.attach jdk.charsets jdk.internal.opt jdk.zipfs jdk.compiler jdk.crypto.ec jdk.crypto.cryptoki jdk.crypto.mscapi jdk.dynalink jdk.internal.ed jdk.editpad jdk.hotspot.agent jdk.httpserver jdk.internal.le jdk.internal.vm.ci jdk.internal.vm.compiler jdk.internal.vm.compiler.management jdk.jartool jdk.javadoc jdk.jcmd jdk.management jdk.management.agent jdk.jconsole jdk.jdeps jdk.jdwp.agent jdk.jdi jdk.jfr jdk.jshell jdk.jsobject jdk.jstatd jdk.localedata jdk.management.jfr jdk.naming.dns jdk.naming.rmi jdk.net jdk.nio.mapmode jdk.random jdk.sctp jdk.security.auth jdk.security.jgss jdk.unsupported jdk.unsupported.desktop jdk.xml.dom" 

Environment Variables:
PATH=C:\Python313\Scripts\;C:\Python313\;C:\Program Files\Common Files\Oracle\Java\javapath;C:\Program Files (x86)\Common Files\Oracle\Java\java8path;C:\Program Files (x86)\Common Files\Oracle\Java\javapath;C:\Program Files (x86)\NVIDIA Corporation\PhysX\Common;C:\WINDOWS\system32;C:\WINDOWS;C:\WINDOWS\System32\Wbem;C:\WINDOWS\System32\WindowsPowerShell\v1.0\;C:\WINDOWS\System32\OpenSSH\;C:\Program Files\Git\cmd;C:\Program Files\nodejs\;C:\ProgramData\chocolatey\bin;C:\Program Files\dotnet\;C:\Users\hp\Downloads\apache-maven-3.9.14-bin;C:\ProgramData\chocolatey\lib\maven\apache-maven-3.9.15\bin;C:\Users\hp\AppData\Local\Programs\Python\Python314\Scripts\;C:\Users\hp\AppData\Local\Programs\Python\Python314\;C:\Users\hp\AppData\Local\Microsoft\WindowsApps;C:\Users\hp\AppData\Local\Programs\Microsoft VS Code\bin;C:\Users\hp\AppData\Roaming\npm;;C:\tools\mysql\current\bin
USERNAME=KENNEDY
OS=Windows_NT
PROCESSOR_IDENTIFIER=Intel64 Family 6 Model 142 Stepping 11, GenuineIntel
TMP=C:\Users\hp\AppData\Local\Temp
TEMP=C:\Users\hp\AppData\Local\Temp




Periodic native trim disabled

---------------  S Y S T E M  ---------------

OS:
 Windows 11 , 64 bit Build 26100 (10.0.26100.6725)
OS uptime: 4 days 22:32 hours

CPU: total 8 (initial active 8) (4 cores per cpu, 2 threads per core) family 6 model 142 stepping 11 microcode 0xf6, cx8, cmov, fxsr, ht, mmx, 3dnowpref, sse, sse2, sse3, ssse3, sse4.1, sse4.2, popcnt, lzcnt, tsc, tscinvbit, avx, avx2, aes, erms, clmul, bmi1, bmi2, adx, fma, vzeroupper, clflush, clflushopt, rdtscp, f16c
Processor Information for the first 8 processors :
  Max Mhz: 1800, Current Mhz: 1300, Mhz Limit: 1584

Memory: 4k page, system-wide physical 8030M (786M free)
TotalPageFile size 16222M (AvailPageFile size 0M)
current process WorkingSet (physical memory assigned to process): 717M, peak: 726M
current process commit charge ("private bytes"): 805M, peak: 821M

vm_info: OpenJDK 64-Bit Server VM (21.0.10+7-LTS) for windows-amd64 JRE (21.0.10+7-LTS), built on 2026-01-20T00:00:00Z by "admin" with MS VC++ 17.12 (VS2022)

END.
