#
# There is insufficient memory for the Java Runtime Environment to continue.
# Native memory allocation (malloc) failed to allocate 1048576 bytes. Error detail: AllocateHeap
# Possible reasons:
#   The system is out of physical RAM or swap space
#   This process is running with CompressedOops enabled, and the Java Heap may be blocking the growth of the native heap
# Possible solutions:
#   Reduce memory load on the system
#   Increase physical memory or swap space
#   Check if swap backing store is full
#   Decrease Java heap size (-Xmx/-Xms)
#   Decrease number of Java threads
#   Decrease Java thread stack sizes (-Xss)
#   Set larger code cache with -XX:ReservedCodeCacheSize=
#   JVM is running with Unscaled Compressed Oops mode in which the Java heap is
#     placed in the first 4GB address space. The Java Heap base address is the
#     maximum limit for the native heap growth. Please use -XX:HeapBaseMinAddress
#     to set the Java Heap base and to place the Java Heap above 4GB virtual address.
# This output file may be truncated or incomplete.
#
#  Out of Memory Error (allocation.cpp:44), pid=15436, tid=5232
#
# JRE version:  (21.0.10+7) (build )
# Java VM: OpenJDK 64-Bit Server VM (21.0.10+7-LTS, mixed mode, tiered, compressed oops, compressed class ptrs, parallel gc, windows-amd64)
# No core dump will be written. Minidumps are not enabled by default on client versions of Windows
#

---------------  S U M M A R Y ------------

Command Line: --add-modules=ALL-SYSTEM --add-opens=java.base/java.util=ALL-UNNAMED --add-opens=java.base/java.lang=ALL-UNNAMED --add-opens=java.base/sun.nio.fs=ALL-UNNAMED -Declipse.application=org.eclipse.jdt.ls.core.id1 -Dosgi.bundles.defaultStartLevel=4 -Declipse.product=org.eclipse.jdt.ls.core.product -Djava.import.generatesMetadataFilesAtProjectRoot=false -DDetectVMInstallationsJob.disabled=true -Dfile.encoding=utf8 -XX:+UseParallelGC -XX:GCTimeRatio=4 -XX:AdaptiveSizePolicyWeight=90 -Dsun.zip.disableMemoryMapping=true -Xmx2G -Xms100m -Xlog:disable -javaagent:c:\Users\hp\.vscode\extensions\redhat.java-1.54.0-win32-x64\lombok\lombok-1.18.39-4050.jar c:\Users\hp\.vscode\extensions\redhat.java-1.54.0-win32-x64\server\plugins\org.eclipse.equinox.launcher_1.7.100.v20251111-0406.jar -configuration c:\Users\hp\AppData\Roaming\Code\User\globalStorage\redhat.java\1.54.0\config_ss_win -data c:\Users\hp\AppData\Roaming\Code\User\workspaceStorage\dc3e17ca2b51afcc3cb7108b827147bb\redhat.java\ss_ws --pipe=\\.\pipe\lsp-ae6f904cd548a2de2cbc57c8ee4cb9b9-sock

Host: Intel(R) Core(TM) i5-8265U CPU @ 1.60GHz, 8 cores, 7G,  Windows 11 , 64 bit Build 26100 (10.0.26100.6725)
Time: Sat Jun  6 19:35:01 2026 South Africa Standard Time elapsed time: 3.213007 seconds (0d 0h 0m 3s)

---------------  T H R E A D  ---------------

Current thread (0x000001c4d513f3a0):  JavaThread "Unknown thread" [_thread_in_vm, id=5232, stack(0x000000c19ed00000,0x000000c19ee00000) (1024K)]

Stack: [0x000000c19ed00000,0x000000c19ee00000]
Native frames: (J=compiled Java code, j=interpreted, Vv=VM code, C=native code)
V  [jvm.dll+0x6d7a39]
V  [jvm.dll+0x8b4b26]
V  [jvm.dll+0x8b70de]
V  [jvm.dll+0x8b77c3]
V  [jvm.dll+0x284346]
V  [jvm.dll+0xc1277]
V  [jvm.dll+0x70ba02]
V  [jvm.dll+0x70c73c]
V  [jvm.dll+0x6e65d3]
V  [jvm.dll+0x87f17c]
V  [jvm.dll+0x3c49fc]
V  [jvm.dll+0x867e6b]
V  [jvm.dll+0x457b31]
V  [jvm.dll+0x459721]
C  [jli.dll+0x52d0]
C  [ucrtbase.dll+0x37b0]
C  [KERNEL32.DLL+0x2e8d7]
C  [ntdll.dll+0x8c53c]


---------------  P R O C E S S  ---------------

Threads class SMR info:
_java_thread_list=0x000001c4d5162b30, length=1, elements={
0x000001c4d513f3a0
}

Java Threads: ( => current thread )
=>0x000001c4d513f3a0 JavaThread "Unknown thread"             [_thread_in_vm, id=5232, stack(0x000000c19ed00000,0x000000c19ee00000) (1024K)]
Total: 1

Other Threads:
  0x000001c4800dba00 WatcherThread "VM Periodic Task Thread"        [id=17628, stack(0x000000c19ef00000,0x000000c19f000000) (1024K)]
  0x000001c4d515d360 WorkerThread "GC Thread#0"                     [id=8608, stack(0x000000c19ee00000,0x000000c19ef00000) (1024K)]
Total: 2

Threads with active compile tasks:
Total: 0

VM state: not at safepoint (normal execution)

VM Mutex/Monitor currently owned by a thread: None

Heap address: 0x0000000080000000, size: 2048 MB, Compressed Oops mode: 32-bit

CDS archive(s) not mapped
Compressed class space mapped at: 0x0000000100000000-0x0000000140000000, reserved size: 1073741824
Narrow klass base: 0x0000000000000000, Narrow klass shift: 3, Narrow klass range: 0x140000000

GC Precious Log:
 CardTable entry size: 512
 CPUs: 8 total, 8 available
 Memory: 8030M
 Large Page Support: Disabled
 NUMA Support: Disabled
 Compressed Oops: Enabled (32-bit)
 Alignments: Space 512K, Generation 512K, Heap 2M
 Heap Min Capacity: 100M
 Heap Initial Capacity: 100M
 Heap Max Capacity: 2G
 Pre-touch: Disabled
 Parallel Workers: 8

Heap:
 PSYoungGen      total 29696K, used 512K [0x00000000d5580000, 0x00000000d7680000, 0x0000000100000000)
  eden space 25600K, 2% used [0x00000000d5580000,0x00000000d5600070,0x00000000d6e80000)
  from space 4096K, 0% used [0x00000000d7280000,0x00000000d7280000,0x00000000d7680000)
  to   space 4096K, 0% used [0x00000000d6e80000,0x00000000d6e80000,0x00000000d7280000)
 ParOldGen       total 68608K, used 0K [0x0000000080000000, 0x0000000084300000, 0x00000000d5580000)
  object space 68608K, 0% used [0x0000000080000000,0x0000000080000000,0x0000000084300000)
 Metaspace       used 1381K, committed 1408K, reserved 1114112K
  class space    used 111K, committed 128K, reserved 1048576K

Card table byte_map: [0x000001c4d4ae0000,0x000001c4d4ef0000] _byte_map_base: 0x000001c4d46e0000

Marking Bits: (ParMarkBitMap*) 0x00007ffba0e73450
 Begin Bits: [0x000001c4e75f0000, 0x000001c4e95f0000)
 End Bits:   [0x000001c4e95f0000, 0x000001c4eb5f0000)

Polling page: 0x000001c4d2f50000

Metaspace:

Usage:
  Non-class:      1.24 MB used.
      Class:    111.10 KB used.
       Both:      1.35 MB used.

Virtual space:
  Non-class space:       64.00 MB reserved,       1.25 MB (  2%) committed,  1 nodes.
      Class space:        1.00 GB reserved,     128.00 KB ( <1%) committed,  1 nodes.
             Both:        1.06 GB reserved,       1.38 MB ( <1%) committed. 

Chunk freelists:
   Non-Class:  12.00 MB
       Class:  15.75 MB
        Both:  27.75 MB

MaxMetaspaceSize: unlimited
CompressedClassSpaceSize: 1.00 GB
Initial GC threshold: 21.00 MB
Current GC threshold: 17179869184.00 GB
CDS: off
 - commit_granule_bytes: 65536.
 - commit_granule_words: 8192.
 - virtual_space_node_default_size: 8388608.
 - enlarge_chunks_in_place: 1.
 - use_allocation_guard: 0.


Internal statistics:

num_allocs_failed_limit: 0.
num_arena_births: 2.
num_arena_deaths: 0.
num_vsnodes_births: 2.
num_vsnodes_deaths: 0.
num_space_committed: 22.
num_space_uncommitted: 0.
num_chunks_returned_to_freelist: 0.
num_chunks_taken_from_freelist: 3.
num_chunk_merges: 0.
num_chunk_splits: 2.
num_chunks_enlarged: 0.
num_inconsistent_stats: 0.

CodeHeap 'non-profiled nmethods': size=120000Kb used=0Kb max_used=0Kb free=120000Kb
 bounds [0x000001c4dfe10000, 0x000001c4e0080000, 0x000001c4e7340000]
CodeHeap 'profiled nmethods': size=120000Kb used=0Kb max_used=0Kb free=120000Kb
 bounds [0x000001c4d8340000, 0x000001c4d85b0000, 0x000001c4df870000]
CodeHeap 'non-nmethods': size=5760Kb used=194Kb max_used=342Kb free=5565Kb
 bounds [0x000001c4df870000, 0x000001c4dfae0000, 0x000001c4dfe10000]
CodeCache: size=245760Kb, used=194Kb, max_used=342Kb, free=245565Kb
 total_blobs=70, nmethods=0, adapters=48, full_count=0
Compilation: enabled, stopped_count=0, restarted_count=0

Compilation events (0 events):
No events

GC Heap History (0 events):
No events

Dll operation events (2 events):
Event: 0.065 Loaded shared library c:\Users\hp\.vscode\extensions\redhat.java-1.54.0-win32-x64\jre\21.0.10-win32-x86_64\bin\java.dll
Event: 2.115 Loaded shared library c:\Users\hp\.vscode\extensions\redhat.java-1.54.0-win32-x64\jre\21.0.10-win32-x86_64\bin\zip.dll

Deoptimization events (0 events):
No events

Classes loaded (20 events):
Event: 2.201 Loading class java/util/Iterator
Event: 2.201 Loading class java/util/Iterator done
Event: 2.201 Loading class java/lang/reflect/RecordComponent
Event: 2.202 Loading class java/lang/reflect/RecordComponent done
Event: 2.202 Loading class jdk/internal/vm/vector/VectorSupport
Event: 2.202 Loading class jdk/internal/vm/vector/VectorSupport done
Event: 2.202 Loading class jdk/internal/vm/vector/VectorSupport$VectorPayload
Event: 2.202 Loading class jdk/internal/vm/vector/VectorSupport$VectorPayload done
Event: 2.202 Loading class jdk/internal/vm/vector/VectorSupport$Vector
Event: 2.202 Loading class jdk/internal/vm/vector/VectorSupport$Vector done
Event: 2.202 Loading class jdk/internal/vm/vector/VectorSupport$VectorMask
Event: 2.202 Loading class jdk/internal/vm/vector/VectorSupport$VectorMask done
Event: 2.202 Loading class jdk/internal/vm/vector/VectorSupport$VectorShuffle
Event: 2.203 Loading class jdk/internal/vm/vector/VectorSupport$VectorShuffle done
Event: 2.203 Loading class jdk/internal/vm/FillerObject
Event: 2.203 Loading class jdk/internal/vm/FillerObject done
Event: 2.213 Loading class java/lang/NullPointerException
Event: 2.213 Loading class java/lang/NullPointerException done
Event: 2.213 Loading class java/lang/ArithmeticException
Event: 2.213 Loading class java/lang/ArithmeticException done

Classes unloaded (0 events):
No events

Classes redefined (0 events):
No events

Internal exceptions (0 events):
No events

ZGC Phase Switch (0 events):
No events

VM Operations (0 events):
No events

Memory protections (0 events):
No events

Nmethod flushes (0 events):
No events

Events (1 events):
Event: 2.103 Thread 0x000001c4d513f3a0 Thread added: 0x000001c4d513f3a0


Dynamic libraries:
0x00007ff7228e0000 - 0x00007ff7228ee000 	c:\Users\hp\.vscode\extensions\redhat.java-1.54.0-win32-x64\jre\21.0.10-win32-x86_64\bin\java.exe
0x00007ffc5c6a0000 - 0x00007ffc5c908000 	C:\WINDOWS\SYSTEM32\ntdll.dll
0x00007ffc5c260000 - 0x00007ffc5c329000 	C:\WINDOWS\System32\KERNEL32.DLL
0x00007ffc59ba0000 - 0x00007ffc59f92000 	C:\WINDOWS\System32\KERNELBASE.dll
0x00007ffc59960000 - 0x00007ffc59aab000 	C:\WINDOWS\System32\ucrtbase.dll
0x00007ffc4cf90000 - 0x00007ffc4cfa8000 	c:\Users\hp\.vscode\extensions\redhat.java-1.54.0-win32-x64\jre\21.0.10-win32-x86_64\bin\jli.dll
0x00007ffc3e2a0000 - 0x00007ffc3e2be000 	c:\Users\hp\.vscode\extensions\redhat.java-1.54.0-win32-x64\jre\21.0.10-win32-x86_64\bin\VCRUNTIME140.dll
0x00007ffc5a960000 - 0x00007ffc5ab25000 	C:\WINDOWS\System32\USER32.dll
0x00007ffc59b70000 - 0x00007ffc59b97000 	C:\WINDOWS\System32\win32u.dll
0x00007ffc3c540000 - 0x00007ffc3c7d3000 	C:\WINDOWS\WinSxS\amd64_microsoft.windows.common-controls_6595b64144ccf1df_6.0.26100.6899_none_3e0efeeae32e88c1\COMCTL32.dll
0x00007ffc5b220000 - 0x00007ffc5b24b000 	C:\WINDOWS\System32\GDI32.dll
0x00007ffc5c450000 - 0x00007ffc5c4f9000 	C:\WINDOWS\System32\msvcrt.dll
0x00007ffc59830000 - 0x00007ffc5995d000 	C:\WINDOWS\System32\gdi32full.dll
0x00007ffc5a290000 - 0x00007ffc5a333000 	C:\WINDOWS\System32\msvcp_win.dll
0x00007ffc5bca0000 - 0x00007ffc5bccf000 	C:\WINDOWS\System32\IMM32.DLL
0x00007ffc52560000 - 0x00007ffc5256c000 	c:\Users\hp\.vscode\extensions\redhat.java-1.54.0-win32-x64\jre\21.0.10-win32-x86_64\bin\vcruntime140_1.dll
0x00007ffc181f0000 - 0x00007ffc1827d000 	c:\Users\hp\.vscode\extensions\redhat.java-1.54.0-win32-x64\jre\21.0.10-win32-x86_64\bin\msvcp140.dll
0x00007ffba01b0000 - 0x00007ffba0f51000 	c:\Users\hp\.vscode\extensions\redhat.java-1.54.0-win32-x64\jre\21.0.10-win32-x86_64\bin\server\jvm.dll
0x00007ffc5a470000 - 0x00007ffc5a524000 	C:\WINDOWS\System32\ADVAPI32.dll
0x00007ffc5c350000 - 0x00007ffc5c3f6000 	C:\WINDOWS\System32\sechost.dll
0x00007ffc5b250000 - 0x00007ffc5b368000 	C:\WINDOWS\System32\RPCRT4.dll
0x00007ffc5c500000 - 0x00007ffc5c574000 	C:\WINDOWS\System32\WS2_32.dll
0x00007ffc59690000 - 0x00007ffc596ee000 	C:\WINDOWS\SYSTEM32\POWRPROF.dll
0x00007ffc3d670000 - 0x00007ffc3d6a5000 	C:\WINDOWS\SYSTEM32\WINMM.dll
0x00007ffc4b160000 - 0x00007ffc4b16b000 	C:\WINDOWS\SYSTEM32\VERSION.dll
0x00007ffc59670000 - 0x00007ffc59684000 	C:\WINDOWS\SYSTEM32\UMPDC.dll
0x00007ffc58600000 - 0x00007ffc5861b000 	C:\WINDOWS\SYSTEM32\kernel.appcore.dll
0x00007ffc56300000 - 0x00007ffc5630a000 	c:\Users\hp\.vscode\extensions\redhat.java-1.54.0-win32-x64\jre\21.0.10-win32-x86_64\bin\jimage.dll
0x00007ffc56df0000 - 0x00007ffc57032000 	C:\WINDOWS\SYSTEM32\DBGHELP.DLL
0x00007ffc5a530000 - 0x00007ffc5a8ab000 	C:\WINDOWS\System32\combase.dll
0x00007ffc5b370000 - 0x00007ffc5b447000 	C:\WINDOWS\System32\OLEAUT32.dll
0x00007ffc3a9d0000 - 0x00007ffc3aa0c000 	C:\WINDOWS\SYSTEM32\dbgcore.DLL
0x00007ffc5a340000 - 0x00007ffc5a3d8000 	C:\WINDOWS\System32\bcryptPrimitives.dll
0x00007ffc562f0000 - 0x00007ffc562ff000 	c:\Users\hp\.vscode\extensions\redhat.java-1.54.0-win32-x64\jre\21.0.10-win32-x86_64\bin\instrument.dll
0x00007ffc54390000 - 0x00007ffc543b0000 	c:\Users\hp\.vscode\extensions\redhat.java-1.54.0-win32-x64\jre\21.0.10-win32-x86_64\bin\java.dll
0x00007ffc54370000 - 0x00007ffc54388000 	c:\Users\hp\.vscode\extensions\redhat.java-1.54.0-win32-x64\jre\21.0.10-win32-x86_64\bin\zip.dll

JVMTI agents:
c:\Users\hp\.vscode\extensions\redhat.java-1.54.0-win32-x64\lombok\lombok-1.18.39-4050.jar path:none, loaded, not initialized, instrumentlib options:none

dbghelp: loaded successfully - version: 4.0.5 - missing functions: none
symbol engine: initialized successfully - sym options: 0x614 - pdb path: .;c:\Users\hp\.vscode\extensions\redhat.java-1.54.0-win32-x64\jre\21.0.10-win32-x86_64\bin;C:\WINDOWS\SYSTEM32;C:\WINDOWS\WinSxS\amd64_microsoft.windows.common-controls_6595b64144ccf1df_6.0.26100.6899_none_3e0efeeae32e88c1;c:\Users\hp\.vscode\extensions\redhat.java-1.54.0-win32-x64\jre\21.0.10-win32-x86_64\bin\server

VM Arguments:
jvm_args: --add-modules=ALL-SYSTEM --add-opens=java.base/java.util=ALL-UNNAMED --add-opens=java.base/java.lang=ALL-UNNAMED --add-opens=java.base/sun.nio.fs=ALL-UNNAMED -Declipse.application=org.eclipse.jdt.ls.core.id1 -Dosgi.bundles.defaultStartLevel=4 -Declipse.product=org.eclipse.jdt.ls.core.product -Djava.import.generatesMetadataFilesAtProjectRoot=false -DDetectVMInstallationsJob.disabled=true -Dfile.encoding=utf8 -XX:+UseParallelGC -XX:GCTimeRatio=4 -XX:AdaptiveSizePolicyWeight=90 -Dsun.zip.disableMemoryMapping=true -Xmx2G -Xms100m -Xlog:disable -javaagent:c:\Users\hp\.vscode\extensions\redhat.java-1.54.0-win32-x64\lombok\lombok-1.18.39-4050.jar 
java_command: c:\Users\hp\.vscode\extensions\redhat.java-1.54.0-win32-x64\server\plugins\org.eclipse.equinox.launcher_1.7.100.v20251111-0406.jar -configuration c:\Users\hp\AppData\Roaming\Code\User\globalStorage\redhat.java\1.54.0\config_ss_win -data c:\Users\hp\AppData\Roaming\Code\User\workspaceStorage\dc3e17ca2b51afcc3cb7108b827147bb\redhat.java\ss_ws --pipe=\\.\pipe\lsp-ae6f904cd548a2de2cbc57c8ee4cb9b9-sock
java_class_path (initial): c:\Users\hp\.vscode\extensions\redhat.java-1.54.0-win32-x64\server\plugins\org.eclipse.equinox.launcher_1.7.100.v20251111-0406.jar
Launcher Type: SUN_STANDARD

[Global flags]
    uintx AdaptiveSizePolicyWeight                 = 90                                        {product} {command line}
     intx CICompilerCount                          = 4                                         {product} {ergonomic}
    uintx GCTimeRatio                              = 4                                         {product} {command line}
   size_t InitialHeapSize                          = 104857600                                 {product} {command line}
   size_t MaxHeapSize                              = 2147483648                                {product} {command line}
   size_t MaxNewSize                               = 715653120                                 {product} {ergonomic}
   size_t MinHeapDeltaBytes                        = 524288                                    {product} {ergonomic}
   size_t MinHeapSize                              = 104857600                                 {product} {command line}
   size_t NewSize                                  = 34603008                                  {product} {ergonomic}
    uintx NonNMethodCodeHeapSize                   = 5839372                                {pd product} {ergonomic}
    uintx NonProfiledCodeHeapSize                  = 122909434                              {pd product} {ergonomic}
   size_t OldSize                                  = 70254592                                  {product} {ergonomic}
    uintx ProfiledCodeHeapSize                     = 122909434                              {pd product} {ergonomic}
    uintx ReservedCodeCacheSize                    = 251658240                              {pd product} {ergonomic}
     bool SegmentedCodeCache                       = true                                      {product} {ergonomic}
   size_t SoftMaxHeapSize                          = 2147483648                             {manageable} {ergonomic}
     bool UseCompressedOops                        = true                           {product lp64_product} {ergonomic}
     bool UseLargePagesIndividualAllocation        = false                                  {pd product} {ergonomic}
     bool UseParallelGC                            = true                                      {product} {command line}

Logging:
Log output configuration:
 #0: stdout all=off uptime,level,tags foldmultilines=false
 #1: stderr all=off uptime,level,tags foldmultilines=false

Release file:
<release file has not been read>
Environment Variables:
PATH=C:\Python313\Scripts\;C:\Python313\;C:\Program Files\Common Files\Oracle\Java\javapath;C:\Program Files (x86)\Common Files\Oracle\Java\java8path;C:\Program Files (x86)\Common Files\Oracle\Java\javapath;C:\Program Files (x86)\NVIDIA Corporation\PhysX\Common;C:\WINDOWS\system32;C:\WINDOWS;C:\WINDOWS\System32\Wbem;C:\WINDOWS\System32\WindowsPowerShell\v1.0\;C:\WINDOWS\System32\OpenSSH\;C:\Program Files\Git\cmd;C:\Program Files\nodejs\;C:\ProgramData\chocolatey\bin;C:\Program Files\dotnet\;C:\Users\hp\Downloads\apache-maven-3.9.14-bin;C:\ProgramData\chocolatey\lib\maven\apache-maven-3.9.15\bin;C:\Users\hp\AppData\Local\Programs\Python\Python314\Scripts\;C:\Users\hp\AppData\Local\Programs\Python\Python314\;C:\Users\hp\AppData\Local\Microsoft\WindowsApps;C:\Users\hp\AppData\Local\Programs\Microsoft VS Code\bin;C:\Users\hp\AppData\Roaming\npm;;C:\tools\mysql\current\bin
USERNAME=KENNEDY
OS=Windows_NT
PROCESSOR_IDENTIFIER=Intel64 Family 6 Model 142 Stepping 11, GenuineIntel
TMP=C:\Users\hp\AppData\Local\Temp
TEMP=C:\Users\hp\AppData\Local\Temp




Periodic native trim disabled

---------------  S Y S T E M  ---------------

OS:
 Windows 11 , 64 bit Build 26100 (10.0.26100.6725)
OS uptime: 8 days 4:23 hours

CPU: total 8 (initial active 8) (4 cores per cpu, 2 threads per core) family 6 model 142 stepping 11 microcode 0xf6, cx8, cmov, fxsr, ht, mmx, 3dnowpref, sse, sse2, sse3, ssse3, sse4.1, sse4.2, popcnt, lzcnt, tsc, tscinvbit, avx, avx2, aes, erms, clmul, bmi1, bmi2, adx, fma, vzeroupper, clflush, clflushopt, rdtscp, f16c
Processor Information for the first 8 processors :
  Max Mhz: 1800, Current Mhz: 1300, Mhz Limit: 1584

Memory: 4k page, system-wide physical 8030M (303M free)
TotalPageFile size 16222M (AvailPageFile size 4M)
current process WorkingSet (physical memory assigned to process): 18M, peak: 18M
current process commit charge ("private bytes"): 183M, peak: 184M

vm_info: OpenJDK 64-Bit Server VM (21.0.10+7-LTS) for windows-amd64 JRE (21.0.10+7-LTS), built on 2026-01-20T00:00:00Z by "admin" with MS VC++ 17.12 (VS2022)

END.
