#
# There is insufficient memory for the Java Runtime Environment to continue.
# Native memory allocation (malloc) failed to allocate 1333744 bytes. Error detail: Chunk::new
# Possible reasons:
#   The system is out of physical RAM or swap space
#   This process is running with CompressedOops enabled, and the Java Heap may be blocking the growth of the native heap
# Possible solutions:
#   Reduce memory load on the system
#   Increase physical memory or swap space
#   Check if swap backing store is full
#   Decrease Java heap size (-Xmx/-Xms)
#   Decrease number of Java threads
#   Decrease Java thread stack sizes (-Xss)
#   Set larger code cache with -XX:ReservedCodeCacheSize=
#   JVM is running with Unscaled Compressed Oops mode in which the Java heap is
#     placed in the first 4GB address space. The Java Heap base address is the
#     maximum limit for the native heap growth. Please use -XX:HeapBaseMinAddress
#     to set the Java Heap base and to place the Java Heap above 4GB virtual address.
# This output file may be truncated or incomplete.
#
#  Out of Memory Error (arena.cpp:168), pid=20420, tid=3320
#
# JRE version: OpenJDK Runtime Environment Temurin-21.0.10+7 (21.0.10+7) (build 21.0.10+7-LTS)
# Java VM: OpenJDK 64-Bit Server VM Temurin-21.0.10+7 (21.0.10+7-LTS, mixed mode, sharing, tiered, compressed oops, compressed class ptrs, parallel gc, windows-amd64)
# No core dump will be written. Minidumps are not enabled by default on client versions of Windows
#

---------------  S U M M A R Y ------------

Command Line: --add-modules=ALL-SYSTEM --add-opens=java.base/java.util=ALL-UNNAMED --add-opens=java.base/java.lang=ALL-UNNAMED --add-opens=java.base/sun.nio.fs=ALL-UNNAMED -Declipse.application=org.eclipse.jdt.ls.core.id1 -Dosgi.bundles.defaultStartLevel=4 -Declipse.product=org.eclipse.jdt.ls.core.product -Djava.import.generatesMetadataFilesAtProjectRoot=false -DDetectVMInstallationsJob.disabled=true -Dfile.encoding=utf8 -XX:+UseParallelGC -XX:GCTimeRatio=4 -XX:AdaptiveSizePolicyWeight=90 -Dsun.zip.disableMemoryMapping=true -Xmx2G -Xms100m -Xlog:disable -javaagent:c:\Users\hp\.vscode\extensions\redhat.java-1.54.0-win32-x64\lombok\lombok-1.18.39-4050.jar -XX:+HeapDumpOnOutOfMemoryError -XX:HeapDumpPath=c:\Users\hp\AppData\Roaming\Code\User\workspaceStorage\d92d0f5efebfacbc0219ff09c40f2235\redhat.java -Daether.dependencyCollector.impl=bf c:\Users\hp\.vscode\extensions\redhat.java-1.54.0-win32-x64\server\plugins\org.eclipse.equinox.launcher_1.7.100.v20251111-0406.jar -configuration c:\Users\hp\AppData\Roaming\Code\User\globalStorage\redhat.java\1.54.0\config_win -data c:\Users\hp\AppData\Roaming\Code\User\workspaceStorage\d92d0f5efebfacbc0219ff09c40f2235\redhat.java\jdt_ws --pipe=\\.\pipe\lsp-5defbce73ab279afd3772c4c954a7550-sock

Host: Intel(R) Core(TM) i5-8265U CPU @ 1.60GHz, 8 cores, 7G,  Windows 11 , 64 bit Build 26100 (10.0.26100.6725)
Time: Fri May 29 15:06:57 2026 South Africa Standard Time elapsed time: 8341.107852 seconds (0d 2h 19m 1s)

---------------  T H R E A D  ---------------

Current thread (0x0000016017be8b10):  JavaThread "C2 CompilerThread0" daemon [_thread_in_native, id=3320, stack(0x0000001ed3400000,0x0000001ed3500000) (1024K)]


Current CompileTask:
C2:8341108 20131       4       lombok.eclipse.EclipseAST::buildMethod (110 bytes)

Stack: [0x0000001ed3400000,0x0000001ed3500000]
Native frames: (J=compiled Java code, j=interpreted, Vv=VM code, C=native code)
V  [jvm.dll+0x6d7a39]
V  [jvm.dll+0x8b4b26]
V  [jvm.dll+0x8b70de]
V  [jvm.dll+0x8b77c3]
V  [jvm.dll+0x284346]
V  [jvm.dll+0xc66ed]
V  [jvm.dll+0xc6c31]
V  [jvm.dll+0x3bec3b]
V  [jvm.dll+0x38b162]
V  [jvm.dll+0x38a5aa]
V  [jvm.dll+0x24c560]
V  [jvm.dll+0x24bb40]
V  [jvm.dll+0x1cb34e]
V  [jvm.dll+0x25b85d]
V  [jvm.dll+0x259dea]
V  [jvm.dll+0x3f857e]
V  [jvm.dll+0x85f59d]
V  [jvm.dll+0x6d626d]
C  [ucrtbase.dll+0x37b0]
C  [KERNEL32.DLL+0x2e8d7]
C  [ntdll.dll+0x8c53c]


---------------  P R O C E S S  ---------------

Threads class SMR info:
_java_thread_list=0x00000160755187e0, length=43, elements={
0x0000016017c5c660, 0x0000016017bd2da0, 0x0000016017bd76d0, 0x0000016017bda610,
0x0000016017bdb270, 0x0000016017be3250, 0x0000016017be7cd0, 0x0000016017be8b10,
0x0000016075046310, 0x00000160751e42d0, 0x0000016075216650, 0x0000016075bd0020,
0x0000016075a784f0, 0x0000016075a73d90, 0x0000016075a750c0, 0x0000016075bf7fa0,
0x0000016075666a40, 0x00000160752406f0, 0x0000016075fbf650, 0x0000016075fbdc10,
0x000001607abb4500, 0x000001607abb58b0, 0x000001607abb4b90, 0x000001607abb3e70,
0x000001607abb5f40, 0x000001607abb37e0, 0x000001607abb2ac0, 0x000001607abb65d0,
0x000001607abb5220, 0x000001607abb3150, 0x000001607abb72f0, 0x000001607abba0e0,
0x0000016075e548f0, 0x0000016078040df0, 0x0000016075e59e40, 0x0000016075e52eb0,
0x0000016075e58400, 0x0000016075e54f80, 0x0000016075e5a4d0, 0x0000016075e58a90,
0x0000016075e59120, 0x000001607abb9a50, 0x000001607abb6c60
}

Java Threads: ( => current thread )
  0x0000016017c5c660 JavaThread "main"                              [_thread_blocked, id=8532, stack(0x0000001ed2a00000,0x0000001ed2b00000) (1024K)]
  0x0000016017bd2da0 JavaThread "Reference Handler"          daemon [_thread_blocked, id=18348, stack(0x0000001ed2e00000,0x0000001ed2f00000) (1024K)]
  0x0000016017bd76d0 JavaThread "Finalizer"                  daemon [_thread_blocked, id=20156, stack(0x0000001ed2f00000,0x0000001ed3000000) (1024K)]
  0x0000016017bda610 JavaThread "Signal Dispatcher"          daemon [_thread_blocked, id=5576, stack(0x0000001ed3000000,0x0000001ed3100000) (1024K)]
  0x0000016017bdb270 JavaThread "Attach Listener"            daemon [_thread_blocked, id=9740, stack(0x0000001ed3100000,0x0000001ed3200000) (1024K)]
  0x0000016017be3250 JavaThread "Service Thread"             daemon [_thread_blocked, id=11536, stack(0x0000001ed3200000,0x0000001ed3300000) (1024K)]
  0x0000016017be7cd0 JavaThread "Monitor Deflation Thread"   daemon [_thread_blocked, id=11336, stack(0x0000001ed3300000,0x0000001ed3400000) (1024K)]
=>0x0000016017be8b10 JavaThread "C2 CompilerThread0"         daemon [_thread_in_native, id=3320, stack(0x0000001ed3400000,0x0000001ed3500000) (1024K)]
  0x0000016075046310 JavaThread "C1 CompilerThread0"         daemon [_thread_blocked, id=9728, stack(0x0000001ed3500000,0x0000001ed3600000) (1024K)]
  0x00000160751e42d0 JavaThread "Common-Cleaner"             daemon [_thread_blocked, id=5048, stack(0x0000001ed3600000,0x0000001ed3700000) (1024K)]
  0x0000016075216650 JavaThread "Notification Thread"        daemon [_thread_blocked, id=6496, stack(0x0000001ed3700000,0x0000001ed3800000) (1024K)]
  0x0000016075bd0020 JavaThread "Active Thread: Equinox Container: fd60cb7e-3e06-4c6f-9dcc-e1fac7abb1ad"        [_thread_blocked, id=144, stack(0x0000001ed3800000,0x0000001ed3900000) (1024K)]
  0x0000016075a784f0 JavaThread "Refresh Thread: Equinox Container: fd60cb7e-3e06-4c6f-9dcc-e1fac7abb1ad" daemon [_thread_blocked, id=14664, stack(0x0000001ed4000000,0x0000001ed4100000) (1024K)]
  0x0000016075a73d90 JavaThread "Framework Event Dispatcher: Equinox Container: fd60cb7e-3e06-4c6f-9dcc-e1fac7abb1ad" daemon [_thread_blocked, id=7984, stack(0x0000001ed4100000,0x0000001ed4200000) (1024K)]
  0x0000016075a750c0 JavaThread "Start Level: Equinox Container: fd60cb7e-3e06-4c6f-9dcc-e1fac7abb1ad" daemon [_thread_blocked, id=5404, stack(0x0000001ed4200000,0x0000001ed4300000) (1024K)]
  0x0000016075bf7fa0 JavaThread "Bundle File Closer"         daemon [_thread_blocked, id=16276, stack(0x0000001ed4400000,0x0000001ed4500000) (1024K)]
  0x0000016075666a40 JavaThread "SCR Component Actor"        daemon [_thread_blocked, id=14660, stack(0x0000001ed4300000,0x0000001ed4400000) (1024K)]
  0x00000160752406f0 JavaThread "Worker-JM"                         [_thread_blocked, id=15280, stack(0x0000001ed4500000,0x0000001ed4600000) (1024K)]
  0x0000016075fbf650 JavaThread "JNA Cleaner"                daemon [_thread_blocked, id=16788, stack(0x0000001ed4600000,0x0000001ed4700000) (1024K)]
  0x0000016075fbdc10 JavaThread "Java indexing"              daemon [_thread_blocked, id=18196, stack(0x0000001ed4c00000,0x0000001ed4d00000) (1024K)]
  0x000001607abb4500 JavaThread "Thread-1"                   daemon [_thread_in_native, id=17884, stack(0x0000001ed5200000,0x0000001ed5300000) (1024K)]
  0x000001607abb58b0 JavaThread "Thread-2"                   daemon [_thread_in_native, id=12808, stack(0x0000001ed5300000,0x0000001ed5400000) (1024K)]
  0x000001607abb4b90 JavaThread "Thread-3"                   daemon [_thread_in_native, id=9352, stack(0x0000001ed5400000,0x0000001ed5500000) (1024K)]
  0x000001607abb3e70 JavaThread "Thread-4"                   daemon [_thread_in_native, id=5872, stack(0x0000001ed5500000,0x0000001ed5600000) (1024K)]
  0x000001607abb5f40 JavaThread "Thread-5"                   daemon [_thread_in_native, id=17732, stack(0x0000001ed5600000,0x0000001ed5700000) (1024K)]
  0x000001607abb37e0 JavaThread "Thread-6"                   daemon [_thread_in_native, id=10000, stack(0x0000001ed5700000,0x0000001ed5800000) (1024K)]
  0x000001607abb2ac0 JavaThread "Thread-7"                   daemon [_thread_in_native, id=11660, stack(0x0000001ed5800000,0x0000001ed5900000) (1024K)]
  0x000001607abb65d0 JavaThread "Thread-8"                   daemon [_thread_in_native, id=3016, stack(0x0000001ed5900000,0x0000001ed5a00000) (1024K)]
  0x000001607abb5220 JavaThread "Thread-9"                   daemon [_thread_in_native, id=12232, stack(0x0000001ed5a00000,0x0000001ed5b00000) (1024K)]
  0x000001607abb3150 JavaThread "pool-2-thread-1"                   [_thread_blocked, id=3884, stack(0x0000001ed5b00000,0x0000001ed5c00000) (1024K)]
  0x000001607abb72f0 JavaThread "WorkspaceEventsHandler"            [_thread_blocked, id=10092, stack(0x0000001ed5c00000,0x0000001ed5d00000) (1024K)]
  0x000001607abba0e0 JavaThread "pool-1-thread-1"                   [_thread_blocked, id=17384, stack(0x0000001ed5d00000,0x0000001ed5e00000) (1024K)]
  0x0000016075e548f0 JavaThread "Worker-7"                          [_thread_blocked, id=18356, stack(0x0000001ed2700000,0x0000001ed2800000) (1024K)]
  0x0000016078040df0 JavaThread "Cleaner-0"                  daemon [_thread_blocked, id=19164, stack(0x0000001ed5000000,0x0000001ed5100000) (1024K)]
  0x0000016075e59e40 JavaThread "Worker-12: Publish Diagnostics"        [_thread_in_Java, id=3056, stack(0x0000001ed4e00000,0x0000001ed4f00000) (1024K)]
  0x0000016075e52eb0 JavaThread "ForkJoinPool.commonPool-worker-40" daemon [_thread_blocked, id=15808, stack(0x0000001ed2800000,0x0000001ed2900000) (1024K)]
  0x0000016075e58400 JavaThread "ForkJoinPool.commonPool-worker-41" daemon [_thread_blocked, id=20188, stack(0x0000001ed2900000,0x0000001ed2a00000) (1024K)]
  0x0000016075e54f80 JavaThread "ForkJoinPool.commonPool-worker-42" daemon [_thread_blocked, id=7096, stack(0x0000001ed4700000,0x0000001ed4800000) (1024K)]
  0x0000016075e5a4d0 JavaThread "ForkJoinPool.commonPool-worker-43" daemon [_thread_blocked, id=11452, stack(0x0000001ed4800000,0x0000001ed4900000) (1024K)]
  0x0000016075e58a90 JavaThread "ForkJoinPool.commonPool-worker-44" daemon [_thread_blocked, id=7732, stack(0x0000001ed4900000,0x0000001ed4a00000) (1024K)]
  0x0000016075e59120 JavaThread "ForkJoinPool.commonPool-worker-45" daemon [_thread_blocked, id=16056, stack(0x0000001ed4a00000,0x0000001ed4b00000) (1024K)]
  0x000001607abb9a50 JavaThread "ForkJoinPool.commonPool-worker-46" daemon [_thread_blocked, id=21708, stack(0x0000001ed4b00000,0x0000001ed4c00000) (1024K)]
  0x000001607abb6c60 JavaThread "Worker-13"                         [_thread_blocked, id=1316, stack(0x0000001ed4d00000,0x0000001ed4e00000) (1024K)]
Total: 43

Other Threads:
  0x0000016017bb1d50 VMThread "VM Thread"                           [id=20032, stack(0x0000001ed2d00000,0x0000001ed2e00000) (1024K)]
  0x0000016017aeca00 WatcherThread "VM Periodic Task Thread"        [id=8280, stack(0x0000001ed2c00000,0x0000001ed2d00000) (1024K)]
  0x0000016017c7a9a0 WorkerThread "GC Thread#0"                     [id=8804, stack(0x0000001ed2b00000,0x0000001ed2c00000) (1024K)]
  0x000001607543f730 WorkerThread "GC Thread#1"                     [id=9228, stack(0x0000001ed3900000,0x0000001ed3a00000) (1024K)]
  0x00000160755c84f0 WorkerThread "GC Thread#2"                     [id=9880, stack(0x0000001ed3a00000,0x0000001ed3b00000) (1024K)]
  0x00000160755c88a0 WorkerThread "GC Thread#3"                     [id=19848, stack(0x0000001ed3b00000,0x0000001ed3c00000) (1024K)]
  0x00000160755c8c50 WorkerThread "GC Thread#4"                     [id=14220, stack(0x0000001ed3c00000,0x0000001ed3d00000) (1024K)]
  0x000001607546a120 WorkerThread "GC Thread#5"                     [id=4112, stack(0x0000001ed3d00000,0x0000001ed3e00000) (1024K)]
  0x000001607546a4d0 WorkerThread "GC Thread#6"                     [id=6876, stack(0x0000001ed3e00000,0x0000001ed3f00000) (1024K)]
  0x0000016075044f90 WorkerThread "GC Thread#7"                     [id=16140, stack(0x0000001ed3f00000,0x0000001ed4000000) (1024K)]
Total: 10

Threads with active compile tasks:
C2 CompilerThread0  8341247 20131       4       lombok.eclipse.EclipseAST::buildMethod (110 bytes)
Total: 1

VM state: not at safepoint (normal execution)

VM Mutex/Monitor currently owned by a thread: None

Heap address: 0x0000000080000000, size: 2048 MB, Compressed Oops mode: 32-bit

CDS archive(s) mapped at: [0x000001602f000000-0x000001602fba0000-0x000001602fba0000), size 12189696, SharedBaseAddress: 0x000001602f000000, ArchiveRelocationMode: 1.
Compressed class space mapped at: 0x0000016030000000-0x0000016070000000, reserved size: 1073741824
Narrow klass base: 0x000001602f000000, Narrow klass shift: 0, Narrow klass range: 0x100000000

GC Precious Log:
 CardTable entry size: 512
 CPUs: 8 total, 8 available
 Memory: 8030M
 Large Page Support: Disabled
 NUMA Support: Disabled
 Compressed Oops: Enabled (32-bit)
 Alignments: Space 512K, Generation 512K, Heap 2M
 Heap Min Capacity: 100M
 Heap Initial Capacity: 100M
 Heap Max Capacity: 2G
 Pre-touch: Disabled
 Parallel Workers: 8

Heap:
 PSYoungGen      total 2560K, used 934K [0x00000000d5580000, 0x00000000d5900000, 0x0000000100000000)
  eden space 2048K, 32% used [0x00000000d5580000,0x00000000d562d958,0x00000000d5780000)
  from space 512K, 60% used [0x00000000d5780000,0x00000000d57cd200,0x00000000d5800000)
  to   space 512K, 0% used [0x00000000d5880000,0x00000000d5880000,0x00000000d5900000)
 ParOldGen       total 429568K, used 429425K [0x0000000080000000, 0x000000009a380000, 0x00000000d5580000)
  object space 429568K, 99% used [0x0000000080000000,0x000000009a35c5c8,0x000000009a380000)
 Metaspace       used 92964K, committed 94656K, reserved 1179648K
  class space    used 9747K, committed 10496K, reserved 1048576K

Card table byte_map: [0x0000016017600000,0x0000016017a10000] _byte_map_base: 0x0000016017200000

Marking Bits: (ParMarkBitMap*) 0x00007ff8b5043450
 Begin Bits: [0x000001602a110000, 0x000001602c110000)
 End Bits:   [0x000001602c110000, 0x000001602e110000)

Polling page: 0x0000016015a70000

Metaspace:

Usage:
  Non-class:     81.27 MB used.
      Class:      9.52 MB used.
       Both:     90.79 MB used.

Virtual space:
  Non-class space:      128.00 MB reserved,      82.19 MB ( 64%) committed,  2 nodes.
      Class space:        1.00 GB reserved,      10.25 MB (  1%) committed,  1 nodes.
             Both:        1.12 GB reserved,      92.44 MB (  8%) committed. 

Chunk freelists:
   Non-Class:  13.75 MB
       Class:  5.80 MB
        Both:  19.55 MB

MaxMetaspaceSize: unlimited
CompressedClassSpaceSize: 1.00 GB
Initial GC threshold: 21.00 MB
Current GC threshold: 144.94 MB
CDS: on
 - commit_granule_bytes: 65536.
 - commit_granule_words: 8192.
 - virtual_space_node_default_size: 8388608.
 - enlarge_chunks_in_place: 1.
 - use_allocation_guard: 0.


Internal statistics:

num_allocs_failed_limit: 9.
num_arena_births: 1758.
num_arena_deaths: 296.
num_vsnodes_births: 3.
num_vsnodes_deaths: 0.
num_space_committed: 1479.
num_space_uncommitted: 0.
num_chunks_returned_to_freelist: 351.
num_chunks_taken_from_freelist: 6458.
num_chunk_merges: 91.
num_chunk_splits: 3739.
num_chunks_enlarged: 2067.
num_inconsistent_stats: 0.

CodeHeap 'non-profiled nmethods': size=120000Kb used=19052Kb max_used=19052Kb free=100947Kb
 bounds [0x0000016022930000, 0x0000016023bd0000, 0x0000016029e60000]
CodeHeap 'profiled nmethods': size=120000Kb used=45575Kb max_used=45575Kb free=74424Kb
 bounds [0x000001601ae60000, 0x000001601daf0000, 0x0000016022390000]
CodeHeap 'non-nmethods': size=5760Kb used=1527Kb max_used=1629Kb free=4232Kb
 bounds [0x0000016022390000, 0x0000016022600000, 0x0000016022930000]
CodeCache: size=245760Kb, used=66154Kb, max_used=66256Kb, free=179603Kb
 total_blobs=19210, nmethods=18355, adapters=755, full_count=0
Compilation: enabled, stopped_count=0, restarted_count=0

Compilation events (20 events):
Event: 8339.156 Thread 0x0000016075046310 20124       3       org.eclipse.jdt.internal.compiler.ASTVisitor::endVisit (1 bytes)
Event: 8339.156 Thread 0x0000016075046310 nmethod 20124 0x000001601dad7b10 code [0x000001601dad7ca0, 0x000001601dad7da8]
Event: 8339.176 Thread 0x0000016075046310 20126   !   3       lombok.eclipse.agent.PatchVal::handleValForLocalDeclaration (657 bytes)
Event: 8339.188 Thread 0x0000016075046310 nmethod 20126 0x000001601dad7e10 code [0x000001601dad8580, 0x000001601dadc420]
Event: 8339.188 Thread 0x0000016075046310 20127       3       org.eclipse.jdt.internal.compiler.ast.LocalDeclaration::validateNullAnnotations (38 bytes)
Event: 8339.188 Thread 0x0000016075046310 nmethod 20127 0x000001601daddd10 code [0x000001601daddec0, 0x000001601dade108]
Event: 8339.194 Thread 0x0000016017be8b10 nmethod 20122 0x0000016023bc2f10 code [0x0000016023bc3380, 0x0000016023bc4740]
Event: 8339.194 Thread 0x0000016017be8b10 20129       4       org.eclipse.jdt.internal.compiler.lookup.ReferenceBinding::hasNonNullDefaultForType (76 bytes)
Event: 8339.214 Thread 0x0000016017be8b10 nmethod 20129 0x0000016023bc5b10 code [0x0000016023bc5d40, 0x0000016023bc6450]
Event: 8339.214 Thread 0x0000016017be8b10 20128       4       org.eclipse.jdt.internal.compiler.lookup.BinaryTypeBinding::isEquivalentTo (84 bytes)
Event: 8339.218 Thread 0x0000016017be8b10 nmethod 20128 0x0000016023bc6a10 code [0x0000016023bc6be0, 0x0000016023bc6e28]
Event: 8339.218 Thread 0x0000016017be8b10 20125       4       org.eclipse.jdt.internal.compiler.lookup.SplitPackageBinding::addPackage (98 bytes)
Event: 8339.304 Thread 0x0000016017be8b10 nmethod 20125 0x0000016023bc7010 code [0x0000016023bc7400, 0x0000016023bc9948]
Event: 8339.546 Thread 0x0000016017be8b10 20130       4       java.nio.DirectByteBuffer::address (42 bytes)
Event: 8339.548 Thread 0x0000016017be8b10 nmethod 20130 0x0000016023bcaf90 code [0x0000016023bcb120, 0x0000016023bcb1d0]
Event: 8339.733 Thread 0x0000016017be8b10 20131       4       lombok.eclipse.EclipseAST::buildMethod (110 bytes)
Event: 8339.734 Thread 0x0000016075046310 20132  s!   3       org.eclipse.jdt.internal.core.search.indexing.IndexManager::getIndexes (320 bytes)
Event: 8339.741 Thread 0x0000016075046310 nmethod 20132 0x000001601dade210 code [0x000001601dade6a0, 0x000001601dae08a0]
Event: 8340.076 Thread 0x0000016075046310 20135       3       org.eclipse.jdt.internal.compiler.SourceElementParser::consumeExitVariableWithInitialization (70 bytes)
Event: 8340.077 Thread 0x0000016075046310 nmethod 20135 0x000001601dae1690 code [0x000001601dae1880, 0x000001601dae1c40]

GC Heap History (20 events):
Event: 8339.168 GC heap after
{Heap after GC invocations=1679 (full 4):
 PSYoungGen      total 5120K, used 788K [0x00000000d5580000, 0x00000000d5b80000, 0x0000000100000000)
  eden space 4096K, 0% used [0x00000000d5580000,0x00000000d5580000,0x00000000d5980000)
  from space 1024K, 77% used [0x00000000d5980000,0x00000000d5a45200,0x00000000d5a80000)
  to   space 1024K, 0% used [0x00000000d5a80000,0x00000000d5a80000,0x00000000d5b80000)
 ParOldGen       total 420864K, used 420671K [0x0000000080000000, 0x0000000099b00000, 0x00000000d5580000)
  object space 420864K, 99% used [0x0000000080000000,0x0000000099acfd28,0x0000000099b00000)
 Metaspace       used 92935K, committed 94656K, reserved 1179648K
  class space    used 9747K, committed 10496K, reserved 1048576K
}
Event: 8339.553 GC heap before
{Heap before GC invocations=1680 (full 4):
 PSYoungGen      total 5120K, used 4884K [0x00000000d5580000, 0x00000000d5b80000, 0x0000000100000000)
  eden space 4096K, 100% used [0x00000000d5580000,0x00000000d5980000,0x00000000d5980000)
  from space 1024K, 77% used [0x00000000d5980000,0x00000000d5a45200,0x00000000d5a80000)
  to   space 1024K, 0% used [0x00000000d5a80000,0x00000000d5a80000,0x00000000d5b80000)
 ParOldGen       total 420864K, used 420671K [0x0000000080000000, 0x0000000099b00000, 0x00000000d5580000)
  object space 420864K, 99% used [0x0000000080000000,0x0000000099acfd28,0x0000000099b00000)
 Metaspace       used 92952K, committed 94656K, reserved 1179648K
  class space    used 9747K, committed 10496K, reserved 1048576K
}
Event: 8339.561 GC heap after
{Heap after GC invocations=1680 (full 4):
 PSYoungGen      total 4608K, used 186K [0x00000000d5580000, 0x00000000d5b00000, 0x0000000100000000)
  eden space 4096K, 0% used [0x00000000d5580000,0x00000000d5580000,0x00000000d5980000)
  from space 512K, 36% used [0x00000000d5a80000,0x00000000d5aae900,0x00000000d5b00000)
  to   space 512K, 0% used [0x00000000d5a00000,0x00000000d5a00000,0x00000000d5a80000)
 ParOldGen       total 421376K, used 420879K [0x0000000080000000, 0x0000000099b80000, 0x00000000d5580000)
  object space 421376K, 99% used [0x0000000080000000,0x0000000099b03d28,0x0000000099b80000)
 Metaspace       used 92952K, committed 94656K, reserved 1179648K
  class space    used 9747K, committed 10496K, reserved 1048576K
}
Event: 8339.753 GC heap before
{Heap before GC invocations=1681 (full 4):
 PSYoungGen      total 4608K, used 4196K [0x00000000d5580000, 0x00000000d5b00000, 0x0000000100000000)
  eden space 4096K, 97% used [0x00000000d5580000,0x00000000d596a9c0,0x00000000d5980000)
  from space 512K, 36% used [0x00000000d5a80000,0x00000000d5aae900,0x00000000d5b00000)
  to   space 512K, 0% used [0x00000000d5a00000,0x00000000d5a00000,0x00000000d5a80000)
 ParOldGen       total 421376K, used 420879K [0x0000000080000000, 0x0000000099b80000, 0x00000000d5580000)
  object space 421376K, 99% used [0x0000000080000000,0x0000000099b03d28,0x0000000099b80000)
 Metaspace       used 92964K, committed 94656K, reserved 1179648K
  class space    used 9747K, committed 10496K, reserved 1048576K
}
Event: 8339.755 GC heap after
{Heap after GC invocations=1681 (full 4):
 PSYoungGen      total 4608K, used 492K [0x00000000d5580000, 0x00000000d5b80000, 0x0000000100000000)
  eden space 4096K, 0% used [0x00000000d5580000,0x00000000d5580000,0x00000000d5980000)
  from space 512K, 96% used [0x00000000d5a00000,0x00000000d5a7b1d0,0x00000000d5a80000)
  to   space 1024K, 0% used [0x00000000d5a80000,0x00000000d5a80000,0x00000000d5b80000)
 ParOldGen       total 421376K, used 421031K [0x0000000080000000, 0x0000000099b80000, 0x00000000d5580000)
  object space 421376K, 99% used [0x0000000080000000,0x0000000099b29d28,0x0000000099b80000)
 Metaspace       used 92964K, committed 94656K, reserved 1179648K
  class space    used 9747K, committed 10496K, reserved 1048576K
}
Event: 8339.797 GC heap before
{Heap before GC invocations=1682 (full 4):
 PSYoungGen      total 4608K, used 4581K [0x00000000d5580000, 0x00000000d5b80000, 0x0000000100000000)
  eden space 4096K, 99% used [0x00000000d5580000,0x00000000d597e480,0x00000000d5980000)
  from space 512K, 96% used [0x00000000d5a00000,0x00000000d5a7b1d0,0x00000000d5a80000)
  to   space 1024K, 0% used [0x00000000d5a80000,0x00000000d5a80000,0x00000000d5b80000)
 ParOldGen       total 421376K, used 421031K [0x0000000080000000, 0x0000000099b80000, 0x00000000d5580000)
  object space 421376K, 99% used [0x0000000080000000,0x0000000099b29d28,0x0000000099b80000)
 Metaspace       used 92964K, committed 94656K, reserved 1179648K
  class space    used 9747K, committed 10496K, reserved 1048576K
}
Event: 8339.800 GC heap after
{Heap after GC invocations=1682 (full 4):
 PSYoungGen      total 1536K, used 1008K [0x00000000d5580000, 0x00000000d6280000, 0x0000000100000000)
  eden space 512K, 0% used [0x00000000d5580000,0x00000000d5580000,0x00000000d5600000)
  from space 1024K, 98% used [0x00000000d5a80000,0x00000000d5b7c118,0x00000000d5b80000)
  to   space 4608K, 0% used [0x00000000d5600000,0x00000000d5600000,0x00000000d5a80000)
 ParOldGen       total 423936K, used 423704K [0x0000000080000000, 0x0000000099e00000, 0x00000000d5580000)
  object space 423936K, 99% used [0x0000000080000000,0x0000000099dc6190,0x0000000099e00000)
 Metaspace       used 92964K, committed 94656K, reserved 1179648K
  class space    used 9747K, committed 10496K, reserved 1048576K
}
Event: 8339.806 GC heap before
{Heap before GC invocations=1683 (full 4):
 PSYoungGen      total 1536K, used 1520K [0x00000000d5580000, 0x00000000d6280000, 0x0000000100000000)
  eden space 512K, 100% used [0x00000000d5580000,0x00000000d5600000,0x00000000d5600000)
  from space 1024K, 98% used [0x00000000d5a80000,0x00000000d5b7c118,0x00000000d5b80000)
  to   space 4608K, 0% used [0x00000000d5600000,0x00000000d5600000,0x00000000d5a80000)
 ParOldGen       total 423936K, used 423704K [0x0000000080000000, 0x0000000099e00000, 0x00000000d5580000)
  object space 423936K, 99% used [0x0000000080000000,0x0000000099dc6190,0x0000000099e00000)
 Metaspace       used 92964K, committed 94656K, reserved 1179648K
  class space    used 9747K, committed 10496K, reserved 1048576K
}
Event: 8339.810 GC heap after
{Heap after GC invocations=1683 (full 4):
 PSYoungGen      total 1024K, used 497K [0x00000000d5580000, 0x00000000d5b00000, 0x0000000100000000)
  eden space 512K, 0% used [0x00000000d5580000,0x00000000d5580000,0x00000000d5600000)
  from space 512K, 97% used [0x00000000d5600000,0x00000000d567c4a0,0x00000000d5680000)
  to   space 2048K, 0% used [0x00000000d5900000,0x00000000d5900000,0x00000000d5b00000)
 ParOldGen       total 424960K, used 424717K [0x0000000080000000, 0x0000000099f00000, 0x00000000d5580000)
  object space 424960K, 99% used [0x0000000080000000,0x0000000099ec37b8,0x0000000099f00000)
 Metaspace       used 92964K, committed 94656K, reserved 1179648K
  class space    used 9747K, committed 10496K, reserved 1048576K
}
Event: 8339.816 GC heap before
{Heap before GC invocations=1684 (full 4):
 PSYoungGen      total 1024K, used 928K [0x00000000d5580000, 0x00000000d5b00000, 0x0000000100000000)
  eden space 512K, 84% used [0x00000000d5580000,0x00000000d55ebb90,0x00000000d5600000)
  from space 512K, 97% used [0x00000000d5600000,0x00000000d567c4a0,0x00000000d5680000)
  to   space 2048K, 0% used [0x00000000d5900000,0x00000000d5900000,0x00000000d5b00000)
 ParOldGen       total 424960K, used 424717K [0x0000000080000000, 0x0000000099f00000, 0x00000000d5580000)
  object space 424960K, 99% used [0x0000000080000000,0x0000000099ec37b8,0x0000000099f00000)
 Metaspace       used 92964K, committed 94656K, reserved 1179648K
  class space    used 9747K, committed 10496K, reserved 1048576K
}
Event: 8339.820 GC heap after
{Heap after GC invocations=1684 (full 4):
 PSYoungGen      total 1024K, used 419K [0x00000000d5580000, 0x00000000d5980000, 0x0000000100000000)
  eden space 512K, 0% used [0x00000000d5580000,0x00000000d5580000,0x00000000d5600000)
  from space 512K, 81% used [0x00000000d5900000,0x00000000d5968d50,0x00000000d5980000)
  to   space 1024K, 0% used [0x00000000d5780000,0x00000000d5780000,0x00000000d5880000)
 ParOldGen       total 425472K, used 425120K [0x0000000080000000, 0x0000000099f80000, 0x00000000d5580000)
  object space 425472K, 99% used [0x0000000080000000,0x0000000099f280d8,0x0000000099f80000)
 Metaspace       used 92964K, committed 94656K, reserved 1179648K
  class space    used 9747K, committed 10496K, reserved 1048576K
}
Event: 8339.826 GC heap before
{Heap before GC invocations=1685 (full 4):
 PSYoungGen      total 1024K, used 931K [0x00000000d5580000, 0x00000000d5980000, 0x0000000100000000)
  eden space 512K, 99% used [0x00000000d5580000,0x00000000d55fffd0,0x00000000d5600000)
  from space 512K, 81% used [0x00000000d5900000,0x00000000d5968d50,0x00000000d5980000)
  to   space 1024K, 0% used [0x00000000d5780000,0x00000000d5780000,0x00000000d5880000)
 ParOldGen       total 425472K, used 425120K [0x0000000080000000, 0x0000000099f80000, 0x00000000d5580000)
  object space 425472K, 99% used [0x0000000080000000,0x0000000099f280d8,0x0000000099f80000)
 Metaspace       used 92964K, committed 94656K, reserved 1179648K
  class space    used 9747K, committed 10496K, reserved 1048576K
}
Event: 8339.829 GC heap after
{Heap after GC invocations=1685 (full 4):
 PSYoungGen      total 2048K, used 615K [0x00000000d5580000, 0x00000000d5980000, 0x0000000100000000)
  eden space 1024K, 0% used [0x00000000d5580000,0x00000000d5580000,0x00000000d5680000)
  from space 1024K, 60% used [0x00000000d5780000,0x00000000d5819f70,0x00000000d5880000)
  to   space 1024K, 0% used [0x00000000d5880000,0x00000000d5880000,0x00000000d5980000)
 ParOldGen       total 425472K, used 425435K [0x0000000080000000, 0x0000000099f80000, 0x00000000d5580000)
  object space 425472K, 99% used [0x0000000080000000,0x0000000099f76f60,0x0000000099f80000)
 Metaspace       used 92964K, committed 94656K, reserved 1179648K
  class space    used 9747K, committed 10496K, reserved 1048576K
}
Event: 8339.834 GC heap before
{Heap before GC invocations=1686 (full 4):
 PSYoungGen      total 2048K, used 1339K [0x00000000d5580000, 0x00000000d5980000, 0x0000000100000000)
  eden space 1024K, 70% used [0x00000000d5580000,0x00000000d5634f28,0x00000000d5680000)
  from space 1024K, 60% used [0x00000000d5780000,0x00000000d5819f70,0x00000000d5880000)
  to   space 1024K, 0% used [0x00000000d5880000,0x00000000d5880000,0x00000000d5980000)
 ParOldGen       total 425472K, used 425435K [0x0000000080000000, 0x0000000099f80000, 0x00000000d5580000)
  object space 425472K, 99% used [0x0000000080000000,0x0000000099f76f60,0x0000000099f80000)
 Metaspace       used 92964K, committed 94656K, reserved 1179648K
  class space    used 9747K, committed 10496K, reserved 1048576K
}
Event: 8339.837 GC heap after
{Heap after GC invocations=1686 (full 4):
 PSYoungGen      total 2560K, used 777K [0x00000000d5580000, 0x00000000d5980000, 0x0000000100000000)
  eden space 1536K, 0% used [0x00000000d5580000,0x00000000d5580000,0x00000000d5700000)
  from space 1024K, 75% used [0x00000000d5880000,0x00000000d5942440,0x00000000d5980000)
  to   space 1024K, 0% used [0x00000000d5780000,0x00000000d5780000,0x00000000d5880000)
 ParOldGen       total 425984K, used 425876K [0x0000000080000000, 0x000000009a000000, 0x00000000d5580000)
  object space 425984K, 99% used [0x0000000080000000,0x0000000099fe52b0,0x000000009a000000)
 Metaspace       used 92964K, committed 94656K, reserved 1179648K
  class space    used 9747K, committed 10496K, reserved 1048576K
}
Event: 8339.849 GC heap before
{Heap before GC invocations=1687 (full 4):
 PSYoungGen      total 2560K, used 2313K [0x00000000d5580000, 0x00000000d5980000, 0x0000000100000000)
  eden space 1536K, 100% used [0x00000000d5580000,0x00000000d5700000,0x00000000d5700000)
  from space 1024K, 75% used [0x00000000d5880000,0x00000000d5942440,0x00000000d5980000)
  to   space 1024K, 0% used [0x00000000d5780000,0x00000000d5780000,0x00000000d5880000)
 ParOldGen       total 425984K, used 425876K [0x0000000080000000, 0x000000009a000000, 0x00000000d5580000)
  object space 425984K, 99% used [0x0000000080000000,0x0000000099fe52b0,0x000000009a000000)
 Metaspace       used 92964K, committed 94656K, reserved 1179648K
  class space    used 9747K, committed 10496K, reserved 1048576K
}
Event: 8339.852 GC heap after
{Heap after GC invocations=1687 (full 4):
 PSYoungGen      total 3072K, used 820K [0x00000000d5580000, 0x00000000d5980000, 0x0000000100000000)
  eden space 2048K, 0% used [0x00000000d5580000,0x00000000d5580000,0x00000000d5780000)
  from space 1024K, 80% used [0x00000000d5780000,0x00000000d584d1d0,0x00000000d5880000)
  to   space 1024K, 0% used [0x00000000d5880000,0x00000000d5880000,0x00000000d5980000)
 ParOldGen       total 427008K, used 426975K [0x0000000080000000, 0x000000009a100000, 0x00000000d5580000)
  object space 427008K, 99% used [0x0000000080000000,0x000000009a0f7d88,0x000000009a100000)
 Metaspace       used 92964K, committed 94656K, reserved 1179648K
  class space    used 9747K, committed 10496K, reserved 1048576K
}
Event: 8339.869 GC heap before
{Heap before GC invocations=1688 (full 4):
 PSYoungGen      total 3072K, used 2868K [0x00000000d5580000, 0x00000000d5980000, 0x0000000100000000)
  eden space 2048K, 100% used [0x00000000d5580000,0x00000000d5780000,0x00000000d5780000)
  from space 1024K, 80% used [0x00000000d5780000,0x00000000d584d1d0,0x00000000d5880000)
  to   space 1024K, 0% used [0x00000000d5880000,0x00000000d5880000,0x00000000d5980000)
 ParOldGen       total 427008K, used 426975K [0x0000000080000000, 0x000000009a100000, 0x00000000d5580000)
  object space 427008K, 99% used [0x0000000080000000,0x000000009a0f7d88,0x000000009a100000)
 Metaspace       used 92964K, committed 94656K, reserved 1179648K
  class space    used 9747K, committed 10496K, reserved 1048576K
}
Event: 8339.874 GC heap after
{Heap after GC invocations=1688 (full 4):
 PSYoungGen      total 2048K, used 1017K [0x00000000d5580000, 0x00000000d5c00000, 0x0000000100000000)
  eden space 1024K, 0% used [0x00000000d5580000,0x00000000d5580000,0x00000000d5680000)
  from space 1024K, 99% used [0x00000000d5880000,0x00000000d597e680,0x00000000d5980000)
  to   space 2048K, 0% used [0x00000000d5680000,0x00000000d5680000,0x00000000d5880000)
 ParOldGen       total 428032K, used 427708K [0x0000000080000000, 0x000000009a200000, 0x00000000d5580000)
  object space 428032K, 99% used [0x0000000080000000,0x000000009a1af3a8,0x000000009a200000)
 Metaspace       used 92964K, committed 94656K, reserved 1179648K
  class space    used 9747K, committed 10496K, reserved 1048576K
}
Event: 8340.615 GC heap before
{Heap before GC invocations=1689 (full 4):
 PSYoungGen      total 2048K, used 2041K [0x00000000d5580000, 0x00000000d5c00000, 0x0000000100000000)
  eden space 1024K, 100% used [0x00000000d5580000,0x00000000d5680000,0x00000000d5680000)
  from space 1024K, 99% used [0x00000000d5880000,0x00000000d597e680,0x00000000d5980000)
  to   space 2048K, 0% used [0x00000000d5680000,0x00000000d5680000,0x00000000d5880000)
 ParOldGen       total 428032K, used 427708K [0x0000000080000000, 0x000000009a200000, 0x00000000d5580000)
  object space 428032K, 99% used [0x0000000080000000,0x000000009a1af3a8,0x000000009a200000)
 Metaspace       used 92964K, committed 94656K, reserved 1179648K
  class space    used 9747K, committed 10496K, reserved 1048576K
}

Dll operation events (12 events):
Event: 0.024 Loaded shared library c:\Users\hp\.vscode\extensions\redhat.java-1.54.0-win32-x64\jre\21.0.10-win32-x86_64\bin\java.dll
Event: 1.438 Loaded shared library c:\Users\hp\.vscode\extensions\redhat.java-1.54.0-win32-x64\jre\21.0.10-win32-x86_64\bin\zip.dll
Event: 1.540 Loaded shared library C:\Users\hp\.vscode\extensions\redhat.java-1.54.0-win32-x64\jre\21.0.10-win32-x86_64\bin\instrument.dll
Event: 1.577 Loaded shared library C:\Users\hp\.vscode\extensions\redhat.java-1.54.0-win32-x64\jre\21.0.10-win32-x86_64\bin\net.dll
Event: 1.588 Loaded shared library C:\Users\hp\.vscode\extensions\redhat.java-1.54.0-win32-x64\jre\21.0.10-win32-x86_64\bin\nio.dll
Event: 1.599 Loaded shared library C:\Users\hp\.vscode\extensions\redhat.java-1.54.0-win32-x64\jre\21.0.10-win32-x86_64\bin\zip.dll
Event: 1.931 Loaded shared library C:\Users\hp\.vscode\extensions\redhat.java-1.54.0-win32-x64\jre\21.0.10-win32-x86_64\bin\jimage.dll
Event: 2.430 Loaded shared library c:\Users\hp\.vscode\extensions\redhat.java-1.54.0-win32-x64\jre\21.0.10-win32-x86_64\bin\verify.dll
Event: 9.857 Loaded shared library C:\Users\hp\AppData\Roaming\Code\User\globalStorage\redhat.java\1.54.0\config_win\org.eclipse.equinox.launcher\org.eclipse.equinox.launcher.win32.win32.x86_64_1.3.0.v20260203-2149\eclipse_11919.dll
Event: 20.874 Loaded shared library C:\Users\hp\AppData\Local\Temp\jna--106862400\jna3393637120759743172.dll
Event: 4272.851 Loaded shared library C:\Users\hp\.vscode\extensions\redhat.java-1.54.0-win32-x64\jre\21.0.10-win32-x86_64\bin\sunmscapi.dll
Event: 4274.068 Loaded shared library C:\Users\hp\.vscode\extensions\redhat.java-1.54.0-win32-x64\jre\21.0.10-win32-x86_64\bin\extnet.dll

Deoptimization events (20 events):
Event: 8336.424 Thread 0x0000016075e54f80 Uncommon trap: trap_request=0xffffffd6 fr.pc=0x0000016023b77484 relative=0x0000000000001484
Event: 8336.424 Thread 0x0000016075e54f80 Uncommon trap: reason=array_check action=maybe_recompile pc=0x0000016023b77484 method=java.util.TimSort.mergeLo(IIII)V @ 468 c2
Event: 8336.424 Thread 0x0000016075e54f80 DEOPT PACKING pc=0x0000016023b77484 sp=0x0000001ed47fd670
Event: 8336.424 Thread 0x0000016075e54f80 DEOPT UNPACKING pc=0x00000160223e3aa2 sp=0x0000001ed47fd650 mode 2
Event: 8336.594 Thread 0x0000016075e58400 Uncommon trap: trap_request=0xffffffd6 fr.pc=0x0000016023b7b0a8 relative=0x00000000000015a8
Event: 8336.594 Thread 0x0000016075e58400 Uncommon trap: reason=array_check action=maybe_recompile pc=0x0000016023b7b0a8 method=java.util.TimSort.mergeLo(IIII)V @ 590 c2
Event: 8336.594 Thread 0x0000016075e58400 DEOPT PACKING pc=0x0000016023b7b0a8 sp=0x0000001ed29fda10
Event: 8336.594 Thread 0x0000016075e58400 DEOPT UNPACKING pc=0x00000160223e3aa2 sp=0x0000001ed29fd9f0 mode 2
Event: 8336.594 Thread 0x0000016075e58400 Uncommon trap: trap_request=0xffffffd6 fr.pc=0x0000016023b7b0a8 relative=0x00000000000015a8
Event: 8336.594 Thread 0x0000016075e58400 Uncommon trap: reason=array_check action=maybe_recompile pc=0x0000016023b7b0a8 method=java.util.TimSort.mergeLo(IIII)V @ 590 c2
Event: 8336.594 Thread 0x0000016075e58400 DEOPT PACKING pc=0x0000016023b7b0a8 sp=0x0000001ed29fda10
Event: 8336.595 Thread 0x0000016075e58400 DEOPT UNPACKING pc=0x00000160223e3aa2 sp=0x0000001ed29fd9f0 mode 2
Event: 8336.624 Thread 0x0000016075e58a90 Uncommon trap: trap_request=0xffffff45 fr.pc=0x0000016023b75afc relative=0x00000000000001bc
Event: 8336.624 Thread 0x0000016075e58a90 Uncommon trap: reason=unstable_if action=reinterpret pc=0x0000016023b75afc method=org.eclipse.jdt.internal.compiler.lookup.MethodBinding.sourceMethod()Lorg/eclipse/jdt/internal/compiler/ast/AbstractMethodDeclaration; @ 18 c2
Event: 8336.625 Thread 0x0000016075e58a90 DEOPT PACKING pc=0x0000016023b75afc sp=0x0000001ed49fe530
Event: 8336.625 Thread 0x0000016075e58a90 DEOPT UNPACKING pc=0x00000160223e3aa2 sp=0x0000001ed49fe4b0 mode 2
Event: 8337.262 Thread 0x0000016075e5a4d0 DEOPT PACKING pc=0x000001601b5d6d5a sp=0x0000001ed48fe9b0
Event: 8337.262 Thread 0x0000016075e5a4d0 DEOPT UNPACKING pc=0x00000160223e4242 sp=0x0000001ed48fdea8 mode 0
Event: 8338.592 Thread 0x0000016075e52eb0 DEOPT PACKING pc=0x000001601c7f9470 sp=0x0000001ed28fd470
Event: 8338.592 Thread 0x0000016075e52eb0 DEOPT UNPACKING pc=0x00000160223e4242 sp=0x0000001ed28fc948 mode 0

Classes loaded (20 events):
Event: 4300.178 Loading class jdk/internal/icu/text/NormalizerBase$NFCModeImpl
Event: 4300.179 Loading class jdk/internal/icu/text/NormalizerBase$NFCModeImpl done
Event: 4300.180 Loading class jdk/internal/icu/impl/Norm2AllModes$NFCSingleton
Event: 4300.185 Loading class jdk/internal/icu/impl/Norm2AllModes$NFCSingleton done
Event: 4301.714 Loading class sun/security/ssl/Alert
Event: 4301.717 Loading class java/util/LinkedList$LLSpliterator
Event: 4301.717 Loading class sun/security/ssl/Alert done
Event: 4301.718 Loading class java/util/LinkedList$LLSpliterator done
Event: 4301.718 Loading class sun/security/ssl/Alert$AlertConsumer
Event: 4301.719 Loading class sun/security/ssl/Alert$AlertConsumer done
Event: 4301.719 Loading class sun/security/ssl/Alert$Level
Event: 4301.720 Loading class sun/security/ssl/Alert$Level done
Event: 4510.891 Loading class sun/security/ssl/PreSharedKeyExtension$PskIdentity
Event: 4510.893 Loading class sun/security/ssl/PreSharedKeyExtension$PskIdentity done
Event: 4510.897 Loading class sun/security/ssl/PreSharedKeyExtension$CHPreSharedKeySpec
Event: 4510.900 Loading class sun/security/ssl/PreSharedKeyExtension$CHPreSharedKeySpec done
Event: 4510.900 Loading class sun/security/ssl/PreSharedKeyExtension$PartialClientHelloMessage
Event: 4510.901 Loading class sun/security/ssl/PreSharedKeyExtension$PartialClientHelloMessage done
Event: 4511.232 Loading class sun/security/ssl/PreSharedKeyExtension$SHPreSharedKeySpec
Event: 4511.233 Loading class sun/security/ssl/PreSharedKeyExtension$SHPreSharedKeySpec done

Classes unloaded (20 events):
Event: 4300.727 Thread 0x0000016017bb1d50 Unloading class 0x000001603008ac00 'java/lang/invoke/LambdaForm$MH+0x000001603008ac00'
Event: 4300.727 Thread 0x0000016017bb1d50 Unloading class 0x000001603001ec00 'java/lang/invoke/LambdaForm$MH+0x000001603001ec00'
Event: 4300.727 Thread 0x0000016017bb1d50 Unloading class 0x000001603000d800 'java/lang/invoke/LambdaForm$MH+0x000001603000d800'
Event: 4300.727 Thread 0x0000016017bb1d50 Unloading class 0x000001603000d400 'java/lang/invoke/LambdaForm$MH+0x000001603000d400'
Event: 4300.727 Thread 0x0000016017bb1d50 Unloading class 0x000001603000d000 'java/lang/invoke/LambdaForm$MH+0x000001603000d000'
Event: 4300.727 Thread 0x0000016017bb1d50 Unloading class 0x000001603000cc00 'java/lang/invoke/LambdaForm$MH+0x000001603000cc00'
Event: 4300.727 Thread 0x0000016017bb1d50 Unloading class 0x000001603000c800 'java/lang/invoke/LambdaForm$BMH+0x000001603000c800'
Event: 4300.727 Thread 0x0000016017bb1d50 Unloading class 0x000001603000c000 'java/lang/invoke/LambdaForm$DMH+0x000001603000c000'
Event: 4300.727 Thread 0x0000016017bb1d50 Unloading class 0x0000016030008c00 'java/lang/invoke/LambdaForm$MH+0x0000016030008c00'
Event: 4300.727 Thread 0x0000016017bb1d50 Unloading class 0x0000016030008800 'java/lang/invoke/LambdaForm$MH+0x0000016030008800'
Event: 4300.727 Thread 0x0000016017bb1d50 Unloading class 0x0000016030008400 'java/lang/invoke/LambdaForm$MH+0x0000016030008400'
Event: 4300.727 Thread 0x0000016017bb1d50 Unloading class 0x0000016030007000 'java/lang/invoke/LambdaForm$MH+0x0000016030007000'
Event: 4300.727 Thread 0x0000016017bb1d50 Unloading class 0x0000016030006800 'java/lang/invoke/LambdaForm$MH+0x0000016030006800'
Event: 4300.727 Thread 0x0000016017bb1d50 Unloading class 0x0000016030006400 'java/lang/invoke/LambdaForm$MH+0x0000016030006400'
Event: 4300.727 Thread 0x0000016017bb1d50 Unloading class 0x0000016030006000 'java/lang/invoke/LambdaForm$MH+0x0000016030006000'
Event: 4300.727 Thread 0x0000016017bb1d50 Unloading class 0x0000016030005c00 'java/lang/invoke/LambdaForm$BMH+0x0000016030005c00'
Event: 4300.727 Thread 0x0000016017bb1d50 Unloading class 0x0000016030004800 'java/lang/invoke/LambdaForm$DMH+0x0000016030004800'
Event: 4300.727 Thread 0x0000016017bb1d50 Unloading class 0x0000016030002400 'java/lang/invoke/LambdaForm$MH+0x0000016030002400'
Event: 4300.727 Thread 0x0000016017bb1d50 Unloading class 0x0000016030002000 'java/lang/invoke/LambdaForm$MH+0x0000016030002000'
Event: 4300.727 Thread 0x0000016017bb1d50 Unloading class 0x0000016030001800 'java/lang/invoke/LambdaForm$MH+0x0000016030001800'

Classes redefined (0 events):
No events

Internal exceptions (20 events):
Event: 4544.361 Thread 0x0000016078044270 Exception <a 'sun/nio/fs/WindowsException'{0x00000000d56d3438}> (0x00000000d56d3438) 
thrown [s\src\hotspot\share\prims\jni.cpp, line 520]
Event: 4591.356 Thread 0x0000016075fbe2a0 Exception <a 'sun/nio/fs/WindowsException'{0x00000000d567ff38}> (0x00000000d567ff38) 
thrown [s\src\hotspot\share\prims\jni.cpp, line 520]
Event: 4591.357 Thread 0x0000016075fbe2a0 Exception <a 'sun/nio/fs/WindowsException'{0x00000000d5680a38}> (0x00000000d5680a38) 
thrown [s\src\hotspot\share\prims\jni.cpp, line 520]
Event: 4591.362 Thread 0x0000016075fbe2a0 Implicit null exception at 0x00000160233e0fb9 to 0x00000160233e1248
Event: 5117.207 Thread 0x0000016075e5a4d0 Implicit null exception at 0x00000160237a86b0 to 0x00000160237a9528
Event: 5120.980 Thread 0x0000016075e52eb0 Implicit null exception at 0x0000016022d0c02a to 0x0000016022d0c738
Event: 5312.004 Thread 0x0000016075e5a4d0 Implicit null exception at 0x000001602394e9b2 to 0x0000016023951aec
Event: 5313.409 Thread 0x000001607abba0e0 Exception <a 'java/lang/IncompatibleClassChangeError'{0x00000000d5658478}: Found class java.lang.Object, but interface was expected> (0x00000000d5658478) 
thrown [s\src\hotspot\share\interpreter\linkResolver.cpp, line 840]
Event: 7652.663 Thread 0x0000016075e52eb0 Exception <a 'java/lang/NoSuchMethodError'{0x00000000d570b580}: 'java.lang.Object java.lang.invoke.DirectMethodHandle$Holder.invokeStatic(java.lang.Object, int, java.lang.Object, java.lang.Object, java.lang.Object, java.lang.Object)'> (0x00000000d570b580) 
thrown [s\src\hotspot\share\interpreter\linkResolver.cpp, line 773]
Event: 8295.125 Thread 0x000001607abba0e0 Exception <a 'java/lang/IncompatibleClassChangeError'{0x00000000d56dc370}: Found class java.lang.Object, but interface was expected> (0x00000000d56dc370) 
thrown [s\src\hotspot\share\interpreter\linkResolver.cpp, line 840]
Event: 8319.048 Thread 0x000001607abba0e0 Exception <a 'java/lang/IncompatibleClassChangeError'{0x00000000d55b5468}: Found class java.lang.Object, but interface was expected> (0x00000000d55b5468) 
thrown [s\src\hotspot\share\interpreter\linkResolver.cpp, line 840]
Event: 8319.689 Thread 0x0000016075e5a4d0 Exception <a 'java/lang/ArrayIndexOutOfBoundsException'{0x00000000d5682e20}: Index 1214 out of bounds for length 1214> (0x00000000d5682e20) 
thrown [s\src\hotspot\share\interpreter\interpreterRuntime.cpp, line 439]
Event: 8321.130 Thread 0x0000016075e5a4d0 Exception <a 'java/lang/ArrayIndexOutOfBoundsException'{0x00000000d5741cd0}: Index 1215 out of bounds for length 1215> (0x00000000d5741cd0) 
thrown [s\src\hotspot\share\interpreter\interpreterRuntime.cpp, line 439]
Event: 8326.852 Thread 0x0000016075e5a4d0 Exception <a 'java/lang/ArrayIndexOutOfBoundsException'{0x00000000d55e5e00}: Index 1214 out of bounds for length 1214> (0x00000000d55e5e00) 
thrown [s\src\hotspot\share\interpreter\interpreterRuntime.cpp, line 439]
Event: 8332.837 Thread 0x0000016075e5a4d0 Exception <a 'java/lang/ArrayIndexOutOfBoundsException'{0x00000000d59a0018}> (0x00000000d59a0018) 
thrown [s\src\hotspot\share\runtime\sharedRuntime.cpp, line 625]
Event: 8334.766 Thread 0x0000016075e58400 Exception <a 'java/lang/ArrayIndexOutOfBoundsException'{0x00000000d55b4d40}> (0x00000000d55b4d40) 
thrown [s\src\hotspot\share\runtime\sharedRuntime.cpp, line 625]
Event: 8335.799 Thread 0x0000016075e54f80 Exception <a 'java/lang/ArrayIndexOutOfBoundsException'{0x00000000d55f0a10}> (0x00000000d55f0a10) 
thrown [s\src\hotspot\share\runtime\sharedRuntime.cpp, line 625]
Event: 8336.531 Thread 0x0000016075e58a90 Exception <a 'java/lang/ArrayIndexOutOfBoundsException'{0x00000000d562c520}> (0x00000000d562c520) 
thrown [s\src\hotspot\share\runtime\sharedRuntime.cpp, line 625]
Event: 8338.607 Thread 0x0000016075e52eb0 Exception <a 'java/lang/ArrayIndexOutOfBoundsException'{0x00000000d55a59b8}> (0x00000000d55a59b8) 
thrown [s\src\hotspot\share\runtime\sharedRuntime.cpp, line 625]
Event: 8338.740 Thread 0x0000016075e52eb0 Exception <a 'java/lang/ArrayIndexOutOfBoundsException'{0x00000000d55e87c0}> (0x00000000d55e87c0) 
thrown [s\src\hotspot\share\runtime\sharedRuntime.cpp, line 625]

ZGC Phase Switch (0 events):
No events

VM Operations (20 events):
Event: 8339.168 Executing safepoint VM operation: ParallelGCFailedAllocation (Allocation Failure) done
Event: 8339.553 Executing safepoint VM operation: ParallelGCFailedAllocation (Allocation Failure)
Event: 8339.561 Executing safepoint VM operation: ParallelGCFailedAllocation (Allocation Failure) done
Event: 8339.753 Executing safepoint VM operation: ParallelGCFailedAllocation (Allocation Failure)
Event: 8339.755 Executing safepoint VM operation: ParallelGCFailedAllocation (Allocation Failure) done
Event: 8339.797 Executing safepoint VM operation: ParallelGCFailedAllocation (Allocation Failure)
Event: 8339.800 Executing safepoint VM operation: ParallelGCFailedAllocation (Allocation Failure) done
Event: 8339.806 Executing safepoint VM operation: ParallelGCFailedAllocation (Allocation Failure)
Event: 8339.810 Executing safepoint VM operation: ParallelGCFailedAllocation (Allocation Failure) done
Event: 8339.816 Executing safepoint VM operation: ParallelGCFailedAllocation (Allocation Failure)
Event: 8339.820 Executing safepoint VM operation: ParallelGCFailedAllocation (Allocation Failure) done
Event: 8339.826 Executing safepoint VM operation: ParallelGCFailedAllocation (Allocation Failure)
Event: 8339.829 Executing safepoint VM operation: ParallelGCFailedAllocation (Allocation Failure) done
Event: 8339.834 Executing safepoint VM operation: ParallelGCFailedAllocation (Allocation Failure)
Event: 8339.837 Executing safepoint VM operation: ParallelGCFailedAllocation (Allocation Failure) done
Event: 8339.848 Executing safepoint VM operation: ParallelGCFailedAllocation (Allocation Failure)
Event: 8339.852 Executing safepoint VM operation: ParallelGCFailedAllocation (Allocation Failure) done
Event: 8339.869 Executing safepoint VM operation: ParallelGCFailedAllocation (Allocation Failure)
Event: 8339.874 Executing safepoint VM operation: ParallelGCFailedAllocation (Allocation Failure) done
Event: 8340.615 Executing safepoint VM operation: ParallelGCFailedAllocation (Allocation Failure)

Memory protections (0 events):
No events

Nmethod flushes (20 events):
Event: 4301.211 Thread 0x0000016017bb1d50 flushing  nmethod 0x000001601c085190
Event: 4301.211 Thread 0x0000016017bb1d50 flushing  nmethod 0x000001601c08f410
Event: 4301.211 Thread 0x0000016017bb1d50 flushing  nmethod 0x000001601c090290
Event: 4301.211 Thread 0x0000016017bb1d50 flushing  nmethod 0x000001601c094710
Event: 4301.211 Thread 0x0000016017bb1d50 flushing  nmethod 0x000001601c096b10
Event: 4301.211 Thread 0x0000016017bb1d50 flushing  nmethod 0x000001601c097290
Event: 4301.211 Thread 0x0000016017bb1d50 flushing  nmethod 0x000001601c098b90
Event: 4301.211 Thread 0x0000016017bb1d50 flushing  nmethod 0x000001601c09aa90
Event: 4301.211 Thread 0x0000016017bb1d50 flushing  nmethod 0x000001601c09bc90
Event: 4301.211 Thread 0x0000016017bb1d50 flushing  nmethod 0x000001601c0a3790
Event: 4301.212 Thread 0x0000016017bb1d50 flushing  nmethod 0x000001601c0a6110
Event: 4301.212 Thread 0x0000016017bb1d50 flushing  nmethod 0x000001601c0a7710
Event: 4301.212 Thread 0x0000016017bb1d50 flushing  nmethod 0x000001601c0a7b90
Event: 4301.212 Thread 0x0000016017bb1d50 flushing  nmethod 0x000001601c0a9c10
Event: 4301.212 Thread 0x0000016017bb1d50 flushing  nmethod 0x000001601c0b8510
Event: 4301.212 Thread 0x0000016017bb1d50 flushing  nmethod 0x000001601c0d3890
Event: 4301.212 Thread 0x0000016017bb1d50 flushing  nmethod 0x000001601c0d7f10
Event: 4301.212 Thread 0x0000016017bb1d50 flushing  nmethod 0x000001601c0ec390
Event: 4301.212 Thread 0x0000016017bb1d50 flushing  nmethod 0x000001601c12a990
Event: 4301.212 Thread 0x0000016017bb1d50 flushing  nmethod 0x000001601c12ae90

Events (20 events):
Event: 8270.222 Thread 0x0000016075e52eb0 Thread added: 0x0000016075e54f80
Event: 8270.223 Thread 0x0000016075e58400 Thread added: 0x0000016075e5a4d0
Event: 8270.223 Thread 0x0000016075e54f80 Thread added: 0x0000016075e58a90
Event: 8270.224 Thread 0x0000016075e5a4d0 Thread added: 0x0000016075e59120
Event: 8270.224 Thread 0x0000016075e58a90 Thread added: 0x000001607abb9a50
Event: 8294.780 Thread 0x0000016075e59e40 Thread added: 0x000001607abb6c60
Event: 8301.367 Thread 0x0000016075046310 Thread added: 0x0000016078cf2100
Event: 8302.301 Thread 0x0000016078cf2100 Thread exited: 0x0000016078cf2100
Event: 8313.823 Thread 0x0000016075046310 Thread added: 0x0000016078cf1360
Event: 8314.917 Thread 0x0000016078cf1360 Thread exited: 0x0000016078cf1360
Event: 8319.551 Thread 0x0000016075046310 Thread added: 0x0000016078cf27d0
Event: 8319.863 Thread 0x0000016075e5a4d0 Thread added: 0x000001607abb7980
Event: 8319.864 Thread 0x000001607abb7980 Thread exited: 0x000001607abb7980
Event: 8320.832 Thread 0x0000016078cf27d0 Thread exited: 0x0000016078cf27d0
Event: 8327.702 Thread 0x0000016075046310 Thread added: 0x0000016078cf1360
Event: 8332.522 Thread 0x0000016078cf1360 Thread exited: 0x0000016078cf1360
Event: 8336.475 Thread 0x0000016075046310 Thread added: 0x0000016078cf3570
Event: 8336.939 Thread 0x0000016078cf3570 Thread exited: 0x0000016078cf3570
Event: 8337.374 Thread 0x0000016075046310 Thread added: 0x0000016078cf4310
Event: 8338.484 Thread 0x0000016078cf4310 Thread exited: 0x0000016078cf4310


Dynamic libraries:
0x00007ff773e60000 - 0x00007ff773e6e000 	c:\Users\hp\.vscode\extensions\redhat.java-1.54.0-win32-x64\jre\21.0.10-win32-x86_64\bin\java.exe
0x00007ff956400000 - 0x00007ff956668000 	C:\WINDOWS\SYSTEM32\ntdll.dll
0x00007ff9548e0000 - 0x00007ff9549a9000 	C:\WINDOWS\System32\KERNEL32.DLL
0x00007ff953860000 - 0x00007ff953c52000 	C:\WINDOWS\System32\KERNELBASE.dll
0x00007ff954080000 - 0x00007ff9541cb000 	C:\WINDOWS\System32\ucrtbase.dll
0x00007ff92add0000 - 0x00007ff92ade8000 	c:\Users\hp\.vscode\extensions\redhat.java-1.54.0-win32-x64\jre\21.0.10-win32-x86_64\bin\jli.dll
0x00007ff955fe0000 - 0x00007ff9561a5000 	C:\WINDOWS\System32\USER32.dll
0x00007ff953780000 - 0x00007ff9537a7000 	C:\WINDOWS\System32\win32u.dll
0x00007ff955dc0000 - 0x00007ff955deb000 	C:\WINDOWS\System32\GDI32.dll
0x00007ff953590000 - 0x00007ff9536bd000 	C:\WINDOWS\System32\gdi32full.dll
0x00007ff9537b0000 - 0x00007ff953853000 	C:\WINDOWS\System32\msvcp_win.dll
0x00007ff92adb0000 - 0x00007ff92adce000 	c:\Users\hp\.vscode\extensions\redhat.java-1.54.0-win32-x64\jre\21.0.10-win32-x86_64\bin\VCRUNTIME140.dll
0x00007ff93b910000 - 0x00007ff93bba3000 	C:\WINDOWS\WinSxS\amd64_microsoft.windows.common-controls_6595b64144ccf1df_6.0.26100.6899_none_3e0efeeae32e88c1\COMCTL32.dll
0x00007ff955c80000 - 0x00007ff955d29000 	C:\WINDOWS\System32\msvcrt.dll
0x00007ff955050000 - 0x00007ff95507f000 	C:\WINDOWS\System32\IMM32.DLL
0x00007ff9409c0000 - 0x00007ff9409cc000 	c:\Users\hp\.vscode\extensions\redhat.java-1.54.0-win32-x64\jre\21.0.10-win32-x86_64\bin\vcruntime140_1.dll
0x00007ff925e50000 - 0x00007ff925edd000 	c:\Users\hp\.vscode\extensions\redhat.java-1.54.0-win32-x64\jre\21.0.10-win32-x86_64\bin\msvcp140.dll
0x00007ff8b4380000 - 0x00007ff8b5121000 	c:\Users\hp\.vscode\extensions\redhat.java-1.54.0-win32-x64\jre\21.0.10-win32-x86_64\bin\server\jvm.dll
0x00007ff956300000 - 0x00007ff9563b4000 	C:\WINDOWS\System32\ADVAPI32.dll
0x00007ff956240000 - 0x00007ff9562e6000 	C:\WINDOWS\System32\sechost.dll
0x00007ff955b60000 - 0x00007ff955c78000 	C:\WINDOWS\System32\RPCRT4.dll
0x00007ff955d30000 - 0x00007ff955da4000 	C:\WINDOWS\System32\WS2_32.dll
0x00007ff93df40000 - 0x00007ff93df75000 	C:\WINDOWS\SYSTEM32\WINMM.dll
0x00007ff9533f0000 - 0x00007ff95344e000 	C:\WINDOWS\SYSTEM32\POWRPROF.dll
0x00007ff945d80000 - 0x00007ff945d8b000 	C:\WINDOWS\SYSTEM32\VERSION.dll
0x00007ff9533d0000 - 0x00007ff9533e4000 	C:\WINDOWS\SYSTEM32\UMPDC.dll
0x00007ff952360000 - 0x00007ff95237b000 	C:\WINDOWS\SYSTEM32\kernel.appcore.dll
0x00007ff93e1d0000 - 0x00007ff93e1da000 	c:\Users\hp\.vscode\extensions\redhat.java-1.54.0-win32-x64\jre\21.0.10-win32-x86_64\bin\jimage.dll
0x00007ff950b50000 - 0x00007ff950d92000 	C:\WINDOWS\SYSTEM32\DBGHELP.DLL
0x00007ff9549b0000 - 0x00007ff954d2b000 	C:\WINDOWS\System32\combase.dll
0x00007ff955a80000 - 0x00007ff955b57000 	C:\WINDOWS\System32\OLEAUT32.dll
0x00007ff93c2f0000 - 0x00007ff93c32c000 	C:\WINDOWS\SYSTEM32\dbgcore.DLL
0x00007ff953e70000 - 0x00007ff953f08000 	C:\WINDOWS\System32\bcryptPrimitives.dll
0x00007ff93a2a0000 - 0x00007ff93a2af000 	c:\Users\hp\.vscode\extensions\redhat.java-1.54.0-win32-x64\jre\21.0.10-win32-x86_64\bin\instrument.dll
0x00007ff92ad90000 - 0x00007ff92adb0000 	c:\Users\hp\.vscode\extensions\redhat.java-1.54.0-win32-x64\jre\21.0.10-win32-x86_64\bin\java.dll
0x00007ff9550f0000 - 0x00007ff95583d000 	C:\WINDOWS\System32\SHELL32.dll
0x00007ff953f10000 - 0x00007ff95407b000 	C:\WINDOWS\System32\wintypes.dll
0x00007ff951220000 - 0x00007ff951a7d000 	C:\WINDOWS\SYSTEM32\windows.storage.dll
0x00007ff955840000 - 0x00007ff955932000 	C:\WINDOWS\System32\SHCORE.dll
0x00007ff954870000 - 0x00007ff9548d2000 	C:\WINDOWS\System32\shlwapi.dll
0x00007ff9534b0000 - 0x00007ff9534d9000 	C:\WINDOWS\SYSTEM32\profapi.dll
0x00007ff929590000 - 0x00007ff9295a8000 	c:\Users\hp\.vscode\extensions\redhat.java-1.54.0-win32-x64\jre\21.0.10-win32-x86_64\bin\zip.dll
0x00007ff938270000 - 0x00007ff938280000 	C:\Users\hp\.vscode\extensions\redhat.java-1.54.0-win32-x64\jre\21.0.10-win32-x86_64\bin\net.dll
0x00007ff947990000 - 0x00007ff947aaf000 	C:\WINDOWS\SYSTEM32\WINHTTP.dll
0x00007ff9528d0000 - 0x00007ff95293b000 	C:\WINDOWS\system32\mswsock.dll
0x00007ff929570000 - 0x00007ff929586000 	C:\Users\hp\.vscode\extensions\redhat.java-1.54.0-win32-x64\jre\21.0.10-win32-x86_64\bin\nio.dll
0x00007ff937570000 - 0x00007ff937580000 	c:\Users\hp\.vscode\extensions\redhat.java-1.54.0-win32-x64\jre\21.0.10-win32-x86_64\bin\verify.dll
0x00007ff928f00000 - 0x00007ff928f45000 	C:\Users\hp\AppData\Roaming\Code\User\globalStorage\redhat.java\1.54.0\config_win\org.eclipse.equinox.launcher\org.eclipse.equinox.launcher.win32.win32.x86_64_1.3.0.v20260203-2149\eclipse_11919.dll
0x00007ff954db0000 - 0x00007ff954f48000 	C:\WINDOWS\System32\ole32.dll
0x00007ff952b90000 - 0x00007ff952bab000 	C:\WINDOWS\SYSTEM32\CRYPTSP.dll
0x00007ff9522c0000 - 0x00007ff9522fb000 	C:\WINDOWS\system32\rsaenh.dll
0x00007ff952970000 - 0x00007ff95299b000 	C:\WINDOWS\SYSTEM32\USERENV.dll
0x00007ff953480000 - 0x00007ff9534a6000 	C:\WINDOWS\SYSTEM32\bcrypt.dll
0x00007ff952b80000 - 0x00007ff952b8c000 	C:\WINDOWS\SYSTEM32\CRYPTBASE.dll
0x00007ff951d80000 - 0x00007ff951db4000 	C:\WINDOWS\SYSTEM32\IPHLPAPI.DLL
0x00007ff9562f0000 - 0x00007ff9562fa000 	C:\WINDOWS\System32\NSI.dll
0x00007ff928eb0000 - 0x00007ff928ef9000 	C:\Users\hp\AppData\Local\Temp\jna--106862400\jna3393637120759743172.dll
0x00007ff955db0000 - 0x00007ff955db8000 	C:\WINDOWS\System32\PSAPI.DLL
0x00007ff947960000 - 0x00007ff94797e000 	C:\WINDOWS\SYSTEM32\dhcpcsvc6.DLL
0x00007ff947930000 - 0x00007ff947953000 	C:\WINDOWS\SYSTEM32\dhcpcsvc.DLL
0x00007ff940640000 - 0x00007ff94064e000 	C:\Users\hp\.vscode\extensions\redhat.java-1.54.0-win32-x64\jre\21.0.10-win32-x86_64\bin\sunmscapi.dll
0x00007ff953cf0000 - 0x00007ff953e67000 	C:\WINDOWS\System32\CRYPT32.dll
0x00007ff952d20000 - 0x00007ff952d50000 	C:\WINDOWS\SYSTEM32\ncrypt.dll
0x00007ff952cd0000 - 0x00007ff952d0f000 	C:\WINDOWS\SYSTEM32\NTASN1.dll
0x00007ff9462c0000 - 0x00007ff9462c8000 	C:\WINDOWS\system32\wshunix.dll
0x00007ff9345f0000 - 0x00007ff9345f9000 	C:\Users\hp\.vscode\extensions\redhat.java-1.54.0-win32-x64\jre\21.0.10-win32-x86_64\bin\extnet.dll
0x00007ff951e10000 - 0x00007ff951f36000 	C:\WINDOWS\SYSTEM32\DNSAPI.dll
0x00007ff93d6d0000 - 0x00007ff93d6db000 	C:\Windows\System32\rasadhlp.dll
0x00007ff946a70000 - 0x00007ff946af6000 	C:\WINDOWS\System32\fwpuclnt.dll

JVMTI agents:
c:\Users\hp\.vscode\extensions\redhat.java-1.54.0-win32-x64\lombok\lombok-1.18.39-4050.jar path:c:\Users\hp\.vscode\extensions\redhat.java-1.54.0-win32-x64\jre\21.0.10-win32-x86_64\bin\instrument.dll, loaded, initialized, instrumentlib options:none

dbghelp: loaded successfully - version: 4.0.5 - missing functions: none
symbol engine: initialized successfully - sym options: 0x614 - pdb path: .;c:\Users\hp\.vscode\extensions\redhat.java-1.54.0-win32-x64\jre\21.0.10-win32-x86_64\bin;C:\WINDOWS\SYSTEM32;C:\WINDOWS\WinSxS\amd64_microsoft.windows.common-controls_6595b64144ccf1df_6.0.26100.6899_none_3e0efeeae32e88c1;c:\Users\hp\.vscode\extensions\redhat.java-1.54.0-win32-x64\jre\21.0.10-win32-x86_64\bin\server;C:\Users\hp\AppData\Roaming\Code\User\globalStorage\redhat.java\1.54.0\config_win\org.eclipse.equinox.launcher\org.eclipse.equinox.launcher.win32.win32.x86_64_1.3.0.v20260203-2149;C:\Users\hp\AppData\Local\Temp\jna--106862400

VM Arguments:
jvm_args: --add-modules=ALL-SYSTEM --add-opens=java.base/java.util=ALL-UNNAMED --add-opens=java.base/java.lang=ALL-UNNAMED --add-opens=java.base/sun.nio.fs=ALL-UNNAMED -Declipse.application=org.eclipse.jdt.ls.core.id1 -Dosgi.bundles.defaultStartLevel=4 -Declipse.product=org.eclipse.jdt.ls.core.product -Djava.import.generatesMetadataFilesAtProjectRoot=false -DDetectVMInstallationsJob.disabled=true -Dfile.encoding=utf8 -XX:+UseParallelGC -XX:GCTimeRatio=4 -XX:AdaptiveSizePolicyWeight=90 -Dsun.zip.disableMemoryMapping=true -Xmx2G -Xms100m -Xlog:disable -javaagent:c:\Users\hp\.vscode\extensions\redhat.java-1.54.0-win32-x64\lombok\lombok-1.18.39-4050.jar -XX:+HeapDumpOnOutOfMemoryError -XX:HeapDumpPath=c:\Users\hp\AppData\Roaming\Code\User\workspaceStorage\d92d0f5efebfacbc0219ff09c40f2235\redhat.java -Daether.dependencyCollector.impl=bf 
java_command: c:\Users\hp\.vscode\extensions\redhat.java-1.54.0-win32-x64\server\plugins\org.eclipse.equinox.launcher_1.7.100.v20251111-0406.jar -configuration c:\Users\hp\AppData\Roaming\Code\User\globalStorage\redhat.java\1.54.0\config_win -data c:\Users\hp\AppData\Roaming\Code\User\workspaceStorage\d92d0f5efebfacbc0219ff09c40f2235\redhat.java\jdt_ws --pipe=\\.\pipe\lsp-5defbce73ab279afd3772c4c954a7550-sock
java_class_path (initial): c:\Users\hp\.vscode\extensions\redhat.java-1.54.0-win32-x64\server\plugins\org.eclipse.equinox.launcher_1.7.100.v20251111-0406.jar
Launcher Type: SUN_STANDARD

[Global flags]
    uintx AdaptiveSizePolicyWeight                 = 90                                        {product} {command line}
     intx CICompilerCount                          = 4                                         {product} {ergonomic}
    uintx GCTimeRatio                              = 4                                         {product} {command line}
     bool HeapDumpOnOutOfMemoryError               = true                                   {manageable} {command line}
    ccstr HeapDumpPath                             = c:\Users\hp\AppData\Roaming\Code\User\workspaceStorage\d92d0f5efebfacbc0219ff09c40f2235\redhat.java         {manageable} {command line}
   size_t InitialHeapSize                          = 104857600                                 {product} {command line}
   size_t MaxHeapSize                              = 2147483648                                {product} {command line}
   size_t MaxNewSize                               = 715653120                                 {product} {ergonomic}
   size_t MinHeapDeltaBytes                        = 524288                                    {product} {ergonomic}
   size_t MinHeapSize                              = 104857600                                 {product} {command line}
   size_t NewSize                                  = 34603008                                  {product} {ergonomic}
    uintx NonNMethodCodeHeapSize                   = 5839372                                {pd product} {ergonomic}
    uintx NonProfiledCodeHeapSize                  = 122909434                              {pd product} {ergonomic}
   size_t OldSize                                  = 70254592                                  {product} {ergonomic}
    uintx ProfiledCodeHeapSize                     = 122909434                              {pd product} {ergonomic}
    uintx ReservedCodeCacheSize                    = 251658240                              {pd product} {ergonomic}
     bool SegmentedCodeCache                       = true                                      {product} {ergonomic}
   size_t SoftMaxHeapSize                          = 2147483648                             {manageable} {ergonomic}
     bool UseCompressedOops                        = true                           {product lp64_product} {ergonomic}
     bool UseLargePagesIndividualAllocation        = false                                  {pd product} {ergonomic}
     bool UseParallelGC                            = true                                      {product} {command line}

Logging:
Log output configuration:
 #0: stdout all=off uptime,level,tags foldmultilines=false
 #1: stderr all=off uptime,level,tags foldmultilines=false

Release file:
JAVA_VERSION="21.0.10" 
MODULES="java.base java.compiler java.datatransfer java.xml java.prefs java.desktop java.instrument java.logging java.management java.security.sasl java.naming java.rmi java.management.rmi java.net.http java.scripting java.security.jgss java.transaction.xa java.sql java.sql.rowset java.xml.crypto java.se java.smartcardio jdk.accessibility jdk.internal.jvmstat jdk.attach jdk.charsets jdk.internal.opt jdk.zipfs jdk.compiler jdk.crypto.ec jdk.crypto.cryptoki jdk.crypto.mscapi jdk.dynalink jdk.internal.ed jdk.editpad jdk.hotspot.agent jdk.httpserver jdk.internal.le jdk.internal.vm.ci jdk.internal.vm.compiler jdk.internal.vm.compiler.management jdk.jartool jdk.javadoc jdk.jcmd jdk.management jdk.management.agent jdk.jconsole jdk.jdeps jdk.jdwp.agent jdk.jdi jdk.jfr jdk.jshell jdk.jsobject jdk.jstatd jdk.localedata jdk.management.jfr jdk.naming.dns jdk.naming.rmi jdk.net jdk.nio.mapmode jdk.random jdk.sctp jdk.security.auth jdk.security.jgss jdk.unsupported jdk.unsupported.desktop jdk.xml.dom" 

Environment Variables:
PATH=C:\Python313\Scripts\;C:\Python313\;C:\Program Files\Common Files\Oracle\Java\javapath;C:\Program Files (x86)\Common Files\Oracle\Java\java8path;C:\Program Files (x86)\Common Files\Oracle\Java\javapath;C:\Program Files (x86)\NVIDIA Corporation\PhysX\Common;C:\WINDOWS\system32;C:\WINDOWS;C:\WINDOWS\System32\Wbem;C:\WINDOWS\System32\WindowsPowerShell\v1.0\;C:\WINDOWS\System32\OpenSSH\;C:\Program Files\Git\cmd;C:\Program Files\nodejs\;C:\ProgramData\chocolatey\bin;C:\Program Files\dotnet\;C:\Users\hp\Downloads\apache-maven-3.9.14-bin;C:\ProgramData\chocolatey\lib\maven\apache-maven-3.9.15\bin;C:\Users\hp\AppData\Local\Programs\Python\Python314\Scripts\;C:\Users\hp\AppData\Local\Programs\Python\Python314\;C:\Users\hp\AppData\Local\Microsoft\WindowsApps;C:\Users\hp\AppData\Local\Programs\Microsoft VS Code\bin;C:\Users\hp\AppData\Roaming\npm;;C:\tools\mysql\current\bin
USERNAME=KENNEDY
OS=Windows_NT
PROCESSOR_IDENTIFIER=Intel64 Family 6 Model 142 Stepping 11, GenuineIntel
TMP=C:\Users\hp\AppData\Local\Temp
TEMP=C:\Users\hp\AppData\Local\Temp




Periodic native trim disabled

---------------  S Y S T E M  ---------------

OS:
 Windows 11 , 64 bit Build 26100 (10.0.26100.6725)
OS uptime: 0 days 20:41 hours

CPU: total 8 (initial active 8) (4 cores per cpu, 2 threads per core) family 6 model 142 stepping 11 microcode 0xf6, cx8, cmov, fxsr, ht, mmx, 3dnowpref, sse, sse2, sse3, ssse3, sse4.1, sse4.2, popcnt, lzcnt, tsc, tscinvbit, avx, avx2, aes, erms, clmul, bmi1, bmi2, adx, fma, vzeroupper, clflush, clflushopt, rdtscp, f16c
Processor Information for the first 8 processors :
  Max Mhz: 1800, Current Mhz: 1400, Mhz Limit: 1584

Memory: 4k page, system-wide physical 8030M (664M free)
TotalPageFile size 16222M (AvailPageFile size 3M)
current process WorkingSet (physical memory assigned to process): 385M, peak: 402M
current process commit charge ("private bytes"): 804M, peak: 808M

vm_info: OpenJDK 64-Bit Server VM (21.0.10+7-LTS) for windows-amd64 JRE (21.0.10+7-LTS), built on 2026-01-20T00:00:00Z by "admin" with MS VC++ 17.12 (VS2022)

END.
