#
# There is insufficient memory for the Java Runtime Environment to continue.
# Native memory allocation (malloc) failed to allocate 1048576 bytes. Error detail: AllocateHeap
# Possible reasons:
#   The system is out of physical RAM or swap space
#   This process is running with CompressedOops enabled, and the Java Heap may be blocking the growth of the native heap
# Possible solutions:
#   Reduce memory load on the system
#   Increase physical memory or swap space
#   Check if swap backing store is full
#   Decrease Java heap size (-Xmx/-Xms)
#   Decrease number of Java threads
#   Decrease Java thread stack sizes (-Xss)
#   Set larger code cache with -XX:ReservedCodeCacheSize=
#   JVM is running with Unscaled Compressed Oops mode in which the Java heap is
#     placed in the first 4GB address space. The Java Heap base address is the
#     maximum limit for the native heap growth. Please use -XX:HeapBaseMinAddress
#     to set the Java Heap base and to place the Java Heap above 4GB virtual address.
# This output file may be truncated or incomplete.
#
#  Out of Memory Error (allocation.cpp:44), pid=17884, tid=16508
#
# JRE version: OpenJDK Runtime Environment Temurin-21.0.10+7 (21.0.10+7) (build 21.0.10+7-LTS)
# Java VM: OpenJDK 64-Bit Server VM Temurin-21.0.10+7 (21.0.10+7-LTS, mixed mode, sharing, tiered, compressed oops, compressed class ptrs, parallel gc, windows-amd64)
# No core dump will be written. Minidumps are not enabled by default on client versions of Windows
#

---------------  S U M M A R Y ------------

Command Line: --add-modules=ALL-SYSTEM --add-opens=java.base/java.util=ALL-UNNAMED --add-opens=java.base/java.lang=ALL-UNNAMED --add-opens=java.base/sun.nio.fs=ALL-UNNAMED -Declipse.application=org.eclipse.jdt.ls.core.id1 -Dosgi.bundles.defaultStartLevel=4 -Declipse.product=org.eclipse.jdt.ls.core.product -Djava.import.generatesMetadataFilesAtProjectRoot=false -DDetectVMInstallationsJob.disabled=true -Dfile.encoding=utf8 -XX:+UseParallelGC -XX:GCTimeRatio=4 -XX:AdaptiveSizePolicyWeight=90 -Dsun.zip.disableMemoryMapping=true -Xmx2G -Xms100m -Xlog:disable -javaagent:c:\Users\hp\.vscode\extensions\redhat.java-1.54.0-win32-x64\lombok\lombok-1.18.39-4050.jar -XX:+HeapDumpOnOutOfMemoryError -XX:HeapDumpPath=c:\Users\hp\AppData\Roaming\Code\User\workspaceStorage\d92d0f5efebfacbc0219ff09c40f2235\redhat.java -Daether.dependencyCollector.impl=bf c:\Users\hp\.vscode\extensions\redhat.java-1.54.0-win32-x64\server\plugins\org.eclipse.equinox.launcher_1.7.100.v20251111-0406.jar -configuration c:\Users\hp\AppData\Roaming\Code\User\globalStorage\redhat.java\1.54.0\config_win -data c:\Users\hp\AppData\Roaming\Code\User\workspaceStorage\d92d0f5efebfacbc0219ff09c40f2235\redhat.java\jdt_ws --pipe=\\.\pipe\lsp-e58c8d89adfef4b2c8e5cd4820fd1648-sock

Host: Intel(R) Core(TM) i5-8265U CPU @ 1.60GHz, 8 cores, 7G,  Windows 11 , 64 bit Build 26100 (10.0.26100.6725)
Time: Sat May 30 16:17:19 2026 South Africa Standard Time elapsed time: 282.224654 seconds (0d 0h 4m 42s)

---------------  T H R E A D  ---------------

Current thread (0x0000018e2f008950):  JavaThread "Attach Listener" daemon [_thread_in_vm, id=16508, stack(0x0000007205200000,0x0000007205300000) (1024K)]

Stack: [0x0000007205200000,0x0000007205300000]
Native frames: (J=compiled Java code, j=interpreted, Vv=VM code, C=native code)
V  [jvm.dll+0x6d7a39]
V  [jvm.dll+0x8b4b26]
V  [jvm.dll+0x8b70de]
V  [jvm.dll+0x8b77c3]
V  [jvm.dll+0x284346]
V  [jvm.dll+0xc1277]
V  [jvm.dll+0x6d82e9]
V  [jvm.dll+0x1334a6]
V  [jvm.dll+0x3f857e]
V  [jvm.dll+0x85f59d]
V  [jvm.dll+0x6d626d]
C  [ucrtbase.dll+0x37b0]
C  [KERNEL32.DLL+0x2e8d7]
C  [ntdll.dll+0x8c53c]


---------------  P R O C E S S  ---------------

Threads class SMR info:
_java_thread_list=0x0000018e8da66190, length=53, elements={
0x0000018e2f093530, 0x0000018e2f14a0a0, 0x0000018e2f14e170, 0x0000018e2f005a60,
0x0000018e2f008950, 0x0000018e2f00b4c0, 0x0000018e2f00bf20, 0x0000018e2f00cd60,
0x0000018e88362be0, 0x0000018e88517850, 0x0000018e8861a190, 0x0000018e88a14fc0,
0x0000018e88356c70, 0x0000018e8d047c60, 0x0000018e888fada0, 0x0000018e8886c5e0,
0x0000018e88dd0960, 0x0000018e886651b0, 0x0000018e8d383bd0, 0x0000018e8d384260,
0x0000018e8d382190, 0x0000018e8f382a80, 0x0000018e8f3837a0, 0x0000018e8f381040,
0x0000018e8f381d60, 0x0000018e8f3816d0, 0x0000018e8f3872b0, 0x0000018e8f386590,
0x0000018e8f386c20, 0x0000018e8f387fd0, 0x0000018e94cd7000, 0x0000018e94cd8a40,
0x0000018e94cdab10, 0x0000018e94cd83b0, 0x0000018e94cd90d0, 0x0000018e94cd7690,
0x0000018e94cda480, 0x0000018e94cd9760, 0x0000018e94cd9df0, 0x0000018e94cdb1a0,
0x0000018e94cd7d20, 0x0000018e94cdd900, 0x0000018e94cdb830, 0x0000018e94cddf90,
0x0000018e94cdbec0, 0x0000018e94cde620, 0x0000018e94cdd270, 0x0000018e8d384f80,
0x0000018e8fe77050, 0x0000018e8fe77d70, 0x0000018e8fe78400, 0x0000018e8fe78a90,
0x0000018e8fe7b1f0
}

Java Threads: ( => current thread )
  0x0000018e2f093530 JavaThread "main"                              [_thread_blocked, id=16664, stack(0x0000007204b00000,0x0000007204c00000) (1024K)]
  0x0000018e2f14a0a0 JavaThread "Reference Handler"          daemon [_thread_blocked, id=15808, stack(0x0000007204f00000,0x0000007205000000) (1024K)]
  0x0000018e2f14e170 JavaThread "Finalizer"                  daemon [_thread_blocked, id=17732, stack(0x0000007205000000,0x0000007205100000) (1024K)]
  0x0000018e2f005a60 JavaThread "Signal Dispatcher"          daemon [_thread_blocked, id=18156, stack(0x0000007205100000,0x0000007205200000) (1024K)]
=>0x0000018e2f008950 JavaThread "Attach Listener"            daemon [_thread_in_vm, id=16508, stack(0x0000007205200000,0x0000007205300000) (1024K)]
  0x0000018e2f00b4c0 JavaThread "Service Thread"             daemon [_thread_blocked, id=9892, stack(0x0000007205300000,0x0000007205400000) (1024K)]
  0x0000018e2f00bf20 JavaThread "Monitor Deflation Thread"   daemon [_thread_blocked, id=11496, stack(0x0000007205400000,0x0000007205500000) (1024K)]
  0x0000018e2f00cd60 JavaThread "C2 CompilerThread0"         daemon [_thread_blocked, id=6780, stack(0x0000007205500000,0x0000007205600000) (1024K)]
  0x0000018e88362be0 JavaThread "C1 CompilerThread0"         daemon [_thread_blocked, id=12516, stack(0x0000007205600000,0x0000007205700000) (1024K)]
  0x0000018e88517850 JavaThread "Common-Cleaner"             daemon [_thread_blocked, id=11240, stack(0x0000007205700000,0x0000007205800000) (1024K)]
  0x0000018e8861a190 JavaThread "Notification Thread"        daemon [_thread_blocked, id=20136, stack(0x0000007205800000,0x0000007205900000) (1024K)]
  0x0000018e88a14fc0 JavaThread "Active Thread: Equinox Container: a997902c-f5e7-426c-9bee-3c25f32cd304"        [_thread_blocked, id=18436, stack(0x0000007205900000,0x0000007205a00000) (1024K)]
  0x0000018e88356c70 JavaThread "Refresh Thread: Equinox Container: a997902c-f5e7-426c-9bee-3c25f32cd304" daemon [_thread_blocked, id=16372, stack(0x0000007206200000,0x0000007206300000) (1024K)]
  0x0000018e8d047c60 JavaThread "Framework Event Dispatcher: Equinox Container: a997902c-f5e7-426c-9bee-3c25f32cd304" daemon [_thread_blocked, id=18340, stack(0x0000007206100000,0x0000007206200000) (1024K)]
  0x0000018e888fada0 JavaThread "Start Level: Equinox Container: a997902c-f5e7-426c-9bee-3c25f32cd304" daemon [_thread_blocked, id=14052, stack(0x0000007206300000,0x0000007206400000) (1024K)]
  0x0000018e8886c5e0 JavaThread "Bundle File Closer"         daemon [_thread_blocked, id=17204, stack(0x0000007206500000,0x0000007206600000) (1024K)]
  0x0000018e88dd0960 JavaThread "SCR Component Actor"        daemon [_thread_blocked, id=11224, stack(0x0000007206400000,0x0000007206500000) (1024K)]
  0x0000018e886651b0 JavaThread "Worker-JM"                         [_thread_blocked, id=5828, stack(0x0000007206600000,0x0000007206700000) (1024K)]
  0x0000018e8d383bd0 JavaThread "JNA Cleaner"                daemon [_thread_blocked, id=4160, stack(0x0000007206700000,0x0000007206800000) (1024K)]
  0x0000018e8d384260 JavaThread "Worker-0"                          [_thread_blocked, id=7944, stack(0x0000007206800000,0x0000007206900000) (1024K)]
  0x0000018e8d382190 JavaThread "Java indexing"              daemon [_thread_blocked, id=1536, stack(0x0000007206c00000,0x0000007206d00000) (1024K)]
  0x0000018e8f382a80 JavaThread "Worker-5"                          [_thread_blocked, id=17232, stack(0x0000007207200000,0x0000007207300000) (1024K)]
  0x0000018e8f3837a0 JavaThread "ForkJoinPool.commonPool-worker-1" daemon [_thread_blocked, id=6220, stack(0x0000007207300000,0x0000007207400000) (1024K)]
  0x0000018e8f381040 JavaThread "ForkJoinPool.commonPool-worker-2" daemon [_thread_blocked, id=12780, stack(0x0000007207400000,0x0000007207500000) (1024K)]
  0x0000018e8f381d60 JavaThread "ForkJoinPool.commonPool-worker-4" daemon [_thread_blocked, id=13648, stack(0x0000007207600000,0x0000007207700000) (1024K)]
  0x0000018e8f3816d0 JavaThread "ForkJoinPool.commonPool-worker-6" daemon [_thread_blocked, id=5316, stack(0x0000007207800000,0x0000007207900000) (1024K)]
  0x0000018e8f3872b0 JavaThread "LocalFile Deleter"          daemon [_thread_blocked, id=9504, stack(0x0000007207c00000,0x0000007207d00000) (1024K)]
  0x0000018e8f386590 JavaThread "LocalFile Deleter"          daemon [_thread_blocked, id=7996, stack(0x0000007207f00000,0x0000007208000000) (1024K)]
  0x0000018e8f386c20 JavaThread "Compiler Source File Reader" daemon [_thread_blocked, id=4824, stack(0x0000007208000000,0x0000007208100000) (1024K)]
  0x0000018e8f387fd0 JavaThread "Compiler Source File Reader" daemon [_thread_blocked, id=19664, stack(0x0000007208100000,0x0000007208200000) (1024K)]
  0x0000018e94cd7000 JavaThread "Compiler Source File Reader" daemon [_thread_blocked, id=10072, stack(0x0000007208200000,0x0000007208300000) (1024K)]
  0x0000018e94cd8a40 JavaThread "Compiler Source File Reader" daemon [_thread_blocked, id=9320, stack(0x0000007208300000,0x0000007208400000) (1024K)]
  0x0000018e94cdab10 JavaThread "Compiler Source File Reader" daemon [_thread_blocked, id=7100, stack(0x0000007208400000,0x0000007208500000) (1024K)]
  0x0000018e94cd83b0 JavaThread "Compiler Source File Reader" daemon [_thread_blocked, id=8452, stack(0x0000007208500000,0x0000007208600000) (1024K)]
  0x0000018e94cd90d0 JavaThread "Thread-1"                   daemon [_thread_in_native, id=8312, stack(0x0000007208600000,0x0000007208700000) (1024K)]
  0x0000018e94cd7690 JavaThread "Thread-2"                   daemon [_thread_in_native, id=13156, stack(0x0000007208700000,0x0000007208800000) (1024K)]
  0x0000018e94cda480 JavaThread "Thread-3"                   daemon [_thread_in_native, id=1652, stack(0x0000007208800000,0x0000007208900000) (1024K)]
  0x0000018e94cd9760 JavaThread "Thread-4"                   daemon [_thread_in_native, id=16376, stack(0x0000007208900000,0x0000007208a00000) (1024K)]
  0x0000018e94cd9df0 JavaThread "Thread-5"                   daemon [_thread_in_native, id=18692, stack(0x0000007208a00000,0x0000007208b00000) (1024K)]
  0x0000018e94cdb1a0 JavaThread "Thread-6"                   daemon [_thread_in_native, id=12016, stack(0x0000007208b00000,0x0000007208c00000) (1024K)]
  0x0000018e94cd7d20 JavaThread "Thread-7"                   daemon [_thread_in_native, id=7492, stack(0x0000007208c00000,0x0000007208d00000) (1024K)]
  0x0000018e94cdd900 JavaThread "Thread-8"                   daemon [_thread_in_native, id=7844, stack(0x0000007208d00000,0x0000007208e00000) (1024K)]
  0x0000018e94cdb830 JavaThread "Thread-9"                   daemon [_thread_in_native, id=8880, stack(0x0000007208e00000,0x0000007208f00000) (1024K)]
  0x0000018e94cddf90 JavaThread "pool-2-thread-1"                   [_thread_blocked, id=7424, stack(0x0000007208f00000,0x0000007209000000) (1024K)]
  0x0000018e94cdbec0 JavaThread "WorkspaceEventsHandler"            [_thread_blocked, id=14852, stack(0x0000007209000000,0x0000007209100000) (1024K)]
  0x0000018e94cde620 JavaThread "pool-1-thread-1"                   [_thread_blocked, id=7948, stack(0x0000007209100000,0x0000007209200000) (1024K)]
  0x0000018e94cdd270 JavaThread "Compiler Class File Writer" daemon [_thread_blocked, id=4852, stack(0x0000007209300000,0x0000007209400000) (1024K)]
  0x0000018e8d384f80 JavaThread "Compiler Class File Writer" daemon [_thread_blocked, id=6244, stack(0x0000007209400000,0x0000007209500000) (1024K)]
  0x0000018e8fe77050 JavaThread "Compiler Class File Writer" daemon [_thread_blocked, id=12640, stack(0x0000007209500000,0x0000007209600000) (1024K)]
  0x0000018e8fe77d70 JavaThread "Compiler Class File Writer" daemon [_thread_blocked, id=8036, stack(0x0000007209600000,0x0000007209700000) (1024K)]
  0x0000018e8fe78400 JavaThread "Compiler Class File Writer" daemon [_thread_blocked, id=5504, stack(0x0000007209700000,0x0000007209800000) (1024K)]
  0x0000018e8fe78a90 JavaThread "Compiler Class File Writer" daemon [_thread_blocked, id=17340, stack(0x0000007209800000,0x0000007209900000) (1024K)]
  0x0000018e8fe7b1f0 JavaThread "Cleaner-0"                  daemon [_thread_blocked, id=13904, stack(0x0000007209a00000,0x0000007209b00000) (1024K)]
Total: 53

Other Threads:
  0x0000018e2f130be0 VMThread "VM Thread"                           [id=5976, stack(0x0000007204e00000,0x0000007204f00000) (1024K)]
  0x0000018e2ef1ba00 WatcherThread "VM Periodic Task Thread"        [id=20248, stack(0x0000007204d00000,0x0000007204e00000) (1024K)]
  0x0000018e2f0b19d0 WorkerThread "GC Thread#0"                     [id=12664, stack(0x0000007204c00000,0x0000007204d00000) (1024K)]
  0x0000018e8d0173f0 WorkerThread "GC Thread#1"                     [id=15800, stack(0x0000007205a00000,0x0000007205b00000) (1024K)]
  0x0000018e88a6b370 WorkerThread "GC Thread#2"                     [id=4276, stack(0x0000007205b00000,0x0000007205c00000) (1024K)]
  0x0000018e88a6b720 WorkerThread "GC Thread#3"                     [id=15888, stack(0x0000007205c00000,0x0000007205d00000) (1024K)]
  0x0000018e88a6bad0 WorkerThread "GC Thread#4"                     [id=19924, stack(0x0000007205d00000,0x0000007205e00000) (1024K)]
  0x0000018e88a6be80 WorkerThread "GC Thread#5"                     [id=18836, stack(0x0000007205e00000,0x0000007205f00000) (1024K)]
  0x0000018e88cb16c0 WorkerThread "GC Thread#6"                     [id=19404, stack(0x0000007205f00000,0x0000007206000000) (1024K)]
  0x0000018e8844de10 WorkerThread "GC Thread#7"                     [id=12624, stack(0x0000007206000000,0x0000007206100000) (1024K)]
Total: 10

Threads with active compile tasks:
Total: 0

VM state: not at safepoint (normal execution)

VM Mutex/Monitor currently owned by a thread: None

Heap address: 0x0000000080000000, size: 2048 MB, Compressed Oops mode: 32-bit

CDS archive(s) mapped at: [0x0000018e46000000-0x0000018e46ba0000-0x0000018e46ba0000), size 12189696, SharedBaseAddress: 0x0000018e46000000, ArchiveRelocationMode: 1.
Compressed class space mapped at: 0x0000018e47000000-0x0000018e87000000, reserved size: 1073741824
Narrow klass base: 0x0000018e46000000, Narrow klass shift: 0, Narrow klass range: 0x100000000

GC Precious Log:
 CardTable entry size: 512
 CPUs: 8 total, 8 available
 Memory: 8030M
 Large Page Support: Disabled
 NUMA Support: Disabled
 Compressed Oops: Enabled (32-bit)
 Alignments: Space 512K, Generation 512K, Heap 2M
 Heap Min Capacity: 100M
 Heap Initial Capacity: 100M
 Heap Max Capacity: 2G
 Pre-touch: Disabled
 Parallel Workers: 8

Heap:
 PSYoungGen      total 13824K, used 3539K [0x00000000d5580000, 0x00000000d6500000, 0x0000000100000000)
  eden space 11776K, 16% used [0x00000000d5580000,0x00000000d5758df0,0x00000000d6100000)
  from space 2048K, 80% used [0x00000000d6100000,0x00000000d629c1d0,0x00000000d6300000)
  to   space 2048K, 0% used [0x00000000d6300000,0x00000000d6300000,0x00000000d6500000)
 ParOldGen       total 99840K, used 99483K [0x0000000080000000, 0x0000000086180000, 0x00000000d5580000)
  object space 99840K, 99% used [0x0000000080000000,0x0000000086126de0,0x0000000086180000)
 Metaspace       used 73485K, committed 75072K, reserved 1179648K
  class space    used 7768K, committed 8448K, reserved 1048576K

Card table byte_map: [0x0000018e2ea30000,0x0000018e2ee40000] _byte_map_base: 0x0000018e2e630000

Marking Bits: (ParMarkBitMap*) 0x00007ffbdbb53450
 Begin Bits: [0x0000018e41540000, 0x0000018e43540000)
 End Bits:   [0x0000018e43540000, 0x0000018e45540000)

Polling page: 0x0000018e2cf00000

Metaspace:

Usage:
  Non-class:     64.18 MB used.
      Class:      7.59 MB used.
       Both:     71.76 MB used.

Virtual space:
  Non-class space:      128.00 MB reserved,      65.06 MB ( 51%) committed,  2 nodes.
      Class space:        1.00 GB reserved,       8.25 MB ( <1%) committed,  1 nodes.
             Both:        1.12 GB reserved,      73.31 MB (  6%) committed. 

Chunk freelists:
   Non-Class:  14.91 MB
       Class:  7.74 MB
        Both:  22.64 MB

MaxMetaspaceSize: unlimited
CompressedClassSpaceSize: 1.00 GB
Initial GC threshold: 21.00 MB
Current GC threshold: 99.00 MB
CDS: on
 - commit_granule_bytes: 65536.
 - commit_granule_words: 8192.
 - virtual_space_node_default_size: 8388608.
 - enlarge_chunks_in_place: 1.
 - use_allocation_guard: 0.


Internal statistics:

num_allocs_failed_limit: 17.
num_arena_births: 1278.
num_arena_deaths: 14.
num_vsnodes_births: 3.
num_vsnodes_deaths: 0.
num_space_committed: 1173.
num_space_uncommitted: 0.
num_chunks_returned_to_freelist: 31.
num_chunks_taken_from_freelist: 4636.
num_chunk_merges: 16.
num_chunk_splits: 2784.
num_chunks_enlarged: 1539.
num_inconsistent_stats: 0.

CodeHeap 'non-profiled nmethods': size=120000Kb used=8922Kb max_used=8922Kb free=111077Kb
 bounds [0x0000018e39d60000, 0x0000018e3a620000, 0x0000018e41290000]
CodeHeap 'profiled nmethods': size=120000Kb used=26948Kb max_used=26948Kb free=93051Kb
 bounds [0x0000018e32290000, 0x0000018e33cf0000, 0x0000018e397c0000]
CodeHeap 'non-nmethods': size=5760Kb used=1490Kb max_used=1608Kb free=4269Kb
 bounds [0x0000018e397c0000, 0x0000018e39a30000, 0x0000018e39d60000]
CodeCache: size=245760Kb, used=37360Kb, max_used=37478Kb, free=208397Kb
 total_blobs=12570, nmethods=11761, adapters=714, full_count=0
Compilation: enabled, stopped_count=0, restarted_count=0

Compilation events (20 events):
Event: 63.597 Thread 0x0000018e88362be0 12617       3       java.util.concurrent.ThreadPoolExecutor$Worker::tryRelease (12 bytes)
Event: 63.598 Thread 0x0000018e88362be0 nmethod 12617 0x0000018e33cdf110 code [0x0000018e33cdf2a0, 0x0000018e33cdf408]
Event: 71.325 Thread 0x0000018e88362be0 12618       3       java.util.concurrent.ThreadPoolExecutor$Worker::unlock (7 bytes)
Event: 71.326 Thread 0x0000018e88362be0 nmethod 12618 0x0000018e33cdf490 code [0x0000018e33cdf660, 0x0000018e33cdf8b8]
Event: 114.243 Thread 0x0000018e2f00cd60 12619       4       jdk.internal.misc.CarrierThreadLocal::get (10 bytes)
Event: 114.250 Thread 0x0000018e2f00cd60 nmethod 12619 0x0000018e3a615c90 code [0x0000018e3a615e40, 0x0000018e3a615fd0]
Event: 118.999 Thread 0x0000018e88362be0 12620       1       org.eclipse.core.internal.jobs.JobManager::isActive (5 bytes)
Event: 119.000 Thread 0x0000018e88362be0 nmethod 12620 0x0000018e3a616210 code [0x0000018e3a6163a0, 0x0000018e3a616470]
Event: 133.748 Thread 0x0000018e88362be0 12621       3       java.util.concurrent.ScheduledThreadPoolExecutor::canRunInCurrentRunState (61 bytes)
Event: 133.773 Thread 0x0000018e88362be0 nmethod 12621 0x0000018e33cdfa10 code [0x0000018e33cdfc20, 0x0000018e33ce03d0]
Event: 142.129 Thread 0x0000018e88362be0 12622       3       java.util.concurrent.ThreadPoolExecutor::beforeExecute (1 bytes)
Event: 142.131 Thread 0x0000018e88362be0 nmethod 12622 0x0000018e33ce0610 code [0x0000018e33ce07a0, 0x0000018e33ce08a8]
Event: 161.384 Thread 0x0000018e88362be0 12623       1       java.util.concurrent.ThreadPoolExecutor::getQueue (5 bytes)
Event: 161.387 Thread 0x0000018e88362be0 nmethod 12623 0x0000018e3a616510 code [0x0000018e3a6166a0, 0x0000018e3a616768]
Event: 213.808 Thread 0x0000018e88362be0 12624       3       java.util.concurrent.ThreadPoolExecutor::afterExecute (1 bytes)
Event: 213.812 Thread 0x0000018e88362be0 nmethod 12624 0x0000018e33ce0910 code [0x0000018e33ce0aa0, 0x0000018e33ce0ba8]
Event: 221.402 Thread 0x0000018e88362be0 12625       3       java.util.concurrent.ThreadPoolExecutor$Worker::tryAcquire (20 bytes)
Event: 221.406 Thread 0x0000018e88362be0 nmethod 12625 0x0000018e33ce0c10 code [0x0000018e33ce0dc0, 0x0000018e33ce0fc8]
Event: 237.896 Thread 0x0000018e2f00cd60 12626       4       java.lang.Math::max (12 bytes)
Event: 237.901 Thread 0x0000018e2f00cd60 nmethod 12626 0x0000018e3a616810 code [0x0000018e3a616980, 0x0000018e3a6169f8]

GC Heap History (20 events):
Event: 56.791 GC heap before
{Heap before GC invocations=135 (full 3):
 PSYoungGen      total 13312K, used 13184K [0x00000000d5580000, 0x00000000d6380000, 0x0000000100000000)
  eden space 12800K, 100% used [0x00000000d5580000,0x00000000d6200000,0x00000000d6200000)
  from space 512K, 75% used [0x00000000d6280000,0x00000000d62e0000,0x00000000d6300000)
  to   space 512K, 0% used [0x00000000d6300000,0x00000000d6300000,0x00000000d6380000)
 ParOldGen       total 94720K, used 94463K [0x0000000080000000, 0x0000000085c80000, 0x00000000d5580000)
  object space 94720K, 99% used [0x0000000080000000,0x0000000085c3fed8,0x0000000085c80000)
 Metaspace       used 70128K, committed 71616K, reserved 1114112K
  class space    used 7465K, committed 8128K, reserved 1048576K
}
Event: 56.793 GC heap after
{Heap after GC invocations=135 (full 3):
 PSYoungGen      total 13312K, used 288K [0x00000000d5580000, 0x00000000d6380000, 0x0000000100000000)
  eden space 12800K, 0% used [0x00000000d5580000,0x00000000d5580000,0x00000000d6200000)
  from space 512K, 56% used [0x00000000d6300000,0x00000000d6348000,0x00000000d6380000)
  to   space 512K, 0% used [0x00000000d6280000,0x00000000d6280000,0x00000000d6300000)
 ParOldGen       total 94720K, used 94679K [0x0000000080000000, 0x0000000085c80000, 0x00000000d5580000)
  object space 94720K, 99% used [0x0000000080000000,0x0000000085c75ed8,0x0000000085c80000)
 Metaspace       used 70128K, committed 71616K, reserved 1114112K
  class space    used 7465K, committed 8128K, reserved 1048576K
}
Event: 56.817 GC heap before
{Heap before GC invocations=136 (full 3):
 PSYoungGen      total 13312K, used 13088K [0x00000000d5580000, 0x00000000d6380000, 0x0000000100000000)
  eden space 12800K, 100% used [0x00000000d5580000,0x00000000d6200000,0x00000000d6200000)
  from space 512K, 56% used [0x00000000d6300000,0x00000000d6348000,0x00000000d6380000)
  to   space 512K, 0% used [0x00000000d6280000,0x00000000d6280000,0x00000000d6300000)
 ParOldGen       total 94720K, used 94679K [0x0000000080000000, 0x0000000085c80000, 0x00000000d5580000)
  object space 94720K, 99% used [0x0000000080000000,0x0000000085c75ed8,0x0000000085c80000)
 Metaspace       used 70128K, committed 71616K, reserved 1114112K
  class space    used 7465K, committed 8128K, reserved 1048576K
}
Event: 56.818 GC heap after
{Heap after GC invocations=136 (full 3):
 PSYoungGen      total 13312K, used 256K [0x00000000d5580000, 0x00000000d6380000, 0x0000000100000000)
  eden space 12800K, 0% used [0x00000000d5580000,0x00000000d5580000,0x00000000d6200000)
  from space 512K, 50% used [0x00000000d6280000,0x00000000d62c0000,0x00000000d6300000)
  to   space 512K, 0% used [0x00000000d6300000,0x00000000d6300000,0x00000000d6380000)
 ParOldGen       total 95232K, used 94878K [0x0000000080000000, 0x0000000085d00000, 0x00000000d5580000)
  object space 95232K, 99% used [0x0000000080000000,0x0000000085ca7bd8,0x0000000085d00000)
 Metaspace       used 70128K, committed 71616K, reserved 1114112K
  class space    used 7465K, committed 8128K, reserved 1048576K
}
Event: 56.876 GC heap before
{Heap before GC invocations=137 (full 3):
 PSYoungGen      total 13312K, used 13056K [0x00000000d5580000, 0x00000000d6380000, 0x0000000100000000)
  eden space 12800K, 100% used [0x00000000d5580000,0x00000000d6200000,0x00000000d6200000)
  from space 512K, 50% used [0x00000000d6280000,0x00000000d62c0000,0x00000000d6300000)
  to   space 512K, 0% used [0x00000000d6300000,0x00000000d6300000,0x00000000d6380000)
 ParOldGen       total 95232K, used 94878K [0x0000000080000000, 0x0000000085d00000, 0x00000000d5580000)
  object space 95232K, 99% used [0x0000000080000000,0x0000000085ca7bd8,0x0000000085d00000)
 Metaspace       used 70129K, committed 71616K, reserved 1114112K
  class space    used 7465K, committed 8128K, reserved 1048576K
}
Event: 56.879 GC heap after
{Heap after GC invocations=137 (full 3):
 PSYoungGen      total 13312K, used 448K [0x00000000d5580000, 0x00000000d6380000, 0x0000000100000000)
  eden space 12800K, 0% used [0x00000000d5580000,0x00000000d5580000,0x00000000d6200000)
  from space 512K, 87% used [0x00000000d6300000,0x00000000d6370000,0x00000000d6380000)
  to   space 512K, 0% used [0x00000000d6280000,0x00000000d6280000,0x00000000d6300000)
 ParOldGen       total 95232K, used 95086K [0x0000000080000000, 0x0000000085d00000, 0x00000000d5580000)
  object space 95232K, 99% used [0x0000000080000000,0x0000000085cdbbd8,0x0000000085d00000)
 Metaspace       used 70129K, committed 71616K, reserved 1114112K
  class space    used 7465K, committed 8128K, reserved 1048576K
}
Event: 56.955 GC heap before
{Heap before GC invocations=138 (full 3):
 PSYoungGen      total 13312K, used 13248K [0x00000000d5580000, 0x00000000d6380000, 0x0000000100000000)
  eden space 12800K, 100% used [0x00000000d5580000,0x00000000d6200000,0x00000000d6200000)
  from space 512K, 87% used [0x00000000d6300000,0x00000000d6370000,0x00000000d6380000)
  to   space 512K, 0% used [0x00000000d6280000,0x00000000d6280000,0x00000000d6300000)
 ParOldGen       total 95232K, used 95086K [0x0000000080000000, 0x0000000085d00000, 0x00000000d5580000)
  object space 95232K, 99% used [0x0000000080000000,0x0000000085cdbbd8,0x0000000085d00000)
 Metaspace       used 70130K, committed 71616K, reserved 1114112K
  class space    used 7465K, committed 8128K, reserved 1048576K
}
Event: 56.957 GC heap after
{Heap after GC invocations=138 (full 3):
 PSYoungGen      total 13312K, used 384K [0x00000000d5580000, 0x00000000d6380000, 0x0000000100000000)
  eden space 12800K, 0% used [0x00000000d5580000,0x00000000d5580000,0x00000000d6200000)
  from space 512K, 75% used [0x00000000d6280000,0x00000000d62e0000,0x00000000d6300000)
  to   space 512K, 0% used [0x00000000d6300000,0x00000000d6300000,0x00000000d6380000)
 ParOldGen       total 95744K, used 95366K [0x0000000080000000, 0x0000000085d80000, 0x00000000d5580000)
  object space 95744K, 99% used [0x0000000080000000,0x0000000085d21bd8,0x0000000085d80000)
 Metaspace       used 70130K, committed 71616K, reserved 1114112K
  class space    used 7465K, committed 8128K, reserved 1048576K
}
Event: 56.993 GC heap before
{Heap before GC invocations=139 (full 3):
 PSYoungGen      total 13312K, used 13184K [0x00000000d5580000, 0x00000000d6380000, 0x0000000100000000)
  eden space 12800K, 100% used [0x00000000d5580000,0x00000000d6200000,0x00000000d6200000)
  from space 512K, 75% used [0x00000000d6280000,0x00000000d62e0000,0x00000000d6300000)
  to   space 512K, 0% used [0x00000000d6300000,0x00000000d6300000,0x00000000d6380000)
 ParOldGen       total 95744K, used 95366K [0x0000000080000000, 0x0000000085d80000, 0x00000000d5580000)
  object space 95744K, 99% used [0x0000000080000000,0x0000000085d21bd8,0x0000000085d80000)
 Metaspace       used 70133K, committed 71616K, reserved 1114112K
  class space    used 7465K, committed 8128K, reserved 1048576K
}
Event: 56.995 GC heap after
{Heap after GC invocations=139 (full 3):
 PSYoungGen      total 13312K, used 276K [0x00000000d5580000, 0x00000000d6380000, 0x0000000100000000)
  eden space 12800K, 0% used [0x00000000d5580000,0x00000000d5580000,0x00000000d6200000)
  from space 512K, 54% used [0x00000000d6300000,0x00000000d6345200,0x00000000d6380000)
  to   space 512K, 0% used [0x00000000d6280000,0x00000000d6280000,0x00000000d6300000)
 ParOldGen       total 95744K, used 95534K [0x0000000080000000, 0x0000000085d80000, 0x00000000d5580000)
  object space 95744K, 99% used [0x0000000080000000,0x0000000085d4bbd8,0x0000000085d80000)
 Metaspace       used 70133K, committed 71616K, reserved 1114112K
  class space    used 7465K, committed 8128K, reserved 1048576K
}
Event: 57.133 GC heap before
{Heap before GC invocations=140 (full 3):
 PSYoungGen      total 13312K, used 13076K [0x00000000d5580000, 0x00000000d6380000, 0x0000000100000000)
  eden space 12800K, 100% used [0x00000000d5580000,0x00000000d6200000,0x00000000d6200000)
  from space 512K, 54% used [0x00000000d6300000,0x00000000d6345200,0x00000000d6380000)
  to   space 512K, 0% used [0x00000000d6280000,0x00000000d6280000,0x00000000d6300000)
 ParOldGen       total 95744K, used 95534K [0x0000000080000000, 0x0000000085d80000, 0x00000000d5580000)
  object space 95744K, 99% used [0x0000000080000000,0x0000000085d4bbd8,0x0000000085d80000)
 Metaspace       used 70270K, committed 71744K, reserved 1114112K
  class space    used 7486K, committed 8128K, reserved 1048576K
}
Event: 57.137 GC heap after
{Heap after GC invocations=140 (full 3):
 PSYoungGen      total 13312K, used 506K [0x00000000d5580000, 0x00000000d6500000, 0x0000000100000000)
  eden space 12800K, 0% used [0x00000000d5580000,0x00000000d5580000,0x00000000d6200000)
  from space 512K, 98% used [0x00000000d6280000,0x00000000d62fe900,0x00000000d6300000)
  to   space 1536K, 0% used [0x00000000d6380000,0x00000000d6380000,0x00000000d6500000)
 ParOldGen       total 96256K, used 96182K [0x0000000080000000, 0x0000000085e00000, 0x00000000d5580000)
  object space 96256K, 99% used [0x0000000080000000,0x0000000085dedbf8,0x0000000085e00000)
 Metaspace       used 70270K, committed 71744K, reserved 1114112K
  class space    used 7486K, committed 8128K, reserved 1048576K
}
Event: 57.365 GC heap before
{Heap before GC invocations=141 (full 3):
 PSYoungGen      total 13312K, used 13306K [0x00000000d5580000, 0x00000000d6500000, 0x0000000100000000)
  eden space 12800K, 99% used [0x00000000d5580000,0x00000000d61fff68,0x00000000d6200000)
  from space 512K, 98% used [0x00000000d6280000,0x00000000d62fe900,0x00000000d6300000)
  to   space 1536K, 0% used [0x00000000d6380000,0x00000000d6380000,0x00000000d6500000)
 ParOldGen       total 96256K, used 96182K [0x0000000080000000, 0x0000000085e00000, 0x00000000d5580000)
  object space 96256K, 99% used [0x0000000080000000,0x0000000085dedbf8,0x0000000085e00000)
 Metaspace       used 70540K, committed 72128K, reserved 1114112K
  class space    used 7506K, committed 8192K, reserved 1048576K
}
Event: 57.371 GC heap after
{Heap after GC invocations=141 (full 3):
 PSYoungGen      total 14336K, used 1385K [0x00000000d5580000, 0x00000000d6500000, 0x0000000100000000)
  eden space 12800K, 0% used [0x00000000d5580000,0x00000000d5580000,0x00000000d6200000)
  from space 1536K, 90% used [0x00000000d6380000,0x00000000d64da4f8,0x00000000d6500000)
  to   space 1536K, 0% used [0x00000000d6200000,0x00000000d6200000,0x00000000d6380000)
 ParOldGen       total 96768K, used 96566K [0x0000000080000000, 0x0000000085e80000, 0x00000000d5580000)
  object space 96768K, 99% used [0x0000000080000000,0x0000000085e4dbf8,0x0000000085e80000)
 Metaspace       used 70540K, committed 72128K, reserved 1114112K
  class space    used 7506K, committed 8192K, reserved 1048576K
}
Event: 57.840 GC heap before
{Heap before GC invocations=142 (full 3):
 PSYoungGen      total 14336K, used 14183K [0x00000000d5580000, 0x00000000d6500000, 0x0000000100000000)
  eden space 12800K, 99% used [0x00000000d5580000,0x00000000d61ff7b0,0x00000000d6200000)
  from space 1536K, 90% used [0x00000000d6380000,0x00000000d64da4f8,0x00000000d6500000)
  to   space 1536K, 0% used [0x00000000d6200000,0x00000000d6200000,0x00000000d6380000)
 ParOldGen       total 96768K, used 96566K [0x0000000080000000, 0x0000000085e80000, 0x00000000d5580000)
  object space 96768K, 99% used [0x0000000080000000,0x0000000085e4dbf8,0x0000000085e80000)
 Metaspace       used 71572K, committed 73088K, reserved 1114112K
  class space    used 7600K, committed 8256K, reserved 1048576K
}
Event: 57.846 GC heap after
{Heap after GC invocations=142 (full 3):
 PSYoungGen      total 13824K, used 608K [0x00000000d5580000, 0x00000000d6400000, 0x0000000100000000)
  eden space 12800K, 0% used [0x00000000d5580000,0x00000000d5580000,0x00000000d6200000)
  from space 1024K, 59% used [0x00000000d6200000,0x00000000d6298000,0x00000000d6300000)
  to   space 1024K, 0% used [0x00000000d6300000,0x00000000d6300000,0x00000000d6400000)
 ParOldGen       total 98304K, used 97795K [0x0000000080000000, 0x0000000086000000, 0x00000000d5580000)
  object space 98304K, 99% used [0x0000000080000000,0x0000000085f80e88,0x0000000086000000)
 Metaspace       used 71572K, committed 73088K, reserved 1114112K
  class space    used 7600K, committed 8256K, reserved 1048576K
}
Event: 58.573 GC heap before
{Heap before GC invocations=143 (full 3):
 PSYoungGen      total 13824K, used 13378K [0x00000000d5580000, 0x00000000d6400000, 0x0000000100000000)
  eden space 12800K, 99% used [0x00000000d5580000,0x00000000d61f88c8,0x00000000d6200000)
  from space 1024K, 59% used [0x00000000d6200000,0x00000000d6298000,0x00000000d6300000)
  to   space 1024K, 0% used [0x00000000d6300000,0x00000000d6300000,0x00000000d6400000)
 ParOldGen       total 98304K, used 97795K [0x0000000080000000, 0x0000000086000000, 0x00000000d5580000)
  object space 98304K, 99% used [0x0000000080000000,0x0000000085f80e88,0x0000000086000000)
 Metaspace       used 72638K, committed 74112K, reserved 1179648K
  class space    used 7683K, committed 8320K, reserved 1048576K
}
Event: 58.578 GC heap after
{Heap after GC invocations=143 (full 3):
 PSYoungGen      total 12800K, used 1015K [0x00000000d5580000, 0x00000000d6600000, 0x0000000100000000)
  eden space 11776K, 0% used [0x00000000d5580000,0x00000000d5580000,0x00000000d6100000)
  from space 1024K, 99% used [0x00000000d6300000,0x00000000d63fddd8,0x00000000d6400000)
  to   space 2048K, 0% used [0x00000000d6100000,0x00000000d6100000,0x00000000d6300000)
 ParOldGen       total 98816K, used 98495K [0x0000000080000000, 0x0000000086080000, 0x00000000d5580000)
  object space 98816K, 99% used [0x0000000080000000,0x000000008602ff20,0x0000000086080000)
 Metaspace       used 72638K, committed 74112K, reserved 1179648K
  class space    used 7683K, committed 8320K, reserved 1048576K
}
Event: 59.504 GC heap before
{Heap before GC invocations=144 (full 3):
 PSYoungGen      total 12800K, used 12791K [0x00000000d5580000, 0x00000000d6600000, 0x0000000100000000)
  eden space 11776K, 100% used [0x00000000d5580000,0x00000000d6100000,0x00000000d6100000)
  from space 1024K, 99% used [0x00000000d6300000,0x00000000d63fddd8,0x00000000d6400000)
  to   space 2048K, 0% used [0x00000000d6100000,0x00000000d6100000,0x00000000d6300000)
 ParOldGen       total 98816K, used 98495K [0x0000000080000000, 0x0000000086080000, 0x00000000d5580000)
  object space 98816K, 99% used [0x0000000080000000,0x000000008602ff20,0x0000000086080000)
 Metaspace       used 73266K, committed 74816K, reserved 1179648K
  class space    used 7752K, committed 8448K, reserved 1048576K
}
Event: 59.507 GC heap after
{Heap after GC invocations=144 (full 3):
 PSYoungGen      total 13824K, used 1648K [0x00000000d5580000, 0x00000000d6500000, 0x0000000100000000)
  eden space 11776K, 0% used [0x00000000d5580000,0x00000000d5580000,0x00000000d6100000)
  from space 2048K, 80% used [0x00000000d6100000,0x00000000d629c1d0,0x00000000d6300000)
  to   space 2048K, 0% used [0x00000000d6300000,0x00000000d6300000,0x00000000d6500000)
 ParOldGen       total 99840K, used 99483K [0x0000000080000000, 0x0000000086180000, 0x00000000d5580000)
  object space 99840K, 99% used [0x0000000080000000,0x0000000086126de0,0x0000000086180000)
 Metaspace       used 73266K, committed 74816K, reserved 1179648K
  class space    used 7752K, committed 8448K, reserved 1048576K
}

Dll operation events (12 events):
Event: 0.072 Loaded shared library c:\Users\hp\.vscode\extensions\redhat.java-1.54.0-win32-x64\jre\21.0.10-win32-x86_64\bin\java.dll
Event: 1.278 Loaded shared library c:\Users\hp\.vscode\extensions\redhat.java-1.54.0-win32-x64\jre\21.0.10-win32-x86_64\bin\zip.dll
Event: 1.452 Loaded shared library C:\Users\hp\.vscode\extensions\redhat.java-1.54.0-win32-x64\jre\21.0.10-win32-x86_64\bin\instrument.dll
Event: 1.532 Loaded shared library C:\Users\hp\.vscode\extensions\redhat.java-1.54.0-win32-x64\jre\21.0.10-win32-x86_64\bin\net.dll
Event: 1.539 Loaded shared library C:\Users\hp\.vscode\extensions\redhat.java-1.54.0-win32-x64\jre\21.0.10-win32-x86_64\bin\nio.dll
Event: 1.548 Loaded shared library C:\Users\hp\.vscode\extensions\redhat.java-1.54.0-win32-x64\jre\21.0.10-win32-x86_64\bin\zip.dll
Event: 1.693 Loaded shared library C:\Users\hp\.vscode\extensions\redhat.java-1.54.0-win32-x64\jre\21.0.10-win32-x86_64\bin\jimage.dll
Event: 2.276 Loaded shared library c:\Users\hp\.vscode\extensions\redhat.java-1.54.0-win32-x64\jre\21.0.10-win32-x86_64\bin\verify.dll
Event: 10.806 Loaded shared library C:\Users\hp\AppData\Roaming\Code\User\globalStorage\redhat.java\1.54.0\config_win\org.eclipse.equinox.launcher\org.eclipse.equinox.launcher.win32.win32.x86_64_1.3.0.v20260203-2149\eclipse_11919.dll
Event: 20.370 Loaded shared library C:\Users\hp\AppData\Local\Temp\jna--106862400\jna11556830028356953833.dll
Event: 29.420 Loaded shared library C:\Users\hp\.vscode\extensions\redhat.java-1.54.0-win32-x64\jre\21.0.10-win32-x86_64\bin\sunmscapi.dll
Event: 31.000 Loaded shared library C:\Users\hp\.vscode\extensions\redhat.java-1.54.0-win32-x64\jre\21.0.10-win32-x86_64\bin\extnet.dll

Deoptimization events (20 events):
Event: 58.435 Thread 0x0000018e8f382a80 Uncommon trap: trap_request=0xffffffc6 fr.pc=0x0000018e39ee9194 relative=0x00000000000001f4
Event: 58.435 Thread 0x0000018e8f382a80 Uncommon trap: reason=bimorphic_or_optimized_type_check action=maybe_recompile pc=0x0000018e39ee9194 method=java.util.Collections.eq(Ljava/lang/Object;Ljava/lang/Object;)Z @ 18 c2
Event: 58.435 Thread 0x0000018e8f382a80 DEOPT PACKING pc=0x0000018e39ee9194 sp=0x00000072072fe890
Event: 58.435 Thread 0x0000018e8f382a80 DEOPT UNPACKING pc=0x0000018e39813aa2 sp=0x00000072072fe7d0 mode 2
Event: 58.436 Thread 0x0000018e8f382a80 Uncommon trap: trap_request=0xffffffc6 fr.pc=0x0000018e39ee9194 relative=0x00000000000001f4
Event: 58.436 Thread 0x0000018e8f382a80 Uncommon trap: reason=bimorphic_or_optimized_type_check action=maybe_recompile pc=0x0000018e39ee9194 method=java.util.Collections.eq(Ljava/lang/Object;Ljava/lang/Object;)Z @ 18 c2
Event: 58.436 Thread 0x0000018e8f382a80 DEOPT PACKING pc=0x0000018e39ee9194 sp=0x00000072072fe9f0
Event: 58.437 Thread 0x0000018e8f382a80 DEOPT UNPACKING pc=0x0000018e39813aa2 sp=0x00000072072fe930 mode 2
Event: 59.107 Thread 0x0000018e8f3851e0 Uncommon trap: trap_request=0xffffff45 fr.pc=0x0000018e3a40274c relative=0x000000000000058c
Event: 59.107 Thread 0x0000018e8f3851e0 Uncommon trap: reason=unstable_if action=reinterpret pc=0x0000018e3a40274c method=org.lombokweb.asm.SymbolTable.addConstantUtf8Reference(ILjava/lang/String;)Lorg/lombokweb/asm/Symbol; @ 45 c2
Event: 59.107 Thread 0x0000018e8f3851e0 DEOPT PACKING pc=0x0000018e3a40274c sp=0x00000072079f7e80
Event: 59.107 Thread 0x0000018e8f3851e0 DEOPT UNPACKING pc=0x0000018e39813aa2 sp=0x00000072079f7e18 mode 2
Event: 59.199 Thread 0x0000018e8f3851e0 DEOPT PACKING pc=0x0000018e33116ef0 sp=0x00000072079f8120
Event: 59.199 Thread 0x0000018e8f3851e0 DEOPT UNPACKING pc=0x0000018e39814242 sp=0x00000072079f7830 mode 0
Event: 59.495 Thread 0x0000018e8f3851e0 DEOPT PACKING pc=0x0000018e33116ef0 sp=0x00000072079f7f90
Event: 59.495 Thread 0x0000018e8f3851e0 DEOPT UNPACKING pc=0x0000018e39814242 sp=0x00000072079f76a0 mode 0
Event: 59.525 Thread 0x0000018e8f3851e0 Uncommon trap: trap_request=0xffffffde fr.pc=0x0000018e3a435b98 relative=0x0000000000000078
Event: 59.525 Thread 0x0000018e8f3851e0 Uncommon trap: reason=class_check action=maybe_recompile pc=0x0000018e3a435b98 method=java.util.LinkedHashMap.afterNodeInsertion(Z)V @ 15 c2
Event: 59.525 Thread 0x0000018e8f3851e0 DEOPT PACKING pc=0x0000018e3a435b98 sp=0x00000072079fe900
Event: 59.525 Thread 0x0000018e8f3851e0 DEOPT UNPACKING pc=0x0000018e39813aa2 sp=0x00000072079fe878 mode 2

Classes loaded (20 events):
Event: 54.069 Loading class sun/security/ssl/Alert
Event: 54.070 Loading class sun/security/ssl/Alert done
Event: 54.071 Loading class sun/security/ssl/Alert$AlertConsumer
Event: 54.071 Loading class sun/security/ssl/Alert$AlertConsumer done
Event: 54.071 Loading class sun/security/ssl/Alert$Level
Event: 54.072 Loading class sun/security/ssl/Alert$Level done
Event: 57.142 Loading class java/util/HashMap$EntrySpliterator
Event: 57.142 Loading class java/util/HashMap$EntrySpliterator done
Event: 57.153 Loading class java/util/stream/ReduceOps$5
Event: 57.154 Loading class java/util/stream/ReduceOps$5 done
Event: 57.154 Loading class java/util/stream/ReduceOps$CountingSink$OfRef
Event: 57.154 Loading class java/util/stream/ReduceOps$CountingSink
Event: 57.155 Loading class java/util/stream/ReduceOps$CountingSink done
Event: 57.155 Loading class java/util/stream/ReduceOps$CountingSink$OfRef done
Event: 57.942 Loading class java/util/stream/ReduceOps$1
Event: 57.943 Loading class java/util/stream/ReduceOps$1 done
Event: 57.943 Loading class java/util/stream/ReduceOps$1ReducingSink
Event: 57.943 Loading class java/util/stream/ReduceOps$1ReducingSink done
Event: 58.352 Loading class jdk/internal/ref/CleanerImpl$InnocuousThreadFactory
Event: 58.352 Loading class jdk/internal/ref/CleanerImpl$InnocuousThreadFactory done

Classes unloaded (7 events):
Event: 23.459 Thread 0x0000018e2f130be0 Unloading class 0x0000018e471acc00 'java/lang/invoke/LambdaForm$MH+0x0000018e471acc00'
Event: 23.459 Thread 0x0000018e2f130be0 Unloading class 0x0000018e471ac800 'java/lang/invoke/LambdaForm$MH+0x0000018e471ac800'
Event: 23.459 Thread 0x0000018e2f130be0 Unloading class 0x0000018e471ac400 'java/lang/invoke/LambdaForm$MH+0x0000018e471ac400'
Event: 23.459 Thread 0x0000018e2f130be0 Unloading class 0x0000018e471ac000 'java/lang/invoke/LambdaForm$MH+0x0000018e471ac000'
Event: 23.459 Thread 0x0000018e2f130be0 Unloading class 0x0000018e471abc00 'java/lang/invoke/LambdaForm$BMH+0x0000018e471abc00'
Event: 23.459 Thread 0x0000018e2f130be0 Unloading class 0x0000018e471ab800 'java/lang/invoke/LambdaForm$DMH+0x0000018e471ab800'
Event: 23.459 Thread 0x0000018e2f130be0 Unloading class 0x0000018e471aa400 'java/lang/invoke/LambdaForm$DMH+0x0000018e471aa400'

Classes redefined (0 events):
No events

Internal exceptions (20 events):
Event: 52.175 Thread 0x0000018e8f3809b0 Exception <a 'sun/nio/fs/WindowsException'{0x00000000d5a201f8}> (0x00000000d5a201f8) 
thrown [s\src\hotspot\share\prims\jni.cpp, line 520]
Event: 52.177 Thread 0x0000018e8f3809b0 Exception <a 'sun/nio/fs/WindowsException'{0x00000000d5a21688}> (0x00000000d5a21688) 
thrown [s\src\hotspot\share\prims\jni.cpp, line 520]
Event: 52.177 Thread 0x0000018e8f3809b0 Exception <a 'sun/nio/fs/WindowsException'{0x00000000d5a22188}> (0x00000000d5a22188) 
thrown [s\src\hotspot\share\prims\jni.cpp, line 520]
Event: 52.178 Thread 0x0000018e8f3809b0 Exception <a 'sun/nio/fs/WindowsException'{0x00000000d5a23728}> (0x00000000d5a23728) 
thrown [s\src\hotspot\share\prims\jni.cpp, line 520]
Event: 52.178 Thread 0x0000018e8f3809b0 Exception <a 'sun/nio/fs/WindowsException'{0x00000000d5a24008}> (0x00000000d5a24008) 
thrown [s\src\hotspot\share\prims\jni.cpp, line 520]
Event: 52.570 Thread 0x0000018e8d384260 Implicit null exception at 0x0000018e3a4c7b90 to 0x0000018e3a4cae20
Event: 55.489 Thread 0x0000018e8f384b50 Exception <a 'java/lang/IncompatibleClassChangeError'{0x00000000d55b3058}: Found class java.lang.Object, but interface was expected> (0x00000000d55b3058) 
thrown [s\src\hotspot\share\interpreter\linkResolver.cpp, line 840]
Event: 57.157 Thread 0x0000018e8f382a80 Exception <a 'sun/nio/fs/WindowsException'{0x00000000d56a9430}> (0x00000000d56a9430) 
thrown [s\src\hotspot\share\prims\jni.cpp, line 520]
Event: 57.157 Thread 0x0000018e8f382a80 Exception <a 'sun/nio/fs/WindowsException'{0x00000000d56a9c80}> (0x00000000d56a9c80) 
thrown [s\src\hotspot\share\prims\jni.cpp, line 520]
Event: 57.158 Thread 0x0000018e8f382a80 Exception <a 'sun/nio/fs/WindowsException'{0x00000000d56aad28}> (0x00000000d56aad28) 
thrown [s\src\hotspot\share\prims\jni.cpp, line 520]
Event: 57.158 Thread 0x0000018e8f382a80 Exception <a 'sun/nio/fs/WindowsException'{0x00000000d56ab358}> (0x00000000d56ab358) 
thrown [s\src\hotspot\share\prims\jni.cpp, line 520]
Event: 57.159 Thread 0x0000018e8f382a80 Exception <a 'sun/nio/fs/WindowsException'{0x00000000d56ac410}> (0x00000000d56ac410) 
thrown [s\src\hotspot\share\prims\jni.cpp, line 520]
Event: 57.159 Thread 0x0000018e8f382a80 Exception <a 'sun/nio/fs/WindowsException'{0x00000000d56acc60}> (0x00000000d56acc60) 
thrown [s\src\hotspot\share\prims\jni.cpp, line 520]
Event: 57.160 Thread 0x0000018e8f382a80 Exception <a 'sun/nio/fs/WindowsException'{0x00000000d56ae9c8}> (0x00000000d56ae9c8) 
thrown [s\src\hotspot\share\prims\jni.cpp, line 520]
Event: 57.161 Thread 0x0000018e8f382a80 Exception <a 'sun/nio/fs/WindowsException'{0x00000000d56af218}> (0x00000000d56af218) 
thrown [s\src\hotspot\share\prims\jni.cpp, line 520]
Event: 57.162 Thread 0x0000018e8f382a80 Exception <a 'sun/nio/fs/WindowsException'{0x00000000d56b02c0}> (0x00000000d56b02c0) 
thrown [s\src\hotspot\share\prims\jni.cpp, line 520]
Event: 57.163 Thread 0x0000018e8f382a80 Exception <a 'sun/nio/fs/WindowsException'{0x00000000d56e44f8}> (0x00000000d56e44f8) 
thrown [s\src\hotspot\share\prims\jni.cpp, line 520]
Event: 57.276 Thread 0x0000018e8f384b50 Implicit null exception at 0x0000018e3a20c258 to 0x0000018e3a20c2b0
Event: 58.054 Thread 0x0000018e8f382a80 Exception <a 'java/lang/NoSuchMethodError'{0x00000000d5ada780}: 'java.lang.Object java.lang.invoke.DirectMethodHandle$Holder.invokeStatic(java.lang.Object, java.lang.Object, int, java.lang.Object)'> (0x00000000d5ada780) 
thrown [s\src\hotspot\share\interpreter\linkResolver.cpp, line 773]
Event: 58.221 Thread 0x0000018e94cde620 Exception <a 'java/lang/IncompatibleClassChangeError'{0x00000000d5c7ea50}: Found class java.lang.Object, but interface was expected> (0x00000000d5c7ea50) 
thrown [s\src\hotspot\share\interpreter\linkResolver.cpp, line 840]

ZGC Phase Switch (0 events):
No events

VM Operations (20 events):
Event: 56.992 Executing safepoint VM operation: ParallelGCFailedAllocation (Allocation Failure)
Event: 56.995 Executing safepoint VM operation: ParallelGCFailedAllocation (Allocation Failure) done
Event: 57.132 Executing safepoint VM operation: ParallelGCFailedAllocation (Allocation Failure)
Event: 57.137 Executing safepoint VM operation: ParallelGCFailedAllocation (Allocation Failure) done
Event: 57.365 Executing safepoint VM operation: ParallelGCFailedAllocation (Allocation Failure)
Event: 57.371 Executing safepoint VM operation: ParallelGCFailedAllocation (Allocation Failure) done
Event: 57.840 Executing safepoint VM operation: ParallelGCFailedAllocation (Allocation Failure)
Event: 57.846 Executing safepoint VM operation: ParallelGCFailedAllocation (Allocation Failure) done
Event: 58.573 Executing safepoint VM operation: ParallelGCFailedAllocation (Allocation Failure)
Event: 58.578 Executing safepoint VM operation: ParallelGCFailedAllocation (Allocation Failure) done
Event: 58.994 Executing non-safepoint VM operation: HandshakeAllThreads (Deoptimize)
Event: 58.994 Executing non-safepoint VM operation: HandshakeAllThreads (Deoptimize) done
Event: 59.504 Executing safepoint VM operation: ParallelGCFailedAllocation (Allocation Failure)
Event: 59.507 Executing safepoint VM operation: ParallelGCFailedAllocation (Allocation Failure) done
Event: 60.155 Executing non-safepoint VM operation: HandshakeAllThreads (HandshakeForDeflation)
Event: 60.155 Executing non-safepoint VM operation: HandshakeAllThreads (HandshakeForDeflation) done
Event: 60.155 Executing non-safepoint VM operation: RendezvousGCThreads
Event: 60.155 Executing non-safepoint VM operation: RendezvousGCThreads done
Event: 61.163 Executing safepoint VM operation: Cleanup
Event: 61.163 Executing safepoint VM operation: Cleanup done

Memory protections (0 events):
No events

Nmethod flushes (20 events):
Event: 36.558 Thread 0x0000018e2f130be0 flushing  nmethod 0x0000018e32b78e90
Event: 36.558 Thread 0x0000018e2f130be0 flushing  nmethod 0x0000018e32b89490
Event: 36.558 Thread 0x0000018e2f130be0 flushing  nmethod 0x0000018e32bab890
Event: 36.558 Thread 0x0000018e2f130be0 flushing  nmethod 0x0000018e32bc0010
Event: 36.558 Thread 0x0000018e2f130be0 flushing  nmethod 0x0000018e32bc1410
Event: 36.558 Thread 0x0000018e2f130be0 flushing  nmethod 0x0000018e32bc1a90
Event: 36.558 Thread 0x0000018e2f130be0 flushing  nmethod 0x0000018e32bc2990
Event: 36.558 Thread 0x0000018e2f130be0 flushing  nmethod 0x0000018e32bd3890
Event: 36.558 Thread 0x0000018e2f130be0 flushing  nmethod 0x0000018e32bd3d10
Event: 36.558 Thread 0x0000018e2f130be0 flushing  nmethod 0x0000018e32bd6f10
Event: 36.558 Thread 0x0000018e2f130be0 flushing  nmethod 0x0000018e32bd8090
Event: 36.558 Thread 0x0000018e2f130be0 flushing  nmethod 0x0000018e32bd9010
Event: 36.558 Thread 0x0000018e2f130be0 flushing  nmethod 0x0000018e32bda110
Event: 36.558 Thread 0x0000018e2f130be0 flushing  nmethod 0x0000018e32bf1e90
Event: 36.558 Thread 0x0000018e2f130be0 flushing  nmethod 0x0000018e32bfa410
Event: 36.558 Thread 0x0000018e2f130be0 flushing  nmethod 0x0000018e32c18210
Event: 36.558 Thread 0x0000018e2f130be0 flushing  nmethod 0x0000018e32c1ba10
Event: 36.558 Thread 0x0000018e2f130be0 flushing  nmethod 0x0000018e32c34110
Event: 36.558 Thread 0x0000018e2f130be0 flushing osr nmethod 0x0000018e32c40690
Event: 36.558 Thread 0x0000018e2f130be0 flushing  nmethod 0x0000018e32c9fc90

Events (20 events):
Event: 55.388 Thread 0x0000018e88362be0 Thread added: 0x0000018e90e14770
Event: 55.484 Thread 0x0000018e90e14770 Thread added: 0x0000018e91091410
Event: 55.787 Thread 0x0000018e91091410 Thread exited: 0x0000018e91091410
Event: 57.156 Thread 0x0000018e88362be0 Thread added: 0x0000018e8f78b960
Event: 58.353 Thread 0x0000018e8f3851e0 Thread added: 0x0000018e8fe7b1f0
Event: 59.074 Thread 0x0000018e8fe7b880 Thread exited: 0x0000018e8fe7b880
Event: 59.375 Thread 0x0000018e8f78b960 Thread exited: 0x0000018e8f78b960
Event: 63.597 Thread 0x0000018e90e14770 Thread exited: 0x0000018e90e14770
Event: 92.913 Thread 0x0000018e8f385870 Thread exited: 0x0000018e8f385870
Event: 98.948 Thread 0x0000018e94cdcbe0 Thread exited: 0x0000018e94cdcbe0
Event: 111.370 Thread 0x0000018e8d382820 Thread exited: 0x0000018e8d382820
Event: 112.473 Thread 0x0000018e8d383540 Thread exited: 0x0000018e8d383540
Event: 113.994 Thread 0x0000018e8f383e30 Thread exited: 0x0000018e8f383e30
Event: 114.243 Thread 0x0000018e8d382eb0 Thread exited: 0x0000018e8d382eb0
Event: 119.719 Thread 0x0000018e8f3851e0 Thread exited: 0x0000018e8f3851e0
Event: 152.929 Thread 0x0000018e8f3823f0 Thread exited: 0x0000018e8f3823f0
Event: 179.725 Thread 0x0000018e8f384b50 Thread exited: 0x0000018e8f384b50
Event: 212.931 Thread 0x0000018e8f385f00 Thread exited: 0x0000018e8f385f00
Event: 239.730 Thread 0x0000018e8f3809b0 Thread exited: 0x0000018e8f3809b0
Event: 272.938 Thread 0x0000018e8f387940 Thread exited: 0x0000018e8f387940


Dynamic libraries:
0x00007ff795ad0000 - 0x00007ff795ade000 	c:\Users\hp\.vscode\extensions\redhat.java-1.54.0-win32-x64\jre\21.0.10-win32-x86_64\bin\java.exe
0x00007ffc5c6a0000 - 0x00007ffc5c908000 	C:\WINDOWS\SYSTEM32\ntdll.dll
0x00007ffc5c260000 - 0x00007ffc5c329000 	C:\WINDOWS\System32\KERNEL32.DLL
0x00007ffc59ba0000 - 0x00007ffc59f92000 	C:\WINDOWS\System32\KERNELBASE.dll
0x00007ffc59960000 - 0x00007ffc59aab000 	C:\WINDOWS\System32\ucrtbase.dll
0x00007ffc29bb0000 - 0x00007ffc29bc8000 	c:\Users\hp\.vscode\extensions\redhat.java-1.54.0-win32-x64\jre\21.0.10-win32-x86_64\bin\jli.dll
0x00007ffc2b610000 - 0x00007ffc2b62e000 	c:\Users\hp\.vscode\extensions\redhat.java-1.54.0-win32-x64\jre\21.0.10-win32-x86_64\bin\VCRUNTIME140.dll
0x00007ffc5a960000 - 0x00007ffc5ab25000 	C:\WINDOWS\System32\USER32.dll
0x00007ffc59b70000 - 0x00007ffc59b97000 	C:\WINDOWS\System32\win32u.dll
0x00007ffc5b220000 - 0x00007ffc5b24b000 	C:\WINDOWS\System32\GDI32.dll
0x00007ffc59830000 - 0x00007ffc5995d000 	C:\WINDOWS\System32\gdi32full.dll
0x00007ffc5a290000 - 0x00007ffc5a333000 	C:\WINDOWS\System32\msvcp_win.dll
0x00007ffc3c540000 - 0x00007ffc3c7d3000 	C:\WINDOWS\WinSxS\amd64_microsoft.windows.common-controls_6595b64144ccf1df_6.0.26100.6899_none_3e0efeeae32e88c1\COMCTL32.dll
0x00007ffc5c450000 - 0x00007ffc5c4f9000 	C:\WINDOWS\System32\msvcrt.dll
0x00007ffc5bca0000 - 0x00007ffc5bccf000 	C:\WINDOWS\System32\IMM32.DLL
0x00007ffc3cb70000 - 0x00007ffc3cb7c000 	c:\Users\hp\.vscode\extensions\redhat.java-1.54.0-win32-x64\jre\21.0.10-win32-x86_64\bin\vcruntime140_1.dll
0x00007ffc145c0000 - 0x00007ffc1464d000 	c:\Users\hp\.vscode\extensions\redhat.java-1.54.0-win32-x64\jre\21.0.10-win32-x86_64\bin\msvcp140.dll
0x00007ffbdae90000 - 0x00007ffbdbc31000 	c:\Users\hp\.vscode\extensions\redhat.java-1.54.0-win32-x64\jre\21.0.10-win32-x86_64\bin\server\jvm.dll
0x00007ffc5a470000 - 0x00007ffc5a524000 	C:\WINDOWS\System32\ADVAPI32.dll
0x00007ffc5c350000 - 0x00007ffc5c3f6000 	C:\WINDOWS\System32\sechost.dll
0x00007ffc5b250000 - 0x00007ffc5b368000 	C:\WINDOWS\System32\RPCRT4.dll
0x00007ffc5c500000 - 0x00007ffc5c574000 	C:\WINDOWS\System32\WS2_32.dll
0x00007ffc59690000 - 0x00007ffc596ee000 	C:\WINDOWS\SYSTEM32\POWRPROF.dll
0x00007ffc3d670000 - 0x00007ffc3d6a5000 	C:\WINDOWS\SYSTEM32\WINMM.dll
0x00007ffc4b160000 - 0x00007ffc4b16b000 	C:\WINDOWS\SYSTEM32\VERSION.dll
0x00007ffc59670000 - 0x00007ffc59684000 	C:\WINDOWS\SYSTEM32\UMPDC.dll
0x00007ffc58600000 - 0x00007ffc5861b000 	C:\WINDOWS\SYSTEM32\kernel.appcore.dll
0x00007ffc47740000 - 0x00007ffc4774a000 	c:\Users\hp\.vscode\extensions\redhat.java-1.54.0-win32-x64\jre\21.0.10-win32-x86_64\bin\jimage.dll
0x00007ffc56df0000 - 0x00007ffc57032000 	C:\WINDOWS\SYSTEM32\DBGHELP.DLL
0x00007ffc5a530000 - 0x00007ffc5a8ab000 	C:\WINDOWS\System32\combase.dll
0x00007ffc5b370000 - 0x00007ffc5b447000 	C:\WINDOWS\System32\OLEAUT32.dll
0x00007ffc3a9d0000 - 0x00007ffc3aa0c000 	C:\WINDOWS\SYSTEM32\dbgcore.DLL
0x00007ffc5a340000 - 0x00007ffc5a3d8000 	C:\WINDOWS\System32\bcryptPrimitives.dll
0x00007ffc3c860000 - 0x00007ffc3c86f000 	c:\Users\hp\.vscode\extensions\redhat.java-1.54.0-win32-x64\jre\21.0.10-win32-x86_64\bin\instrument.dll
0x00007ffc26ac0000 - 0x00007ffc26ae0000 	c:\Users\hp\.vscode\extensions\redhat.java-1.54.0-win32-x64\jre\21.0.10-win32-x86_64\bin\java.dll
0x00007ffc5b450000 - 0x00007ffc5bb9d000 	C:\WINDOWS\System32\SHELL32.dll
0x00007ffc59fa0000 - 0x00007ffc5a10b000 	C:\WINDOWS\System32\wintypes.dll
0x00007ffc574c0000 - 0x00007ffc57d1d000 	C:\WINDOWS\SYSTEM32\windows.storage.dll
0x00007ffc5abd0000 - 0x00007ffc5acc2000 	C:\WINDOWS\System32\SHCORE.dll
0x00007ffc5acd0000 - 0x00007ffc5ad32000 	C:\WINDOWS\System32\shlwapi.dll
0x00007ffc59750000 - 0x00007ffc59779000 	C:\WINDOWS\SYSTEM32\profapi.dll
0x00007ffc25290000 - 0x00007ffc252a8000 	c:\Users\hp\.vscode\extensions\redhat.java-1.54.0-win32-x64\jre\21.0.10-win32-x86_64\bin\zip.dll
0x00007ffc3c7e0000 - 0x00007ffc3c7f0000 	C:\Users\hp\.vscode\extensions\redhat.java-1.54.0-win32-x64\jre\21.0.10-win32-x86_64\bin\net.dll
0x00007ffc4d280000 - 0x00007ffc4d39f000 	C:\WINDOWS\SYSTEM32\WINHTTP.dll
0x00007ffc58b70000 - 0x00007ffc58bdb000 	C:\WINDOWS\system32\mswsock.dll
0x00007ffc24600000 - 0x00007ffc24616000 	C:\Users\hp\.vscode\extensions\redhat.java-1.54.0-win32-x64\jre\21.0.10-win32-x86_64\bin\nio.dll
0x00007ffc3c250000 - 0x00007ffc3c260000 	c:\Users\hp\.vscode\extensions\redhat.java-1.54.0-win32-x64\jre\21.0.10-win32-x86_64\bin\verify.dll
0x00007ffc21580000 - 0x00007ffc215c5000 	C:\Users\hp\AppData\Roaming\Code\User\globalStorage\redhat.java\1.54.0\config_win\org.eclipse.equinox.launcher\org.eclipse.equinox.launcher.win32.win32.x86_64_1.3.0.v20260203-2149\eclipse_11919.dll
0x00007ffc5ad40000 - 0x00007ffc5aed8000 	C:\WINDOWS\System32\ole32.dll
0x00007ffc58e30000 - 0x00007ffc58e4b000 	C:\WINDOWS\SYSTEM32\CRYPTSP.dll
0x00007ffc58560000 - 0x00007ffc5859b000 	C:\WINDOWS\system32\rsaenh.dll
0x00007ffc58c10000 - 0x00007ffc58c3b000 	C:\WINDOWS\SYSTEM32\USERENV.dll
0x00007ffc59720000 - 0x00007ffc59746000 	C:\WINDOWS\SYSTEM32\bcrypt.dll
0x00007ffc58e20000 - 0x00007ffc58e2c000 	C:\WINDOWS\SYSTEM32\CRYPTBASE.dll
0x00007ffc58020000 - 0x00007ffc58054000 	C:\WINDOWS\SYSTEM32\IPHLPAPI.DLL
0x00007ffc5c250000 - 0x00007ffc5c25a000 	C:\WINDOWS\System32\NSI.dll
0x00007ffc14970000 - 0x00007ffc149b9000 	C:\Users\hp\AppData\Local\Temp\jna--106862400\jna11556830028356953833.dll
0x00007ffc5ab30000 - 0x00007ffc5ab38000 	C:\WINDOWS\System32\PSAPI.DLL
0x00007ffc4d510000 - 0x00007ffc4d52e000 	C:\WINDOWS\SYSTEM32\dhcpcsvc6.DLL
0x00007ffc4d140000 - 0x00007ffc4d163000 	C:\WINDOWS\SYSTEM32\dhcpcsvc.DLL
0x00007ffc562e0000 - 0x00007ffc562ee000 	C:\Users\hp\.vscode\extensions\redhat.java-1.54.0-win32-x64\jre\21.0.10-win32-x86_64\bin\sunmscapi.dll
0x00007ffc5a110000 - 0x00007ffc5a287000 	C:\WINDOWS\System32\CRYPT32.dll
0x00007ffc58fc0000 - 0x00007ffc58ff0000 	C:\WINDOWS\SYSTEM32\ncrypt.dll
0x00007ffc58f70000 - 0x00007ffc58faf000 	C:\WINDOWS\SYSTEM32\NTASN1.dll
0x00007ffc58110000 - 0x00007ffc58236000 	C:\WINDOWS\SYSTEM32\DNSAPI.dll
0x00007ffc38fd0000 - 0x00007ffc38fdb000 	C:\Windows\System32\rasadhlp.dll
0x00007ffc4c620000 - 0x00007ffc4c6a6000 	C:\WINDOWS\System32\fwpuclnt.dll
0x00007ffc3e9e0000 - 0x00007ffc3e9e9000 	C:\Users\hp\.vscode\extensions\redhat.java-1.54.0-win32-x64\jre\21.0.10-win32-x86_64\bin\extnet.dll

JVMTI agents:
c:\Users\hp\.vscode\extensions\redhat.java-1.54.0-win32-x64\lombok\lombok-1.18.39-4050.jar path:c:\Users\hp\.vscode\extensions\redhat.java-1.54.0-win32-x64\jre\21.0.10-win32-x86_64\bin\instrument.dll, loaded, initialized, instrumentlib options:none

dbghelp: loaded successfully - version: 4.0.5 - missing functions: none
symbol engine: initialized successfully - sym options: 0x614 - pdb path: .;c:\Users\hp\.vscode\extensions\redhat.java-1.54.0-win32-x64\jre\21.0.10-win32-x86_64\bin;C:\WINDOWS\SYSTEM32;C:\WINDOWS\WinSxS\amd64_microsoft.windows.common-controls_6595b64144ccf1df_6.0.26100.6899_none_3e0efeeae32e88c1;c:\Users\hp\.vscode\extensions\redhat.java-1.54.0-win32-x64\jre\21.0.10-win32-x86_64\bin\server;C:\Users\hp\AppData\Roaming\Code\User\globalStorage\redhat.java\1.54.0\config_win\org.eclipse.equinox.launcher\org.eclipse.equinox.launcher.win32.win32.x86_64_1.3.0.v20260203-2149;C:\Users\hp\AppData\Local\Temp\jna--106862400

VM Arguments:
jvm_args: --add-modules=ALL-SYSTEM --add-opens=java.base/java.util=ALL-UNNAMED --add-opens=java.base/java.lang=ALL-UNNAMED --add-opens=java.base/sun.nio.fs=ALL-UNNAMED -Declipse.application=org.eclipse.jdt.ls.core.id1 -Dosgi.bundles.defaultStartLevel=4 -Declipse.product=org.eclipse.jdt.ls.core.product -Djava.import.generatesMetadataFilesAtProjectRoot=false -DDetectVMInstallationsJob.disabled=true -Dfile.encoding=utf8 -XX:+UseParallelGC -XX:GCTimeRatio=4 -XX:AdaptiveSizePolicyWeight=90 -Dsun.zip.disableMemoryMapping=true -Xmx2G -Xms100m -Xlog:disable -javaagent:c:\Users\hp\.vscode\extensions\redhat.java-1.54.0-win32-x64\lombok\lombok-1.18.39-4050.jar -XX:+HeapDumpOnOutOfMemoryError -XX:HeapDumpPath=c:\Users\hp\AppData\Roaming\Code\User\workspaceStorage\d92d0f5efebfacbc0219ff09c40f2235\redhat.java -Daether.dependencyCollector.impl=bf 
java_command: c:\Users\hp\.vscode\extensions\redhat.java-1.54.0-win32-x64\server\plugins\org.eclipse.equinox.launcher_1.7.100.v20251111-0406.jar -configuration c:\Users\hp\AppData\Roaming\Code\User\globalStorage\redhat.java\1.54.0\config_win -data c:\Users\hp\AppData\Roaming\Code\User\workspaceStorage\d92d0f5efebfacbc0219ff09c40f2235\redhat.java\jdt_ws --pipe=\\.\pipe\lsp-e58c8d89adfef4b2c8e5cd4820fd1648-sock
java_class_path (initial): c:\Users\hp\.vscode\extensions\redhat.java-1.54.0-win32-x64\server\plugins\org.eclipse.equinox.launcher_1.7.100.v20251111-0406.jar
Launcher Type: SUN_STANDARD

[Global flags]
    uintx AdaptiveSizePolicyWeight                 = 90                                        {product} {command line}
     intx CICompilerCount                          = 4                                         {product} {ergonomic}
    uintx GCTimeRatio                              = 4                                         {product} {command line}
     bool HeapDumpOnOutOfMemoryError               = true                                   {manageable} {command line}
    ccstr HeapDumpPath                             = c:\Users\hp\AppData\Roaming\Code\User\workspaceStorage\d92d0f5efebfacbc0219ff09c40f2235\redhat.java         {manageable} {command line}
   size_t InitialHeapSize                          = 104857600                                 {product} {command line}
   size_t MaxHeapSize                              = 2147483648                                {product} {command line}
   size_t MaxNewSize                               = 715653120                                 {product} {ergonomic}
   size_t MinHeapDeltaBytes                        = 524288                                    {product} {ergonomic}
   size_t MinHeapSize                              = 104857600                                 {product} {command line}
   size_t NewSize                                  = 34603008                                  {product} {ergonomic}
    uintx NonNMethodCodeHeapSize                   = 5839372                                {pd product} {ergonomic}
    uintx NonProfiledCodeHeapSize                  = 122909434                              {pd product} {ergonomic}
   size_t OldSize                                  = 70254592                                  {product} {ergonomic}
    uintx ProfiledCodeHeapSize                     = 122909434                              {pd product} {ergonomic}
    uintx ReservedCodeCacheSize                    = 251658240                              {pd product} {ergonomic}
     bool SegmentedCodeCache                       = true                                      {product} {ergonomic}
   size_t SoftMaxHeapSize                          = 2147483648                             {manageable} {ergonomic}
     bool UseCompressedOops                        = true                           {product lp64_product} {ergonomic}
     bool UseLargePagesIndividualAllocation        = false                                  {pd product} {ergonomic}
     bool UseParallelGC                            = true                                      {product} {command line}

Logging:
Log output configuration:
 #0: stdout all=off uptime,level,tags foldmultilines=false
 #1: stderr all=off uptime,level,tags foldmultilines=false

Release file:
JAVA_VERSION="21.0.10" 
MODULES="java.base java.compiler java.datatransfer java.xml java.prefs java.desktop java.instrument java.logging java.management java.security.sasl java.naming java.rmi java.management.rmi java.net.http java.scripting java.security.jgss java.transaction.xa java.sql java.sql.rowset java.xml.crypto java.se java.smartcardio jdk.accessibility jdk.internal.jvmstat jdk.attach jdk.charsets jdk.internal.opt jdk.zipfs jdk.compiler jdk.crypto.ec jdk.crypto.cryptoki jdk.crypto.mscapi jdk.dynalink jdk.internal.ed jdk.editpad jdk.hotspot.agent jdk.httpserver jdk.internal.le jdk.internal.vm.ci jdk.internal.vm.compiler jdk.internal.vm.compiler.management jdk.jartool jdk.javadoc jdk.jcmd jdk.management jdk.management.agent jdk.jconsole jdk.jdeps jdk.jdwp.agent jdk.jdi jdk.jfr jdk.jshell jdk.jsobject jdk.jstatd jdk.localedata jdk.management.jfr jdk.naming.dns jdk.naming.rmi jdk.net jdk.nio.mapmode jdk.random jdk.sctp jdk.security.auth jdk.security.jgss jdk.unsupported jdk.unsupported.desktop jdk.xml.dom" 

Environment Variables:
PATH=C:\Python313\Scripts\;C:\Python313\;C:\Program Files\Common Files\Oracle\Java\javapath;C:\Program Files (x86)\Common Files\Oracle\Java\java8path;C:\Program Files (x86)\Common Files\Oracle\Java\javapath;C:\Program Files (x86)\NVIDIA Corporation\PhysX\Common;C:\WINDOWS\system32;C:\WINDOWS;C:\WINDOWS\System32\Wbem;C:\WINDOWS\System32\WindowsPowerShell\v1.0\;C:\WINDOWS\System32\OpenSSH\;C:\Program Files\Git\cmd;C:\Program Files\nodejs\;C:\ProgramData\chocolatey\bin;C:\Program Files\dotnet\;C:\Users\hp\Downloads\apache-maven-3.9.14-bin;C:\ProgramData\chocolatey\lib\maven\apache-maven-3.9.15\bin;C:\Users\hp\AppData\Local\Programs\Python\Python314\Scripts\;C:\Users\hp\AppData\Local\Programs\Python\Python314\;C:\Users\hp\AppData\Local\Microsoft\WindowsApps;C:\Users\hp\AppData\Local\Programs\Microsoft VS Code\bin;C:\Users\hp\AppData\Roaming\npm;;C:\tools\mysql\current\bin
USERNAME=KENNEDY
OS=Windows_NT
PROCESSOR_IDENTIFIER=Intel64 Family 6 Model 142 Stepping 11, GenuineIntel
TMP=C:\Users\hp\AppData\Local\Temp
TEMP=C:\Users\hp\AppData\Local\Temp




Periodic native trim disabled

---------------  S Y S T E M  ---------------

OS:
 Windows 11 , 64 bit Build 26100 (10.0.26100.6725)
OS uptime: 1 days 1:05 hours

CPU: total 8 (initial active 8) (4 cores per cpu, 2 threads per core) family 6 model 142 stepping 11 microcode 0xf6, cx8, cmov, fxsr, ht, mmx, 3dnowpref, sse, sse2, sse3, ssse3, sse4.1, sse4.2, popcnt, lzcnt, tsc, tscinvbit, avx, avx2, aes, erms, clmul, bmi1, bmi2, adx, fma, vzeroupper, clflush, clflushopt, rdtscp, f16c
Processor Information for the first 8 processors :
  Max Mhz: 1800, Current Mhz: 1400, Mhz Limit: 1584

Memory: 4k page, system-wide physical 8030M (159M free)
TotalPageFile size 16222M (AvailPageFile size 5M)
current process WorkingSet (physical memory assigned to process): 8M, peak: 372M
current process commit charge ("private bytes"): 394M, peak: 442M

vm_info: OpenJDK 64-Bit Server VM (21.0.10+7-LTS) for windows-amd64 JRE (21.0.10+7-LTS), built on 2026-01-20T00:00:00Z by "admin" with MS VC++ 17.12 (VS2022)

END.
