#
# There is insufficient memory for the Java Runtime Environment to continue.
# Native memory allocation (malloc) failed to allocate 1506576 bytes. Error detail: Chunk::new
# Possible reasons:
#   The system is out of physical RAM or swap space
#   This process is running with CompressedOops enabled, and the Java Heap may be blocking the growth of the native heap
# Possible solutions:
#   Reduce memory load on the system
#   Increase physical memory or swap space
#   Check if swap backing store is full
#   Decrease Java heap size (-Xmx/-Xms)
#   Decrease number of Java threads
#   Decrease Java thread stack sizes (-Xss)
#   Set larger code cache with -XX:ReservedCodeCacheSize=
#   JVM is running with Unscaled Compressed Oops mode in which the Java heap is
#     placed in the first 4GB address space. The Java Heap base address is the
#     maximum limit for the native heap growth. Please use -XX:HeapBaseMinAddress
#     to set the Java Heap base and to place the Java Heap above 4GB virtual address.
# This output file may be truncated or incomplete.
#
#  Out of Memory Error (arena.cpp:168), pid=10500, tid=5572
#
# JRE version: OpenJDK Runtime Environment Temurin-21.0.10+7 (21.0.10+7) (build 21.0.10+7-LTS)
# Java VM: OpenJDK 64-Bit Server VM Temurin-21.0.10+7 (21.0.10+7-LTS, mixed mode, sharing, tiered, compressed oops, compressed class ptrs, parallel gc, windows-amd64)
# No core dump will be written. Minidumps are not enabled by default on client versions of Windows
#

---------------  S U M M A R Y ------------

Command Line: --add-modules=ALL-SYSTEM --add-opens=java.base/java.util=ALL-UNNAMED --add-opens=java.base/java.lang=ALL-UNNAMED --add-opens=java.base/sun.nio.fs=ALL-UNNAMED -Declipse.application=org.eclipse.jdt.ls.core.id1 -Dosgi.bundles.defaultStartLevel=4 -Declipse.product=org.eclipse.jdt.ls.core.product -Djava.import.generatesMetadataFilesAtProjectRoot=false -DDetectVMInstallationsJob.disabled=true -Dfile.encoding=utf8 -XX:+UseParallelGC -XX:GCTimeRatio=4 -XX:AdaptiveSizePolicyWeight=90 -Dsun.zip.disableMemoryMapping=true -Xmx2G -Xms100m -Xlog:disable -javaagent:c:\Users\hp\.vscode\extensions\redhat.java-1.54.0-win32-x64\lombok\lombok-1.18.39-4050.jar -XX:+HeapDumpOnOutOfMemoryError -XX:HeapDumpPath=c:\Users\hp\AppData\Roaming\Code\User\workspaceStorage\dc3e17ca2b51afcc3cb7108b827147bb\redhat.java -Daether.dependencyCollector.impl=bf c:\Users\hp\.vscode\extensions\redhat.java-1.54.0-win32-x64\server\plugins\org.eclipse.equinox.launcher_1.7.100.v20251111-0406.jar -configuration c:\Users\hp\AppData\Roaming\Code\User\globalStorage\redhat.java\1.54.0\config_win -data c:\Users\hp\AppData\Roaming\Code\User\workspaceStorage\dc3e17ca2b51afcc3cb7108b827147bb\redhat.java\jdt_ws --pipe=\\.\pipe\lsp-af95429c496bd07455185d1b150823b4-sock

Host: Intel(R) Core(TM) i5-8265U CPU @ 1.60GHz, 8 cores, 7G,  Windows 11 , 64 bit Build 26100 (10.0.26100.6725)
Time: Sat Jun  6 14:55:06 2026 South Africa Standard Time elapsed time: 15.718874 seconds (0d 0h 0m 15s)

---------------  T H R E A D  ---------------

Current thread (0x0000023ef0e5c8c0):  JavaThread "C2 CompilerThread0" daemon [_thread_in_native, id=5572, stack(0x000000f3a5700000,0x000000f3a5800000) (1024K)]


Current CompileTask:
C2:15719 3571       4       java.lang.invoke.MethodType::makeImpl (109 bytes)

Stack: [0x000000f3a5700000,0x000000f3a5800000]
Native frames: (J=compiled Java code, j=interpreted, Vv=VM code, C=native code)
V  [jvm.dll+0x6d7a39]
V  [jvm.dll+0x8b4b26]
V  [jvm.dll+0x8b70de]
V  [jvm.dll+0x8b77c3]
V  [jvm.dll+0x284346]
V  [jvm.dll+0xc66ed]
V  [jvm.dll+0xc6c31]
V  [jvm.dll+0x3bec01]
V  [jvm.dll+0x38b162]
V  [jvm.dll+0x38a5aa]
V  [jvm.dll+0x24c560]
V  [jvm.dll+0x24bb40]
V  [jvm.dll+0x1cb34e]
V  [jvm.dll+0x25b85d]
V  [jvm.dll+0x259dea]
V  [jvm.dll+0x3f857e]
V  [jvm.dll+0x85f59d]
V  [jvm.dll+0x6d626d]
C  [ucrtbase.dll+0x37b0]
C  [KERNEL32.DLL+0x2e8d7]
C  [ntdll.dll+0x8c53c]


---------------  P R O C E S S  ---------------

Threads class SMR info:
_java_thread_list=0x0000023ef27acef0, length=22, elements={
0x0000023eda3e2550, 0x0000023ef0e4f660, 0x0000023ef0e53790, 0x0000023ef0e55f40,
0x0000023ef0e56f50, 0x0000023ef0e59ac0, 0x0000023ef0e5a520, 0x0000023ef0e5c8c0,
0x0000023ef0e838f0, 0x0000023ef290e890, 0x0000023ef2a135f0, 0x0000023ef77d6ab0,
0x0000023ef7817610, 0x0000023ef77908d0, 0x0000023ef7790f40, 0x0000023ef7b3ae60,
0x0000023ef7bdf5b0, 0x0000023ef71d7330, 0x0000023ef7d96680, 0x0000023ef72d6850,
0x0000023ef7ac4e00, 0x0000023ef7ac4770
}

Java Threads: ( => current thread )
  0x0000023eda3e2550 JavaThread ""                          
[error occurred during error reporting (printing all threads), id 0xc0000005, EXCEPTION_ACCESS_VIOLATION (0xc0000005) at pc=0x00007ffbb48f0b2d]
VM state: at safepoint (normal execution)

VM Mutex/Monitor currently owned by a thread:  ([mutex/lock_event])
[0x00007ffbb51be560] Threads_lock - owner thread: 0x0000023eda49ea40
[0x00007ffbb51be660] Heap_lock - owner thread: 0x0000023ef7790f40

Heap address: 0x0000000080000000, size: 2048 MB, Compressed Oops mode: 32-bit

CDS archive(s) mapped at: [0x0000023e80000000-0x0000023e80ba0000-0x0000023e80ba0000), size 12189696, SharedBaseAddress: 0x0000023e80000000, ArchiveRelocationMode: 1.
Compressed class space mapped at: 0x0000023e81000000-0x0000023ec1000000, reserved size: 1073741824
Narrow klass base: 0x0000023e80000000, Narrow klass shift: 0, Narrow klass range: 0x100000000

GC Precious Log:
 CardTable entry size: 512
 CPUs: 8 total, 8 available
 Memory: 8030M
 Large Page Support: Disabled
 NUMA Support: Disabled
 Compressed Oops: Enabled (32-bit)
 Alignments: Space 512K, Generation 512K, Heap 2M
 Heap Min Capacity: 100M
 Heap Initial Capacity: 100M
 Heap Max Capacity: 2G
 Pre-touch: Disabled
 Parallel Workers: 8

Heap:
 PSYoungGen      total 29184K, used 4488K [0x00000000d5580000, 0x00000000d7780000, 0x0000000100000000)
  eden space 24576K, 0% used [0x00000000d5580000,0x00000000d5580000,0x00000000d6d80000)
  from space 4608K, 97% used [0x00000000d6e00000,0x00000000d7262298,0x00000000d7280000)
  to   space 5120K, 0% used [0x00000000d7280000,0x00000000d7280000,0x00000000d7780000)
 ParOldGen       total 68608K, used 9335K [0x0000000080000000, 0x0000000084300000, 0x00000000d5580000)
  object space 68608K, 13% used [0x0000000080000000,0x000000008091dc70,0x0000000084300000)
 Metaspace       used 20618K, committed 21504K, reserved 1114112K
  class space    used 2212K, committed 2624K, reserved 1048576K

Card table byte_map: [0x0000023ed9db0000,0x0000023eda1c0000] _byte_map_base: 0x0000023ed99b0000

Marking Bits: (ParMarkBitMap*) 0x00007ffbb51c3450
 Begin Bits: [0x0000023eec890000, 0x0000023eee890000)
 End Bits:   [0x0000023eee890000, 0x0000023ef0890000)

Polling page: 0x0000023ed9ba0000

Metaspace:

Usage:
  Non-class:     17.97 MB used.
      Class:      2.16 MB used.
       Both:     20.13 MB used.

Virtual space:
  Non-class space:       64.00 MB reserved,      18.44 MB ( 29%) committed,  1 nodes.
      Class space:        1.00 GB reserved,       2.56 MB ( <1%) committed,  1 nodes.
             Both:        1.06 GB reserved,      21.00 MB (  2%) committed. 

Chunk freelists:
   Non-Class:  13.44 MB
       Class:  13.36 MB
        Both:  26.80 MB

MaxMetaspaceSize: unlimited
CompressedClassSpaceSize: 1.00 GB
Initial GC threshold: 21.00 MB
Current GC threshold: 21.00 MB
CDS: on
 - commit_granule_bytes: 65536.
 - commit_granule_words: 8192.
 - virtual_space_node_default_size: 8388608.
 - enlarge_chunks_in_place: 1.
 - use_allocation_guard: 0.


Internal statistics:

num_allocs_failed_limit: 3.
num_arena_births: 744.
num_arena_deaths: 0.
num_vsnodes_births: 2.
num_vsnodes_deaths: 0.
num_space_committed: 336.
num_space_uncommitted: 0.
num_chunks_returned_to_freelist: 3.
num_chunks_taken_from_freelist: 1581.
num_chunk_merges: 3.
num_chunk_splits: 996.
num_chunks_enlarged: 598.
num_inconsistent_stats: 0.

CodeHeap 'non-profiled nmethods': size=120000Kb used=1551Kb max_used=1551Kb free=118448Kb
 bounds [0x0000023ee50b0000, 0x0000023ee5320000, 0x0000023eec5e0000]
CodeHeap 'profiled nmethods': size=120000Kb used=7832Kb max_used=7832Kb free=112167Kb
 bounds [0x0000023edd5e0000, 0x0000023eddd90000, 0x0000023ee4b10000]
CodeHeap 'non-nmethods': size=5760Kb used=1293Kb max_used=1309Kb free=4466Kb
 bounds [0x0000023ee4b10000, 0x0000023ee4d80000, 0x0000023ee50b0000]
CodeCache: size=245760Kb, used=10676Kb, max_used=10692Kb, free=235081Kb
 total_blobs=4339, nmethods=3765, adapters=479, full_count=0
Compilation: enabled, stopped_count=0, restarted_count=0

Compilation events (20 events):
Event: 14.698 Thread 0x0000023ef0e838f0 3763       3       jdk.internal.reflect.ClassFileAssembler::emitConstantPoolMethodref (28 bytes)
Event: 14.699 Thread 0x0000023ef0e838f0 nmethod 3763 0x0000023eddd7ec90 code [0x0000023eddd7eee0, 0x0000023eddd7f5b0]
Event: 14.700 Thread 0x0000023ef0e838f0 3765       3       java.io.ObjectStreamField::getSignature (39 bytes)
Event: 14.701 Thread 0x0000023ef0e838f0 nmethod 3765 0x0000023eddd7f990 code [0x0000023eddd7fb60, 0x0000023eddd7fda8]
Event: 14.701 Thread 0x0000023ef0e838f0 3767       3       java.io.ObjectInputStream$BlockDataInputStream::skipBlockData (32 bytes)
Event: 14.701 Thread 0x0000023ef0e838f0 nmethod 3767 0x0000023eddd7fe90 code [0x0000023eddd80060, 0x0000023eddd80358]
Event: 14.701 Thread 0x0000023ef0e838f0 3766       3       java.io.ObjectInputStream::skipCustomData (105 bytes)
Event: 14.704 Thread 0x0000023ef0e838f0 nmethod 3766 0x0000023eddd80490 code [0x0000023eddd80720, 0x0000023eddd810e8]
Event: 14.704 Thread 0x0000023ef0e838f0 3768       3       java.io.ObjectStreamField::getTypeCode (9 bytes)
Event: 14.705 Thread 0x0000023ef0e838f0 nmethod 3768 0x0000023eddd81490 code [0x0000023eddd816a0, 0x0000023eddd81c68]
Event: 14.705 Thread 0x0000023ef0e838f0 3770       3       jdk.internal.reflect.ClassFileAssembler::emitConstantPoolNameAndType (28 bytes)
Event: 14.706 Thread 0x0000023ef0e838f0 nmethod 3770 0x0000023eddd81f10 code [0x0000023eddd82160, 0x0000023eddd82830]
Event: 14.706 Thread 0x0000023ef0e838f0 3769       3       java.io.ObjectStreamField::isPrimitive (23 bytes)
Event: 14.708 Thread 0x0000023ef0e838f0 nmethod 3769 0x0000023eddd82c10 code [0x0000023eddd82e20, 0x0000023eddd834e0]
Event: 14.710 Thread 0x0000023ef0e838f0 3771       1       java.io.ObjectStreamField::setOffset (6 bytes)
Event: 14.710 Thread 0x0000023ef0e838f0 nmethod 3771 0x0000023ee5233310 code [0x0000023ee52334a0, 0x0000023ee5233568]
Event: 14.712 Thread 0x0000023ef0e838f0 3772       3       java.lang.invoke.MethodType::invokers (27 bytes)
Event: 14.713 Thread 0x0000023ef0e838f0 nmethod 3772 0x0000023eddd83810 code [0x0000023eddd839c0, 0x0000023eddd83d20]
Event: 15.602 Thread 0x0000023ef0e838f0 3773       3       java.lang.Thread::isVirtual (5 bytes)
Event: 15.603 Thread 0x0000023ef0e838f0 nmethod 3773 0x0000023eddd83e10 code [0x0000023eddd83fc0, 0x0000023eddd841c8]

GC Heap History (12 events):
Event: 3.599 GC heap before
{Heap before GC invocations=1 (full 0):
 PSYoungGen      total 29696K, used 25600K [0x00000000d5580000, 0x00000000d7680000, 0x0000000100000000)
  eden space 25600K, 100% used [0x00000000d5580000,0x00000000d6e80000,0x00000000d6e80000)
  from space 4096K, 0% used [0x00000000d7280000,0x00000000d7280000,0x00000000d7680000)
  to   space 4096K, 0% used [0x00000000d6e80000,0x00000000d6e80000,0x00000000d7280000)
 ParOldGen       total 68608K, used 0K [0x0000000080000000, 0x0000000084300000, 0x00000000d5580000)
  object space 68608K, 0% used [0x0000000080000000,0x0000000080000000,0x0000000084300000)
 Metaspace       used 4372K, committed 4608K, reserved 1114112K
  class space    used 474K, committed 576K, reserved 1048576K
}
Event: 3.618 GC heap after
{Heap after GC invocations=1 (full 0):
 PSYoungGen      total 29696K, used 3312K [0x00000000d5580000, 0x00000000d7680000, 0x0000000100000000)
  eden space 25600K, 0% used [0x00000000d5580000,0x00000000d5580000,0x00000000d6e80000)
  from space 4096K, 80% used [0x00000000d6e80000,0x00000000d71bc148,0x00000000d7280000)
  to   space 4096K, 0% used [0x00000000d7280000,0x00000000d7280000,0x00000000d7680000)
 ParOldGen       total 68608K, used 16K [0x0000000080000000, 0x0000000084300000, 0x00000000d5580000)
  object space 68608K, 0% used [0x0000000080000000,0x0000000080004000,0x0000000084300000)
 Metaspace       used 4372K, committed 4608K, reserved 1114112K
  class space    used 474K, committed 576K, reserved 1048576K
}
Event: 6.210 GC heap before
{Heap before GC invocations=2 (full 0):
 PSYoungGen      total 29696K, used 28912K [0x00000000d5580000, 0x00000000d7680000, 0x0000000100000000)
  eden space 25600K, 100% used [0x00000000d5580000,0x00000000d6e80000,0x00000000d6e80000)
  from space 4096K, 80% used [0x00000000d6e80000,0x00000000d71bc148,0x00000000d7280000)
  to   space 4096K, 0% used [0x00000000d7280000,0x00000000d7280000,0x00000000d7680000)
 ParOldGen       total 68608K, used 16K [0x0000000080000000, 0x0000000084300000, 0x00000000d5580000)
  object space 68608K, 0% used [0x0000000080000000,0x0000000080004000,0x0000000084300000)
 Metaspace       used 8006K, committed 8320K, reserved 1114112K
  class space    used 830K, committed 960K, reserved 1048576K
}
Event: 6.231 GC heap after
{Heap after GC invocations=2 (full 0):
 PSYoungGen      total 29696K, used 4070K [0x00000000d5580000, 0x00000000d7680000, 0x0000000100000000)
  eden space 25600K, 0% used [0x00000000d5580000,0x00000000d5580000,0x00000000d6e80000)
  from space 4096K, 99% used [0x00000000d7280000,0x00000000d7679800,0x00000000d7680000)
  to   space 4096K, 0% used [0x00000000d6e80000,0x00000000d6e80000,0x00000000d7280000)
 ParOldGen       total 68608K, used 2073K [0x0000000080000000, 0x0000000084300000, 0x00000000d5580000)
  object space 68608K, 3% used [0x0000000080000000,0x00000000802066a8,0x0000000084300000)
 Metaspace       used 8006K, committed 8320K, reserved 1114112K
  class space    used 830K, committed 960K, reserved 1048576K
}
Event: 7.355 GC heap before
{Heap before GC invocations=3 (full 0):
 PSYoungGen      total 29696K, used 29592K [0x00000000d5580000, 0x00000000d7680000, 0x0000000100000000)
  eden space 25600K, 99% used [0x00000000d5580000,0x00000000d6e6cb48,0x00000000d6e80000)
  from space 4096K, 99% used [0x00000000d7280000,0x00000000d7679800,0x00000000d7680000)
  to   space 4096K, 0% used [0x00000000d6e80000,0x00000000d6e80000,0x00000000d7280000)
 ParOldGen       total 68608K, used 2073K [0x0000000080000000, 0x0000000084300000, 0x00000000d5580000)
  object space 68608K, 3% used [0x0000000080000000,0x00000000802066a8,0x0000000084300000)
 Metaspace       used 9466K, committed 9792K, reserved 1114112K
  class space    used 1007K, committed 1152K, reserved 1048576K
}
Event: 7.369 GC heap after
{Heap after GC invocations=3 (full 0):
 PSYoungGen      total 29696K, used 4093K [0x00000000d5580000, 0x00000000d7680000, 0x0000000100000000)
  eden space 25600K, 0% used [0x00000000d5580000,0x00000000d5580000,0x00000000d6e80000)
  from space 4096K, 99% used [0x00000000d6e80000,0x00000000d727f558,0x00000000d7280000)
  to   space 4096K, 0% used [0x00000000d7280000,0x00000000d7280000,0x00000000d7680000)
 ParOldGen       total 68608K, used 5104K [0x0000000080000000, 0x0000000084300000, 0x00000000d5580000)
  object space 68608K, 7% used [0x0000000080000000,0x00000000804fc258,0x0000000084300000)
 Metaspace       used 9466K, committed 9792K, reserved 1114112K
  class space    used 1007K, committed 1152K, reserved 1048576K
}
Event: 10.630 GC heap before
{Heap before GC invocations=4 (full 0):
 PSYoungGen      total 29696K, used 29693K [0x00000000d5580000, 0x00000000d7680000, 0x0000000100000000)
  eden space 25600K, 100% used [0x00000000d5580000,0x00000000d6e80000,0x00000000d6e80000)
  from space 4096K, 99% used [0x00000000d6e80000,0x00000000d727f558,0x00000000d7280000)
  to   space 4096K, 0% used [0x00000000d7280000,0x00000000d7280000,0x00000000d7680000)
 ParOldGen       total 68608K, used 5104K [0x0000000080000000, 0x0000000084300000, 0x00000000d5580000)
  object space 68608K, 7% used [0x0000000080000000,0x00000000804fc258,0x0000000084300000)
 Metaspace       used 11672K, committed 12096K, reserved 1114112K
  class space    used 1232K, committed 1408K, reserved 1048576K
}
Event: 10.645 GC heap after
{Heap after GC invocations=4 (full 0):
 PSYoungGen      total 29696K, used 4085K [0x00000000d5580000, 0x00000000d7680000, 0x0000000100000000)
  eden space 25600K, 0% used [0x00000000d5580000,0x00000000d5580000,0x00000000d6e80000)
  from space 4096K, 99% used [0x00000000d7280000,0x00000000d767d7b8,0x00000000d7680000)
  to   space 4096K, 0% used [0x00000000d6e80000,0x00000000d6e80000,0x00000000d7280000)
 ParOldGen       total 68608K, used 6698K [0x0000000080000000, 0x0000000084300000, 0x00000000d5580000)
  object space 68608K, 9% used [0x0000000080000000,0x000000008068a9d0,0x0000000084300000)
 Metaspace       used 11672K, committed 12096K, reserved 1114112K
  class space    used 1232K, committed 1408K, reserved 1048576K
}
Event: 11.859 GC heap before
{Heap before GC invocations=5 (full 0):
 PSYoungGen      total 29696K, used 29685K [0x00000000d5580000, 0x00000000d7680000, 0x0000000100000000)
  eden space 25600K, 100% used [0x00000000d5580000,0x00000000d6e80000,0x00000000d6e80000)
  from space 4096K, 99% used [0x00000000d7280000,0x00000000d767d7b8,0x00000000d7680000)
  to   space 4096K, 0% used [0x00000000d6e80000,0x00000000d6e80000,0x00000000d7280000)
 ParOldGen       total 68608K, used 6698K [0x0000000080000000, 0x0000000084300000, 0x00000000d5580000)
  object space 68608K, 9% used [0x0000000080000000,0x000000008068a9d0,0x0000000084300000)
 Metaspace       used 15538K, committed 16192K, reserved 1114112K
  class space    used 1614K, committed 1920K, reserved 1048576K
}
Event: 11.870 GC heap after
{Heap after GC invocations=5 (full 0):
 PSYoungGen      total 29184K, used 4068K [0x00000000d5580000, 0x00000000d7900000, 0x0000000100000000)
  eden space 25088K, 0% used [0x00000000d5580000,0x00000000d5580000,0x00000000d6e00000)
  from space 4096K, 99% used [0x00000000d6e80000,0x00000000d72792d0,0x00000000d7280000)
  to   space 5632K, 0% used [0x00000000d7380000,0x00000000d7380000,0x00000000d7900000)
 ParOldGen       total 68608K, used 7807K [0x0000000080000000, 0x0000000084300000, 0x00000000d5580000)
  object space 68608K, 11% used [0x0000000080000000,0x000000008079fc88,0x0000000084300000)
 Metaspace       used 15538K, committed 16192K, reserved 1114112K
  class space    used 1614K, committed 1920K, reserved 1048576K
}
Event: 13.988 GC heap before
{Heap before GC invocations=6 (full 0):
 PSYoungGen      total 29184K, used 29156K [0x00000000d5580000, 0x00000000d7900000, 0x0000000100000000)
  eden space 25088K, 100% used [0x00000000d5580000,0x00000000d6e00000,0x00000000d6e00000)
  from space 4096K, 99% used [0x00000000d6e80000,0x00000000d72792d0,0x00000000d7280000)
  to   space 5632K, 0% used [0x00000000d7380000,0x00000000d7380000,0x00000000d7900000)
 ParOldGen       total 68608K, used 7807K [0x0000000080000000, 0x0000000084300000, 0x00000000d5580000)
  object space 68608K, 11% used [0x0000000080000000,0x000000008079fc88,0x0000000084300000)
 Metaspace       used 18579K, committed 19328K, reserved 1114112K
  class space    used 1949K, committed 2240K, reserved 1048576K
}
Event: 14.003 GC heap after
{Heap after GC invocations=6 (full 0):
 PSYoungGen      total 30208K, used 5329K [0x00000000d5580000, 0x00000000d7900000, 0x0000000100000000)
  eden space 24576K, 0% used [0x00000000d5580000,0x00000000d5580000,0x00000000d6d80000)
  from space 5632K, 94% used [0x00000000d7380000,0x00000000d78b4750,0x00000000d7900000)
  to   space 5632K, 0% used [0x00000000d6e00000,0x00000000d6e00000,0x00000000d7380000)
 ParOldGen       total 68608K, used 7815K [0x0000000080000000, 0x0000000084300000, 0x00000000d5580000)
  object space 68608K, 11% used [0x0000000080000000,0x00000000807a1c88,0x0000000084300000)
 Metaspace       used 18579K, committed 19328K, reserved 1114112K
  class space    used 1949K, committed 2240K, reserved 1048576K
}

Dll operation events (10 events):
Event: 0.073 Loaded shared library c:\Users\hp\.vscode\extensions\redhat.java-1.54.0-win32-x64\jre\21.0.10-win32-x86_64\bin\java.dll
Event: 0.461 Loaded shared library c:\Users\hp\.vscode\extensions\redhat.java-1.54.0-win32-x64\jre\21.0.10-win32-x86_64\bin\zip.dll
Event: 0.584 Loaded shared library C:\Users\hp\.vscode\extensions\redhat.java-1.54.0-win32-x64\jre\21.0.10-win32-x86_64\bin\instrument.dll
Event: 0.613 Loaded shared library C:\Users\hp\.vscode\extensions\redhat.java-1.54.0-win32-x64\jre\21.0.10-win32-x86_64\bin\net.dll
Event: 0.624 Loaded shared library C:\Users\hp\.vscode\extensions\redhat.java-1.54.0-win32-x64\jre\21.0.10-win32-x86_64\bin\nio.dll
Event: 0.638 Loaded shared library C:\Users\hp\.vscode\extensions\redhat.java-1.54.0-win32-x64\jre\21.0.10-win32-x86_64\bin\zip.dll
Event: 0.731 Loaded shared library C:\Users\hp\.vscode\extensions\redhat.java-1.54.0-win32-x64\jre\21.0.10-win32-x86_64\bin\jimage.dll
Event: 1.154 Loaded shared library c:\Users\hp\.vscode\extensions\redhat.java-1.54.0-win32-x64\jre\21.0.10-win32-x86_64\bin\verify.dll
Event: 6.265 Loaded shared library C:\Users\hp\AppData\Roaming\Code\User\globalStorage\redhat.java\1.54.0\config_win\org.eclipse.equinox.launcher\org.eclipse.equinox.launcher.win32.win32.x86_64_1.3.0.v20260203-2149\eclipse_11919.dll
Event: 12.221 Loaded shared library C:\Users\hp\AppData\Local\Temp\jna--106862400\jna11201722029701281797.dll

Deoptimization events (20 events):
Event: 14.337 Thread 0x0000023ef7790f40 Uncommon trap: trap_request=0xffffff45 fr.pc=0x0000023ee510e324 relative=0x0000000000000444
Event: 14.337 Thread 0x0000023ef7790f40 Uncommon trap: reason=unstable_if action=reinterpret pc=0x0000023ee510e324 method=java.lang.AbstractStringBuilder.isLatin1()Z @ 10 c2
Event: 14.337 Thread 0x0000023ef7790f40 DEOPT PACKING pc=0x0000023ee510e324 sp=0x000000f3a65f2cb0
Event: 14.337 Thread 0x0000023ef7790f40 DEOPT UNPACKING pc=0x0000023ee4b63aa2 sp=0x000000f3a65f2c40 mode 2
Event: 14.337 Thread 0x0000023ef7790f40 Uncommon trap: trap_request=0xffffff45 fr.pc=0x0000023ee50f2c0c relative=0x000000000000006c
Event: 14.337 Thread 0x0000023ef7790f40 Uncommon trap: reason=unstable_if action=reinterpret pc=0x0000023ee50f2c0c method=java.lang.AbstractStringBuilder.isLatin1()Z @ 10 c2
Event: 14.337 Thread 0x0000023ef7790f40 DEOPT PACKING pc=0x0000023ee50f2c0c sp=0x000000f3a65f2cb0
Event: 14.337 Thread 0x0000023ef7790f40 DEOPT UNPACKING pc=0x0000023ee4b63aa2 sp=0x000000f3a65f2c40 mode 2
Event: 14.338 Thread 0x0000023ef7790f40 Uncommon trap: trap_request=0xffffff45 fr.pc=0x0000023ee51ea3ec relative=0x000000000000004c
Event: 14.338 Thread 0x0000023ef7790f40 Uncommon trap: reason=unstable_if action=reinterpret pc=0x0000023ee51ea3ec method=java.lang.StringLatin1.canEncode(C)Z @ 4 c2
Event: 14.338 Thread 0x0000023ef7790f40 DEOPT PACKING pc=0x0000023ee51ea3ec sp=0x000000f3a65f2c40
Event: 14.338 Thread 0x0000023ef7790f40 DEOPT UNPACKING pc=0x0000023ee4b63aa2 sp=0x000000f3a65f2bc8 mode 2
Event: 14.566 Thread 0x0000023ef7790f40 Uncommon trap: trap_request=0xffffff45 fr.pc=0x0000023ee520f760 relative=0x00000000000010e0
Event: 14.566 Thread 0x0000023ef7790f40 Uncommon trap: reason=unstable_if action=reinterpret pc=0x0000023ee520f760 method=jdk.internal.org.objectweb.asm.Frame.execute(IILjdk/internal/org/objectweb/asm/Symbol;Ljdk/internal/org/objectweb/asm/SymbolTable;)V @ 1 c2
Event: 14.566 Thread 0x0000023ef7790f40 DEOPT PACKING pc=0x0000023ee520f760 sp=0x000000f3a65f1f50
Event: 14.566 Thread 0x0000023ef7790f40 DEOPT UNPACKING pc=0x0000023ee4b63aa2 sp=0x000000f3a65f1ed8 mode 2
Event: 14.598 Thread 0x0000023ef7790f40 Uncommon trap: trap_request=0xffffff45 fr.pc=0x0000023ee52226bc relative=0x000000000000009c
Event: 14.598 Thread 0x0000023ef7790f40 Uncommon trap: reason=unstable_if action=reinterpret pc=0x0000023ee52226bc method=java.lang.invoke.LambdaForm$BasicType.basicType(C)Ljava/lang/invoke/LambdaForm$BasicType; @ 1 c2
Event: 14.598 Thread 0x0000023ef7790f40 DEOPT PACKING pc=0x0000023ee52226bc sp=0x000000f3a65f1f50
Event: 14.599 Thread 0x0000023ef7790f40 DEOPT UNPACKING pc=0x0000023ee4b63aa2 sp=0x000000f3a65f1ee8 mode 2

Classes loaded (20 events):
Event: 14.568 Loading class java/io/ObjectStreamClass$DeserializationConstructorsCache$Key done
Event: 14.568 Loading class java/io/ObjectStreamClass$DeserializationConstructorsCache$Key$Lookup done
Event: 14.577 Loading class java/lang/invoke/BoundMethodHandle$Species_LIL
Event: 14.577 Loading class java/lang/invoke/BoundMethodHandle$Species_LIL done
Event: 14.584 Loading class java/io/ObjectStreamClass$DeserializationConstructorsCache$Key$Impl
Event: 14.584 Loading class java/io/ObjectStreamClass$DeserializationConstructorsCache$Key$Impl done
Event: 14.586 Loading class java/lang/runtime/ObjectMethods
Event: 14.588 Loading class java/lang/runtime/ObjectMethods done
Event: 14.593 Loading class java/lang/invoke/MethodHandleImpl$Makers
Event: 14.593 Loading class java/lang/invoke/MethodHandleImpl$Makers done
Event: 14.593 Loading class java/lang/invoke/MethodHandleImpl$Makers$1
Event: 14.594 Loading class java/lang/invoke/MethodHandleImpl$Makers$1 done
Event: 14.594 Loading class java/lang/invoke/MethodHandleImpl$Makers$2
Event: 14.594 Loading class java/lang/invoke/MethodHandleImpl$Makers$2 done
Event: 14.594 Loading class java/lang/invoke/MethodHandleImpl$Makers$3
Event: 14.594 Loading class java/lang/invoke/MethodHandleImpl$Makers$3 done
Event: 14.601 Loading class java/lang/runtime/ObjectMethods$1
Event: 14.601 Loading class java/lang/runtime/ObjectMethods$1 done
Event: 14.699 Loading class java/io/FileFilter
Event: 14.699 Loading class java/io/FileFilter done

Classes unloaded (0 events):
No events

Classes redefined (0 events):
No events

Internal exceptions (20 events):
Event: 12.419 Thread 0x0000023ef7790f40 Exception <a 'java/lang/NoSuchMethodError'{0x00000000d60eda28}: 'java.lang.Object java.lang.invoke.DirectMethodHandle$Holder.invokeSpecial(java.lang.Object, java.lang.Object, java.lang.Object, java.lang.Object, int, java.lang.Object)'> (0x00000000d60eda28) 
thrown [s\src\hotspot\share\interpreter\linkResolver.cpp, line 773]
Event: 12.420 Thread 0x0000023ef7790f40 Exception <a 'java/lang/NoSuchMethodError'{0x00000000d60f1568}: 'java.lang.Object java.lang.invoke.Invokers$Holder.linkToTargetMethod(java.lang.Object, java.lang.Object, int, java.lang.Object, java.lang.Object)'> (0x00000000d60f1568) 
thrown [s\src\hotspot\share\interpreter\linkResolver.cpp, line 773]
Event: 12.422 Thread 0x0000023ef72d6850 Exception <a 'java/lang/NoSuchMethodError'{0x00000000d5fee028}: 'java.lang.Object java.lang.invoke.DirectMethodHandle$Holder.invokeSpecial(java.lang.Object, java.lang.Object, int, java.lang.Object, java.lang.Object)'> (0x00000000d5fee028) 
thrown [s\src\hotspot\share\interpreter\linkResolver.cpp, line 773]
Event: 12.456 Thread 0x0000023ef7790f40 Exception <a 'java/lang/NoSuchMethodError'{0x00000000d61ed8f0}: 'void java.lang.invoke.DirectMethodHandle$Holder.invokeSpecial(java.lang.Object, java.lang.Object, java.lang.Object, java.lang.Object, java.lang.Object)'> (0x00000000d61ed8f0) 
thrown [s\src\hotspot\share\interpreter\linkResolver.cpp, line 773]
Event: 12.802 Thread 0x0000023ef7790f40 Exception <a 'java/lang/NoSuchMethodError'{0x00000000d69c7ec8}: 'java.lang.Object java.lang.invoke.DirectMethodHandle$Holder.invokeInterface(java.lang.Object, java.lang.Object, java.lang.Object)'> (0x00000000d69c7ec8) 
thrown [s\src\hotspot\share\interpreter\linkResolver.cpp, line 773]
Event: 14.018 Thread 0x0000023ef7790f40 Exception <a 'java/lang/NoSuchMethodError'{0x00000000d55c9138}: 'java.lang.Object java.lang.invoke.Invokers$Holder.linkToTargetMethod(java.lang.Object, long, java.lang.Object, java.lang.Object)'> (0x00000000d55c9138) 
thrown [s\src\hotspot\share\interpreter\linkResolver.cpp, line 773]
Event: 14.514 Thread 0x0000023ef7790f40 Exception <a 'java/lang/NoSuchMethodError'{0x00000000d6582ed8}: 'long java.lang.invoke.Invokers$Holder.invokeExact_MT(java.lang.Object, java.lang.Object)'> (0x00000000d6582ed8) 
thrown [s\src\hotspot\share\interpreter\linkResolver.cpp, line 773]
Event: 14.566 Thread 0x0000023ef7790f40 Exception <a 'java/lang/NoSuchMethodError'{0x00000000d66bd740}: 'long java.lang.invoke.DirectMethodHandle$Holder.invokeStatic(java.lang.Object, java.lang.Object, int)'> (0x00000000d66bd740) 
thrown [s\src\hotspot\share\interpreter\linkResolver.cpp, line 773]
Event: 14.580 Thread 0x0000023ef7790f40 Exception <a 'java/lang/NoSuchMethodError'{0x00000000d6706cb8}: 'java.lang.Object java.lang.invoke.DirectMethodHandle$Holder.invokeStatic(java.lang.Object, java.lang.Object, java.lang.Object, java.lang.Object, int, java.lang.Object)'> (0x00000000d6706cb8) 
thrown [s\src\hotspot\share\interpreter\linkResolver.cpp, line 773]
Event: 14.589 Thread 0x0000023ef7790f40 Exception <a 'java/lang/NoSuchMethodError'{0x00000000d6721098}: 'java.lang.Object java.lang.invoke.DirectMethodHandle$Holder.invokeStaticInit(java.lang.Object, java.lang.Object, java.lang.Object, java.lang.Object, java.lang.Object, java.lang.Object, java.lang.Object)'> (0x00000000d6721098) 
thrown [s\src\hotspot\share\interpreter\linkResolver.cpp, line 773]
Event: 14.591 Thread 0x0000023ef7790f40 Exception <a 'java/lang/NoSuchMethodError'{0x00000000d6726998}: 'java.lang.Object java.lang.invoke.Invokers$Holder.invoke_MT(java.lang.Object, java.lang.Object, java.lang.Object, java.lang.Object, java.lang.Object, java.lang.Object, java.lang.Object, java.lang.Object, java.lang.Object)'> (0x00000000d6726998) 
thrown [s\src\hotspot\share\interpreter\linkResolver.cpp, line 773]
Event: 14.601 Thread 0x0000023ef7790f40 Exception <a 'java/lang/NoSuchMethodError'{0x00000000d675c040}: 'int java.lang.invoke.DirectMethodHandle$Holder.invokeVirtual(java.lang.Object, java.lang.Object, java.lang.Object)'> (0x00000000d675c040) 
thrown [s\src\hotspot\share\interpreter\linkResolver.cpp, line 773]
Event: 14.603 Thread 0x0000023ef7790f40 Exception <a 'java/lang/NoSuchMethodError'{0x00000000d67610f8}: 'int java.lang.invoke.DirectMethodHandle$Holder.invokeStaticInit(java.lang.Object, int, int)'> (0x00000000d67610f8) 
thrown [s\src\hotspot\share\interpreter\linkResolver.cpp, line 773]
Event: 14.605 Thread 0x0000023ef7790f40 Exception <a 'java/lang/NoSuchMethodError'{0x00000000d6769610}: 'int java.lang.invoke.DirectMethodHandle$Holder.invokeStaticInit(java.lang.Object, long, long)'> (0x00000000d6769610) 
thrown [s\src\hotspot\share\interpreter\linkResolver.cpp, line 773]
Event: 14.606 Thread 0x0000023ef7790f40 Exception <a 'java/lang/NoSuchMethodError'{0x00000000d67710c8}: 'int java.lang.invoke.DirectMethodHandle$Holder.invokeStaticInit(java.lang.Object, float, float)'> (0x00000000d67710c8) 
thrown [s\src\hotspot\share\interpreter\linkResolver.cpp, line 773]
Event: 14.607 Thread 0x0000023ef7790f40 Exception <a 'java/lang/NoSuchMethodError'{0x00000000d6778b78}: 'int java.lang.invoke.DirectMethodHandle$Holder.invokeStaticInit(java.lang.Object, double, double)'> (0x00000000d6778b78) 
thrown [s\src\hotspot\share\interpreter\linkResolver.cpp, line 773]
Event: 14.609 Thread 0x0000023ef7790f40 Exception <a 'java/lang/NoSuchMethodError'{0x00000000d677e100}: 'int java.lang.invoke.DirectMethodHandle$Holder.invokeStatic(java.lang.Object, long)'> (0x00000000d677e100) 
thrown [s\src\hotspot\share\interpreter\linkResolver.cpp, line 773]
Event: 14.614 Thread 0x0000023ef7790f40 Exception <a 'java/lang/NoSuchMethodError'{0x00000000d679d5e8}: 'int java.lang.invoke.Invokers$Holder.linkToTargetMethod(java.lang.Object, java.lang.Object)'> (0x00000000d679d5e8) 
thrown [s\src\hotspot\share\interpreter\linkResolver.cpp, line 773]
Event: 14.682 Thread 0x0000023ef7790f40 Exception <a 'java/lang/NoSuchMethodError'{0x00000000d684c6a8}: 'java.lang.Object java.lang.invoke.DirectMethodHandle$Holder.newInvokeSpecial(java.lang.Object, java.lang.Object, java.lang.Object, java.lang.Object, java.lang.Object)'> (0x00000000d684c6a8) 
thrown [s\src\hotspot\share\interpreter\linkResolver.cpp, line 773]
Event: 14.691 Thread 0x0000023ef7790f40 Exception <a 'java/lang/NoSuchMethodError'{0x00000000d686ece8}: 'java.lang.Object java.lang.invoke.Invokers$Holder.invoke_MT(java.lang.Object, java.lang.Object, java.lang.Object, java.lang.Object, java.lang.Object, java.lang.Object, java.lang.Object, java.lang.Object, java.lang.Object, java.lang.Object, java.lang.Object)'> (0x00000000d686ece8) 
thrown [s\src\hotspot\share\interpreter\linkResolver.cpp, line 773]

ZGC Phase Switch (0 events):
No events

VM Operations (20 events):
Event: 12.169 Executing non-safepoint VM operation: HandshakeAllThreads (Deoptimize)
Event: 12.169 Executing non-safepoint VM operation: HandshakeAllThreads (Deoptimize) done
Event: 12.238 Executing non-safepoint VM operation: HandshakeAllThreads (Deoptimize)
Event: 12.238 Executing non-safepoint VM operation: HandshakeAllThreads (Deoptimize) done
Event: 12.619 Executing non-safepoint VM operation: HandshakeAllThreads (Deoptimize)
Event: 12.620 Executing non-safepoint VM operation: HandshakeAllThreads (Deoptimize) done
Event: 12.713 Executing non-safepoint VM operation: HandshakeAllThreads (Deoptimize)
Event: 12.713 Executing non-safepoint VM operation: HandshakeAllThreads (Deoptimize) done
Event: 12.717 Executing safepoint VM operation: ICBufferFull
Event: 12.717 Executing safepoint VM operation: ICBufferFull done
Event: 12.728 Executing non-safepoint VM operation: HandshakeAllThreads (Deoptimize)
Event: 12.728 Executing non-safepoint VM operation: HandshakeAllThreads (Deoptimize) done
Event: 13.735 Executing safepoint VM operation: Cleanup
Event: 13.892 Executing safepoint VM operation: Cleanup done
Event: 13.988 Executing safepoint VM operation: ParallelGCFailedAllocation (Allocation Failure)
Event: 14.003 Executing safepoint VM operation: ParallelGCFailedAllocation (Allocation Failure) done
Event: 14.563 Executing non-safepoint VM operation: HandshakeAllThreads (Deoptimize)
Event: 14.563 Executing non-safepoint VM operation: HandshakeAllThreads (Deoptimize) done
Event: 15.571 Executing safepoint VM operation: Cleanup
Event: 15.571 Executing safepoint VM operation: Cleanup done

Memory protections (0 events):
No events

Nmethod flushes (0 events):
No events

Events (20 events):
Event: 0.252 Thread 0x0000023eda3e2550 Thread added: 0x0000023ef0e838f0
Event: 0.516 Thread 0x0000023ef0e838f0 Thread added: 0x0000023ef28e5b40
Event: 0.596 Thread 0x0000023eda3e2550 Thread added: 0x0000023ef290e890
Event: 0.641 Thread 0x0000023ef28e5b40 Thread exited: 0x0000023ef28e5b40
Event: 1.469 Thread 0x0000023eda3e2550 Thread added: 0x0000023ef2a135f0
Event: 1.478 Thread 0x0000023ef0e838f0 Thread added: 0x0000023ef2a0e9a0
Event: 2.355 Thread 0x0000023ef0e838f0 Thread added: 0x0000023ef70cc440
Event: 2.967 Thread 0x0000023ef70cc440 Thread exited: 0x0000023ef70cc440
Event: 3.264 Thread 0x0000023ef2a0e9a0 Thread exited: 0x0000023ef2a0e9a0
Event: 5.058 Thread 0x0000023eda3e2550 Thread added: 0x0000023ef77d6ab0
Event: 6.245 Thread 0x0000023eda3e2550 Thread added: 0x0000023ef7817610
Event: 6.373 Thread 0x0000023ef7817610 Thread added: 0x0000023ef77908d0
Event: 6.386 Thread 0x0000023eda3e2550 Thread added: 0x0000023ef7790f40
Event: 7.482 Thread 0x0000023ef7790f40 Thread added: 0x0000023ef7b3ae60
Event: 10.560 Thread 0x0000023ef7790f40 Thread added: 0x0000023ef7bdf5b0
Event: 11.295 Thread 0x0000023ef7790f40 Thread added: 0x0000023ef71d7330
Event: 12.281 Thread 0x0000023ef7790f40 Thread added: 0x0000023ef7d96680
Event: 12.365 Thread 0x0000023ef7790f40 Thread added: 0x0000023ef72d6850
Event: 12.421 Thread 0x0000023ef7790f40 Thread added: 0x0000023ef7ac4e00
Event: 12.635 Thread 0x0000023ef7ac4e00 Thread added: 0x0000023ef7ac4770


Dynamic libraries:
0x00007ff7ec6d0000 - 0x00007ff7ec6de000 	c:\Users\hp\.vscode\extensions\redhat.java-1.54.0-win32-x64\jre\21.0.10-win32-x86_64\bin\java.exe
0x00007ffc5c6a0000 - 0x00007ffc5c908000 	C:\WINDOWS\SYSTEM32\ntdll.dll
0x00007ffc5c260000 - 0x00007ffc5c329000 	C:\WINDOWS\System32\KERNEL32.DLL
0x00007ffc59ba0000 - 0x00007ffc59f92000 	C:\WINDOWS\System32\KERNELBASE.dll
0x00007ffc59960000 - 0x00007ffc59aab000 	C:\WINDOWS\System32\ucrtbase.dll
0x00007ffc3ddf0000 - 0x00007ffc3de08000 	c:\Users\hp\.vscode\extensions\redhat.java-1.54.0-win32-x64\jre\21.0.10-win32-x86_64\bin\jli.dll
0x00007ffc3ddd0000 - 0x00007ffc3ddee000 	c:\Users\hp\.vscode\extensions\redhat.java-1.54.0-win32-x64\jre\21.0.10-win32-x86_64\bin\VCRUNTIME140.dll
0x00007ffc5a960000 - 0x00007ffc5ab25000 	C:\WINDOWS\System32\USER32.dll
0x00007ffc59b70000 - 0x00007ffc59b97000 	C:\WINDOWS\System32\win32u.dll
0x00007ffc3c540000 - 0x00007ffc3c7d3000 	C:\WINDOWS\WinSxS\amd64_microsoft.windows.common-controls_6595b64144ccf1df_6.0.26100.6899_none_3e0efeeae32e88c1\COMCTL32.dll
0x00007ffc5b220000 - 0x00007ffc5b24b000 	C:\WINDOWS\System32\GDI32.dll
0x00007ffc5c450000 - 0x00007ffc5c4f9000 	C:\WINDOWS\System32\msvcrt.dll
0x00007ffc59830000 - 0x00007ffc5995d000 	C:\WINDOWS\System32\gdi32full.dll
0x00007ffc5a290000 - 0x00007ffc5a333000 	C:\WINDOWS\System32\msvcp_win.dll
0x00007ffc5bca0000 - 0x00007ffc5bccf000 	C:\WINDOWS\System32\IMM32.DLL
0x00007ffc4cf70000 - 0x00007ffc4cf7c000 	c:\Users\hp\.vscode\extensions\redhat.java-1.54.0-win32-x64\jre\21.0.10-win32-x86_64\bin\vcruntime140_1.dll
0x00007ffc337b0000 - 0x00007ffc3383d000 	c:\Users\hp\.vscode\extensions\redhat.java-1.54.0-win32-x64\jre\21.0.10-win32-x86_64\bin\msvcp140.dll
0x00007ffbb4500000 - 0x00007ffbb52a1000 	c:\Users\hp\.vscode\extensions\redhat.java-1.54.0-win32-x64\jre\21.0.10-win32-x86_64\bin\server\jvm.dll
0x00007ffc5a470000 - 0x00007ffc5a524000 	C:\WINDOWS\System32\ADVAPI32.dll
0x00007ffc5c350000 - 0x00007ffc5c3f6000 	C:\WINDOWS\System32\sechost.dll
0x00007ffc5b250000 - 0x00007ffc5b368000 	C:\WINDOWS\System32\RPCRT4.dll
0x00007ffc5c500000 - 0x00007ffc5c574000 	C:\WINDOWS\System32\WS2_32.dll
0x00007ffc59690000 - 0x00007ffc596ee000 	C:\WINDOWS\SYSTEM32\POWRPROF.dll
0x00007ffc3d670000 - 0x00007ffc3d6a5000 	C:\WINDOWS\SYSTEM32\WINMM.dll
0x00007ffc4b160000 - 0x00007ffc4b16b000 	C:\WINDOWS\SYSTEM32\VERSION.dll
0x00007ffc59670000 - 0x00007ffc59684000 	C:\WINDOWS\SYSTEM32\UMPDC.dll
0x00007ffc58600000 - 0x00007ffc5861b000 	C:\WINDOWS\SYSTEM32\kernel.appcore.dll
0x00007ffc3d870000 - 0x00007ffc3d87a000 	c:\Users\hp\.vscode\extensions\redhat.java-1.54.0-win32-x64\jre\21.0.10-win32-x86_64\bin\jimage.dll
0x00007ffc56df0000 - 0x00007ffc57032000 	C:\WINDOWS\SYSTEM32\DBGHELP.DLL
0x00007ffc5a530000 - 0x00007ffc5a8ab000 	C:\WINDOWS\System32\combase.dll
0x00007ffc5b370000 - 0x00007ffc5b447000 	C:\WINDOWS\System32\OLEAUT32.dll
0x00007ffc3a9d0000 - 0x00007ffc3aa0c000 	C:\WINDOWS\SYSTEM32\dbgcore.DLL
0x00007ffc5a340000 - 0x00007ffc5a3d8000 	C:\WINDOWS\System32\bcryptPrimitives.dll
0x00007ffc3cdb0000 - 0x00007ffc3cdbf000 	c:\Users\hp\.vscode\extensions\redhat.java-1.54.0-win32-x64\jre\21.0.10-win32-x86_64\bin\instrument.dll
0x00007ffc3cc90000 - 0x00007ffc3ccb0000 	c:\Users\hp\.vscode\extensions\redhat.java-1.54.0-win32-x64\jre\21.0.10-win32-x86_64\bin\java.dll
0x00007ffc5b450000 - 0x00007ffc5bb9d000 	C:\WINDOWS\System32\SHELL32.dll
0x00007ffc59fa0000 - 0x00007ffc5a10b000 	C:\WINDOWS\System32\wintypes.dll
0x00007ffc574c0000 - 0x00007ffc57d1d000 	C:\WINDOWS\SYSTEM32\windows.storage.dll
0x00007ffc5abd0000 - 0x00007ffc5acc2000 	C:\WINDOWS\System32\SHCORE.dll
0x00007ffc5acd0000 - 0x00007ffc5ad32000 	C:\WINDOWS\System32\shlwapi.dll
0x00007ffc59750000 - 0x00007ffc59779000 	C:\WINDOWS\SYSTEM32\profapi.dll
0x00007ffc3bfe0000 - 0x00007ffc3bff8000 	c:\Users\hp\.vscode\extensions\redhat.java-1.54.0-win32-x64\jre\21.0.10-win32-x86_64\bin\zip.dll
0x00007ffc3cc10000 - 0x00007ffc3cc20000 	C:\Users\hp\.vscode\extensions\redhat.java-1.54.0-win32-x64\jre\21.0.10-win32-x86_64\bin\net.dll
0x00007ffc4d280000 - 0x00007ffc4d39f000 	C:\WINDOWS\SYSTEM32\WINHTTP.dll
0x00007ffc58b70000 - 0x00007ffc58bdb000 	C:\WINDOWS\system32\mswsock.dll
0x00007ffc33bb0000 - 0x00007ffc33bc6000 	C:\Users\hp\.vscode\extensions\redhat.java-1.54.0-win32-x64\jre\21.0.10-win32-x86_64\bin\nio.dll
0x00007ffc3a9a0000 - 0x00007ffc3a9b0000 	c:\Users\hp\.vscode\extensions\redhat.java-1.54.0-win32-x64\jre\21.0.10-win32-x86_64\bin\verify.dll
0x00007ffc331e0000 - 0x00007ffc33225000 	C:\Users\hp\AppData\Roaming\Code\User\globalStorage\redhat.java\1.54.0\config_win\org.eclipse.equinox.launcher\org.eclipse.equinox.launcher.win32.win32.x86_64_1.3.0.v20260203-2149\eclipse_11919.dll
0x00007ffc5ad40000 - 0x00007ffc5aed8000 	C:\WINDOWS\System32\ole32.dll
0x00007ffc58e30000 - 0x00007ffc58e4b000 	C:\WINDOWS\SYSTEM32\CRYPTSP.dll
0x00007ffc58560000 - 0x00007ffc5859b000 	C:\WINDOWS\system32\rsaenh.dll
0x00007ffc58c10000 - 0x00007ffc58c3b000 	C:\WINDOWS\SYSTEM32\USERENV.dll
0x00007ffc59720000 - 0x00007ffc59746000 	C:\WINDOWS\SYSTEM32\bcrypt.dll
0x00007ffc58e20000 - 0x00007ffc58e2c000 	C:\WINDOWS\SYSTEM32\CRYPTBASE.dll
0x00007ffc58020000 - 0x00007ffc58054000 	C:\WINDOWS\SYSTEM32\IPHLPAPI.DLL
0x00007ffc5c250000 - 0x00007ffc5c25a000 	C:\WINDOWS\System32\NSI.dll
0x00007ffc2e3e0000 - 0x00007ffc2e429000 	C:\Users\hp\AppData\Local\Temp\jna--106862400\jna11201722029701281797.dll
0x00007ffc5ab30000 - 0x00007ffc5ab38000 	C:\WINDOWS\System32\PSAPI.DLL

JVMTI agents:
c:\Users\hp\.vscode\extensions\redhat.java-1.54.0-win32-x64\lombok\lombok-1.18.39-4050.jar path:c:\Users\hp\.vscode\extensions\redhat.java-1.54.0-win32-x64\jre\21.0.10-win32-x86_64\bin\instrument.dll, loaded, initialized, instrumentlib options:none

dbghelp: loaded successfully - version: 4.0.5 - missing functions: none
symbol engine: initialized successfully - sym options: 0x614 - pdb path: .;c:\Users\hp\.vscode\extensions\redhat.java-1.54.0-win32-x64\jre\21.0.10-win32-x86_64\bin;C:\WINDOWS\SYSTEM32;C:\WINDOWS\WinSxS\amd64_microsoft.windows.common-controls_6595b64144ccf1df_6.0.26100.6899_none_3e0efeeae32e88c1;c:\Users\hp\.vscode\extensions\redhat.java-1.54.0-win32-x64\jre\21.0.10-win32-x86_64\bin\server;C:\Users\hp\AppData\Roaming\Code\User\globalStorage\redhat.java\1.54.0\config_win\org.eclipse.equinox.launcher\org.eclipse.equinox.launcher.win32.win32.x86_64_1.3.0.v20260203-2149;C:\Users\hp\AppData\Local\Temp\jna--106862400

VM Arguments:
jvm_args: --add-modules=ALL-SYSTEM --add-opens=java.base/java.util=ALL-UNNAMED --add-opens=java.base/java.lang=ALL-UNNAMED --add-opens=java.base/sun.nio.fs=ALL-UNNAMED -Declipse.application=org.eclipse.jdt.ls.core.id1 -Dosgi.bundles.defaultStartLevel=4 -Declipse.product=org.eclipse.jdt.ls.core.product -Djava.import.generatesMetadataFilesAtProjectRoot=false -DDetectVMInstallationsJob.disabled=true -Dfile.encoding=utf8 -XX:+UseParallelGC -XX:GCTimeRatio=4 -XX:AdaptiveSizePolicyWeight=90 -Dsun.zip.disableMemoryMapping=true -Xmx2G -Xms100m -Xlog:disable -javaagent:c:\Users\hp\.vscode\extensions\redhat.java-1.54.0-win32-x64\lombok\lombok-1.18.39-4050.jar -XX:+HeapDumpOnOutOfMemoryError -XX:HeapDumpPath=c:\Users\hp\AppData\Roaming\Code\User\workspaceStorage\dc3e17ca2b51afcc3cb7108b827147bb\redhat.java -Daether.dependencyCollector.impl=bf 
java_command: c:\Users\hp\.vscode\extensions\redhat.java-1.54.0-win32-x64\server\plugins\org.eclipse.equinox.launcher_1.7.100.v20251111-0406.jar -configuration c:\Users\hp\AppData\Roaming\Code\User\globalStorage\redhat.java\1.54.0\config_win -data c:\Users\hp\AppData\Roaming\Code\User\workspaceStorage\dc3e17ca2b51afcc3cb7108b827147bb\redhat.java\jdt_ws --pipe=\\.\pipe\lsp-af95429c496bd07455185d1b150823b4-sock
java_class_path (initial): c:\Users\hp\.vscode\extensions\redhat.java-1.54.0-win32-x64\server\plugins\org.eclipse.equinox.launcher_1.7.100.v20251111-0406.jar
Launcher Type: SUN_STANDARD

[Global flags]
    uintx AdaptiveSizePolicyWeight                 = 90                                        {product} {command line}
     intx CICompilerCount                          = 4                                         {product} {ergonomic}
    uintx GCTimeRatio                              = 4                                         {product} {command line}
     bool HeapDumpOnOutOfMemoryError               = true                                   {manageable} {command line}
    ccstr HeapDumpPath                             = c:\Users\hp\AppData\Roaming\Code\User\workspaceStorage\dc3e17ca2b51afcc3cb7108b827147bb\redhat.java         {manageable} {command line}
   size_t InitialHeapSize                          = 104857600                                 {product} {command line}
   size_t MaxHeapSize                              = 2147483648                                {product} {command line}
   size_t MaxNewSize                               = 715653120                                 {product} {ergonomic}
   size_t MinHeapDeltaBytes                        = 524288                                    {product} {ergonomic}
   size_t MinHeapSize                              = 104857600                                 {product} {command line}
   size_t NewSize                                  = 34603008                                  {product} {ergonomic}
    uintx NonNMethodCodeHeapSize                   = 5839372                                {pd product} {ergonomic}
    uintx NonProfiledCodeHeapSize                  = 122909434                              {pd product} {ergonomic}
   size_t OldSize                                  = 70254592                                  {product} {ergonomic}
    uintx ProfiledCodeHeapSize                     = 122909434                              {pd product} {ergonomic}
    uintx ReservedCodeCacheSize                    = 251658240                              {pd product} {ergonomic}
     bool SegmentedCodeCache                       = true                                      {product} {ergonomic}
   size_t SoftMaxHeapSize                          = 2147483648                             {manageable} {ergonomic}
     bool UseCompressedOops                        = true                           {product lp64_product} {ergonomic}
     bool UseLargePagesIndividualAllocation        = false                                  {pd product} {ergonomic}
     bool UseParallelGC                            = true                                      {product} {command line}

Logging:
Log output configuration:
 #0: stdout all=off uptime,level,tags foldmultilines=false
 #1: stderr all=off uptime,level,tags foldmultilines=false

Release file:
JAVA_VERSION="21.0.10" 
MODULES="java.base java.compiler java.datatransfer java.xml java.prefs java.desktop java.instrument java.logging java.management java.security.sasl java.naming java.rmi java.management.rmi java.net.http java.scripting java.security.jgss java.transaction.xa java.sql java.sql.rowset java.xml.crypto java.se java.smartcardio jdk.accessibility jdk.internal.jvmstat jdk.attach jdk.charsets jdk.internal.opt jdk.zipfs jdk.compiler jdk.crypto.ec jdk.crypto.cryptoki jdk.crypto.mscapi jdk.dynalink jdk.internal.ed jdk.editpad jdk.hotspot.agent jdk.httpserver jdk.internal.le jdk.internal.vm.ci jdk.internal.vm.compiler jdk.internal.vm.compiler.management jdk.jartool jdk.javadoc jdk.jcmd jdk.management jdk.management.agent jdk.jconsole jdk.jdeps jdk.jdwp.agent jdk.jdi jdk.jfr jdk.jshell jdk.jsobject jdk.jstatd jdk.localedata jdk.management.jfr jdk.naming.dns jdk.naming.rmi jdk.net jdk.nio.mapmode jdk.random jdk.sctp jdk.security.auth jdk.security.jgss jdk.unsupported jdk.unsupported.desktop jdk.xml.dom" 

Environment Variables:
PATH=C:\Python313\Scripts\;C:\Python313\;C:\Program Files\Common Files\Oracle\Java\javapath;C:\Program Files (x86)\Common Files\Oracle\Java\java8path;C:\Program Files (x86)\Common Files\Oracle\Java\javapath;C:\Program Files (x86)\NVIDIA Corporation\PhysX\Common;C:\WINDOWS\system32;C:\WINDOWS;C:\WINDOWS\System32\Wbem;C:\WINDOWS\System32\WindowsPowerShell\v1.0\;C:\WINDOWS\System32\OpenSSH\;C:\Program Files\Git\cmd;C:\Program Files\nodejs\;C:\ProgramData\chocolatey\bin;C:\Program Files\dotnet\;C:\Users\hp\Downloads\apache-maven-3.9.14-bin;C:\ProgramData\chocolatey\lib\maven\apache-maven-3.9.15\bin;C:\Users\hp\AppData\Local\Programs\Python\Python314\Scripts\;C:\Users\hp\AppData\Local\Programs\Python\Python314\;C:\Users\hp\AppData\Local\Microsoft\WindowsApps;C:\Users\hp\AppData\Local\Programs\Microsoft VS Code\bin;C:\Users\hp\AppData\Roaming\npm;;C:\tools\mysql\current\bin
USERNAME=KENNEDY
OS=Windows_NT
PROCESSOR_IDENTIFIER=Intel64 Family 6 Model 142 Stepping 11, GenuineIntel
TMP=C:\Users\hp\AppData\Local\Temp
TEMP=C:\Users\hp\AppData\Local\Temp




Periodic native trim disabled

---------------  S Y S T E M  ---------------

OS:
 Windows 11 , 64 bit Build 26100 (10.0.26100.6725)
OS uptime: 7 days 23:43 hours

CPU: total 8 (initial active 8) (4 cores per cpu, 2 threads per core) family 6 model 142 stepping 11 microcode 0xf6, cx8, cmov, fxsr, ht, mmx, 3dnowpref, sse, sse2, sse3, ssse3, sse4.1, sse4.2, popcnt, lzcnt, tsc, tscinvbit, avx, avx2, aes, erms, clmul, bmi1, bmi2, adx, fma, vzeroupper, clflush, clflushopt, rdtscp, f16c
Processor Information for the first 8 processors :
  Max Mhz: 1800, Current Mhz: 1300, Mhz Limit: 1584

Memory: 4k page, system-wide physical 8030M (114M free)
TotalPageFile size 16222M (AvailPageFile size 1M)
current process WorkingSet (physical memory assigned to process): 138M, peak: 140M
current process commit charge ("private bytes"): 277M, peak: 280M

vm_info: OpenJDK 64-Bit Server VM (21.0.10+7-LTS) for windows-amd64 JRE (21.0.10+7-LTS), built on 2026-01-20T00:00:00Z by "admin" with MS VC++ 17.12 (VS2022)

END.
