#
# There is insufficient memory for the Java Runtime Environment to continue.
# Native memory allocation (malloc) failed to allocate 451376 bytes. Error detail: Chunk::new
# Possible reasons:
#   The system is out of physical RAM or swap space
#   This process is running with CompressedOops enabled, and the Java Heap may be blocking the growth of the native heap
# Possible solutions:
#   Reduce memory load on the system
#   Increase physical memory or swap space
#   Check if swap backing store is full
#   Decrease Java heap size (-Xmx/-Xms)
#   Decrease number of Java threads
#   Decrease Java thread stack sizes (-Xss)
#   Set larger code cache with -XX:ReservedCodeCacheSize=
#   JVM is running with Unscaled Compressed Oops mode in which the Java heap is
#     placed in the first 4GB address space. The Java Heap base address is the
#     maximum limit for the native heap growth. Please use -XX:HeapBaseMinAddress
#     to set the Java Heap base and to place the Java Heap above 4GB virtual address.
# This output file may be truncated or incomplete.
#
#  Out of Memory Error (arena.cpp:168), pid=23912, tid=28764
#
# JRE version: OpenJDK Runtime Environment Temurin-21.0.10+7 (21.0.10+7) (build 21.0.10+7-LTS)
# Java VM: OpenJDK 64-Bit Server VM Temurin-21.0.10+7 (21.0.10+7-LTS, mixed mode, sharing, tiered, compressed oops, compressed class ptrs, parallel gc, windows-amd64)
# No core dump will be written. Minidumps are not enabled by default on client versions of Windows
#

---------------  S U M M A R Y ------------

Command Line: --add-modules=ALL-SYSTEM --add-opens=java.base/java.util=ALL-UNNAMED --add-opens=java.base/java.lang=ALL-UNNAMED --add-opens=java.base/sun.nio.fs=ALL-UNNAMED -Declipse.application=org.eclipse.jdt.ls.core.id1 -Dosgi.bundles.defaultStartLevel=4 -Declipse.product=org.eclipse.jdt.ls.core.product -Djava.import.generatesMetadataFilesAtProjectRoot=false -DDetectVMInstallationsJob.disabled=true -Dfile.encoding=utf8 -XX:+UseParallelGC -XX:GCTimeRatio=4 -XX:AdaptiveSizePolicyWeight=90 -Dsun.zip.disableMemoryMapping=true -Xmx2G -Xms100m -Xlog:disable -javaagent:c:\Users\hp\.vscode\extensions\redhat.java-1.54.0-win32-x64\lombok\lombok-1.18.39-4050.jar c:\Users\hp\.vscode\extensions\redhat.java-1.54.0-win32-x64\server\plugins\org.eclipse.equinox.launcher_1.7.100.v20251111-0406.jar -configuration c:\Users\hp\AppData\Roaming\Code\User\globalStorage\redhat.java\1.54.0\config_ss_win -data c:\Users\hp\AppData\Roaming\Code\User\workspaceStorage\dc3e17ca2b51afcc3cb7108b827147bb\redhat.java\ss_ws --pipe=\\.\pipe\lsp-cfbff3c99757f1a11281ae2cb14be089-sock

Host: Intel(R) Core(TM) i5-8265U CPU @ 1.60GHz, 8 cores, 7G,  Windows 11 , 64 bit Build 26100 (10.0.26100.6725)
Time: Sat Jun  6 14:44:06 2026 South Africa Standard Time elapsed time: 14.146943 seconds (0d 0h 0m 14s)

---------------  T H R E A D  ---------------

Current thread (0x000001b7a6ee7a90):  JavaThread "C2 CompilerThread0" daemon [_thread_in_native, id=28764, stack(0x0000008889200000,0x0000008889300000) (1024K)]


Current CompileTask:
C2:14147 2522       4       jdk.internal.org.objectweb.asm.Frame::execute (2305 bytes)

Stack: [0x0000008889200000,0x0000008889300000]
Native frames: (J=compiled Java code, j=interpreted, Vv=VM code, C=native code)
V  [jvm.dll+0x6d7a39]
V  [jvm.dll+0x8b4b26]
V  [jvm.dll+0x8b70de]
V  [jvm.dll+0x8b77c3]
V  [jvm.dll+0x284346]
V  [jvm.dll+0xc66ed]
V  [jvm.dll+0xc6c31]
V  [jvm.dll+0x3bec01]
V  [jvm.dll+0x38b162]
V  [jvm.dll+0x38a5aa]
V  [jvm.dll+0x24c560]
V  [jvm.dll+0x24bb40]
V  [jvm.dll+0x1cb34e]
V  [jvm.dll+0x25b85d]
V  [jvm.dll+0x259dea]
V  [jvm.dll+0x3f857e]
V  [jvm.dll+0x85f59d]
V  [jvm.dll+0x6d626d]
C  [ucrtbase.dll+0x37b0]
C  [KERNEL32.DLL+0x2e8d7]
C  [ntdll.dll+0x8c53c]


---------------  P R O C E S S  ---------------

Threads class SMR info:
_java_thread_list=0x000001b780bd8200, length=17, elements={
0x000001b7a6f5c420, 0x000001b7a7019650, 0x000001b7a6ed3f40, 0x000001b7a6ed65b0,
0x000001b7a6ed9120, 0x000001b7a6ee0d10, 0x000001b7a6ee3780, 0x000001b7a6ee7a90,
0x000001b7a6f0b300, 0x000001b7805037c0, 0x000001b78063cff0, 0x000001b7809d22c0,
0x000001b780f16ec0, 0x000001b780971920, 0x000001b780863d40, 0x000001b780935470,
0x000001b7804781d0
}

Java Threads: ( => current thread )
  0x000001b7a6f5c420 JavaThread "main"                              [_thread_in_vm, id=7076, stack(0x0000008888800000,0x0000008888900000) (1024K)]
  0x000001b7a7019650 JavaThread "Reference Handler"          daemon [_thread_blocked, id=26428, stack(0x0000008888c00000,0x0000008888d00000) (1024K)]
  0x000001b7a6ed3f40 JavaThread "Finalizer"                  daemon [_thread_blocked, id=26008, stack(0x0000008888d00000,0x0000008888e00000) (1024K)]
  0x000001b7a6ed65b0 JavaThread "Signal Dispatcher"          daemon [_thread_blocked, id=2844, stack(0x0000008888e00000,0x0000008888f00000) (1024K)]
  0x000001b7a6ed9120 JavaThread "Attach Listener"            daemon [_thread_blocked, id=28792, stack(0x0000008888f00000,0x0000008889000000) (1024K)]
  0x000001b7a6ee0d10 JavaThread "Service Thread"             daemon [_thread_blocked, id=17984, stack(0x0000008889000000,0x0000008889100000) (1024K)]
  0x000001b7a6ee3780 JavaThread "Monitor Deflation Thread"   daemon [_thread_blocked, id=1420, stack(0x0000008889100000,0x0000008889200000) (1024K)]
=>0x000001b7a6ee7a90 JavaThread "C2 CompilerThread0"         daemon [_thread_in_native, id=28764, stack(0x0000008889200000,0x0000008889300000) (1024K)]
  0x000001b7a6f0b300 JavaThread "C1 CompilerThread0"         daemon [_thread_blocked, id=7908, stack(0x0000008889300000,0x0000008889400000) (1024K)]
  0x000001b7805037c0 JavaThread "Common-Cleaner"             daemon [_thread_blocked, id=1184, stack(0x0000008889400000,0x0000008889500000) (1024K)]
  0x000001b78063cff0 JavaThread "Notification Thread"        daemon [_thread_blocked, id=18416, stack(0x0000008889500000,0x0000008889600000) (1024K)]
  0x000001b7809d22c0 JavaThread "Active Thread: Equinox Container: 9786f03d-7236-4434-ad0b-ba7647d03bd1"        [_thread_blocked, id=16084, stack(0x0000008889c00000,0x0000008889d00000) (1024K)]
  0x000001b780f16ec0 JavaThread "Framework Event Dispatcher: Equinox Container: 9786f03d-7236-4434-ad0b-ba7647d03bd1" daemon [_thread_blocked, id=26752, stack(0x0000008889d00000,0x0000008889e00000) (1024K)]
  0x000001b780971920 JavaThread "Start Level: Equinox Container: 9786f03d-7236-4434-ad0b-ba7647d03bd1" daemon [_thread_in_vm, id=9064, stack(0x0000008889e00000,0x0000008889f00000) (1024K)]
  0x000001b780863d40 JavaThread "SCR Component Actor"        daemon [_thread_blocked, id=26320, stack(0x000000888a000000,0x000000888a100000) (1024K)]
  0x000001b780935470 JavaThread "Worker-JM"                         [_thread_blocked, id=19848, stack(0x000000888a100000,0x000000888a200000) (1024K)]
  0x000001b7804781d0 JavaThread "JNA Cleaner"                daemon [_thread_blocked, id=24964, stack(0x000000888a200000,0x000000888a300000) (1024K)]
Total: 17

Other Threads:
  0x000001b7a6ffe970 VMThread "VM Thread"                           [id=18564, stack(0x0000008888b00000,0x0000008888c00000) (1024K)]
  0x000001b7a6deca00 WatcherThread "VM Periodic Task Thread"        [id=23000, stack(0x0000008888a00000,0x0000008888b00000) (1024K)]
  0x000001b7a6f7ab60 WorkerThread "GC Thread#0"                     [id=13924, stack(0x0000008888900000,0x0000008888a00000) (1024K)]
  0x000001b780c595e0 WorkerThread "GC Thread#1"                     [id=23712, stack(0x0000008889600000,0x0000008889700000) (1024K)]
  0x000001b780b792b0 WorkerThread "GC Thread#2"                     [id=25500, stack(0x0000008889700000,0x0000008889800000) (1024K)]
  0x000001b780a0b8b0 WorkerThread "GC Thread#3"                     [id=31480, stack(0x0000008889800000,0x0000008889900000) (1024K)]
  0x000001b780af1a90 WorkerThread "GC Thread#4"                     [id=6800, stack(0x0000008889900000,0x0000008889a00000) (1024K)]
  0x000001b780af1e40 WorkerThread "GC Thread#5"                     [id=26132, stack(0x0000008889a00000,0x0000008889b00000) (1024K)]
  0x000001b780af21f0 WorkerThread "GC Thread#6"                     [id=12100, stack(0x0000008889b00000,0x0000008889c00000) (1024K)]
  0x000001b780db7430 WorkerThread "GC Thread#7"                     [id=5884, stack(0x0000008889f00000,0x000000888a000000) (1024K)]
Total: 10

Threads with active compile tasks:
C2 CompilerThread0  14215 2522       4       jdk.internal.org.objectweb.asm.Frame::execute (2305 bytes)
Total: 1

VM state: not at safepoint (normal execution)

VM Mutex/Monitor currently owned by a thread:  ([mutex/lock_event])
[0x00007ffbc0dfc4e0] Metaspace_lock - owner thread: 0x000001b780971920

Heap address: 0x0000000080000000, size: 2048 MB, Compressed Oops mode: 32-bit

CDS archive(s) mapped at: [0x000001b7be000000-0x000001b7beba0000-0x000001b7beba0000), size 12189696, SharedBaseAddress: 0x000001b7be000000, ArchiveRelocationMode: 1.
Compressed class space mapped at: 0x000001b7bf000000-0x000001b7ff000000, reserved size: 1073741824
Narrow klass base: 0x000001b7be000000, Narrow klass shift: 0, Narrow klass range: 0x100000000

GC Precious Log:
 CardTable entry size: 512
 CPUs: 8 total, 8 available
 Memory: 8030M
 Large Page Support: Disabled
 NUMA Support: Disabled
 Compressed Oops: Enabled (32-bit)
 Alignments: Space 512K, Generation 512K, Heap 2M
 Heap Min Capacity: 100M
 Heap Initial Capacity: 100M
 Heap Max Capacity: 2G
 Pre-touch: Disabled
 Parallel Workers: 8

Heap:
 PSYoungGen      total 29696K, used 22184K [0x00000000d5580000, 0x00000000d7680000, 0x0000000100000000)
  eden space 25600K, 70% used [0x00000000d5580000,0x00000000d672a398,0x00000000d6e80000)
  from space 4096K, 99% used [0x00000000d6e80000,0x00000000d727fcd8,0x00000000d7280000)
  to   space 4096K, 0% used [0x00000000d7280000,0x00000000d7280000,0x00000000d7680000)
 ParOldGen       total 68608K, used 2940K [0x0000000080000000, 0x0000000084300000, 0x00000000d5580000)
  object space 68608K, 4% used [0x0000000080000000,0x00000000802df2a0,0x0000000084300000)
 Metaspace       used 15613K, committed 16192K, reserved 1114112K
  class space    used 1644K, committed 1920K, reserved 1048576K

Card table byte_map: [0x000001b7a6900000,0x000001b7a6d10000] _byte_map_base: 0x000001b7a6500000

Marking Bits: (ParMarkBitMap*) 0x00007ffbc0e03450
 Begin Bits: [0x000001b7b9410000, 0x000001b7bb410000)
 End Bits:   [0x000001b7bb410000, 0x000001b7bd410000)

Polling page: 0x000001b7a4da0000

Metaspace:

Usage:
  Non-class:     13.64 MB used.
      Class:      1.61 MB used.
       Both:     15.25 MB used.

Virtual space:
  Non-class space:       64.00 MB reserved,      13.94 MB ( 22%) committed,  1 nodes.
      Class space:        1.00 GB reserved,       1.88 MB ( <1%) committed,  1 nodes.
             Both:        1.06 GB reserved,      15.81 MB (  1%) committed. 

Chunk freelists:
   Non-Class:  1.61 MB
       Class:  13.94 MB
        Both:  15.55 MB

MaxMetaspaceSize: unlimited
CompressedClassSpaceSize: 1.00 GB
Initial GC threshold: 21.00 MB
Current GC threshold: 21.00 MB
CDS: on
 - commit_granule_bytes: 65536.
 - commit_granule_words: 8192.
 - virtual_space_node_default_size: 8388608.
 - enlarge_chunks_in_place: 1.
 - use_allocation_guard: 0.


Internal statistics:

num_allocs_failed_limit: 0.
num_arena_births: 424.
num_arena_deaths: 0.
num_vsnodes_births: 2.
num_vsnodes_deaths: 0.
num_space_committed: 253.
num_space_uncommitted: 0.
num_chunks_returned_to_freelist: 0.
num_chunks_taken_from_freelist: 969.
num_chunk_merges: 0.
num_chunk_splits: 629.
num_chunks_enlarged: 402.
num_inconsistent_stats: 0.

CodeHeap 'non-profiled nmethods': size=120000Kb used=988Kb max_used=988Kb free=119011Kb
 bounds [0x000001b7b1c30000, 0x000001b7b1ea0000, 0x000001b7b9160000]
CodeHeap 'profiled nmethods': size=120000Kb used=4931Kb max_used=4931Kb free=115068Kb
 bounds [0x000001b7aa160000, 0x000001b7aa640000, 0x000001b7b1690000]
CodeHeap 'non-nmethods': size=5760Kb used=1273Kb max_used=1288Kb free=4486Kb
 bounds [0x000001b7b1690000, 0x000001b7b1900000, 0x000001b7b1c30000]
CodeCache: size=245760Kb, used=7192Kb, max_used=7207Kb, free=238565Kb
 total_blobs=3101, nmethods=2554, adapters=453, full_count=0
Compilation: enabled, stopped_count=0, restarted_count=0

Compilation events (20 events):
Event: 12.119 Thread 0x000001b7a6f0b300 2527       3       java.lang.reflect.Field::getFieldAccessor (18 bytes)
Event: 12.119 Thread 0x000001b7a6f0b300 nmethod 2527 0x000001b7aa621510 code [0x000001b7aa6216c0, 0x000001b7aa621848]
Event: 12.119 Thread 0x000001b7a6f0b300 2528       3       jdk.internal.reflect.Reflection::verifyModuleAccess (24 bytes)
Event: 12.120 Thread 0x000001b7a6f0b300 nmethod 2528 0x000001b7aa621910 code [0x000001b7aa621b20, 0x000001b7aa622048]
Event: 12.122 Thread 0x000001b7a6f0b300 2529       3       java.lang.invoke.LambdaFormEditor$TransformKey::of (51 bytes)
Event: 12.122 Thread 0x000001b7a6f0b300 nmethod 2529 0x000001b7aa622290 code [0x000001b7aa622480, 0x000001b7aa622930]
Event: 12.122 Thread 0x000001b7a6f0b300 2530       3       java.lang.invoke.DirectMethodHandle::checkCast (9 bytes)
Event: 12.123 Thread 0x000001b7a6f0b300 nmethod 2530 0x000001b7aa622b10 code [0x000001b7aa622cc0, 0x000001b7aa622f68]
Event: 12.123 Thread 0x000001b7a6f0b300 2531       3       java.lang.invoke.LambdaFormEditor::bindArgumentL (59 bytes)
Event: 12.123 Thread 0x000001b7a6f0b300 nmethod 2531 0x000001b7aa623090 code [0x000001b7aa623260, 0x000001b7aa623510]
Event: 12.123 Thread 0x000001b7a6f0b300 2532       3       java.lang.invoke.MethodHandleImpl::valueConversion (325 bytes)
Event: 12.125 Thread 0x000001b7a6f0b300 nmethod 2532 0x000001b7aa623690 code [0x000001b7aa6239a0, 0x000001b7aa6245d0]
Event: 12.126 Thread 0x000001b7a6f0b300 2533       3       java.util.concurrent.locks.ReentrantLock::<init> (16 bytes)
Event: 12.126 Thread 0x000001b7a6f0b300 nmethod 2533 0x000001b7aa624a90 code [0x000001b7aa624c60, 0x000001b7aa625020]
Event: 12.126 Thread 0x000001b7a6f0b300 2534       3       java.util.concurrent.locks.ReentrantLock$NonfairSync::<init> (5 bytes)
Event: 12.127 Thread 0x000001b7a6f0b300 nmethod 2534 0x000001b7aa625190 code [0x000001b7aa625340, 0x000001b7aa6255c0]
Event: 12.814 Thread 0x000001b7a6f0b300 2537       3       jdk.internal.misc.Unsafe::putReferenceOpaque (9 bytes)
Event: 12.815 Thread 0x000001b7a6f0b300 nmethod 2537 0x000001b7aa625710 code [0x000001b7aa6258a0, 0x000001b7aa6259d0]
Event: 12.876 Thread 0x000001b7a6f0b300 2538       3       java.util.concurrent.locks.LockSupport::setBlocker (12 bytes)
Event: 12.877 Thread 0x000001b7a6f0b300 nmethod 2538 0x000001b7aa625a90 code [0x000001b7aa625c40, 0x000001b7aa625e48]

GC Heap History (6 events):
Event: 3.166 GC heap before
{Heap before GC invocations=1 (full 0):
 PSYoungGen      total 29696K, used 25600K [0x00000000d5580000, 0x00000000d7680000, 0x0000000100000000)
  eden space 25600K, 100% used [0x00000000d5580000,0x00000000d6e80000,0x00000000d6e80000)
  from space 4096K, 0% used [0x00000000d7280000,0x00000000d7280000,0x00000000d7680000)
  to   space 4096K, 0% used [0x00000000d6e80000,0x00000000d6e80000,0x00000000d7280000)
 ParOldGen       total 68608K, used 0K [0x0000000080000000, 0x0000000084300000, 0x00000000d5580000)
  object space 68608K, 0% used [0x0000000080000000,0x0000000080000000,0x0000000084300000)
 Metaspace       used 4363K, committed 4608K, reserved 1114112K
  class space    used 474K, committed 576K, reserved 1048576K
}
Event: 3.194 GC heap after
{Heap after GC invocations=1 (full 0):
 PSYoungGen      total 29696K, used 3280K [0x00000000d5580000, 0x00000000d7680000, 0x0000000100000000)
  eden space 25600K, 0% used [0x00000000d5580000,0x00000000d5580000,0x00000000d6e80000)
  from space 4096K, 80% used [0x00000000d6e80000,0x00000000d71b4148,0x00000000d7280000)
  to   space 4096K, 0% used [0x00000000d7280000,0x00000000d7280000,0x00000000d7680000)
 ParOldGen       total 68608K, used 0K [0x0000000080000000, 0x0000000084300000, 0x00000000d5580000)
  object space 68608K, 0% used [0x0000000080000000,0x0000000080000000,0x0000000084300000)
 Metaspace       used 4363K, committed 4608K, reserved 1114112K
  class space    used 474K, committed 576K, reserved 1048576K
}
Event: 5.067 GC heap before
{Heap before GC invocations=2 (full 0):
 PSYoungGen      total 29696K, used 28880K [0x00000000d5580000, 0x00000000d7680000, 0x0000000100000000)
  eden space 25600K, 100% used [0x00000000d5580000,0x00000000d6e80000,0x00000000d6e80000)
  from space 4096K, 80% used [0x00000000d6e80000,0x00000000d71b4148,0x00000000d7280000)
  to   space 4096K, 0% used [0x00000000d7280000,0x00000000d7280000,0x00000000d7680000)
 ParOldGen       total 68608K, used 0K [0x0000000080000000, 0x0000000084300000, 0x00000000d5580000)
  object space 68608K, 0% used [0x0000000080000000,0x0000000080000000,0x0000000084300000)
 Metaspace       used 8147K, committed 8448K, reserved 1114112K
  class space    used 864K, committed 960K, reserved 1048576K
}
Event: 5.085 GC heap after
{Heap after GC invocations=2 (full 0):
 PSYoungGen      total 29696K, used 4092K [0x00000000d5580000, 0x00000000d7680000, 0x0000000100000000)
  eden space 25600K, 0% used [0x00000000d5580000,0x00000000d5580000,0x00000000d6e80000)
  from space 4096K, 99% used [0x00000000d7280000,0x00000000d767f008,0x00000000d7680000)
  to   space 4096K, 0% used [0x00000000d6e80000,0x00000000d6e80000,0x00000000d7280000)
 ParOldGen       total 68608K, used 1115K [0x0000000080000000, 0x0000000084300000, 0x00000000d5580000)
  object space 68608K, 1% used [0x0000000080000000,0x0000000080116ea8,0x0000000084300000)
 Metaspace       used 8147K, committed 8448K, reserved 1114112K
  class space    used 864K, committed 960K, reserved 1048576K
}
Event: 9.420 GC heap before
{Heap before GC invocations=3 (full 0):
 PSYoungGen      total 29696K, used 29692K [0x00000000d5580000, 0x00000000d7680000, 0x0000000100000000)
  eden space 25600K, 100% used [0x00000000d5580000,0x00000000d6e80000,0x00000000d6e80000)
  from space 4096K, 99% used [0x00000000d7280000,0x00000000d767f008,0x00000000d7680000)
  to   space 4096K, 0% used [0x00000000d6e80000,0x00000000d6e80000,0x00000000d7280000)
 ParOldGen       total 68608K, used 1115K [0x0000000080000000, 0x0000000084300000, 0x00000000d5580000)
  object space 68608K, 1% used [0x0000000080000000,0x0000000080116ea8,0x0000000084300000)
 Metaspace       used 12892K, committed 13440K, reserved 1114112K
  class space    used 1364K, committed 1600K, reserved 1048576K
}
Event: 9.432 GC heap after
{Heap after GC invocations=3 (full 0):
 PSYoungGen      total 29696K, used 4095K [0x00000000d5580000, 0x00000000d7680000, 0x0000000100000000)
  eden space 25600K, 0% used [0x00000000d5580000,0x00000000d5580000,0x00000000d6e80000)
  from space 4096K, 99% used [0x00000000d6e80000,0x00000000d727fcd8,0x00000000d7280000)
  to   space 4096K, 0% used [0x00000000d7280000,0x00000000d7280000,0x00000000d7680000)
 ParOldGen       total 68608K, used 2940K [0x0000000080000000, 0x0000000084300000, 0x00000000d5580000)
  object space 68608K, 4% used [0x0000000080000000,0x00000000802df2a0,0x0000000084300000)
 Metaspace       used 12892K, committed 13440K, reserved 1114112K
  class space    used 1364K, committed 1600K, reserved 1048576K
}

Dll operation events (10 events):
Event: 0.032 Loaded shared library c:\Users\hp\.vscode\extensions\redhat.java-1.54.0-win32-x64\jre\21.0.10-win32-x86_64\bin\java.dll
Event: 0.272 Loaded shared library c:\Users\hp\.vscode\extensions\redhat.java-1.54.0-win32-x64\jre\21.0.10-win32-x86_64\bin\zip.dll
Event: 0.339 Loaded shared library C:\Users\hp\.vscode\extensions\redhat.java-1.54.0-win32-x64\jre\21.0.10-win32-x86_64\bin\instrument.dll
Event: 0.357 Loaded shared library C:\Users\hp\.vscode\extensions\redhat.java-1.54.0-win32-x64\jre\21.0.10-win32-x86_64\bin\net.dll
Event: 0.363 Loaded shared library C:\Users\hp\.vscode\extensions\redhat.java-1.54.0-win32-x64\jre\21.0.10-win32-x86_64\bin\nio.dll
Event: 0.376 Loaded shared library C:\Users\hp\.vscode\extensions\redhat.java-1.54.0-win32-x64\jre\21.0.10-win32-x86_64\bin\zip.dll
Event: 0.467 Loaded shared library C:\Users\hp\.vscode\extensions\redhat.java-1.54.0-win32-x64\jre\21.0.10-win32-x86_64\bin\jimage.dll
Event: 1.263 Loaded shared library c:\Users\hp\.vscode\extensions\redhat.java-1.54.0-win32-x64\jre\21.0.10-win32-x86_64\bin\verify.dll
Event: 4.999 Loaded shared library C:\Users\hp\AppData\Roaming\Code\User\globalStorage\redhat.java\1.54.0\config_ss_win\org.eclipse.equinox.launcher\org.eclipse.equinox.launcher.win32.win32.x86_64_1.3.0.v20260203-2149\eclipse_11919.dll
Event: 12.082 Loaded shared library C:\Users\hp\AppData\Local\Temp\jna--106862400\jna2797543525440966030.dll

Deoptimization events (20 events):
Event: 11.810 Thread 0x000001b780971920 DEOPT PACKING pc=0x000001b7b1d17e38 sp=0x0000008889ef36d0
Event: 11.810 Thread 0x000001b780971920 DEOPT UNPACKING pc=0x000001b7b16e3aa2 sp=0x0000008889ef3610 mode 2
Event: 11.812 Thread 0x000001b780971920 Uncommon trap: trap_request=0xffffff45 fr.pc=0x000001b7b1cd25f0 relative=0x0000000000000050
Event: 11.812 Thread 0x000001b780971920 Uncommon trap: reason=unstable_if action=reinterpret pc=0x000001b7b1cd25f0 method=sun.nio.fs.WindowsPathParser.isSlash(C)Z @ 9 c2
Event: 11.812 Thread 0x000001b780971920 DEOPT PACKING pc=0x000001b7b1cd25f0 sp=0x0000008889ef46a0
Event: 11.812 Thread 0x000001b780971920 DEOPT UNPACKING pc=0x000001b7b16e3aa2 sp=0x0000008889ef4628 mode 2
Event: 11.858 Thread 0x000001b780971920 Uncommon trap: trap_request=0xffffff45 fr.pc=0x000001b7b1cf2520 relative=0x0000000000000860
Event: 11.858 Thread 0x000001b780971920 Uncommon trap: reason=unstable_if action=reinterpret pc=0x000001b7b1cf2520 method=java.io.BufferedInputStream.implRead([BII)I @ 55 c2
Event: 11.858 Thread 0x000001b780971920 DEOPT PACKING pc=0x000001b7b1cf2520 sp=0x0000008889ef45d0
Event: 11.858 Thread 0x000001b780971920 DEOPT UNPACKING pc=0x000001b7b16e3aa2 sp=0x0000008889ef4528 mode 2
Event: 11.865 Thread 0x000001b780971920 DEOPT PACKING pc=0x000001b7aa530ad6 sp=0x0000008889eee660
Event: 11.865 Thread 0x000001b780971920 DEOPT UNPACKING pc=0x000001b7b16e4242 sp=0x0000008889eedb70 mode 0
Event: 11.891 Thread 0x000001b780971920 Uncommon trap: trap_request=0xffffff45 fr.pc=0x000001b7b1d0cd74 relative=0x0000000000001014
Event: 11.891 Thread 0x000001b780971920 Uncommon trap: reason=unstable_if action=reinterpret pc=0x000001b7b1d0cd74 method=java.util.Properties$LineReader.readLine()I @ 256 c2
Event: 11.891 Thread 0x000001b780971920 DEOPT PACKING pc=0x000001b7b1d0cd74 sp=0x0000008889ef2820
Event: 11.892 Thread 0x000001b780971920 DEOPT UNPACKING pc=0x000001b7b16e3aa2 sp=0x0000008889ef27b8 mode 2
Event: 11.914 Thread 0x000001b780971920 Uncommon trap: trap_request=0xffffff45 fr.pc=0x000001b7b1c67394 relative=0x00000000000006f4
Event: 11.914 Thread 0x000001b780971920 Uncommon trap: reason=unstable_if action=reinterpret pc=0x000001b7b1c67394 method=java.lang.String.replace(Ljava/lang/CharSequence;Ljava/lang/CharSequence;)Ljava/lang/String; @ 42 c2
Event: 11.914 Thread 0x000001b780971920 DEOPT PACKING pc=0x000001b7b1c67394 sp=0x0000008889ef2e10
Event: 11.914 Thread 0x000001b780971920 DEOPT UNPACKING pc=0x000001b7b16e3aa2 sp=0x0000008889ef2d90 mode 2

Classes loaded (20 events):
Event: 12.066 Loading class sun/security/provider/AbstractDrbg$NonceProvider
Event: 12.066 Loading class sun/security/provider/AbstractDrbg$NonceProvider done
Event: 12.083 Loading class java/nio/ShortBuffer
Event: 12.084 Loading class java/nio/ShortBuffer done
Event: 12.084 Loading class java/nio/FloatBuffer
Event: 12.085 Loading class java/nio/FloatBuffer done
Event: 12.085 Loading class java/nio/DoubleBuffer
Event: 12.085 Loading class java/nio/DoubleBuffer done
Event: 12.086 Loading class jdk/internal/loader/NativeLibraries$Unloader
Event: 12.086 Loading class jdk/internal/loader/NativeLibraries$Unloader done
Event: 12.109 Loading class java/lang/annotation/Documented
Event: 12.109 Loading class java/lang/annotation/Documented done
Event: 12.112 Loading class java/lang/reflect/UndeclaredThrowableException
Event: 12.112 Loading class java/lang/reflect/UndeclaredThrowableException done
Event: 12.113 Loading class java/lang/Class$AnnotationData
Event: 12.113 Loading class java/lang/Class$AnnotationData done
Event: 12.115 Loading class jdk/internal/reflect/MethodHandleIntegerFieldAccessorImpl
Event: 12.115 Loading class jdk/internal/reflect/MethodHandleIntegerFieldAccessorImpl done
Event: 12.134 Loading class java/io/PrintWriter
Event: 12.134 Loading class java/io/PrintWriter done

Classes unloaded (0 events):
No events

Classes redefined (0 events):
No events

Internal exceptions (20 events):
Event: 4.985 Thread 0x000001b7a6f5c420 Exception <a 'java/lang/UnsatisfiedLinkError'{0x00000000d6d5d9c0}: 'void org.eclipse.equinox.launcher.JNIBridge._update_splash()'> (0x00000000d6d5d9c0) 
thrown [s\src\hotspot\share\prims\nativeLookup.cpp, line 415]
Event: 5.273 Thread 0x000001b780971920 Exception <a 'java/lang/NullPointerException'{0x00000000d58489c8}> (0x00000000d58489c8) 
thrown [s\src\hotspot\share\interpreter\linkResolver.cpp, line 1372]
Event: 5.273 Thread 0x000001b780971920 Exception <a 'java/lang/NullPointerException'{0x00000000d5848ca8}> (0x00000000d5848ca8) 
thrown [s\src\hotspot\share\interpreter\linkResolver.cpp, line 1372]
Event: 8.872 Thread 0x000001b780971920 Exception <a 'java/lang/NoSuchMethodError'{0x00000000d613ba98}: 'long java.lang.invoke.DirectMethodHandle$Holder.invokeSpecial(java.lang.Object, java.lang.Object)'> (0x00000000d613ba98) 
thrown [s\src\hotspot\share\interpreter\linkResolver.cpp, line 773]
Event: 8.941 Thread 0x000001b780971920 Exception <a 'java/io/FileNotFoundException'{0x00000000d630aa68}> (0x00000000d630aa68) 
thrown [s\src\hotspot\share\prims\jni.cpp, line 520]
Event: 9.104 Thread 0x000001b780971920 Exception <a 'java/lang/NoSuchMethodError'{0x00000000d661d398}: 'java.lang.Object java.lang.invoke.Invokers$Holder.linkToTargetMethod(java.lang.Object, long, java.lang.Object)'> (0x00000000d661d398) 
thrown [s\src\hotspot\share\interpreter\linkResolver.cpp, line 773]
Event: 9.238 Thread 0x000001b780971920 Exception <a 'java/lang/NoSuchMethodError'{0x00000000d6a14db0}: 'void java.lang.invoke.DirectMethodHandle$Holder.invokeInterface(java.lang.Object, java.lang.Object, java.lang.Object)'> (0x00000000d6a14db0) 
thrown [s\src\hotspot\share\interpreter\linkResolver.cpp, line 773]
Event: 9.297 Thread 0x000001b780971920 Exception <a 'java/lang/NoSuchMethodError'{0x00000000d6c1edd0}: 'void java.lang.invoke.Invokers$Holder.invokeExact_MT(java.lang.Object, java.lang.Object, java.lang.Object)'> (0x00000000d6c1edd0) 
thrown [s\src\hotspot\share\interpreter\linkResolver.cpp, line 773]
Event: 9.452 Thread 0x000001b780971920 Exception <a 'java/lang/NoSuchMethodError'{0x00000000d563f660}: 'java.lang.Object java.lang.invoke.DirectMethodHandle$Holder.invokeVirtual(java.lang.Object, java.lang.Object, java.lang.Object)'> (0x00000000d563f660) 
thrown [s\src\hotspot\share\interpreter\linkResolver.cpp, line 773]
Event: 9.456 Thread 0x000001b780971920 Exception <a 'java/lang/NoSuchMethodError'{0x00000000d5657640}: 'java.lang.Object java.lang.invoke.DelegatingMethodHandle$Holder.reinvoke_L(java.lang.Object, java.lang.Object, java.lang.Object, java.lang.Object, int, int)'> (0x00000000d5657640) 
thrown [s\src\hotspot\share\interpreter\linkResolver.cpp, line 773]
Event: 9.463 Thread 0x000001b780971920 Exception <a 'java/lang/NoSuchMethodError'{0x00000000d5673cb0}: 'java.lang.Object java.lang.invoke.DirectMethodHandle$Holder.newInvokeSpecial(java.lang.Object, java.lang.Object, java.lang.Object, java.lang.Object, java.lang.Object, java.lang.Object)'> (0x00000000d5673cb0) 
thrown [s\src\hotspot\share\interpreter\linkResolver.cpp, line 773]
Event: 9.471 Thread 0x000001b780971920 Exception <a 'java/lang/NoSuchMethodError'{0x00000000d56bada0}: 'void java.lang.invoke.Invokers$Holder.invokeExact_MT(java.lang.Object, java.lang.Object, java.lang.Object, java.lang.Object)'> (0x00000000d56bada0) 
thrown [s\src\hotspot\share\interpreter\linkResolver.cpp, line 773]
Event: 11.644 Thread 0x000001b780971920 Exception <a 'java/io/FileNotFoundException'{0x00000000d5ad3050}> (0x00000000d5ad3050) 
thrown [s\src\hotspot\share\prims\jni.cpp, line 520]
Event: 11.646 Thread 0x000001b780971920 Exception <a 'java/io/FileNotFoundException'{0x00000000d5ad9f20}> (0x00000000d5ad9f20) 
thrown [s\src\hotspot\share\prims\jni.cpp, line 520]
Event: 11.828 Thread 0x000001b780971920 Exception <a 'java/lang/NoSuchMethodError'{0x00000000d600bbd8}: 'java.lang.Object java.lang.invoke.DirectMethodHandle$Holder.invokeStaticInit(java.lang.Object, int)'> (0x00000000d600bbd8) 
thrown [s\src\hotspot\share\interpreter\linkResolver.cpp, line 773]
Event: 11.923 Thread 0x000001b780971920 Exception <a 'java/lang/NoSuchMethodError'{0x00000000d62dd4a0}: 'java.lang.Object java.lang.invoke.DirectMethodHandle$Holder.invokeStaticInit(java.lang.Object, int, int, int, int)'> (0x00000000d62dd4a0) 
thrown [s\src\hotspot\share\interpreter\linkResolver.cpp, line 773]
Event: 12.063 Thread 0x000001b780971920 Exception <a 'java/lang/NoSuchMethodError'{0x00000000d641b798}: 'java.lang.Object java.lang.invoke.DirectMethodHandle$Holder.invokeStaticInit(java.lang.Object, java.lang.Object, int, int, int, int)'> (0x00000000d641b798) 
thrown [s\src\hotspot\share\interpreter\linkResolver.cpp, line 773]
Event: 12.115 Thread 0x000001b780971920 Exception <a 'java/lang/NoSuchMethodError'{0x00000000d651f2e0}: 'void java.lang.invoke.DirectMethodHandle$Holder.invokeSpecial(java.lang.Object, java.lang.Object, java.lang.Object, int)'> (0x00000000d651f2e0) 
thrown [s\src\hotspot\share\interpreter\linkResolver.cpp, line 773]
Event: 12.116 Thread 0x000001b780971920 Exception <a 'java/lang/NoSuchMethodError'{0x00000000d6522f20}: 'void java.lang.invoke.DelegatingMethodHandle$Holder.reinvoke_L(java.lang.Object, java.lang.Object, int)'> (0x00000000d6522f20) 
thrown [s\src\hotspot\share\interpreter\linkResolver.cpp, line 773]
Event: 12.117 Thread 0x000001b780971920 Exception <a 'java/lang/NoSuchMethodError'{0x00000000d6529eb8}: 'int java.lang.invoke.Invokers$Holder.invokeExact_MT(java.lang.Object, java.lang.Object, java.lang.Object)'> (0x00000000d6529eb8) 
thrown [s\src\hotspot\share\interpreter\linkResolver.cpp, line 773]

ZGC Phase Switch (0 events):
No events

VM Operations (20 events):
Event: 9.189 Executing non-safepoint VM operation: HandshakeAllThreads (Deoptimize)
Event: 9.189 Executing non-safepoint VM operation: HandshakeAllThreads (Deoptimize) done
Event: 9.189 Executing safepoint VM operation: Cleanup
Event: 9.189 Executing safepoint VM operation: Cleanup done
Event: 9.420 Executing safepoint VM operation: ParallelGCFailedAllocation (Allocation Failure)
Event: 9.432 Executing safepoint VM operation: ParallelGCFailedAllocation (Allocation Failure) done
Event: 10.436 Executing safepoint VM operation: Cleanup
Event: 10.436 Executing safepoint VM operation: Cleanup done
Event: 11.442 Executing safepoint VM operation: Cleanup
Event: 11.442 Executing safepoint VM operation: Cleanup done
Event: 11.591 Executing non-safepoint VM operation: HandshakeAllThreads (Deoptimize)
Event: 11.591 Executing non-safepoint VM operation: HandshakeAllThreads (Deoptimize) done
Event: 11.601 Executing non-safepoint VM operation: HandshakeAllThreads (Deoptimize)
Event: 11.601 Executing non-safepoint VM operation: HandshakeAllThreads (Deoptimize) done
Event: 11.629 Executing non-safepoint VM operation: HandshakeAllThreads (Deoptimize)
Event: 11.630 Executing non-safepoint VM operation: HandshakeAllThreads (Deoptimize) done
Event: 12.097 Executing non-safepoint VM operation: HandshakeAllThreads (Deoptimize)
Event: 12.097 Executing non-safepoint VM operation: HandshakeAllThreads (Deoptimize) done
Event: 13.107 Executing safepoint VM operation: Cleanup
Event: 14.140 Executing safepoint VM operation: Cleanup done

Memory protections (0 events):
No events

Nmethod flushes (0 events):
No events

Events (17 events):
Event: 0.087 Thread 0x000001b7a6f5c420 Thread added: 0x000001b7a6f5c420
Event: 0.143 Thread 0x000001b7a6f5c420 Thread added: 0x000001b7a7019650
Event: 0.143 Thread 0x000001b7a6f5c420 Thread added: 0x000001b7a6ed3f40
Event: 0.144 Thread 0x000001b7a6f5c420 Thread added: 0x000001b7a6ed65b0
Event: 0.144 Thread 0x000001b7a6f5c420 Thread added: 0x000001b7a6ed9120
Event: 0.146 Thread 0x000001b7a6f5c420 Thread added: 0x000001b7a6ee0d10
Event: 0.146 Thread 0x000001b7a6f5c420 Thread added: 0x000001b7a6ee3780
Event: 0.146 Thread 0x000001b7a6f5c420 Thread added: 0x000001b7a6ee7a90
Event: 0.147 Thread 0x000001b7a6f5c420 Thread added: 0x000001b7a6f0b300
Event: 0.349 Thread 0x000001b7a6f5c420 Thread added: 0x000001b7805037c0
Event: 1.591 Thread 0x000001b7a6f5c420 Thread added: 0x000001b78063cff0
Event: 4.388 Thread 0x000001b7a6f5c420 Thread added: 0x000001b7809d22c0
Event: 4.971 Thread 0x000001b7a6f5c420 Thread added: 0x000001b780f16ec0
Event: 4.982 Thread 0x000001b7a6f5c420 Thread added: 0x000001b780971920
Event: 5.581 Thread 0x000001b780971920 Thread added: 0x000001b780863d40
Event: 9.253 Thread 0x000001b780971920 Thread added: 0x000001b780935470
Event: 12.130 Thread 0x000001b780971920 Thread added: 0x000001b7804781d0


Dynamic libraries:
0x00007ff7e28b0000 - 0x00007ff7e28be000 	c:\Users\hp\.vscode\extensions\redhat.java-1.54.0-win32-x64\jre\21.0.10-win32-x86_64\bin\java.exe
0x00007ffc5c6a0000 - 0x00007ffc5c908000 	C:\WINDOWS\SYSTEM32\ntdll.dll
0x00007ffc5c260000 - 0x00007ffc5c329000 	C:\WINDOWS\System32\KERNEL32.DLL
0x00007ffc59ba0000 - 0x00007ffc59f92000 	C:\WINDOWS\System32\KERNELBASE.dll
0x00007ffc59960000 - 0x00007ffc59aab000 	C:\WINDOWS\System32\ucrtbase.dll
0x00007ffc544e0000 - 0x00007ffc544f8000 	c:\Users\hp\.vscode\extensions\redhat.java-1.54.0-win32-x64\jre\21.0.10-win32-x86_64\bin\jli.dll
0x00007ffc5a960000 - 0x00007ffc5ab25000 	C:\WINDOWS\System32\USER32.dll
0x00007ffc59b70000 - 0x00007ffc59b97000 	C:\WINDOWS\System32\win32u.dll
0x00007ffc5b220000 - 0x00007ffc5b24b000 	C:\WINDOWS\System32\GDI32.dll
0x00007ffc59830000 - 0x00007ffc5995d000 	C:\WINDOWS\System32\gdi32full.dll
0x00007ffc5a290000 - 0x00007ffc5a333000 	C:\WINDOWS\System32\msvcp_win.dll
0x00007ffc562f0000 - 0x00007ffc5630e000 	c:\Users\hp\.vscode\extensions\redhat.java-1.54.0-win32-x64\jre\21.0.10-win32-x86_64\bin\VCRUNTIME140.dll
0x00007ffc3c540000 - 0x00007ffc3c7d3000 	C:\WINDOWS\WinSxS\amd64_microsoft.windows.common-controls_6595b64144ccf1df_6.0.26100.6899_none_3e0efeeae32e88c1\COMCTL32.dll
0x00007ffc5c450000 - 0x00007ffc5c4f9000 	C:\WINDOWS\System32\msvcrt.dll
0x00007ffc5bca0000 - 0x00007ffc5bccf000 	C:\WINDOWS\System32\IMM32.DLL
0x00007ffc562e0000 - 0x00007ffc562ec000 	c:\Users\hp\.vscode\extensions\redhat.java-1.54.0-win32-x64\jre\21.0.10-win32-x86_64\bin\vcruntime140_1.dll
0x00007ffc3d970000 - 0x00007ffc3d9fd000 	c:\Users\hp\.vscode\extensions\redhat.java-1.54.0-win32-x64\jre\21.0.10-win32-x86_64\bin\msvcp140.dll
0x00007ffbc0140000 - 0x00007ffbc0ee1000 	c:\Users\hp\.vscode\extensions\redhat.java-1.54.0-win32-x64\jre\21.0.10-win32-x86_64\bin\server\jvm.dll
0x00007ffc5a470000 - 0x00007ffc5a524000 	C:\WINDOWS\System32\ADVAPI32.dll
0x00007ffc5c350000 - 0x00007ffc5c3f6000 	C:\WINDOWS\System32\sechost.dll
0x00007ffc5b250000 - 0x00007ffc5b368000 	C:\WINDOWS\System32\RPCRT4.dll
0x00007ffc5c500000 - 0x00007ffc5c574000 	C:\WINDOWS\System32\WS2_32.dll
0x00007ffc59690000 - 0x00007ffc596ee000 	C:\WINDOWS\SYSTEM32\POWRPROF.dll
0x00007ffc3d670000 - 0x00007ffc3d6a5000 	C:\WINDOWS\SYSTEM32\WINMM.dll
0x00007ffc4b160000 - 0x00007ffc4b16b000 	C:\WINDOWS\SYSTEM32\VERSION.dll
0x00007ffc59670000 - 0x00007ffc59684000 	C:\WINDOWS\SYSTEM32\UMPDC.dll
0x00007ffc58600000 - 0x00007ffc5861b000 	C:\WINDOWS\SYSTEM32\kernel.appcore.dll
0x00007ffc544d0000 - 0x00007ffc544da000 	c:\Users\hp\.vscode\extensions\redhat.java-1.54.0-win32-x64\jre\21.0.10-win32-x86_64\bin\jimage.dll
0x00007ffc56df0000 - 0x00007ffc57032000 	C:\WINDOWS\SYSTEM32\DBGHELP.DLL
0x00007ffc5a530000 - 0x00007ffc5a8ab000 	C:\WINDOWS\System32\combase.dll
0x00007ffc5b370000 - 0x00007ffc5b447000 	C:\WINDOWS\System32\OLEAUT32.dll
0x00007ffc3a9d0000 - 0x00007ffc3aa0c000 	C:\WINDOWS\SYSTEM32\dbgcore.DLL
0x00007ffc5a340000 - 0x00007ffc5a3d8000 	C:\WINDOWS\System32\bcryptPrimitives.dll
0x00007ffc543a0000 - 0x00007ffc543af000 	c:\Users\hp\.vscode\extensions\redhat.java-1.54.0-win32-x64\jre\21.0.10-win32-x86_64\bin\instrument.dll
0x00007ffc54380000 - 0x00007ffc543a0000 	c:\Users\hp\.vscode\extensions\redhat.java-1.54.0-win32-x64\jre\21.0.10-win32-x86_64\bin\java.dll
0x00007ffc5b450000 - 0x00007ffc5bb9d000 	C:\WINDOWS\System32\SHELL32.dll
0x00007ffc59fa0000 - 0x00007ffc5a10b000 	C:\WINDOWS\System32\wintypes.dll
0x00007ffc574c0000 - 0x00007ffc57d1d000 	C:\WINDOWS\SYSTEM32\windows.storage.dll
0x00007ffc5abd0000 - 0x00007ffc5acc2000 	C:\WINDOWS\System32\SHCORE.dll
0x00007ffc5acd0000 - 0x00007ffc5ad32000 	C:\WINDOWS\System32\shlwapi.dll
0x00007ffc59750000 - 0x00007ffc59779000 	C:\WINDOWS\SYSTEM32\profapi.dll
0x00007ffc54360000 - 0x00007ffc54378000 	c:\Users\hp\.vscode\extensions\redhat.java-1.54.0-win32-x64\jre\21.0.10-win32-x86_64\bin\zip.dll
0x00007ffc4cfa0000 - 0x00007ffc4cfb0000 	C:\Users\hp\.vscode\extensions\redhat.java-1.54.0-win32-x64\jre\21.0.10-win32-x86_64\bin\net.dll
0x00007ffc4d280000 - 0x00007ffc4d39f000 	C:\WINDOWS\SYSTEM32\WINHTTP.dll
0x00007ffc58b70000 - 0x00007ffc58bdb000 	C:\WINDOWS\system32\mswsock.dll
0x00007ffc4cf80000 - 0x00007ffc4cf96000 	C:\Users\hp\.vscode\extensions\redhat.java-1.54.0-win32-x64\jre\21.0.10-win32-x86_64\bin\nio.dll
0x00007ffc47730000 - 0x00007ffc47740000 	c:\Users\hp\.vscode\extensions\redhat.java-1.54.0-win32-x64\jre\21.0.10-win32-x86_64\bin\verify.dll
0x00007ffc3e270000 - 0x00007ffc3e2b5000 	C:\Users\hp\AppData\Roaming\Code\User\globalStorage\redhat.java\1.54.0\config_ss_win\org.eclipse.equinox.launcher\org.eclipse.equinox.launcher.win32.win32.x86_64_1.3.0.v20260203-2149\eclipse_11919.dll
0x00007ffc5ad40000 - 0x00007ffc5aed8000 	C:\WINDOWS\System32\ole32.dll
0x00007ffc58e30000 - 0x00007ffc58e4b000 	C:\WINDOWS\SYSTEM32\CRYPTSP.dll
0x00007ffc58560000 - 0x00007ffc5859b000 	C:\WINDOWS\system32\rsaenh.dll
0x00007ffc58c10000 - 0x00007ffc58c3b000 	C:\WINDOWS\SYSTEM32\USERENV.dll
0x00007ffc59720000 - 0x00007ffc59746000 	C:\WINDOWS\SYSTEM32\bcrypt.dll
0x00007ffc58e20000 - 0x00007ffc58e2c000 	C:\WINDOWS\SYSTEM32\CRYPTBASE.dll
0x00007ffc58020000 - 0x00007ffc58054000 	C:\WINDOWS\SYSTEM32\IPHLPAPI.DLL
0x00007ffc5c250000 - 0x00007ffc5c25a000 	C:\WINDOWS\System32\NSI.dll
0x00007ffc3ccf0000 - 0x00007ffc3cd39000 	C:\Users\hp\AppData\Local\Temp\jna--106862400\jna2797543525440966030.dll
0x00007ffc5ab30000 - 0x00007ffc5ab38000 	C:\WINDOWS\System32\PSAPI.DLL

JVMTI agents:
c:\Users\hp\.vscode\extensions\redhat.java-1.54.0-win32-x64\lombok\lombok-1.18.39-4050.jar path:c:\Users\hp\.vscode\extensions\redhat.java-1.54.0-win32-x64\jre\21.0.10-win32-x86_64\bin\instrument.dll, loaded, initialized, instrumentlib options:none

dbghelp: loaded successfully - version: 4.0.5 - missing functions: none
symbol engine: initialized successfully - sym options: 0x614 - pdb path: .;c:\Users\hp\.vscode\extensions\redhat.java-1.54.0-win32-x64\jre\21.0.10-win32-x86_64\bin;C:\WINDOWS\SYSTEM32;C:\WINDOWS\WinSxS\amd64_microsoft.windows.common-controls_6595b64144ccf1df_6.0.26100.6899_none_3e0efeeae32e88c1;c:\Users\hp\.vscode\extensions\redhat.java-1.54.0-win32-x64\jre\21.0.10-win32-x86_64\bin\server;C:\Users\hp\AppData\Roaming\Code\User\globalStorage\redhat.java\1.54.0\config_ss_win\org.eclipse.equinox.launcher\org.eclipse.equinox.launcher.win32.win32.x86_64_1.3.0.v20260203-2149;C:\Users\hp\AppData\Local\Temp\jna--106862400

VM Arguments:
jvm_args: --add-modules=ALL-SYSTEM --add-opens=java.base/java.util=ALL-UNNAMED --add-opens=java.base/java.lang=ALL-UNNAMED --add-opens=java.base/sun.nio.fs=ALL-UNNAMED -Declipse.application=org.eclipse.jdt.ls.core.id1 -Dosgi.bundles.defaultStartLevel=4 -Declipse.product=org.eclipse.jdt.ls.core.product -Djava.import.generatesMetadataFilesAtProjectRoot=false -DDetectVMInstallationsJob.disabled=true -Dfile.encoding=utf8 -XX:+UseParallelGC -XX:GCTimeRatio=4 -XX:AdaptiveSizePolicyWeight=90 -Dsun.zip.disableMemoryMapping=true -Xmx2G -Xms100m -Xlog:disable -javaagent:c:\Users\hp\.vscode\extensions\redhat.java-1.54.0-win32-x64\lombok\lombok-1.18.39-4050.jar 
java_command: c:\Users\hp\.vscode\extensions\redhat.java-1.54.0-win32-x64\server\plugins\org.eclipse.equinox.launcher_1.7.100.v20251111-0406.jar -configuration c:\Users\hp\AppData\Roaming\Code\User\globalStorage\redhat.java\1.54.0\config_ss_win -data c:\Users\hp\AppData\Roaming\Code\User\workspaceStorage\dc3e17ca2b51afcc3cb7108b827147bb\redhat.java\ss_ws --pipe=\\.\pipe\lsp-cfbff3c99757f1a11281ae2cb14be089-sock
java_class_path (initial): c:\Users\hp\.vscode\extensions\redhat.java-1.54.0-win32-x64\server\plugins\org.eclipse.equinox.launcher_1.7.100.v20251111-0406.jar
Launcher Type: SUN_STANDARD

[Global flags]
    uintx AdaptiveSizePolicyWeight                 = 90                                        {product} {command line}
     intx CICompilerCount                          = 4                                         {product} {ergonomic}
    uintx GCTimeRatio                              = 4                                         {product} {command line}
   size_t InitialHeapSize                          = 104857600                                 {product} {command line}
   size_t MaxHeapSize                              = 2147483648                                {product} {command line}
   size_t MaxNewSize                               = 715653120                                 {product} {ergonomic}
   size_t MinHeapDeltaBytes                        = 524288                                    {product} {ergonomic}
   size_t MinHeapSize                              = 104857600                                 {product} {command line}
   size_t NewSize                                  = 34603008                                  {product} {ergonomic}
    uintx NonNMethodCodeHeapSize                   = 5839372                                {pd product} {ergonomic}
    uintx NonProfiledCodeHeapSize                  = 122909434                              {pd product} {ergonomic}
   size_t OldSize                                  = 70254592                                  {product} {ergonomic}
    uintx ProfiledCodeHeapSize                     = 122909434                              {pd product} {ergonomic}
    uintx ReservedCodeCacheSize                    = 251658240                              {pd product} {ergonomic}
     bool SegmentedCodeCache                       = true                                      {product} {ergonomic}
   size_t SoftMaxHeapSize                          = 2147483648                             {manageable} {ergonomic}
     bool UseCompressedOops                        = true                           {product lp64_product} {ergonomic}
     bool UseLargePagesIndividualAllocation        = false                                  {pd product} {ergonomic}
     bool UseParallelGC                            = true                                      {product} {command line}

Logging:
Log output configuration:
 #0: stdout all=off uptime,level,tags foldmultilines=false
 #1: stderr all=off uptime,level,tags foldmultilines=false

Release file:
JAVA_VERSION="21.0.10" 
MODULES="java.base java.compiler java.datatransfer java.xml java.prefs java.desktop java.instrument java.logging java.management java.security.sasl java.naming java.rmi java.management.rmi java.net.http java.scripting java.security.jgss java.transaction.xa java.sql java.sql.rowset java.xml.crypto java.se java.smartcardio jdk.accessibility jdk.internal.jvmstat jdk.attach jdk.charsets jdk.internal.opt jdk.zipfs jdk.compiler jdk.crypto.ec jdk.crypto.cryptoki jdk.crypto.mscapi jdk.dynalink jdk.internal.ed jdk.editpad jdk.hotspot.agent jdk.httpserver jdk.internal.le jdk.internal.vm.ci jdk.internal.vm.compiler jdk.internal.vm.compiler.management jdk.jartool jdk.javadoc jdk.jcmd jdk.management jdk.management.agent jdk.jconsole jdk.jdeps jdk.jdwp.agent jdk.jdi jdk.jfr jdk.jshell jdk.jsobject jdk.jstatd jdk.localedata jdk.management.jfr jdk.naming.dns jdk.naming.rmi jdk.net jdk.nio.mapmode jdk.random jdk.sctp jdk.security.auth jdk.security.jgss jdk.unsupported jdk.unsupported.desktop jdk.xml.dom" 

Environment Variables:
PATH=C:\Python313\Scripts\;C:\Python313\;C:\Program Files\Common Files\Oracle\Java\javapath;C:\Program Files (x86)\Common Files\Oracle\Java\java8path;C:\Program Files (x86)\Common Files\Oracle\Java\javapath;C:\Program Files (x86)\NVIDIA Corporation\PhysX\Common;C:\WINDOWS\system32;C:\WINDOWS;C:\WINDOWS\System32\Wbem;C:\WINDOWS\System32\WindowsPowerShell\v1.0\;C:\WINDOWS\System32\OpenSSH\;C:\Program Files\Git\cmd;C:\Program Files\nodejs\;C:\ProgramData\chocolatey\bin;C:\Program Files\dotnet\;C:\Users\hp\Downloads\apache-maven-3.9.14-bin;C:\ProgramData\chocolatey\lib\maven\apache-maven-3.9.15\bin;C:\Users\hp\AppData\Local\Programs\Python\Python314\Scripts\;C:\Users\hp\AppData\Local\Programs\Python\Python314\;C:\Users\hp\AppData\Local\Microsoft\WindowsApps;C:\Users\hp\AppData\Local\Programs\Microsoft VS Code\bin;C:\Users\hp\AppData\Roaming\npm;;C:\tools\mysql\current\bin
USERNAME=KENNEDY
OS=Windows_NT
PROCESSOR_IDENTIFIER=Intel64 Family 6 Model 142 Stepping 11, GenuineIntel
TMP=C:\Users\hp\AppData\Local\Temp
TEMP=C:\Users\hp\AppData\Local\Temp




Periodic native trim disabled

---------------  S Y S T E M  ---------------

OS:
 Windows 11 , 64 bit Build 26100 (10.0.26100.6725)
OS uptime: 7 days 23:32 hours

CPU: total 8 (initial active 8) (4 cores per cpu, 2 threads per core) family 6 model 142 stepping 11 microcode 0xf6, cx8, cmov, fxsr, ht, mmx, 3dnowpref, sse, sse2, sse3, ssse3, sse4.1, sse4.2, popcnt, lzcnt, tsc, tscinvbit, avx, avx2, aes, erms, clmul, bmi1, bmi2, adx, fma, vzeroupper, clflush, clflushopt, rdtscp, f16c
Processor Information for the first 8 processors :
  Max Mhz: 1800, Current Mhz: 1300, Mhz Limit: 1584

Memory: 4k page, system-wide physical 8030M (298M free)
TotalPageFile size 16222M (AvailPageFile size 0M)
current process WorkingSet (physical memory assigned to process): 104M, peak: 105M
current process commit charge ("private bytes"): 252M, peak: 252M

vm_info: OpenJDK 64-Bit Server VM (21.0.10+7-LTS) for windows-amd64 JRE (21.0.10+7-LTS), built on 2026-01-20T00:00:00Z by "admin" with MS VC++ 17.12 (VS2022)

END.
