#
# There is insufficient memory for the Java Runtime Environment to continue.
# Native memory allocation (malloc) failed to allocate 833728 bytes. Error detail: Chunk::new
# Possible reasons:
#   The system is out of physical RAM or swap space
#   This process is running with CompressedOops enabled, and the Java Heap may be blocking the growth of the native heap
# Possible solutions:
#   Reduce memory load on the system
#   Increase physical memory or swap space
#   Check if swap backing store is full
#   Decrease Java heap size (-Xmx/-Xms)
#   Decrease number of Java threads
#   Decrease Java thread stack sizes (-Xss)
#   Set larger code cache with -XX:ReservedCodeCacheSize=
#   JVM is running with Unscaled Compressed Oops mode in which the Java heap is
#     placed in the first 4GB address space. The Java Heap base address is the
#     maximum limit for the native heap growth. Please use -XX:HeapBaseMinAddress
#     to set the Java Heap base and to place the Java Heap above 4GB virtual address.
# This output file may be truncated or incomplete.
#
#  Out of Memory Error (arena.cpp:168), pid=16004, tid=24200
#
# JRE version: OpenJDK Runtime Environment Temurin-21.0.10+7 (21.0.10+7) (build 21.0.10+7-LTS)
# Java VM: OpenJDK 64-Bit Server VM Temurin-21.0.10+7 (21.0.10+7-LTS, mixed mode, sharing, tiered, compressed oops, compressed class ptrs, parallel gc, windows-amd64)
# No core dump will be written. Minidumps are not enabled by default on client versions of Windows
#

---------------  S U M M A R Y ------------

Command Line: --add-modules=ALL-SYSTEM --add-opens=java.base/java.util=ALL-UNNAMED --add-opens=java.base/java.lang=ALL-UNNAMED --add-opens=java.base/sun.nio.fs=ALL-UNNAMED -Declipse.application=org.eclipse.jdt.ls.core.id1 -Dosgi.bundles.defaultStartLevel=4 -Declipse.product=org.eclipse.jdt.ls.core.product -Djava.import.generatesMetadataFilesAtProjectRoot=false -DDetectVMInstallationsJob.disabled=true -Dfile.encoding=utf8 -XX:+UseParallelGC -XX:GCTimeRatio=4 -XX:AdaptiveSizePolicyWeight=90 -Dsun.zip.disableMemoryMapping=true -Xmx2G -Xms100m -Xlog:disable -javaagent:c:\Users\hp\.vscode\extensions\redhat.java-1.54.0-win32-x64\lombok\lombok-1.18.39-4050.jar -XX:+HeapDumpOnOutOfMemoryError -XX:HeapDumpPath=c:\Users\hp\AppData\Roaming\Code\User\workspaceStorage\a08af92cbd24ded10a1cca0772c3be56\redhat.java -Daether.dependencyCollector.impl=bf c:\Users\hp\.vscode\extensions\redhat.java-1.54.0-win32-x64\server\plugins\org.eclipse.equinox.launcher_1.7.100.v20251111-0406.jar -configuration c:\Users\hp\AppData\Roaming\Code\User\globalStorage\redhat.java\1.54.0\config_win -data c:\Users\hp\AppData\Roaming\Code\User\workspaceStorage\a08af92cbd24ded10a1cca0772c3be56\redhat.java\jdt_ws --pipe=\\.\pipe\lsp-bd80450755d753d8ce7133b48a768308-sock

Host: Intel(R) Core(TM) i5-8265U CPU @ 1.60GHz, 8 cores, 7G,  Windows 11 , 64 bit Build 26100 (10.0.26100.6725)
Time: Mon Jun 15 18:38:38 2026 South Africa Standard Time elapsed time: 288.025709 seconds (0d 0h 4m 48s)

---------------  T H R E A D  ---------------

Current thread (0x0000020c75113330):  JavaThread "C2 CompilerThread1" daemon [_thread_in_native, id=24200, stack(0x00000096b8900000,0x00000096b8a00000) (1024K)]


Current CompileTask:
C2:288025 10810 %     4       org.eclipse.jdt.internal.core.index.DiskIndex::mergeCategory @ 108 (301 bytes)

Stack: [0x00000096b8900000,0x00000096b8a00000]
Native frames: (J=compiled Java code, j=interpreted, Vv=VM code, C=native code)
V  [jvm.dll+0x6d7a39]
V  [jvm.dll+0x8b4b26]
V  [jvm.dll+0x8b70de]
V  [jvm.dll+0x8b77c3]
V  [jvm.dll+0x284346]
V  [jvm.dll+0xc66ed]
V  [jvm.dll+0xc6c31]
V  [jvm.dll+0x3bec3b]
V  [jvm.dll+0x1e3f69]
V  [jvm.dll+0x24c6b3]
V  [jvm.dll+0x24bb40]
V  [jvm.dll+0x1cb34e]
V  [jvm.dll+0x25b85d]
V  [jvm.dll+0x259dea]
V  [jvm.dll+0x3f857e]
V  [jvm.dll+0x85f59d]
V  [jvm.dll+0x6d626d]
C  [ucrtbase.dll+0x37b0]
C  [KERNEL32.DLL+0x2e8d7]
C  [ntdll.dll+0x8c53c]


---------------  P R O C E S S  ---------------

Threads class SMR info:
_java_thread_list=0x0000020c785aae80, length=51, elements={
0x0000020c15698790, 0x0000020c17a1aea0, 0x0000020c17a206d0, 0x0000020c17a22af0,
0x0000020c17a25a10, 0x0000020c17a26470, 0x0000020c17a26ed0, 0x0000020c17a2ad30,
0x0000020c7503f720, 0x0000020c751e5990, 0x0000020c75359b00, 0x0000020c75d3b7f0,
0x0000020c75cf39a0, 0x0000020c75cdd170, 0x0000020c7533ed00, 0x0000020c76122f40,
0x0000020c75396ec0, 0x0000020c76390ed0, 0x0000020c755c6c20, 0x0000020c755c8cf0,
0x0000020c755c8660, 0x0000020c755c6590, 0x0000020c755c72b0, 0x0000020c755c7940,
0x0000020c755c5870, 0x0000020c76f72530, 0x0000020c76f71ea0, 0x0000020c76f71180,
0x0000020c76f72bc0, 0x0000020c76f71810, 0x0000020c76f70460, 0x0000020c76f70af0,
0x0000020c76f74600, 0x0000020c76f74c90, 0x0000020c76f73f70, 0x0000020c76f766d0,
0x0000020c76f73250, 0x0000020c76f75320, 0x0000020c76f76d60, 0x0000020c76f738e0,
0x0000020c76f773f0, 0x0000020c76f77a80, 0x0000020c77ff3cc0, 0x0000020c77ff2fa0,
0x0000020c77ff3630, 0x0000020c77ff9f30, 0x0000020c77ff77d0, 0x0000020c75113330,
0x0000020c77ff98a0, 0x0000020c77ff7140, 0x0000020c772957b0
}
_to_delete_list=0x0000020c76e2e390, length=49, elements={
0x0000020c15698790, 0x0000020c17a1aea0, 0x0000020c17a206d0, 0x0000020c17a22af0,
0x0000020c17a25a10, 0x0000020c17a26470, 0x0000020c17a26ed0, 0x0000020c17a2ad30,
0x0000020c7503f720, 0x0000020c751e5990, 0x0000020c75359b00, 0x0000020c75d3b7f0,
0x0000020c75cf39a0, 0x0000020c75cdd170, 0x0000020c7533ed00, 0x0000020c76122f40,
0x0000020c75396ec0, 0x0000020c76390ed0, 0x0000020c755c6c20, 0x0000020c755c8cf0,
0x0000020c755c8660, 0x0000020c755c6590, 0x0000020c755c72b0, 0x0000020c755c7940,
0x0000020c755c5870, 0x0000020c76f72530, 0x0000020c76f71ea0, 0x0000020c76f71180,
0x0000020c76f72bc0, 0x0000020c76f71810, 0x0000020c76f70460, 0x0000020c76f70af0,
0x0000020c76f74600, 0x0000020c76f74c90, 0x0000020c76f73f70, 0x0000020c76f766d0,
0x0000020c76f73250, 0x0000020c76f75320, 0x0000020c76f76d60, 0x0000020c76f738e0,
0x0000020c76f773f0, 0x0000020c76f77a80, 0x0000020c77ff3cc0, 0x0000020c77ff2fa0,
0x0000020c77ff3630, 0x0000020c77ff9f30, 0x0000020c77ff77d0, 0x0000020c75113330,
0x0000020c77ff98a0
}

Java Threads: ( => current thread )
  0x0000020c15698790 JavaThread "main"                              [_thread_blocked, id=18332, stack(0x00000096b8a00000,0x00000096b8b00000) (1024K)]
  0x0000020c17a1aea0 JavaThread "Reference Handler"          daemon [_thread_blocked, id=16964, stack(0x00000096b8e00000,0x00000096b8f00000) (1024K)]
  0x0000020c17a206d0 JavaThread "Finalizer"                  daemon [_thread_blocked, id=26308, stack(0x00000096b8f00000,0x00000096b9000000) (1024K)]
  0x0000020c17a22af0 JavaThread "Signal Dispatcher"          daemon [_thread_blocked, id=3552, stack(0x00000096b9000000,0x00000096b9100000) (1024K)]
  0x0000020c17a25a10 JavaThread "Attach Listener"            daemon [_thread_blocked, id=7792, stack(0x00000096b9100000,0x00000096b9200000) (1024K)]
  0x0000020c17a26470 JavaThread "Service Thread"             daemon [_thread_blocked, id=13592, stack(0x00000096b9200000,0x00000096b9300000) (1024K)]
  0x0000020c17a26ed0 JavaThread "Monitor Deflation Thread"   daemon [_thread_blocked, id=19280, stack(0x00000096b9300000,0x00000096b9400000) (1024K)]
  0x0000020c17a2ad30 JavaThread "C2 CompilerThread0"         daemon [_thread_in_native, id=25080, stack(0x00000096b9400000,0x00000096b9500000) (1024K)]
  0x0000020c7503f720 JavaThread "C1 CompilerThread0"         daemon [_thread_blocked, id=27468, stack(0x00000096b9500000,0x00000096b9600000) (1024K)]
  0x0000020c751e5990 JavaThread "Common-Cleaner"             daemon [_thread_blocked, id=20724, stack(0x00000096b9600000,0x00000096b9700000) (1024K)]
  0x0000020c75359b00 JavaThread "Notification Thread"        daemon [_thread_blocked, id=11060, stack(0x00000096b9700000,0x00000096b9800000) (1024K)]
  0x0000020c75d3b7f0 JavaThread "Active Thread: Equinox Container: 5ebb7f9b-7041-453f-91b6-7e5785570799"        [_thread_blocked, id=836, stack(0x00000096ba000000,0x00000096ba100000) (1024K)]
  0x0000020c75cf39a0 JavaThread "Refresh Thread: Equinox Container: 5ebb7f9b-7041-453f-91b6-7e5785570799" daemon [_thread_blocked, id=15680, stack(0x00000096ba200000,0x00000096ba300000) (1024K)]
  0x0000020c75cdd170 JavaThread "Framework Event Dispatcher: Equinox Container: 5ebb7f9b-7041-453f-91b6-7e5785570799" daemon [_thread_blocked, id=12168, stack(0x00000096ba300000,0x00000096ba400000) (1024K)]
  0x0000020c7533ed00 JavaThread "Start Level: Equinox Container: 5ebb7f9b-7041-453f-91b6-7e5785570799" daemon [_thread_blocked, id=688, stack(0x00000096b9800000,0x00000096b9900000) (1024K)]
  0x0000020c76122f40 JavaThread "Bundle File Closer"         daemon [_thread_blocked, id=23532, stack(0x00000096ba500000,0x00000096ba600000) (1024K)]
  0x0000020c75396ec0 JavaThread "SCR Component Actor"        daemon [_thread_blocked, id=4652, stack(0x00000096b9900000,0x00000096b9a00000) (1024K)]
  0x0000020c76390ed0 JavaThread "Worker-JM"                         [_thread_blocked, id=17728, stack(0x00000096ba700000,0x00000096ba800000) (1024K)]
  0x0000020c755c6c20 JavaThread "JNA Cleaner"                daemon [_thread_blocked, id=22692, stack(0x00000096ba400000,0x00000096ba500000) (1024K)]
  0x0000020c755c8cf0 JavaThread "Worker-0: Validate documents"        [_thread_blocked, id=25852, stack(0x00000096ba600000,0x00000096ba700000) (1024K)]
  0x0000020c755c8660 JavaThread "Worker-1: Check JDK Index"         [_thread_blocked, id=17240, stack(0x00000096ba800000,0x00000096ba900000) (1024K)]
  0x0000020c755c6590 JavaThread "Java indexing"              daemon [_thread_blocked, id=16456, stack(0x00000096bab00000,0x00000096bac00000) (1024K)]
  0x0000020c755c72b0 JavaThread "Worker-2: Publish Diagnostics"        [_thread_blocked, id=7712, stack(0x00000096bac00000,0x00000096bad00000) (1024K)]
  0x0000020c755c7940 JavaThread "Worker-4"                          [_thread_blocked, id=7196, stack(0x00000096bb000000,0x00000096bb100000) (1024K)]
  0x0000020c755c5870 JavaThread "Thread-1"                   daemon [_thread_in_native, id=1824, stack(0x00000096bb100000,0x00000096bb200000) (1024K)]
  0x0000020c76f72530 JavaThread "Thread-2"                   daemon [_thread_in_native, id=17184, stack(0x00000096bb200000,0x00000096bb300000) (1024K)]
  0x0000020c76f71ea0 JavaThread "Thread-3"                   daemon [_thread_in_native, id=20304, stack(0x00000096bb300000,0x00000096bb400000) (1024K)]
  0x0000020c76f71180 JavaThread "Thread-4"                   daemon [_thread_in_native, id=3580, stack(0x00000096bb400000,0x00000096bb500000) (1024K)]
  0x0000020c76f72bc0 JavaThread "Thread-5"                   daemon [_thread_in_native, id=4852, stack(0x00000096bb500000,0x00000096bb600000) (1024K)]
  0x0000020c76f71810 JavaThread "Thread-6"                   daemon [_thread_in_native, id=1276, stack(0x00000096bb600000,0x00000096bb700000) (1024K)]
  0x0000020c76f70460 JavaThread "Thread-7"                   daemon [_thread_in_native, id=844, stack(0x00000096bb700000,0x00000096bb800000) (1024K)]
  0x0000020c76f70af0 JavaThread "Thread-8"                   daemon [_thread_in_native, id=1436, stack(0x00000096bb800000,0x00000096bb900000) (1024K)]
  0x0000020c76f74600 JavaThread "Thread-9"                   daemon [_thread_in_native, id=8084, stack(0x00000096bb900000,0x00000096bba00000) (1024K)]
  0x0000020c76f74c90 JavaThread "pool-2-thread-1"                   [_thread_blocked, id=1020, stack(0x00000096bba00000,0x00000096bbb00000) (1024K)]
  0x0000020c76f73f70 JavaThread "WorkspaceEventsHandler"            [_thread_blocked, id=4620, stack(0x00000096bbb00000,0x00000096bbc00000) (1024K)]
  0x0000020c76f766d0 JavaThread "pool-1-thread-1"                   [_thread_blocked, id=27520, stack(0x00000096bbc00000,0x00000096bbd00000) (1024K)]
  0x0000020c76f73250 JavaThread "ForkJoinPool.commonPool-worker-1" daemon [_thread_blocked, id=25164, stack(0x00000096bbd00000,0x00000096bbe00000) (1024K)]
  0x0000020c76f75320 JavaThread "ForkJoinPool.commonPool-worker-2" daemon [_thread_blocked, id=23268, stack(0x00000096bbe00000,0x00000096bbf00000) (1024K)]
  0x0000020c76f76d60 JavaThread "ForkJoinPool.commonPool-worker-3" daemon [_thread_blocked, id=26228, stack(0x00000096bbf00000,0x00000096bc000000) (1024K)]
  0x0000020c76f738e0 JavaThread "ForkJoinPool.commonPool-worker-4" daemon [_thread_blocked, id=2820, stack(0x00000096bc000000,0x00000096bc100000) (1024K)]
  0x0000020c76f773f0 JavaThread "ForkJoinPool.commonPool-worker-5" daemon [_thread_blocked, id=24616, stack(0x00000096bc100000,0x00000096bc200000) (1024K)]
  0x0000020c76f77a80 JavaThread "ForkJoinPool.commonPool-worker-6" daemon [_thread_blocked, id=5604, stack(0x00000096bc200000,0x00000096bc300000) (1024K)]
  0x0000020c77ff3cc0 JavaThread "ForkJoinPool.commonPool-worker-7" daemon [_thread_blocked, id=1868, stack(0x00000096bc300000,0x00000096bc400000) (1024K)]
  0x0000020c77ff2fa0 JavaThread "Worker-5: Java indexing... "        [_thread_blocked, id=17852, stack(0x00000096b8800000,0x00000096b8900000) (1024K)]
  0x0000020c77ff3630 JavaThread "Worker-7: Building"                [_thread_in_vm, id=10176, stack(0x00000096b8700000,0x00000096b8800000) (1024K)]
  0x0000020c77ff9f30 JavaThread "Compiler Source File Reader" daemon [_thread_blocked, id=27256, stack(0x00000096baa00000,0x00000096bab00000) (1024K)]
  0x0000020c77ff77d0 JavaThread "Compiler Processing Task"   daemon [_thread_blocked, id=20608, stack(0x00000096bad00000,0x00000096bae00000) (1024K)]
=>0x0000020c75113330 JavaThread "C2 CompilerThread1"         daemon [_thread_in_native, id=24200, stack(0x00000096b8900000,0x00000096b8a00000) (1024K)]
  0x0000020c77ff98a0 JavaThread "Compiler Source File Reader" daemon [_thread_blocked, id=11160, stack(0x00000096ba900000,0x00000096baa00000) (1024K)]
  0x0000020c77ff7140 JavaThread "Worker-8"                          [_thread_blocked, id=14488, stack(0x00000096bae00000,0x00000096baf00000) (1024K)]
  0x0000020c772957b0 JavaThread "C2 CompilerThread2"         daemon [_thread_blocked, id=27264, stack(0x00000096baf00000,0x00000096bb000000) (1024K)]
Total: 51

Other Threads:
  0x0000020c17b6e740 VMThread "VM Thread"                           [id=17556, stack(0x00000096b8d00000,0x00000096b8e00000) (1024K)] _threads_hazard_ptr=0x0000020c76e2e390
  0x0000020c1793cb20 WatcherThread "VM Periodic Task Thread"        [id=28320, stack(0x00000096b8c00000,0x00000096b8d00000) (1024K)]
  0x0000020c17aca1c0 WorkerThread "GC Thread#0"                     [id=17292, stack(0x00000096b8b00000,0x00000096b8c00000) (1024K)]
  0x0000020c753433b0 WorkerThread "GC Thread#1"                     [id=19904, stack(0x00000096b9a00000,0x00000096b9b00000) (1024K)]
  0x0000020c756ddda0 WorkerThread "GC Thread#2"                     [id=9436, stack(0x00000096b9b00000,0x00000096b9c00000) (1024K)]
  0x0000020c75bfd230 WorkerThread "GC Thread#3"                     [id=4180, stack(0x00000096b9c00000,0x00000096b9d00000) (1024K)]
  0x0000020c7531e5d0 WorkerThread "GC Thread#4"                     [id=28380, stack(0x00000096b9d00000,0x00000096b9e00000) (1024K)]
  0x0000020c75bfd5e0 WorkerThread "GC Thread#5"                     [id=21956, stack(0x00000096b9e00000,0x00000096b9f00000) (1024K)]
  0x0000020c75cacb70 WorkerThread "GC Thread#6"                     [id=20060, stack(0x00000096b9f00000,0x00000096ba000000) (1024K)]
  0x0000020c759e6a50 WorkerThread "GC Thread#7"                     [id=23000, stack(0x00000096ba100000,0x00000096ba200000) (1024K)]
Total: 10

Threads with active compile tasks:
C2 CompilerThread0  288529 10986       4       org.eclipse.jdt.internal.compiler.parser.Parser::consumeRule (7843 bytes)
C2 CompilerThread1  288529 10810 %     4       org.eclipse.jdt.internal.core.index.DiskIndex::mergeCategory @ 108 (301 bytes)
Total: 2

VM state: not at safepoint (normal execution)

VM Mutex/Monitor currently owned by a thread:  ([mutex/lock_event])
[0x00007ffafd35e660] Heap_lock - owner thread: 0x0000020c77ff3630
[0x00007ffafd35eae0] PSOldGenExpand_lock - owner thread: 0x0000020c77ff3630

Heap address: 0x0000000080000000, size: 2048 MB, Compressed Oops mode: 32-bit

CDS archive(s) mapped at: [0x0000020c2f000000-0x0000020c2fba0000-0x0000020c2fba0000), size 12189696, SharedBaseAddress: 0x0000020c2f000000, ArchiveRelocationMode: 1.
Compressed class space mapped at: 0x0000020c30000000-0x0000020c70000000, reserved size: 1073741824
Narrow klass base: 0x0000020c2f000000, Narrow klass shift: 0, Narrow klass range: 0x100000000

GC Precious Log:
 CardTable entry size: 512
 CPUs: 8 total, 8 available
 Memory: 8030M
 Large Page Support: Disabled
 NUMA Support: Disabled
 Compressed Oops: Enabled (32-bit)
 Alignments: Space 512K, Generation 512K, Heap 2M
 Heap Min Capacity: 100M
 Heap Initial Capacity: 100M
 Heap Max Capacity: 2G
 Pre-touch: Disabled
 Parallel Workers: 8

Heap:
 PSYoungGen      total 3072K, used 2609K [0x00000000d5580000, 0x00000000d5c00000, 0x0000000100000000)
  eden space 2048K, 98% used [0x00000000d5580000,0x00000000d5778ad0,0x00000000d5780000)
  from space 1024K, 57% used [0x00000000d5b00000,0x00000000d5b93a80,0x00000000d5c00000)
  to   space 1536K, 0% used [0x00000000d5900000,0x00000000d5900000,0x00000000d5a80000)
 ParOldGen       total 154624K, used 153446K [0x0000000080000000, 0x0000000089700000, 0x00000000d5580000)
  object space 154624K, 99% used [0x0000000080000000,0x00000000895d98d8,0x0000000089700000)
 Metaspace       used 64451K, committed 65920K, reserved 1114112K
  class space    used 6895K, committed 7552K, reserved 1048576K

Card table byte_map: [0x0000020c17450000,0x0000020c17860000] _byte_map_base: 0x0000020c17050000

Marking Bits: (ParMarkBitMap*) 0x00007ffafd363450
 Begin Bits: [0x0000020c29f60000, 0x0000020c2bf60000)
 End Bits:   [0x0000020c2bf60000, 0x0000020c2df60000)

Polling page: 0x0000020c15880000

Metaspace:

Usage:
  Non-class:     56.21 MB used.
      Class:      6.73 MB used.
       Both:     62.94 MB used.

Virtual space:
  Non-class space:       64.00 MB reserved,      57.00 MB ( 89%) committed,  1 nodes.
      Class space:        1.00 GB reserved,       7.38 MB ( <1%) committed,  1 nodes.
             Both:        1.06 GB reserved,      64.38 MB (  6%) committed. 

Chunk freelists:
   Non-Class:  6.92 MB
       Class:  8.59 MB
        Both:  15.52 MB

MaxMetaspaceSize: unlimited
CompressedClassSpaceSize: 1.00 GB
Initial GC threshold: 21.00 MB
Current GC threshold: 97.31 MB
CDS: on
 - commit_granule_bytes: 65536.
 - commit_granule_words: 8192.
 - virtual_space_node_default_size: 8388608.
 - enlarge_chunks_in_place: 1.
 - use_allocation_guard: 0.


Internal statistics:

num_allocs_failed_limit: 11.
num_arena_births: 1202.
num_arena_deaths: 18.
num_vsnodes_births: 2.
num_vsnodes_deaths: 0.
num_space_committed: 1030.
num_space_uncommitted: 0.
num_chunks_returned_to_freelist: 29.
num_chunks_taken_from_freelist: 4216.
num_chunk_merges: 18.
num_chunk_splits: 2619.
num_chunks_enlarged: 1481.
num_inconsistent_stats: 0.

CodeHeap 'non-profiled nmethods': size=120000Kb used=7396Kb max_used=7396Kb free=112603Kb
 bounds [0x0000020c22780000, 0x0000020c22ec0000, 0x0000020c29cb0000]
CodeHeap 'profiled nmethods': size=120000Kb used=22421Kb max_used=22421Kb free=97578Kb
 bounds [0x0000020c1acb0000, 0x0000020c1c2a0000, 0x0000020c221e0000]
CodeHeap 'non-nmethods': size=5760Kb used=1433Kb max_used=1530Kb free=4326Kb
 bounds [0x0000020c221e0000, 0x0000020c22450000, 0x0000020c22780000]
CodeCache: size=245760Kb, used=31250Kb, max_used=31347Kb, free=214507Kb
 total_blobs=11015, nmethods=10270, adapters=650, full_count=0
Compilation: enabled, stopped_count=0, restarted_count=0

Compilation events (20 events):
Event: 285.275 Thread 0x0000020c7503f720 10992       1       lombok.eclipse.HandlerLibrary$VisitorContainer::deferUntilPostDiet (5 bytes)
Event: 285.276 Thread 0x0000020c7503f720 nmethod 10992 0x0000020c22eb4c10 code [0x0000020c22eb4da0, 0x0000020c22eb4e70]
Event: 285.276 Thread 0x0000020c7503f720 10981       3       org.eclipse.sisu.inject.RankedBindings::add (10 bytes)
Event: 285.276 Thread 0x0000020c7503f720 nmethod 10981 0x0000020c1c287510 code [0x0000020c1c2876c0, 0x0000020c1c287800]
Event: 285.281 Thread 0x0000020c7503f720 10993   !   2       org.eclipse.core.internal.watson.ElementTree::includes (48 bytes)
Event: 285.282 Thread 0x0000020c7503f720 nmethod 10993 0x0000020c1c287910 code [0x0000020c1c287ac0, 0x0000020c1c287d38]
Event: 285.282 Thread 0x0000020c7503f720 10994  s    3       org.eclipse.jdt.internal.core.JavaModelManager::getInfo (39 bytes)
Event: 285.283 Thread 0x0000020c7503f720 nmethod 10994 0x0000020c1c287f10 code [0x0000020c1c288100, 0x0000020c1c288788]
Event: 285.286 Thread 0x0000020c7503f720 10995       3       org.eclipse.jdt.internal.core.JavaModelCache::getInfo (156 bytes)
Event: 285.289 Thread 0x0000020c7503f720 nmethod 10995 0x0000020c1c288910 code [0x0000020c1c288cc0, 0x0000020c1c28ad18]
Event: 285.291 Thread 0x0000020c7503f720 10996       3       org.eclipse.jdt.internal.compiler.util.JRTUtil::getClassfile (33 bytes)
Event: 285.292 Thread 0x0000020c7503f720 nmethod 10996 0x0000020c1c28b310 code [0x0000020c1c28b520, 0x0000020c1c28bb60]
Event: 285.292 Thread 0x0000020c7503f720 10997       3       jdk.internal.jrtfs.JrtPath::toUri (85 bytes)
Event: 285.294 Thread 0x0000020c7503f720 nmethod 10997 0x0000020c1c28be10 code [0x0000020c1c28c120, 0x0000020c1c28ce48]
Event: 285.294 Thread 0x0000020c7503f720 10998       3       jdk.internal.jrtfs.JrtPath::toAbsolutePath (44 bytes)
Event: 285.295 Thread 0x0000020c7503f720 nmethod 10998 0x0000020c1c28d410 code [0x0000020c1c28d6c0, 0x0000020c1c28e3e0]
Event: 285.296 Thread 0x0000020c7503f720 10999       1       org.eclipse.jdt.internal.core.PackageFragmentRootInfo::getRootKind (5 bytes)
Event: 285.296 Thread 0x0000020c7503f720 nmethod 10999 0x0000020c22eb4f10 code [0x0000020c22eb50a0, 0x0000020c22eb5168]
Event: 285.336 Thread 0x0000020c17a2ad30 nmethod 10960 0x0000020c22eb5210 code [0x0000020c22eb5440, 0x0000020c22eb6358]
Event: 285.336 Thread 0x0000020c17a2ad30 10986       4       org.eclipse.jdt.internal.compiler.parser.Parser::consumeRule (7843 bytes)

GC Heap History (20 events):
Event: 284.981 GC heap before
{Heap before GC invocations=104 (full 3):
 PSYoungGen      total 4608K, used 4155K [0x00000000d5580000, 0x00000000d5c80000, 0x0000000100000000)
  eden space 3072K, 89% used [0x00000000d5580000,0x00000000d582cbf0,0x00000000d5880000)
  from space 1536K, 92% used [0x00000000d5b00000,0x00000000d5c62010,0x00000000d5c80000)
  to   space 2048K, 0% used [0x00000000d5880000,0x00000000d5880000,0x00000000d5a80000)
 ParOldGen       total 121856K, used 121375K [0x0000000080000000, 0x0000000087700000, 0x00000000d5580000)
  object space 121856K, 99% used [0x0000000080000000,0x0000000087687f00,0x0000000087700000)
 Metaspace       used 64076K, committed 65472K, reserved 1114112K
  class space    used 6851K, committed 7488K, reserved 1048576K
}
Event: 284.986 GC heap after
{Heap after GC invocations=104 (full 3):
 PSYoungGen      total 5120K, used 480K [0x00000000d5580000, 0x00000000d5b80000, 0x0000000100000000)
  eden space 3072K, 0% used [0x00000000d5580000,0x00000000d5580000,0x00000000d5880000)
  from space 2048K, 23% used [0x00000000d5880000,0x00000000d58f8000,0x00000000d5a80000)
  to   space 1024K, 0% used [0x00000000d5a80000,0x00000000d5a80000,0x00000000d5b80000)
 ParOldGen       total 123392K, used 122639K [0x0000000080000000, 0x0000000087880000, 0x00000000d5580000)
  object space 123392K, 99% used [0x0000000080000000,0x00000000877c3f00,0x0000000087880000)
 Metaspace       used 64076K, committed 65472K, reserved 1114112K
  class space    used 6851K, committed 7488K, reserved 1048576K
}
Event: 285.001 GC heap before
{Heap before GC invocations=105 (full 3):
 PSYoungGen      total 5120K, used 3552K [0x00000000d5580000, 0x00000000d5b80000, 0x0000000100000000)
  eden space 3072K, 100% used [0x00000000d5580000,0x00000000d5880000,0x00000000d5880000)
  from space 2048K, 23% used [0x00000000d5880000,0x00000000d58f8000,0x00000000d5a80000)
  to   space 1024K, 0% used [0x00000000d5a80000,0x00000000d5a80000,0x00000000d5b80000)
 ParOldGen       total 123392K, used 122639K [0x0000000080000000, 0x0000000087880000, 0x00000000d5580000)
  object space 123392K, 99% used [0x0000000080000000,0x00000000877c3f00,0x0000000087880000)
 Metaspace       used 64091K, committed 65472K, reserved 1114112K
  class space    used 6853K, committed 7488K, reserved 1048576K
}
Event: 285.007 GC heap after
{Heap after GC invocations=105 (full 3):
 PSYoungGen      total 2048K, used 1013K [0x00000000d5580000, 0x00000000d6080000, 0x0000000100000000)
  eden space 1024K, 0% used [0x00000000d5580000,0x00000000d5580000,0x00000000d5680000)
  from space 1024K, 98% used [0x00000000d5a80000,0x00000000d5b7d6f0,0x00000000d5b80000)
  to   space 4096K, 0% used [0x00000000d5680000,0x00000000d5680000,0x00000000d5a80000)
 ParOldGen       total 124928K, used 124804K [0x0000000080000000, 0x0000000087a00000, 0x00000000d5580000)
  object space 124928K, 99% used [0x0000000080000000,0x00000000879e1230,0x0000000087a00000)
 Metaspace       used 64091K, committed 65472K, reserved 1114112K
  class space    used 6853K, committed 7488K, reserved 1048576K
}
Event: 285.017 GC heap before
{Heap before GC invocations=106 (full 3):
 PSYoungGen      total 2048K, used 2037K [0x00000000d5580000, 0x00000000d6080000, 0x0000000100000000)
  eden space 1024K, 99% used [0x00000000d5580000,0x00000000d567fff0,0x00000000d5680000)
  from space 1024K, 98% used [0x00000000d5a80000,0x00000000d5b7d6f0,0x00000000d5b80000)
  to   space 4096K, 0% used [0x00000000d5680000,0x00000000d5680000,0x00000000d5a80000)
 ParOldGen       total 124928K, used 124804K [0x0000000080000000, 0x0000000087a00000, 0x00000000d5580000)
  object space 124928K, 99% used [0x0000000080000000,0x00000000879e1230,0x0000000087a00000)
 Metaspace       used 64096K, committed 65472K, reserved 1114112K
  class space    used 6853K, committed 7488K, reserved 1048576K
}
Event: 285.021 GC heap after
{Heap after GC invocations=106 (full 3):
 PSYoungGen      total 2560K, used 1056K [0x00000000d5580000, 0x00000000d5b00000, 0x0000000100000000)
  eden space 1024K, 0% used [0x00000000d5580000,0x00000000d5580000,0x00000000d5680000)
  from space 1536K, 68% used [0x00000000d5680000,0x00000000d5788000,0x00000000d5800000)
  to   space 2048K, 0% used [0x00000000d5900000,0x00000000d5900000,0x00000000d5b00000)
 ParOldGen       total 125952K, used 125850K [0x0000000080000000, 0x0000000087b00000, 0x00000000d5580000)
  object space 125952K, 99% used [0x0000000080000000,0x0000000087ae6920,0x0000000087b00000)
 Metaspace       used 64096K, committed 65472K, reserved 1114112K
  class space    used 6853K, committed 7488K, reserved 1048576K
}
Event: 285.027 GC heap before
{Heap before GC invocations=107 (full 3):
 PSYoungGen      total 2560K, used 2079K [0x00000000d5580000, 0x00000000d5b00000, 0x0000000100000000)
  eden space 1024K, 99% used [0x00000000d5580000,0x00000000d567ffb0,0x00000000d5680000)
  from space 1536K, 68% used [0x00000000d5680000,0x00000000d5788000,0x00000000d5800000)
  to   space 2048K, 0% used [0x00000000d5900000,0x00000000d5900000,0x00000000d5b00000)
 ParOldGen       total 125952K, used 125850K [0x0000000080000000, 0x0000000087b00000, 0x00000000d5580000)
  object space 125952K, 99% used [0x0000000080000000,0x0000000087ae6920,0x0000000087b00000)
 Metaspace       used 64101K, committed 65472K, reserved 1114112K
  class space    used 6854K, committed 7488K, reserved 1048576K
}
Event: 285.031 GC heap after
{Heap after GC invocations=107 (full 3):
 PSYoungGen      total 3072K, used 1056K [0x00000000d5580000, 0x00000000d5a80000, 0x0000000100000000)
  eden space 1536K, 0% used [0x00000000d5580000,0x00000000d5580000,0x00000000d5700000)
  from space 1536K, 68% used [0x00000000d5900000,0x00000000d5a08000,0x00000000d5a80000)
  to   space 1536K, 0% used [0x00000000d5780000,0x00000000d5780000,0x00000000d5900000)
 ParOldGen       total 126976K, used 126786K [0x0000000080000000, 0x0000000087c00000, 0x00000000d5580000)
  object space 126976K, 99% used [0x0000000080000000,0x0000000087bd0920,0x0000000087c00000)
 Metaspace       used 64101K, committed 65472K, reserved 1114112K
  class space    used 6854K, committed 7488K, reserved 1048576K
}
Event: 285.038 GC heap before
{Heap before GC invocations=108 (full 3):
 PSYoungGen      total 3072K, used 2592K [0x00000000d5580000, 0x00000000d5a80000, 0x0000000100000000)
  eden space 1536K, 100% used [0x00000000d5580000,0x00000000d5700000,0x00000000d5700000)
  from space 1536K, 68% used [0x00000000d5900000,0x00000000d5a08000,0x00000000d5a80000)
  to   space 1536K, 0% used [0x00000000d5780000,0x00000000d5780000,0x00000000d5900000)
 ParOldGen       total 126976K, used 126786K [0x0000000080000000, 0x0000000087c00000, 0x00000000d5580000)
  object space 126976K, 99% used [0x0000000080000000,0x0000000087bd0920,0x0000000087c00000)
 Metaspace       used 64105K, committed 65472K, reserved 1114112K
  class space    used 6854K, committed 7488K, reserved 1048576K
}
Event: 285.044 GC heap after
{Heap after GC invocations=108 (full 3):
 PSYoungGen      total 3584K, used 1536K [0x00000000d5580000, 0x00000000d5b80000, 0x0000000100000000)
  eden space 2048K, 0% used [0x00000000d5580000,0x00000000d5580000,0x00000000d5780000)
  from space 1536K, 100% used [0x00000000d5780000,0x00000000d5900000,0x00000000d5900000)
  to   space 2048K, 0% used [0x00000000d5980000,0x00000000d5980000,0x00000000d5b80000)
 ParOldGen       total 128000K, used 127738K [0x0000000080000000, 0x0000000087d00000, 0x00000000d5580000)
  object space 128000K, 99% used [0x0000000080000000,0x0000000087cbe920,0x0000000087d00000)
 Metaspace       used 64105K, committed 65472K, reserved 1114112K
  class space    used 6854K, committed 7488K, reserved 1048576K
}
Event: 285.058 GC heap before
{Heap before GC invocations=109 (full 3):
 PSYoungGen      total 3584K, used 3584K [0x00000000d5580000, 0x00000000d5b80000, 0x0000000100000000)
  eden space 2048K, 100% used [0x00000000d5580000,0x00000000d5780000,0x00000000d5780000)
  from space 1536K, 100% used [0x00000000d5780000,0x00000000d5900000,0x00000000d5900000)
  to   space 2048K, 0% used [0x00000000d5980000,0x00000000d5980000,0x00000000d5b80000)
 ParOldGen       total 128000K, used 127738K [0x0000000080000000, 0x0000000087d00000, 0x00000000d5580000)
  object space 128000K, 99% used [0x0000000080000000,0x0000000087cbe920,0x0000000087d00000)
 Metaspace       used 64112K, committed 65536K, reserved 1114112K
  class space    used 6854K, committed 7488K, reserved 1048576K
}
Event: 285.063 GC heap after
{Heap after GC invocations=109 (full 3):
 PSYoungGen      total 3584K, used 1984K [0x00000000d5580000, 0x00000000d5d00000, 0x0000000100000000)
  eden space 1536K, 0% used [0x00000000d5580000,0x00000000d5580000,0x00000000d5700000)
  from space 2048K, 96% used [0x00000000d5980000,0x00000000d5b70000,0x00000000d5b80000)
  to   space 2560K, 0% used [0x00000000d5700000,0x00000000d5700000,0x00000000d5980000)
 ParOldGen       total 129536K, used 129162K [0x0000000080000000, 0x0000000087e80000, 0x00000000d5580000)
  object space 129536K, 99% used [0x0000000080000000,0x0000000087e22930,0x0000000087e80000)
 Metaspace       used 64112K, committed 65536K, reserved 1114112K
  class space    used 6854K, committed 7488K, reserved 1048576K
}
Event: 285.082 GC heap before
{Heap before GC invocations=110 (full 3):
 PSYoungGen      total 3584K, used 3520K [0x00000000d5580000, 0x00000000d5d00000, 0x0000000100000000)
  eden space 1536K, 100% used [0x00000000d5580000,0x00000000d5700000,0x00000000d5700000)
  from space 2048K, 96% used [0x00000000d5980000,0x00000000d5b70000,0x00000000d5b80000)
  to   space 2560K, 0% used [0x00000000d5700000,0x00000000d5700000,0x00000000d5980000)
 ParOldGen       total 129536K, used 129162K [0x0000000080000000, 0x0000000087e80000, 0x00000000d5580000)
  object space 129536K, 99% used [0x0000000080000000,0x0000000087e22930,0x0000000087e80000)
 Metaspace       used 64141K, committed 65536K, reserved 1114112K
  class space    used 6858K, committed 7488K, reserved 1048576K
}
Event: 285.088 GC heap after
{Heap after GC invocations=110 (full 3):
 PSYoungGen      total 3072K, used 1065K [0x00000000d5580000, 0x00000000d5a80000, 0x0000000100000000)
  eden space 1536K, 0% used [0x00000000d5580000,0x00000000d5580000,0x00000000d5700000)
  from space 1536K, 69% used [0x00000000d5700000,0x00000000d580a5f8,0x00000000d5880000)
  to   space 1536K, 0% used [0x00000000d5900000,0x00000000d5900000,0x00000000d5a80000)
 ParOldGen       total 131584K, used 131074K [0x0000000080000000, 0x0000000088080000, 0x00000000d5580000)
  object space 131584K, 99% used [0x0000000080000000,0x0000000088000930,0x0000000088080000)
 Metaspace       used 64141K, committed 65536K, reserved 1114112K
  class space    used 6858K, committed 7488K, reserved 1048576K
}
Event: 285.110 GC heap before
{Heap before GC invocations=111 (full 3):
 PSYoungGen      total 3072K, used 2601K [0x00000000d5580000, 0x00000000d5a80000, 0x0000000100000000)
  eden space 1536K, 99% used [0x00000000d5580000,0x00000000d56fffd8,0x00000000d5700000)
  from space 1536K, 69% used [0x00000000d5700000,0x00000000d580a5f8,0x00000000d5880000)
  to   space 1536K, 0% used [0x00000000d5900000,0x00000000d5900000,0x00000000d5a80000)
 ParOldGen       total 131584K, used 131074K [0x0000000080000000, 0x0000000088080000, 0x00000000d5580000)
  object space 131584K, 99% used [0x0000000080000000,0x0000000088000930,0x0000000088080000)
 Metaspace       used 64171K, committed 65536K, reserved 1114112K
  class space    used 6862K, committed 7488K, reserved 1048576K
}
Event: 285.115 GC heap after
{Heap after GC invocations=111 (full 3):
 PSYoungGen      total 3584K, used 1168K [0x00000000d5580000, 0x00000000d5a80000, 0x0000000100000000)
  eden space 2048K, 0% used [0x00000000d5580000,0x00000000d5580000,0x00000000d5780000)
  from space 1536K, 76% used [0x00000000d5900000,0x00000000d5a24000,0x00000000d5a80000)
  to   space 1536K, 0% used [0x00000000d5780000,0x00000000d5780000,0x00000000d5900000)
 ParOldGen       total 132096K, used 131719K [0x0000000080000000, 0x0000000088100000, 0x00000000d5580000)
  object space 132096K, 99% used [0x0000000080000000,0x00000000880a1f88,0x0000000088100000)
 Metaspace       used 64171K, committed 65536K, reserved 1114112K
  class space    used 6862K, committed 7488K, reserved 1048576K
}
Event: 285.144 GC heap before
{Heap before GC invocations=112 (full 3):
 PSYoungGen      total 3584K, used 3216K [0x00000000d5580000, 0x00000000d5a80000, 0x0000000100000000)
  eden space 2048K, 100% used [0x00000000d5580000,0x00000000d5780000,0x00000000d5780000)
  from space 1536K, 76% used [0x00000000d5900000,0x00000000d5a24000,0x00000000d5a80000)
  to   space 1536K, 0% used [0x00000000d5780000,0x00000000d5780000,0x00000000d5900000)
 ParOldGen       total 132096K, used 131719K [0x0000000080000000, 0x0000000088100000, 0x00000000d5580000)
  object space 132096K, 99% used [0x0000000080000000,0x00000000880a1f88,0x0000000088100000)
 Metaspace       used 64258K, committed 65664K, reserved 1114112K
  class space    used 6879K, committed 7488K, reserved 1048576K
}
Event: 285.150 GC heap after
{Heap after GC invocations=112 (full 3):
 PSYoungGen      total 3584K, used 1536K [0x00000000d5580000, 0x00000000d5e00000, 0x0000000100000000)
  eden space 2048K, 0% used [0x00000000d5580000,0x00000000d5580000,0x00000000d5780000)
  from space 1536K, 100% used [0x00000000d5780000,0x00000000d5900000,0x00000000d5900000)
  to   space 3072K, 0% used [0x00000000d5b00000,0x00000000d5b00000,0x00000000d5e00000)
 ParOldGen       total 133120K, used 132774K [0x0000000080000000, 0x0000000088200000, 0x00000000d5580000)
  object space 133120K, 99% used [0x0000000080000000,0x00000000881a98b8,0x0000000088200000)
 Metaspace       used 64258K, committed 65664K, reserved 1114112K
  class space    used 6879K, committed 7488K, reserved 1048576K
}
Event: 285.235 GC heap before
{Heap before GC invocations=113 (full 3):
 PSYoungGen      total 3584K, used 3584K [0x00000000d5580000, 0x00000000d5e00000, 0x0000000100000000)
  eden space 2048K, 100% used [0x00000000d5580000,0x00000000d5780000,0x00000000d5780000)
  from space 1536K, 100% used [0x00000000d5780000,0x00000000d5900000,0x00000000d5900000)
  to   space 3072K, 0% used [0x00000000d5b00000,0x00000000d5b00000,0x00000000d5e00000)
 ParOldGen       total 133120K, used 132774K [0x0000000080000000, 0x0000000088200000, 0x00000000d5580000)
  object space 133120K, 99% used [0x0000000080000000,0x00000000881a98b8,0x0000000088200000)
 Metaspace       used 64367K, committed 65792K, reserved 1114112K
  class space    used 6891K, committed 7552K, reserved 1048576K
}
Event: 285.242 GC heap after
{Heap after GC invocations=113 (full 3):
 PSYoungGen      total 3072K, used 590K [0x00000000d5580000, 0x00000000d5c00000, 0x0000000100000000)
  eden space 2048K, 0% used [0x00000000d5580000,0x00000000d5580000,0x00000000d5780000)
  from space 1024K, 57% used [0x00000000d5b00000,0x00000000d5b93a80,0x00000000d5c00000)
  to   space 1536K, 0% used [0x00000000d5900000,0x00000000d5900000,0x00000000d5a80000)
 ParOldGen       total 134656K, used 134246K [0x0000000080000000, 0x0000000088380000, 0x00000000d5580000)
  object space 134656K, 99% used [0x0000000080000000,0x00000000883198b8,0x0000000088380000)
 Metaspace       used 64367K, committed 65792K, reserved 1114112K
  class space    used 6891K, committed 7552K, reserved 1048576K
}

Dll operation events (10 events):
Event: 0.027 Loaded shared library c:\Users\hp\.vscode\extensions\redhat.java-1.54.0-win32-x64\jre\21.0.10-win32-x86_64\bin\java.dll
Event: 0.379 Loaded shared library c:\Users\hp\.vscode\extensions\redhat.java-1.54.0-win32-x64\jre\21.0.10-win32-x86_64\bin\zip.dll
Event: 0.566 Loaded shared library C:\Users\hp\.vscode\extensions\redhat.java-1.54.0-win32-x64\jre\21.0.10-win32-x86_64\bin\instrument.dll
Event: 0.585 Loaded shared library C:\Users\hp\.vscode\extensions\redhat.java-1.54.0-win32-x64\jre\21.0.10-win32-x86_64\bin\net.dll
Event: 0.591 Loaded shared library C:\Users\hp\.vscode\extensions\redhat.java-1.54.0-win32-x64\jre\21.0.10-win32-x86_64\bin\nio.dll
Event: 0.602 Loaded shared library C:\Users\hp\.vscode\extensions\redhat.java-1.54.0-win32-x64\jre\21.0.10-win32-x86_64\bin\zip.dll
Event: 0.647 Loaded shared library C:\Users\hp\.vscode\extensions\redhat.java-1.54.0-win32-x64\jre\21.0.10-win32-x86_64\bin\jimage.dll
Event: 1.138 Loaded shared library c:\Users\hp\.vscode\extensions\redhat.java-1.54.0-win32-x64\jre\21.0.10-win32-x86_64\bin\verify.dll
Event: 4.268 Loaded shared library C:\Users\hp\AppData\Roaming\Code\User\globalStorage\redhat.java\1.54.0\config_win\org.eclipse.equinox.launcher\org.eclipse.equinox.launcher.win32.win32.x86_64_1.3.0.v20260203-2149\eclipse_11919.dll
Event: 9.514 Loaded shared library C:\Users\hp\AppData\Local\Temp\jna--106862400\jna13874976158637801923.dll

Deoptimization events (20 events):
Event: 285.248 Thread 0x0000020c77ff3630 Uncommon trap: trap_request=0xffffffde fr.pc=0x0000020c22d911c0 relative=0x0000000000000a80
Event: 285.248 Thread 0x0000020c77ff3630 Uncommon trap: reason=class_check action=maybe_recompile pc=0x0000020c22d911c0 method=java.util.HashMap.computeIfAbsent(Ljava/lang/Object;Ljava/util/function/Function;)Ljava/lang/Object; @ 142 c2
Event: 285.248 Thread 0x0000020c77ff3630 DEOPT PACKING pc=0x0000020c22d911c0 sp=0x00000096b87fd650
Event: 285.248 Thread 0x0000020c77ff3630 DEOPT UNPACKING pc=0x0000020c22233aa2 sp=0x00000096b87fd5f8 mode 2
Event: 285.248 Thread 0x0000020c755c6590 Uncommon trap: trap_request=0xffffffc6 fr.pc=0x0000020c22e9bf54 relative=0x00000000000009f4
Event: 285.248 Thread 0x0000020c755c6590 Uncommon trap: reason=bimorphic_or_optimized_type_check action=maybe_recompile pc=0x0000020c22e9bf54 method=org.eclipse.jdt.internal.compiler.parser.Parser.consumeRule(I)V @ 4200 c2
Event: 285.248 Thread 0x0000020c755c6590 DEOPT PACKING pc=0x0000020c22e9bf54 sp=0x00000096babfee40
Event: 285.248 Thread 0x0000020c755c6590 DEOPT UNPACKING pc=0x0000020c22233aa2 sp=0x00000096babfedd0 mode 2
Event: 285.252 Thread 0x0000020c755c6590 Uncommon trap: trap_request=0xffffffde fr.pc=0x0000020c22e9bc00 relative=0x00000000000006a0
Event: 285.252 Thread 0x0000020c755c6590 Uncommon trap: reason=class_check action=maybe_recompile pc=0x0000020c22e9bc00 method=org.eclipse.jdt.internal.compiler.parser.Parser.consumeRule(I)V @ 5947 c2
Event: 285.252 Thread 0x0000020c755c6590 DEOPT PACKING pc=0x0000020c22e9bc00 sp=0x00000096babfed20
Event: 285.252 Thread 0x0000020c755c6590 DEOPT UNPACKING pc=0x0000020c22233aa2 sp=0x00000096babfeca8 mode 2
Event: 285.253 Thread 0x0000020c755c6590 Uncommon trap: trap_request=0xffffffde fr.pc=0x0000020c22e9bc00 relative=0x00000000000006a0
Event: 285.253 Thread 0x0000020c755c6590 Uncommon trap: reason=class_check action=maybe_recompile pc=0x0000020c22e9bc00 method=org.eclipse.jdt.internal.compiler.parser.Parser.consumeRule(I)V @ 5947 c2
Event: 285.253 Thread 0x0000020c755c6590 DEOPT PACKING pc=0x0000020c22e9bc00 sp=0x00000096babfed20
Event: 285.253 Thread 0x0000020c755c6590 DEOPT UNPACKING pc=0x0000020c22233aa2 sp=0x00000096babfeca8 mode 2
Event: 285.260 Thread 0x0000020c77ff3630 Uncommon trap: trap_request=0xffffff45 fr.pc=0x0000020c22c8e1d8 relative=0x0000000000000478
Event: 285.260 Thread 0x0000020c77ff3630 Uncommon trap: reason=unstable_if action=reinterpret pc=0x0000020c22c8e1d8 method=java.util.regex.Pattern.escape(ZZZ)I @ 8 c2
Event: 285.260 Thread 0x0000020c77ff3630 DEOPT PACKING pc=0x0000020c22c8e1d8 sp=0x00000096b87fd350
Event: 285.260 Thread 0x0000020c77ff3630 DEOPT UNPACKING pc=0x0000020c22233aa2 sp=0x00000096b87fd2c8 mode 2

Classes loaded (20 events):
Event: 263.179 Loading class java/util/concurrent/ArrayBlockingQueue
Event: 263.180 Loading class java/util/concurrent/ArrayBlockingQueue done
Event: 263.509 Loading class sun/nio/ch/ChannelOutputStream
Event: 263.511 Loading class sun/nio/ch/ChannelOutputStream done
Event: 264.977 Loading class java/nio/BufferMismatch
Event: 264.977 Loading class java/nio/BufferMismatch done
Event: 264.978 Loading class java/nio/file/attribute/PosixFileAttributes
Event: 264.979 Loading class java/nio/file/attribute/PosixFileAttributes done
Event: 265.025 Loading class java/util/ArrayDeque$DeqSpliterator
Event: 265.026 Loading class java/util/ArrayDeque$DeqSpliterator done
Event: 265.053 Loading class java/util/AbstractList$RandomAccessSubList
Event: 265.054 Loading class java/util/AbstractList$SubList
Event: 265.054 Loading class java/util/AbstractList$SubList done
Event: 265.055 Loading class java/util/AbstractList$RandomAccessSubList done
Event: 265.056 Loading class java/util/AbstractList$SubList$1
Event: 265.056 Loading class java/util/AbstractList$SubList$1 done
Event: 265.068 Loading class java/util/ImmutableCollections$SubList
Event: 265.068 Loading class java/util/ImmutableCollections$SubList done
Event: 284.461 Loading class sun/nio/fs/WindowsFileCopy
Event: 284.464 Loading class sun/nio/fs/WindowsFileCopy done

Classes unloaded (9 events):
Event: 10.989 Thread 0x0000020c17b6e740 Unloading class 0x0000020c301aac00 'java/lang/invoke/LambdaForm$MH+0x0000020c301aac00'
Event: 10.989 Thread 0x0000020c17b6e740 Unloading class 0x0000020c301aa800 'java/lang/invoke/LambdaForm$MH+0x0000020c301aa800'
Event: 10.989 Thread 0x0000020c17b6e740 Unloading class 0x0000020c301aa400 'java/lang/invoke/LambdaForm$MH+0x0000020c301aa400'
Event: 10.989 Thread 0x0000020c17b6e740 Unloading class 0x0000020c301aa000 'java/lang/invoke/LambdaForm$MH+0x0000020c301aa000'
Event: 10.989 Thread 0x0000020c17b6e740 Unloading class 0x0000020c301a9c00 'java/lang/invoke/LambdaForm$BMH+0x0000020c301a9c00'
Event: 10.989 Thread 0x0000020c17b6e740 Unloading class 0x0000020c301a9800 'java/lang/invoke/LambdaForm$DMH+0x0000020c301a9800'
Event: 10.989 Thread 0x0000020c17b6e740 Unloading class 0x0000020c301a8400 'java/lang/invoke/LambdaForm$DMH+0x0000020c301a8400'
Event: 82.965 Thread 0x0000020c17b6e740 Unloading class 0x0000020c306cc800 'java/lang/invoke/LambdaForm$DMH+0x0000020c306cc800'
Event: 82.965 Thread 0x0000020c17b6e740 Unloading class 0x0000020c306cc400 'java/lang/invoke/LambdaForm$DMH+0x0000020c306cc400'

Classes redefined (0 events):
No events

Internal exceptions (20 events):
Event: 87.294 Thread 0x0000020c755c7940 Implicit null exception at 0x0000020c22d27325 to 0x0000020c22d276b0
Event: 260.787 Thread 0x0000020c76f766d0 Exception <a 'java/lang/IncompatibleClassChangeError'{0x00000000d5aa9868}: Found class java.lang.Object, but interface was expected> (0x00000000d5aa9868) 
thrown [s\src\hotspot\share\interpreter\linkResolver.cpp, line 840]
Event: 260.788 Thread 0x0000020c76f766d0 Exception <a 'java/lang/IncompatibleClassChangeError'{0x00000000d5aadc40}: Found class java.lang.Object, but interface was expected> (0x00000000d5aadc40) 
thrown [s\src\hotspot\share\interpreter\linkResolver.cpp, line 840]
Event: 262.500 Thread 0x0000020c76f766d0 Exception <a 'sun/nio/fs/WindowsException'{0x00000000d5c20ab8}> (0x00000000d5c20ab8) 
thrown [s\src\hotspot\share\prims\jni.cpp, line 520]
Event: 262.500 Thread 0x0000020c76f766d0 Exception <a 'sun/nio/fs/WindowsException'{0x00000000d5c21810}> (0x00000000d5c21810) 
thrown [s\src\hotspot\share\prims\jni.cpp, line 520]
Event: 262.569 Thread 0x0000020c755c6590 Implicit null exception at 0x0000020c2280c163 to 0x0000020c2280ce24
Event: 262.724 Thread 0x0000020c77ff2fa0 Exception <a 'java/io/FileNotFoundException'{0x00000000d5f69c40}> (0x00000000d5f69c40) 
thrown [s\src\hotspot\share\prims\jni.cpp, line 520]
Event: 262.725 Thread 0x0000020c77ff2fa0 Exception <a 'java/io/FileNotFoundException'{0x00000000d5f70c68}> (0x00000000d5f70c68) 
thrown [s\src\hotspot\share\prims\jni.cpp, line 520]
Event: 262.725 Thread 0x0000020c77ff2fa0 Exception <a 'java/io/FileNotFoundException'{0x00000000d5f71c70}> (0x00000000d5f71c70) 
thrown [s\src\hotspot\share\prims\jni.cpp, line 520]
Event: 263.602 Thread 0x0000020c77ff2fa0 Exception <a 'java/lang/NoSuchMethodError'{0x00000000d60337c0}: 'java.lang.Object java.lang.invoke.DirectMethodHandle$Holder.newInvokeSpecial(java.lang.Object, java.lang.Object, int, java.lang.Object, java.lang.Object)'> (0x00000000d60337c0) 
thrown [s\src\hotspot\share\interpreter\linkResolver.cpp, line 773]
Event: 263.613 Thread 0x0000020c77ff2fa0 Exception <a 'java/lang/NoSuchMethodError'{0x00000000d604d768}: 'java.lang.Object java.lang.invoke.DirectMethodHandle$Holder.invokeSpecial(java.lang.Object, java.lang.Object, java.lang.Object, int, java.lang.Object, java.lang.Object, java.lang.Object)'> (0x00000000d604d768) 
thrown [s\src\hotspot\share\interpreter\linkResolver.cpp, line 773]
Event: 263.623 Thread 0x0000020c77ff2fa0 Exception <a 'java/lang/NoSuchMethodError'{0x00000000d6055378}: 'java.lang.Object java.lang.invoke.DirectMethodHandle$Holder.invokeStatic(java.lang.Object, java.lang.Object, int, java.lang.Object, java.lang.Object)'> (0x00000000d6055378) 
thrown [s\src\hotspot\share\interpreter\linkResolver.cpp, line 773]
Event: 263.669 Thread 0x0000020c77ff2fa0 Exception <a 'java/lang/NoSuchMethodError'{0x00000000d60d63c0}: 'void java.lang.invoke.DirectMethodHandle$Holder.invokeStatic(java.lang.Object, int)'> (0x00000000d60d63c0) 
thrown [s\src\hotspot\share\interpreter\linkResolver.cpp, line 773]
Event: 264.078 Thread 0x0000020c77ff2fa0 Exception <a 'java/io/FileNotFoundException'{0x00000000d5a68848}> (0x00000000d5a68848) 
thrown [s\src\hotspot\share\prims\jni.cpp, line 520]
Event: 264.079 Thread 0x0000020c77ff2fa0 Exception <a 'java/io/FileNotFoundException'{0x00000000d5a69ad0}> (0x00000000d5a69ad0) 
thrown [s\src\hotspot\share\prims\jni.cpp, line 520]
Event: 264.080 Thread 0x0000020c77ff2fa0 Exception <a 'java/io/FileNotFoundException'{0x00000000d5a6aaa8}> (0x00000000d5a6aaa8) 
thrown [s\src\hotspot\share\prims\jni.cpp, line 520]
Event: 264.613 Thread 0x0000020c77ff2fa0 Implicit null exception at 0x0000020c22a9b1c8 to 0x0000020c22a9bea0
Event: 284.465 Thread 0x0000020c755c6590 Exception <a 'sun/nio/fs/WindowsException'{0x00000000d5ec3ec8}> (0x00000000d5ec3ec8) 
thrown [s\src\hotspot\share\prims\jni.cpp, line 520]
Event: 284.477 Thread 0x0000020c76f766d0 Exception <a 'java/lang/IncompatibleClassChangeError'{0x00000000d5f15c78}: Found class java.lang.Object, but interface was expected> (0x00000000d5f15c78) 
thrown [s\src\hotspot\share\interpreter\linkResolver.cpp, line 840]
Event: 285.243 Thread 0x0000020c755c6590 Exception <a 'sun/nio/fs/WindowsException'{0x00000000d55892e0}> (0x00000000d55892e0) 
thrown [s\src\hotspot\share\prims\jni.cpp, line 520]

ZGC Phase Switch (0 events):
No events

VM Operations (20 events):
Event: 285.007 Executing safepoint VM operation: ParallelGCFailedAllocation (Allocation Failure) done
Event: 285.014 Executing safepoint VM operation: ParallelGCFailedAllocation (Allocation Failure)
Event: 285.021 Executing safepoint VM operation: ParallelGCFailedAllocation (Allocation Failure) done
Event: 285.027 Executing safepoint VM operation: ParallelGCFailedAllocation (Allocation Failure)
Event: 285.031 Executing safepoint VM operation: ParallelGCFailedAllocation (Allocation Failure) done
Event: 285.038 Executing safepoint VM operation: ParallelGCFailedAllocation (Allocation Failure)
Event: 285.044 Executing safepoint VM operation: ParallelGCFailedAllocation (Allocation Failure) done
Event: 285.058 Executing safepoint VM operation: ParallelGCFailedAllocation (Allocation Failure)
Event: 285.063 Executing safepoint VM operation: ParallelGCFailedAllocation (Allocation Failure) done
Event: 285.082 Executing safepoint VM operation: ParallelGCFailedAllocation (Allocation Failure)
Event: 285.088 Executing safepoint VM operation: ParallelGCFailedAllocation (Allocation Failure) done
Event: 285.110 Executing safepoint VM operation: ParallelGCFailedAllocation (Allocation Failure)
Event: 285.115 Executing safepoint VM operation: ParallelGCFailedAllocation (Allocation Failure) done
Event: 285.144 Executing safepoint VM operation: ParallelGCFailedAllocation (Allocation Failure)
Event: 285.150 Executing safepoint VM operation: ParallelGCFailedAllocation (Allocation Failure) done
Event: 285.196 Executing non-safepoint VM operation: HandshakeAllThreads (Deoptimize)
Event: 285.196 Executing non-safepoint VM operation: HandshakeAllThreads (Deoptimize) done
Event: 285.235 Executing safepoint VM operation: ParallelGCFailedAllocation (Allocation Failure)
Event: 285.242 Executing safepoint VM operation: ParallelGCFailedAllocation (Allocation Failure) done
Event: 285.297 Executing non-safepoint VM operation: HandshakeAllThreads (Deoptimize)

Memory protections (0 events):
No events

Nmethod flushes (20 events):
Event: 83.023 Thread 0x0000020c17b6e740 flushing  nmethod 0x0000020c1b545410
Event: 83.023 Thread 0x0000020c17b6e740 flushing  nmethod 0x0000020c1b548a10
Event: 83.023 Thread 0x0000020c17b6e740 flushing  nmethod 0x0000020c1b564a10
Event: 83.023 Thread 0x0000020c17b6e740 flushing  nmethod 0x0000020c1b567910
Event: 83.023 Thread 0x0000020c17b6e740 flushing  nmethod 0x0000020c1b568190
Event: 83.024 Thread 0x0000020c17b6e740 flushing  nmethod 0x0000020c1b568d90
Event: 83.024 Thread 0x0000020c17b6e740 flushing  nmethod 0x0000020c1b56a590
Event: 83.024 Thread 0x0000020c17b6e740 flushing  nmethod 0x0000020c1b583e10
Event: 83.024 Thread 0x0000020c17b6e740 flushing  nmethod 0x0000020c1b585410
Event: 83.024 Thread 0x0000020c17b6e740 flushing  nmethod 0x0000020c1b586890
Event: 83.024 Thread 0x0000020c17b6e740 flushing  nmethod 0x0000020c1b586c90
Event: 83.024 Thread 0x0000020c17b6e740 flushing  nmethod 0x0000020c1b587110
Event: 83.024 Thread 0x0000020c17b6e740 flushing  nmethod 0x0000020c1b58d610
Event: 83.024 Thread 0x0000020c17b6e740 flushing  nmethod 0x0000020c1b58ea90
Event: 83.024 Thread 0x0000020c17b6e740 flushing  nmethod 0x0000020c1b599990
Event: 83.024 Thread 0x0000020c17b6e740 flushing  nmethod 0x0000020c1b599d90
Event: 83.024 Thread 0x0000020c17b6e740 flushing  nmethod 0x0000020c1b59a210
Event: 83.024 Thread 0x0000020c17b6e740 flushing  nmethod 0x0000020c1b59a810
Event: 83.024 Thread 0x0000020c17b6e740 flushing  nmethod 0x0000020c1b59ac10
Event: 83.024 Thread 0x0000020c17b6e740 flushing  nmethod 0x0000020c1b5a5c90

Events (20 events):
Event: 146.456 Thread 0x0000020c77ff3630 Thread exited: 0x0000020c77ff3630
Event: 262.516 Thread 0x0000020c755c7940 Thread added: 0x0000020c77ff3630
Event: 262.554 Thread 0x0000020c7503f720 Thread added: 0x0000020c75113330
Event: 262.686 Thread 0x0000020c7503f720 Thread added: 0x0000020c7a38f920
Event: 262.925 Thread 0x0000020c77ff2fa0 Thread added: 0x0000020c77ff9f30
Event: 263.181 Thread 0x0000020c77ff2fa0 Thread added: 0x0000020c77ff77d0
Event: 264.221 Thread 0x0000020c77ff2fa0 Thread added: 0x0000020c77ff9210
Event: 264.222 Thread 0x0000020c77ff2fa0 Thread added: 0x0000020c77ff7140
Event: 264.222 Thread 0x0000020c77ff2fa0 Thread added: 0x0000020c77ff7e60
Event: 264.222 Thread 0x0000020c77ff2fa0 Thread added: 0x0000020c77ff84f0
Event: 264.222 Thread 0x0000020c77ff2fa0 Thread added: 0x0000020c77ff98a0
Event: 264.506 Thread 0x0000020c77ff98a0 Thread exited: 0x0000020c77ff98a0
Event: 264.506 Thread 0x0000020c77ff7e60 Thread exited: 0x0000020c77ff7e60
Event: 264.506 Thread 0x0000020c77ff84f0 Thread exited: 0x0000020c77ff84f0
Event: 264.506 Thread 0x0000020c77ff7140 Thread exited: 0x0000020c77ff7140
Event: 264.508 Thread 0x0000020c77ff9210 Thread exited: 0x0000020c77ff9210
Event: 269.337 Thread 0x0000020c7a38f920 Thread exited: 0x0000020c7a38f920
Event: 269.337 Thread 0x0000020c75113330 Thread exited: 0x0000020c75113330
Event: 284.562 Thread 0x0000020c7503f720 Thread added: 0x0000020c75113330
Event: 284.613 Thread 0x0000020c77ff3630 Thread added: 0x0000020c77ff98a0


Dynamic libraries:
0x00007ff7c7410000 - 0x00007ff7c741e000 	c:\Users\hp\.vscode\extensions\redhat.java-1.54.0-win32-x64\jre\21.0.10-win32-x86_64\bin\java.exe
0x00007ffb7cce0000 - 0x00007ffb7cf48000 	C:\WINDOWS\SYSTEM32\ntdll.dll
0x00007ffb7c170000 - 0x00007ffb7c239000 	C:\WINDOWS\System32\KERNEL32.DLL
0x00007ffb7a6b0000 - 0x00007ffb7aaa2000 	C:\WINDOWS\System32\KERNELBASE.dll
0x00007ffb79fe0000 - 0x00007ffb7a12b000 	C:\WINDOWS\System32\ucrtbase.dll
0x00007ffb69e50000 - 0x00007ffb69e68000 	c:\Users\hp\.vscode\extensions\redhat.java-1.54.0-win32-x64\jre\21.0.10-win32-x86_64\bin\jli.dll
0x00007ffb69bd0000 - 0x00007ffb69bee000 	c:\Users\hp\.vscode\extensions\redhat.java-1.54.0-win32-x64\jre\21.0.10-win32-x86_64\bin\VCRUNTIME140.dll
0x00007ffb7cad0000 - 0x00007ffb7cc95000 	C:\WINDOWS\System32\USER32.dll
0x00007ffb7a340000 - 0x00007ffb7a367000 	C:\WINDOWS\System32\win32u.dll
0x00007ffb62fb0000 - 0x00007ffb63243000 	C:\WINDOWS\WinSxS\amd64_microsoft.windows.common-controls_6595b64144ccf1df_6.0.26100.6899_none_3e0efeeae32e88c1\COMCTL32.dll
0x00007ffb7c860000 - 0x00007ffb7c88b000 	C:\WINDOWS\System32\GDI32.dll
0x00007ffb7c6d0000 - 0x00007ffb7c779000 	C:\WINDOWS\System32\msvcrt.dll
0x00007ffb7a370000 - 0x00007ffb7a49d000 	C:\WINDOWS\System32\gdi32full.dll
0x00007ffb79e70000 - 0x00007ffb79f13000 	C:\WINDOWS\System32\msvcp_win.dll
0x00007ffb7bc20000 - 0x00007ffb7bc4f000 	C:\WINDOWS\System32\IMM32.DLL
0x00007ffb71390000 - 0x00007ffb7139c000 	c:\Users\hp\.vscode\extensions\redhat.java-1.54.0-win32-x64\jre\21.0.10-win32-x86_64\bin\vcruntime140_1.dll
0x00007ffb445b0000 - 0x00007ffb4463d000 	c:\Users\hp\.vscode\extensions\redhat.java-1.54.0-win32-x64\jre\21.0.10-win32-x86_64\bin\msvcp140.dll
0x00007ffafc6a0000 - 0x00007ffafd441000 	c:\Users\hp\.vscode\extensions\redhat.java-1.54.0-win32-x64\jre\21.0.10-win32-x86_64\bin\server\jvm.dll
0x00007ffb7bd00000 - 0x00007ffb7bdb4000 	C:\WINDOWS\System32\ADVAPI32.dll
0x00007ffb7b390000 - 0x00007ffb7b436000 	C:\WINDOWS\System32\sechost.dll
0x00007ffb7b440000 - 0x00007ffb7b558000 	C:\WINDOWS\System32\RPCRT4.dll
0x00007ffb7c960000 - 0x00007ffb7c9d4000 	C:\WINDOWS\System32\WS2_32.dll
0x00007ffb79cd0000 - 0x00007ffb79d2e000 	C:\WINDOWS\SYSTEM32\POWRPROF.dll
0x00007ffb5c030000 - 0x00007ffb5c065000 	C:\WINDOWS\SYSTEM32\WINMM.dll
0x00007ffb72c40000 - 0x00007ffb72c4b000 	C:\WINDOWS\SYSTEM32\VERSION.dll
0x00007ffb79cb0000 - 0x00007ffb79cc4000 	C:\WINDOWS\SYSTEM32\UMPDC.dll
0x00007ffb78c40000 - 0x00007ffb78c5b000 	C:\WINDOWS\SYSTEM32\kernel.appcore.dll
0x00007ffb6a770000 - 0x00007ffb6a77a000 	c:\Users\hp\.vscode\extensions\redhat.java-1.54.0-win32-x64\jre\21.0.10-win32-x86_64\bin\jimage.dll
0x00007ffb771a0000 - 0x00007ffb773e2000 	C:\WINDOWS\SYSTEM32\DBGHELP.DLL
0x00007ffb7b840000 - 0x00007ffb7bbbb000 	C:\WINDOWS\System32\combase.dll
0x00007ffb7c780000 - 0x00007ffb7c857000 	C:\WINDOWS\System32\OLEAUT32.dll
0x00007ffb5a650000 - 0x00007ffb5a68c000 	C:\WINDOWS\SYSTEM32\dbgcore.DLL
0x00007ffb7a610000 - 0x00007ffb7a6a8000 	C:\WINDOWS\System32\bcryptPrimitives.dll
0x00007ffb69ce0000 - 0x00007ffb69cef000 	c:\Users\hp\.vscode\extensions\redhat.java-1.54.0-win32-x64\jre\21.0.10-win32-x86_64\bin\instrument.dll
0x00007ffb69980000 - 0x00007ffb699a0000 	c:\Users\hp\.vscode\extensions\redhat.java-1.54.0-win32-x64\jre\21.0.10-win32-x86_64\bin\java.dll
0x00007ffb7aab0000 - 0x00007ffb7b1fd000 	C:\WINDOWS\System32\SHELL32.dll
0x00007ffb7a4a0000 - 0x00007ffb7a60b000 	C:\WINDOWS\System32\wintypes.dll
0x00007ffb77b00000 - 0x00007ffb7835d000 	C:\WINDOWS\SYSTEM32\windows.storage.dll
0x00007ffb7c070000 - 0x00007ffb7c162000 	C:\WINDOWS\System32\SHCORE.dll
0x00007ffb7c890000 - 0x00007ffb7c8f2000 	C:\WINDOWS\System32\shlwapi.dll
0x00007ffb79d90000 - 0x00007ffb79db9000 	C:\WINDOWS\SYSTEM32\profapi.dll
0x00007ffb68450000 - 0x00007ffb68468000 	c:\Users\hp\.vscode\extensions\redhat.java-1.54.0-win32-x64\jre\21.0.10-win32-x86_64\bin\zip.dll
0x00007ffb6a040000 - 0x00007ffb6a050000 	C:\Users\hp\.vscode\extensions\redhat.java-1.54.0-win32-x64\jre\21.0.10-win32-x86_64\bin\net.dll
0x00007ffb6d3c0000 - 0x00007ffb6d4df000 	C:\WINDOWS\SYSTEM32\WINHTTP.dll
0x00007ffb791b0000 - 0x00007ffb7921b000 	C:\WINDOWS\system32\mswsock.dll
0x00007ffb69250000 - 0x00007ffb69266000 	C:\Users\hp\.vscode\extensions\redhat.java-1.54.0-win32-x64\jre\21.0.10-win32-x86_64\bin\nio.dll
0x00007ffb6a030000 - 0x00007ffb6a040000 	c:\Users\hp\.vscode\extensions\redhat.java-1.54.0-win32-x64\jre\21.0.10-win32-x86_64\bin\verify.dll
0x00007ffb5ac20000 - 0x00007ffb5ac65000 	C:\Users\hp\AppData\Roaming\Code\User\globalStorage\redhat.java\1.54.0\config_win\org.eclipse.equinox.launcher\org.eclipse.equinox.launcher.win32.win32.x86_64_1.3.0.v20260203-2149\eclipse_11919.dll
0x00007ffb7bec0000 - 0x00007ffb7c058000 	C:\WINDOWS\System32\ole32.dll
0x00007ffb79470000 - 0x00007ffb7948b000 	C:\WINDOWS\SYSTEM32\CRYPTSP.dll
0x00007ffb78ba0000 - 0x00007ffb78bdb000 	C:\WINDOWS\system32\rsaenh.dll
0x00007ffb79250000 - 0x00007ffb7927b000 	C:\WINDOWS\SYSTEM32\USERENV.dll
0x00007ffb79d60000 - 0x00007ffb79d86000 	C:\WINDOWS\SYSTEM32\bcrypt.dll
0x00007ffb79460000 - 0x00007ffb7946c000 	C:\WINDOWS\SYSTEM32\CRYPTBASE.dll
0x00007ffb786b0000 - 0x00007ffb786e4000 	C:\WINDOWS\SYSTEM32\IPHLPAPI.DLL
0x00007ffb7cac0000 - 0x00007ffb7caca000 	C:\WINDOWS\System32\NSI.dll
0x00007ffb4f220000 - 0x00007ffb4f269000 	C:\Users\hp\AppData\Local\Temp\jna--106862400\jna13874976158637801923.dll
0x00007ffb7bc60000 - 0x00007ffb7bc68000 	C:\WINDOWS\System32\PSAPI.DLL
0x00007ffb6d2f0000 - 0x00007ffb6d30e000 	C:\WINDOWS\SYSTEM32\dhcpcsvc6.DLL
0x00007ffb6d2c0000 - 0x00007ffb6d2e3000 	C:\WINDOWS\SYSTEM32\dhcpcsvc.DLL

JVMTI agents:
c:\Users\hp\.vscode\extensions\redhat.java-1.54.0-win32-x64\lombok\lombok-1.18.39-4050.jar path:c:\Users\hp\.vscode\extensions\redhat.java-1.54.0-win32-x64\jre\21.0.10-win32-x86_64\bin\instrument.dll, loaded, initialized, instrumentlib options:none

dbghelp: loaded successfully - version: 4.0.5 - missing functions: none
symbol engine: initialized successfully - sym options: 0x614 - pdb path: .;c:\Users\hp\.vscode\extensions\redhat.java-1.54.0-win32-x64\jre\21.0.10-win32-x86_64\bin;C:\WINDOWS\SYSTEM32;C:\WINDOWS\WinSxS\amd64_microsoft.windows.common-controls_6595b64144ccf1df_6.0.26100.6899_none_3e0efeeae32e88c1;c:\Users\hp\.vscode\extensions\redhat.java-1.54.0-win32-x64\jre\21.0.10-win32-x86_64\bin\server;C:\Users\hp\AppData\Roaming\Code\User\globalStorage\redhat.java\1.54.0\config_win\org.eclipse.equinox.launcher\org.eclipse.equinox.launcher.win32.win32.x86_64_1.3.0.v20260203-2149;C:\Users\hp\AppData\Local\Temp\jna--106862400

VM Arguments:
jvm_args: --add-modules=ALL-SYSTEM --add-opens=java.base/java.util=ALL-UNNAMED --add-opens=java.base/java.lang=ALL-UNNAMED --add-opens=java.base/sun.nio.fs=ALL-UNNAMED -Declipse.application=org.eclipse.jdt.ls.core.id1 -Dosgi.bundles.defaultStartLevel=4 -Declipse.product=org.eclipse.jdt.ls.core.product -Djava.import.generatesMetadataFilesAtProjectRoot=false -DDetectVMInstallationsJob.disabled=true -Dfile.encoding=utf8 -XX:+UseParallelGC -XX:GCTimeRatio=4 -XX:AdaptiveSizePolicyWeight=90 -Dsun.zip.disableMemoryMapping=true -Xmx2G -Xms100m -Xlog:disable -javaagent:c:\Users\hp\.vscode\extensions\redhat.java-1.54.0-win32-x64\lombok\lombok-1.18.39-4050.jar -XX:+HeapDumpOnOutOfMemoryError -XX:HeapDumpPath=c:\Users\hp\AppData\Roaming\Code\User\workspaceStorage\a08af92cbd24ded10a1cca0772c3be56\redhat.java -Daether.dependencyCollector.impl=bf 
java_command: c:\Users\hp\.vscode\extensions\redhat.java-1.54.0-win32-x64\server\plugins\org.eclipse.equinox.launcher_1.7.100.v20251111-0406.jar -configuration c:\Users\hp\AppData\Roaming\Code\User\globalStorage\redhat.java\1.54.0\config_win -data c:\Users\hp\AppData\Roaming\Code\User\workspaceStorage\a08af92cbd24ded10a1cca0772c3be56\redhat.java\jdt_ws --pipe=\\.\pipe\lsp-bd80450755d753d8ce7133b48a768308-sock
java_class_path (initial): c:\Users\hp\.vscode\extensions\redhat.java-1.54.0-win32-x64\server\plugins\org.eclipse.equinox.launcher_1.7.100.v20251111-0406.jar
Launcher Type: SUN_STANDARD

[Global flags]
    uintx AdaptiveSizePolicyWeight                 = 90                                        {product} {command line}
     intx CICompilerCount                          = 4                                         {product} {ergonomic}
    uintx GCTimeRatio                              = 4                                         {product} {command line}
     bool HeapDumpOnOutOfMemoryError               = true                                   {manageable} {command line}
    ccstr HeapDumpPath                             = c:\Users\hp\AppData\Roaming\Code\User\workspaceStorage\a08af92cbd24ded10a1cca0772c3be56\redhat.java         {manageable} {command line}
   size_t InitialHeapSize                          = 104857600                                 {product} {command line}
   size_t MaxHeapSize                              = 2147483648                                {product} {command line}
   size_t MaxNewSize                               = 715653120                                 {product} {ergonomic}
   size_t MinHeapDeltaBytes                        = 524288                                    {product} {ergonomic}
   size_t MinHeapSize                              = 104857600                                 {product} {command line}
   size_t NewSize                                  = 34603008                                  {product} {ergonomic}
    uintx NonNMethodCodeHeapSize                   = 5839372                                {pd product} {ergonomic}
    uintx NonProfiledCodeHeapSize                  = 122909434                              {pd product} {ergonomic}
   size_t OldSize                                  = 70254592                                  {product} {ergonomic}
    uintx ProfiledCodeHeapSize                     = 122909434                              {pd product} {ergonomic}
    uintx ReservedCodeCacheSize                    = 251658240                              {pd product} {ergonomic}
     bool SegmentedCodeCache                       = true                                      {product} {ergonomic}
   size_t SoftMaxHeapSize                          = 2147483648                             {manageable} {ergonomic}
     bool UseCompressedOops                        = true                           {product lp64_product} {ergonomic}
     bool UseLargePagesIndividualAllocation        = false                                  {pd product} {ergonomic}
     bool UseParallelGC                            = true                                      {product} {command line}

Logging:
Log output configuration:
 #0: stdout all=off uptime,level,tags foldmultilines=false
 #1: stderr all=off uptime,level,tags foldmultilines=false

Release file:
JAVA_VERSION="21.0.10" 
MODULES="java.base java.compiler java.datatransfer java.xml java.prefs java.desktop java.instrument java.logging java.management java.security.sasl java.naming java.rmi java.management.rmi java.net.http java.scripting java.security.jgss java.transaction.xa java.sql java.sql.rowset java.xml.crypto java.se java.smartcardio jdk.accessibility jdk.internal.jvmstat jdk.attach jdk.charsets jdk.internal.opt jdk.zipfs jdk.compiler jdk.crypto.ec jdk.crypto.cryptoki jdk.crypto.mscapi jdk.dynalink jdk.internal.ed jdk.editpad jdk.hotspot.agent jdk.httpserver jdk.internal.le jdk.internal.vm.ci jdk.internal.vm.compiler jdk.internal.vm.compiler.management jdk.jartool jdk.javadoc jdk.jcmd jdk.management jdk.management.agent jdk.jconsole jdk.jdeps jdk.jdwp.agent jdk.jdi jdk.jfr jdk.jshell jdk.jsobject jdk.jstatd jdk.localedata jdk.management.jfr jdk.naming.dns jdk.naming.rmi jdk.net jdk.nio.mapmode jdk.random jdk.sctp jdk.security.auth jdk.security.jgss jdk.unsupported jdk.unsupported.desktop jdk.xml.dom" 

Environment Variables:
PATH=C:\Python313\Scripts\;C:\Python313\;C:\Program Files\Common Files\Oracle\Java\javapath;C:\Program Files (x86)\Common Files\Oracle\Java\java8path;C:\Program Files (x86)\Common Files\Oracle\Java\javapath;C:\Program Files (x86)\NVIDIA Corporation\PhysX\Common;C:\WINDOWS\system32;C:\WINDOWS;C:\WINDOWS\System32\Wbem;C:\WINDOWS\System32\WindowsPowerShell\v1.0\;C:\WINDOWS\System32\OpenSSH\;C:\Program Files\Git\cmd;C:\Program Files\nodejs\;C:\ProgramData\chocolatey\bin;C:\Program Files\dotnet\;C:\Users\hp\Downloads\apache-maven-3.9.14-bin;C:\ProgramData\chocolatey\lib\maven\apache-maven-3.9.15\bin;C:\Users\hp\AppData\Local\Programs\Python\Python314\Scripts\;C:\Users\hp\AppData\Local\Programs\Python\Python314\;C:\Users\hp\AppData\Local\Microsoft\WindowsApps;C:\Users\hp\AppData\Local\Programs\Microsoft VS Code\bin;C:\Users\hp\AppData\Roaming\npm;;C:\tools\mysql\current\bin
USERNAME=KENNEDY
OS=Windows_NT
PROCESSOR_IDENTIFIER=Intel64 Family 6 Model 142 Stepping 11, GenuineIntel
TMP=C:\Users\hp\AppData\Local\Temp
TEMP=C:\Users\hp\AppData\Local\Temp




Periodic native trim disabled

---------------  S Y S T E M  ---------------

OS:
 Windows 11 , 64 bit Build 26100 (10.0.26100.6725)
OS uptime: 4 days 21:58 hours

CPU: total 8 (initial active 8) (4 cores per cpu, 2 threads per core) family 6 model 142 stepping 11 microcode 0xf6, cx8, cmov, fxsr, ht, mmx, 3dnowpref, sse, sse2, sse3, ssse3, sse4.1, sse4.2, popcnt, lzcnt, tsc, tscinvbit, avx, avx2, aes, erms, clmul, bmi1, bmi2, adx, fma, vzeroupper, clflush, clflushopt, rdtscp, f16c
Processor Information for the first 8 processors :
  Max Mhz: 1800, Current Mhz: 1300, Mhz Limit: 1584

Memory: 4k page, system-wide physical 8030M (659M free)
TotalPageFile size 16222M (AvailPageFile size 17M)
current process WorkingSet (physical memory assigned to process): 250M, peak: 311M
current process commit charge ("private bytes"): 1659M, peak: 1660M

vm_info: OpenJDK 64-Bit Server VM (21.0.10+7-LTS) for windows-amd64 JRE (21.0.10+7-LTS), built on 2026-01-20T00:00:00Z by "admin" with MS VC++ 17.12 (VS2022)

END.
