#
# There is insufficient memory for the Java Runtime Environment to continue.
# Native memory allocation (malloc) failed to allocate 229856 bytes. Error detail: Chunk::new
# Possible reasons:
#   The system is out of physical RAM or swap space
#   This process is running with CompressedOops enabled, and the Java Heap may be blocking the growth of the native heap
# Possible solutions:
#   Reduce memory load on the system
#   Increase physical memory or swap space
#   Check if swap backing store is full
#   Decrease Java heap size (-Xmx/-Xms)
#   Decrease number of Java threads
#   Decrease Java thread stack sizes (-Xss)
#   Set larger code cache with -XX:ReservedCodeCacheSize=
#   JVM is running with Unscaled Compressed Oops mode in which the Java heap is
#     placed in the first 4GB address space. The Java Heap base address is the
#     maximum limit for the native heap growth. Please use -XX:HeapBaseMinAddress
#     to set the Java Heap base and to place the Java Heap above 4GB virtual address.
# This output file may be truncated or incomplete.
#
#  Out of Memory Error (arena.cpp:168), pid=9928, tid=10472
#
# JRE version: OpenJDK Runtime Environment Temurin-21.0.10+7 (21.0.10+7) (build 21.0.10+7-LTS)
# Java VM: OpenJDK 64-Bit Server VM Temurin-21.0.10+7 (21.0.10+7-LTS, mixed mode, sharing, tiered, compressed oops, compressed class ptrs, parallel gc, windows-amd64)
# No core dump will be written. Minidumps are not enabled by default on client versions of Windows
#

---------------  S U M M A R Y ------------

Command Line: --add-modules=ALL-SYSTEM --add-opens=java.base/java.util=ALL-UNNAMED --add-opens=java.base/java.lang=ALL-UNNAMED --add-opens=java.base/sun.nio.fs=ALL-UNNAMED -Declipse.application=org.eclipse.jdt.ls.core.id1 -Dosgi.bundles.defaultStartLevel=4 -Declipse.product=org.eclipse.jdt.ls.core.product -Djava.import.generatesMetadataFilesAtProjectRoot=false -DDetectVMInstallationsJob.disabled=true -Dfile.encoding=utf8 -XX:+UseParallelGC -XX:GCTimeRatio=4 -XX:AdaptiveSizePolicyWeight=90 -Dsun.zip.disableMemoryMapping=true -Xmx2G -Xms100m -Xlog:disable -javaagent:c:\Users\hp\.vscode\extensions\redhat.java-1.54.0-win32-x64\lombok\lombok-1.18.39-4050.jar -XX:+HeapDumpOnOutOfMemoryError -XX:HeapDumpPath=c:\Users\hp\AppData\Roaming\Code\User\workspaceStorage\51bd6c2c68655f22c02ba8e91f7495b2\redhat.java -Daether.dependencyCollector.impl=bf c:\Users\hp\.vscode\extensions\redhat.java-1.54.0-win32-x64\server\plugins\org.eclipse.equinox.launcher_1.7.100.v20251111-0406.jar -configuration c:\Users\hp\AppData\Roaming\Code\User\globalStorage\redhat.java\1.54.0\config_win -data c:\Users\hp\AppData\Roaming\Code\User\workspaceStorage\51bd6c2c68655f22c02ba8e91f7495b2\redhat.java\jdt_ws --pipe=\\.\pipe\lsp-daa609cf1f317027f99e7f4c77a2de83-sock

Host: Intel(R) Core(TM) i5-8265U CPU @ 1.60GHz, 8 cores, 7G,  Windows 11 , 64 bit Build 26100 (10.0.26100.6725)
Time: Fri Jun 12 21:10:44 2026 South Africa Standard Time elapsed time: 4.290059 seconds (0d 0h 0m 4s)

---------------  T H R E A D  ---------------

Current thread (0x00000242bc594700):  JavaThread "C2 CompilerThread0" daemon [_thread_in_native, id=10472, stack(0x000000caffe00000,0x000000cafff00000) (1024K)]


Current CompileTask:
C2:4290  974   !   4       java.util.jar.Attributes::read (494 bytes)

Stack: [0x000000caffe00000,0x000000cafff00000]
Native frames: (J=compiled Java code, j=interpreted, Vv=VM code, C=native code)
V  [jvm.dll+0x6d7a39]
V  [jvm.dll+0x8b4b26]
V  [jvm.dll+0x8b70de]
V  [jvm.dll+0x8b77c3]
V  [jvm.dll+0x284346]
V  [jvm.dll+0xc66ed]
V  [jvm.dll+0xc6c31]
V  [jvm.dll+0x2fb29e]
V  [jvm.dll+0x5fe884]
V  [jvm.dll+0x255b17]
V  [jvm.dll+0x24e12a]
V  [jvm.dll+0x24ba42]
V  [jvm.dll+0x1cb34e]
V  [jvm.dll+0x25b85d]
V  [jvm.dll+0x259dea]
V  [jvm.dll+0x3f857e]
V  [jvm.dll+0x85f59d]
V  [jvm.dll+0x6d626d]
C  [ucrtbase.dll+0x37b0]
C  [KERNEL32.DLL+0x2e8d7]
C  [ntdll.dll+0x8c53c]


---------------  P R O C E S S  ---------------

Threads class SMR info:
_java_thread_list=0x0000024315bd4450, length=12, elements={
0x00000242bc5fd240, 0x00000242bc56d0b0, 0x00000242bc5715a0, 0x00000242bc5758a0,
0x00000242bc576780, 0x00000242bc57b9a0, 0x00000242bc589bf0, 0x00000242bc594700,
0x00000242bc594f90, 0x0000024315a4bf20, 0x0000024315a4cc40, 0x0000024315c893d0
}

Java Threads: ( => current thread )
  0x00000242bc5fd240 JavaThread "main"                              [_thread_in_vm, id=15980, stack(0x000000caff400000,0x000000caff500000) (1024K)]
  0x00000242bc56d0b0 JavaThread "Reference Handler"          daemon [_thread_blocked, id=12636, stack(0x000000caff800000,0x000000caff900000) (1024K)]
  0x00000242bc5715a0 JavaThread "Finalizer"                  daemon [_thread_blocked, id=7444, stack(0x000000caff900000,0x000000caffa00000) (1024K)]
  0x00000242bc5758a0 JavaThread "Signal Dispatcher"          daemon [_thread_blocked, id=13552, stack(0x000000caffa00000,0x000000caffb00000) (1024K)]
  0x00000242bc576780 JavaThread "Attach Listener"            daemon [_thread_blocked, id=18604, stack(0x000000caffb00000,0x000000caffc00000) (1024K)]
  0x00000242bc57b9a0 JavaThread "Service Thread"             daemon [_thread_blocked, id=5176, stack(0x000000caffc00000,0x000000caffd00000) (1024K)]
  0x00000242bc589bf0 JavaThread "Monitor Deflation Thread"   daemon [_thread_blocked, id=656, stack(0x000000caffd00000,0x000000caffe00000) (1024K)]
=>0x00000242bc594700 JavaThread "C2 CompilerThread0"         daemon [_thread_in_native, id=10472, stack(0x000000caffe00000,0x000000cafff00000) (1024K)]
  0x00000242bc594f90 JavaThread "C1 CompilerThread0"         daemon [_thread_blocked, id=2700, stack(0x000000cafff00000,0x000000cb00000000) (1024K)]
  0x0000024315a4bf20 JavaThread "Common-Cleaner"             daemon [_thread_blocked, id=9336, stack(0x000000ca80000000,0x000000ca80100000) (1024K)]
  0x0000024315a4cc40 JavaThread "Notification Thread"        daemon [_thread_blocked, id=5888, stack(0x000000ca80100000,0x000000ca80200000) (1024K)]
  0x0000024315c893d0 JavaThread "C2 CompilerThread1"         daemon [_thread_blocked, id=1972, stack(0x000000ca80200000,0x000000ca80300000) (1024K)]
Total: 12

Other Threads:
  0x00000242bc550bf0 VMThread "VM Thread"                           [id=9840, stack(0x000000caff700000,0x000000caff800000) (1024K)]
  0x00000242bc48ca00 WatcherThread "VM Periodic Task Thread"        [id=13432, stack(0x000000caff600000,0x000000caff700000) (1024K)]
  0x00000242bc61b3f0 WorkerThread "GC Thread#0"                     [id=14896, stack(0x000000caff500000,0x000000caff600000) (1024K)]
Total: 3

Threads with active compile tasks:
C2 CompilerThread0  4370  974   !   4       java.util.jar.Attributes::read (494 bytes)
Total: 1

VM state: not at safepoint (normal execution)

VM Mutex/Monitor currently owned by a thread: None

Heap address: 0x0000000080000000, size: 2048 MB, Compressed Oops mode: 32-bit

CDS archive(s) mapped at: [0x00000242d3000000-0x00000242d3ba0000-0x00000242d3ba0000), size 12189696, SharedBaseAddress: 0x00000242d3000000, ArchiveRelocationMode: 1.
Compressed class space mapped at: 0x00000242d4000000-0x0000024314000000, reserved size: 1073741824
Narrow klass base: 0x00000242d3000000, Narrow klass shift: 0, Narrow klass range: 0x100000000

GC Precious Log:
 CardTable entry size: 512
 CPUs: 8 total, 8 available
 Memory: 8030M
 Large Page Support: Disabled
 NUMA Support: Disabled
 Compressed Oops: Enabled (32-bit)
 Alignments: Space 512K, Generation 512K, Heap 2M
 Heap Min Capacity: 100M
 Heap Initial Capacity: 100M
 Heap Max Capacity: 2G
 Pre-touch: Disabled
 Parallel Workers: 8

Heap:
 PSYoungGen      total 29696K, used 21071K [0x00000000d5580000, 0x00000000d7680000, 0x0000000100000000)
  eden space 25600K, 82% used [0x00000000d5580000,0x00000000d6a13c48,0x00000000d6e80000)
  from space 4096K, 0% used [0x00000000d7280000,0x00000000d7280000,0x00000000d7680000)
  to   space 4096K, 0% used [0x00000000d6e80000,0x00000000d6e80000,0x00000000d7280000)
 ParOldGen       total 68608K, used 0K [0x0000000080000000, 0x0000000084300000, 0x00000000d5580000)
  object space 68608K, 0% used [0x0000000080000000,0x0000000080000000,0x0000000084300000)
 Metaspace       used 3830K, committed 4032K, reserved 1114112K
  class space    used 424K, committed 512K, reserved 1048576K

Card table byte_map: [0x00000242bbfa0000,0x00000242bc3b0000] _byte_map_base: 0x00000242bbba0000

Marking Bits: (ParMarkBitMap*) 0x00007ffaf7f33450
 Begin Bits: [0x00000242ceab0000, 0x00000242d0ab0000)
 End Bits:   [0x00000242d0ab0000, 0x00000242d2ab0000)

Polling page: 0x00000242bbbd0000

Metaspace:

Usage:
  Non-class:      3.33 MB used.
      Class:    425.43 KB used.
       Both:      3.74 MB used.

Virtual space:
  Non-class space:       64.00 MB reserved,       3.44 MB (  5%) committed,  1 nodes.
      Class space:        1.00 GB reserved,     512.00 KB ( <1%) committed,  1 nodes.
             Both:        1.06 GB reserved,       3.94 MB ( <1%) committed. 

Chunk freelists:
   Non-Class:  11.31 MB
       Class:  15.45 MB
        Both:  26.77 MB

MaxMetaspaceSize: unlimited
CompressedClassSpaceSize: 1.00 GB
Initial GC threshold: 21.00 MB
Current GC threshold: 21.00 MB
CDS: on
 - commit_granule_bytes: 65536.
 - commit_granule_words: 8192.
 - virtual_space_node_default_size: 8388608.
 - enlarge_chunks_in_place: 1.
 - use_allocation_guard: 0.


Internal statistics:

num_allocs_failed_limit: 0.
num_arena_births: 178.
num_arena_deaths: 0.
num_vsnodes_births: 2.
num_vsnodes_deaths: 0.
num_space_committed: 63.
num_space_uncommitted: 0.
num_chunks_returned_to_freelist: 0.
num_chunks_taken_from_freelist: 234.
num_chunk_merges: 0.
num_chunk_splits: 151.
num_chunks_enlarged: 85.
num_inconsistent_stats: 0.

CodeHeap 'non-profiled nmethods': size=120000Kb used=405Kb max_used=405Kb free=119594Kb
 bounds [0x00000242c72d0000, 0x00000242c7540000, 0x00000242ce800000]
CodeHeap 'profiled nmethods': size=120000Kb used=1627Kb max_used=1627Kb free=118372Kb
 bounds [0x00000242bf800000, 0x00000242bfa70000, 0x00000242c6d30000]
CodeHeap 'non-nmethods': size=5760Kb used=1190Kb max_used=1212Kb free=4569Kb
 bounds [0x00000242c6d30000, 0x00000242c6fa0000, 0x00000242c72d0000]
CodeCache: size=245760Kb, used=3222Kb, max_used=3244Kb, free=242535Kb
 total_blobs=1467, nmethods=1016, adapters=358, full_count=0
Compilation: enabled, stopped_count=0, restarted_count=0

Compilation events (20 events):
Event: 2.233 Thread 0x0000024315c893d0 nmethod 968 0x00000242c7330d90 code [0x00000242c7330f20, 0x00000242c7331028]
Event: 2.233 Thread 0x0000024315c893d0  975   !   4       java.lang.String::<init> (880 bytes)
Event: 2.238 Thread 0x00000242bc594f90  980 %     3       java.math.BigInteger::implMultiplyToLen @ 135 (216 bytes)
Event: 2.239 Thread 0x00000242bc594f90 nmethod 980% 0x00000242bf97e910 code [0x00000242bf97eb20, 0x00000242bf97f208]
Event: 2.239 Thread 0x00000242bc594f90  981       3       java.math.BigInteger::implMultiplyToLen (216 bytes)
Event: 2.241 Thread 0x00000242bc594f90 nmethod 981 0x00000242bf97f690 code [0x00000242bf97f880, 0x00000242bf97fe28]
Event: 2.252 Thread 0x00000242bc594f90  983       3       sun.security.util.DerOutputStream::putLength (147 bytes)
Event: 2.254 Thread 0x00000242bc594f90 nmethod 983 0x00000242bf980210 code [0x00000242bf9805e0, 0x00000242bf982a58]
Event: 2.256 Thread 0x00000242bc594f90  984  s    3       java.util.Hashtable::put (104 bytes)
Event: 2.257 Thread 0x00000242bc594f90 nmethod 984 0x00000242bf983990 code [0x00000242bf983ba0, 0x00000242bf984278]
Event: 2.257 Thread 0x00000242bc594f90  987  s    3       java.util.Hashtable::get (69 bytes)
Event: 2.258 Thread 0x00000242bc594f90 nmethod 987 0x00000242bf984510 code [0x00000242bf984700, 0x00000242bf984c50]
Event: 2.258 Thread 0x00000242bc594f90  985       3       java.util.Hashtable::addEntry (87 bytes)
Event: 2.258 Thread 0x00000242bc594f90 nmethod 985 0x00000242bf984e10 code [0x00000242bf985000, 0x00000242bf985630]
Event: 2.259 Thread 0x00000242bc594f90  986       3       java.util.Hashtable$Entry::<init> (26 bytes)
Event: 2.259 Thread 0x00000242bc594f90 nmethod 986 0x00000242bf985890 code [0x00000242bf985a40, 0x00000242bf985bf0]
Event: 2.259 Thread 0x00000242bc594f90  988       3       sun.security.util.SignatureFileVerifier::updateSigners (132 bytes)
Event: 2.261 Thread 0x00000242bc594f90 nmethod 988 0x00000242bf985c90 code [0x00000242bf985f40, 0x00000242bf986de0]
Event: 2.261 Thread 0x00000242bc594f90  989       3       sun.security.util.SignatureFileVerifier::matches (89 bytes)
Event: 2.264 Thread 0x00000242bc594f90 nmethod 989 0x00000242bf987390 code [0x00000242bf987640, 0x00000242bf988490]

GC Heap History (0 events):
No events

Dll operation events (8 events):
Event: 0.020 Loaded shared library c:\Users\hp\.vscode\extensions\redhat.java-1.54.0-win32-x64\jre\21.0.10-win32-x86_64\bin\java.dll
Event: 0.195 Loaded shared library c:\Users\hp\.vscode\extensions\redhat.java-1.54.0-win32-x64\jre\21.0.10-win32-x86_64\bin\zip.dll
Event: 0.247 Loaded shared library C:\Users\hp\.vscode\extensions\redhat.java-1.54.0-win32-x64\jre\21.0.10-win32-x86_64\bin\instrument.dll
Event: 0.259 Loaded shared library C:\Users\hp\.vscode\extensions\redhat.java-1.54.0-win32-x64\jre\21.0.10-win32-x86_64\bin\net.dll
Event: 0.263 Loaded shared library C:\Users\hp\.vscode\extensions\redhat.java-1.54.0-win32-x64\jre\21.0.10-win32-x86_64\bin\nio.dll
Event: 0.270 Loaded shared library C:\Users\hp\.vscode\extensions\redhat.java-1.54.0-win32-x64\jre\21.0.10-win32-x86_64\bin\zip.dll
Event: 0.328 Loaded shared library C:\Users\hp\.vscode\extensions\redhat.java-1.54.0-win32-x64\jre\21.0.10-win32-x86_64\bin\jimage.dll
Event: 0.702 Loaded shared library c:\Users\hp\.vscode\extensions\redhat.java-1.54.0-win32-x64\jre\21.0.10-win32-x86_64\bin\verify.dll

Deoptimization events (20 events):
Event: 1.652 Thread 0x00000242bc5fd240 DEOPT PACKING pc=0x00000242bf8f9704 sp=0x000000caff4fd8e0
Event: 1.652 Thread 0x00000242bc5fd240 DEOPT UNPACKING pc=0x00000242c6d84242 sp=0x000000caff4fcd38 mode 0
Event: 1.652 Thread 0x00000242bc5fd240 DEOPT PACKING pc=0x00000242bf8f9704 sp=0x000000caff4fd850
Event: 1.652 Thread 0x00000242bc5fd240 DEOPT UNPACKING pc=0x00000242c6d84242 sp=0x000000caff4fcca8 mode 0
Event: 1.652 Thread 0x00000242bc5fd240 Uncommon trap: trap_request=0xffffff6e fr.pc=0x00000242c73133ac relative=0x000000000000020c
Event: 1.652 Thread 0x00000242bc5fd240 Uncommon trap: reason=loop_limit_check action=maybe_recompile pc=0x00000242c73133ac method=java.math.BigInteger.implMulAdd([I[IIII)I @ 26 c2
Event: 1.652 Thread 0x00000242bc5fd240 DEOPT PACKING pc=0x00000242c73133ac sp=0x000000caff4fd860
Event: 1.652 Thread 0x00000242bc5fd240 DEOPT UNPACKING pc=0x00000242c6d83aa2 sp=0x000000caff4fd7b0 mode 2
Event: 1.852 Thread 0x00000242bc5fd240 DEOPT PACKING pc=0x00000242bf9136fb sp=0x000000caff4fa9c0
Event: 1.852 Thread 0x00000242bc5fd240 DEOPT UNPACKING pc=0x00000242c6d84242 sp=0x000000caff4f9e38 mode 0
Event: 1.921 Thread 0x00000242bc5fd240 Uncommon trap: trap_request=0xffffff45 fr.pc=0x00000242c7317b2c relative=0x000000000000008c
Event: 1.921 Thread 0x00000242bc5fd240 Uncommon trap: reason=unstable_if action=reinterpret pc=0x00000242c7317b2c method=jdk.internal.misc.Unsafe.convEndian(ZI)I @ 4 c2
Event: 1.921 Thread 0x00000242bc5fd240 DEOPT PACKING pc=0x00000242c7317b2c sp=0x000000caff4fdbc0
Event: 1.921 Thread 0x00000242bc5fd240 DEOPT UNPACKING pc=0x00000242c6d83aa2 sp=0x000000caff4fdaf0 mode 2
Event: 1.927 Thread 0x00000242bc5fd240 Uncommon trap: trap_request=0xffffff45 fr.pc=0x00000242c72ff288 relative=0x0000000000000628
Event: 1.927 Thread 0x00000242bc5fd240 Uncommon trap: reason=unstable_if action=reinterpret pc=0x00000242c72ff288 method=java.lang.AbstractStringBuilder.append(Ljava/lang/String;)Ljava/lang/AbstractStringBuilder; @ 1 c2
Event: 1.927 Thread 0x00000242bc5fd240 DEOPT PACKING pc=0x00000242c72ff288 sp=0x000000caff4fdf20
Event: 1.927 Thread 0x00000242bc5fd240 DEOPT UNPACKING pc=0x00000242c6d83aa2 sp=0x000000caff4fdeb0 mode 2
Event: 1.975 Thread 0x00000242bc5fd240 DEOPT PACKING pc=0x00000242bf9136fb sp=0x000000caff4fd400
Event: 1.975 Thread 0x00000242bc5fd240 DEOPT UNPACKING pc=0x00000242c6d84242 sp=0x000000caff4fc878 mode 0

Classes loaded (20 events):
Event: 2.150 Loading class java/nio/file/attribute/AclFileAttributeView
Event: 2.150 Loading class java/nio/file/attribute/FileOwnerAttributeView
Event: 2.150 Loading class java/nio/file/attribute/FileOwnerAttributeView done
Event: 2.150 Loading class java/nio/file/attribute/AclFileAttributeView done
Event: 2.150 Loading class sun/nio/fs/AbstractAclFileAttributeView done
Event: 2.150 Loading class sun/nio/fs/WindowsAclFileAttributeView done
Event: 2.151 Loading class sun/nio/fs/WindowsSecurity
Event: 2.151 Loading class sun/nio/fs/WindowsSecurity done
Event: 2.152 Loading class sun/nio/fs/WindowsFileStore
Event: 2.153 Loading class java/nio/file/FileStore
Event: 2.153 Loading class java/nio/file/FileStore done
Event: 2.153 Loading class sun/nio/fs/WindowsFileStore done
Event: 2.161 Loading class java/net/URLClassLoader$1
Event: 2.161 Loading class java/net/URLClassLoader$1 done
Event: 2.262 Loading class java/io/FilePermission$1
Event: 2.262 Loading class jdk/internal/access/JavaIOFilePermissionAccess
Event: 2.262 Loading class jdk/internal/access/JavaIOFilePermissionAccess done
Event: 2.262 Loading class java/io/FilePermission$1 done
Event: 2.263 Loading class java/io/FilePermissionCollection
Event: 2.263 Loading class java/io/FilePermissionCollection done

Classes unloaded (0 events):
No events

Classes redefined (0 events):
No events

Internal exceptions (20 events):
Event: 0.577 Thread 0x00000242bc5fd240 Exception <a 'java/lang/NoSuchMethodError'{0x00000000d59e8398}: 'void java.lang.invoke.DelegatingMethodHandle$Holder.reinvoke_L(java.lang.Object, java.lang.Object, java.lang.Object, int, java.lang.Object)'> (0x00000000d59e8398) 
thrown [s\src\hotspot\share\interpreter\linkResolver.cpp, line 773]
Event: 0.585 Thread 0x00000242bc5fd240 Exception <a 'java/lang/NoSuchMethodError'{0x00000000d59f8ce8}: 'int java.lang.invoke.DirectMethodHandle$Holder.invokeSpecial(java.lang.Object, java.lang.Object, java.lang.Object)'> (0x00000000d59f8ce8) 
thrown [s\src\hotspot\share\interpreter\linkResolver.cpp, line 773]
Event: 0.593 Thread 0x00000242bc5fd240 Exception <a 'java/lang/NoSuchMethodError'{0x00000000d5a049a8}: 'java.lang.Object java.lang.invoke.DirectMethodHandle$Holder.invokeStatic(java.lang.Object, java.lang.Object, int)'> (0x00000000d5a049a8) 
thrown [s\src\hotspot\share\interpreter\linkResolver.cpp, line 773]
Event: 0.596 Thread 0x00000242bc5fd240 Exception <a 'java/lang/NoSuchMethodError'{0x00000000d5a092f8}: 'void java.lang.invoke.DirectMethodHandle$Holder.invokeStatic(java.lang.Object, java.lang.Object, int, java.lang.Object)'> (0x00000000d5a092f8) 
thrown [s\src\hotspot\share\interpreter\linkResolver.cpp, line 773]
Event: 0.597 Thread 0x00000242bc5fd240 Exception <a 'java/lang/NoSuchMethodError'{0x00000000d5a0ce88}: 'void java.lang.invoke.DirectMethodHandle$Holder.invokeSpecial(java.lang.Object, java.lang.Object, java.lang.Object, int, java.lang.Object)'> (0x00000000d5a0ce88) 
thrown [s\src\hotspot\share\interpreter\linkResolver.cpp, line 773]
Event: 0.598 Thread 0x00000242bc5fd240 Exception <a 'java/lang/NoSuchMethodError'{0x00000000d5a102f8}: 'void java.lang.invoke.DelegatingMethodHandle$Holder.delegate(java.lang.Object, java.lang.Object, int, java.lang.Object)'> (0x00000000d5a102f8) 
thrown [s\src\hotspot\share\interpreter\linkResolver.cpp, line 773]
Event: 0.793 Thread 0x00000242bc5fd240 Exception <a 'java/lang/NoSuchMethodError'{0x00000000d5bced88}: 'void java.lang.invoke.DelegatingMethodHandle$Holder.reinvoke_L(java.lang.Object, java.lang.Object, java.lang.Object, int)'> (0x00000000d5bced88) 
thrown [s\src\hotspot\share\interpreter\linkResolver.cpp, line 773]
Event: 1.201 Thread 0x00000242bc5fd240 Exception <a 'java/lang/NoSuchMethodError'{0x00000000d605a838}: 'void java.lang.invoke.DirectMethodHandle$Holder.invokeVirtual(java.lang.Object, java.lang.Object)'> (0x00000000d605a838) 
thrown [s\src\hotspot\share\interpreter\linkResolver.cpp, line 773]
Event: 1.865 Thread 0x00000242bc5fd240 Exception <a 'java/lang/NoSuchMethodError'{0x00000000d643e0c0}: 'void java.lang.invoke.DirectMethodHandle$Holder.invokeStatic(java.lang.Object, java.lang.Object)'> (0x00000000d643e0c0) 
thrown [s\src\hotspot\share\interpreter\linkResolver.cpp, line 773]
Event: 1.876 Thread 0x00000242bc5fd240 Exception <a 'java/lang/ClassNotFoundException'{0x00000000d6466490}: sun/net/www/protocol/c/Handler> (0x00000000d6466490) 
thrown [s\src\hotspot\share\classfile\systemDictionary.cpp, line 312]
Event: 1.914 Thread 0x00000242bc5fd240 Exception <a 'java/io/FileNotFoundException'{0x00000000d64cd668}> (0x00000000d64cd668) 
thrown [s\src\hotspot\share\prims\jni.cpp, line 520]
Event: 1.915 Thread 0x00000242bc5fd240 Exception <a 'java/io/FileNotFoundException'{0x00000000d64ce950}> (0x00000000d64ce950) 
thrown [s\src\hotspot\share\prims\jni.cpp, line 520]
Event: 1.917 Thread 0x00000242bc5fd240 Exception <a 'java/io/FileNotFoundException'{0x00000000d64cf588}> (0x00000000d64cf588) 
thrown [s\src\hotspot\share\prims\jni.cpp, line 520]
Event: 1.917 Thread 0x00000242bc5fd240 Exception <a 'java/io/FileNotFoundException'{0x00000000d64d00b8}> (0x00000000d64d00b8) 
thrown [s\src\hotspot\share\prims\jni.cpp, line 520]
Event: 1.927 Thread 0x00000242bc5fd240 Implicit null exception at 0x00000242c72feca4 to 0x00000242c72ff270
Event: 1.936 Thread 0x00000242bc5fd240 Exception <a 'java/io/FileNotFoundException'{0x00000000d650a238}> (0x00000000d650a238) 
thrown [s\src\hotspot\share\prims\jni.cpp, line 520]
Event: 1.970 Thread 0x00000242bc5fd240 Exception <a 'java/lang/NoSuchMethodError'{0x00000000d6547068}: 'java.lang.Object java.lang.invoke.DirectMethodHandle$Holder.invokeInterface(java.lang.Object, java.lang.Object)'> (0x00000000d6547068) 
thrown [s\src\hotspot\share\interpreter\linkResolver.cpp, line 773]
Event: 1.984 Thread 0x00000242bc5fd240 Exception <a 'java/lang/NoSuchMethodError'{0x00000000d655a5f8}: 'java.lang.Object java.lang.invoke.Invokers$Holder.invokeExact_MT(java.lang.Object, java.lang.Object, java.lang.Object, java.lang.Object, java.lang.Object, java.lang.Object)'> (0x00000000d655a5f8) 
thrown [s\src\hotspot\share\interpreter\linkResolver.cpp, line 773]
Event: 2.000 Thread 0x00000242bc5fd240 Exception <a 'java/lang/NoSuchMethodError'{0x00000000d65716d0}: 'int java.lang.invoke.DirectMethodHandle$Holder.invokeStatic(java.lang.Object, java.lang.Object, java.lang.Object, java.lang.Object, java.lang.Object)'> (0x00000000d65716d0) 
thrown [s\src\hotspot\share\interpreter\linkResolver.cpp, line 773]
Event: 2.064 Thread 0x00000242bc5fd240 Exception <a 'java/lang/NoSuchMethodError'{0x00000000d6604c00}: 'java.lang.Object java.lang.invoke.DirectMethodHandle$Holder.invokeInterface(java.lang.Object, java.lang.Object, int)'> (0x00000000d6604c00) 
thrown [s\src\hotspot\share\interpreter\linkResolver.cpp, line 773]

ZGC Phase Switch (0 events):
No events

VM Operations (12 events):
Event: 0.193 Executing non-safepoint VM operation: HandshakeAllThreads (Deoptimize)
Event: 0.193 Executing non-safepoint VM operation: HandshakeAllThreads (Deoptimize) done
Event: 0.502 Executing non-safepoint VM operation: HandshakeAllThreads (Deoptimize)
Event: 0.502 Executing non-safepoint VM operation: HandshakeAllThreads (Deoptimize) done
Event: 1.507 Executing safepoint VM operation: Cleanup
Event: 1.514 Executing safepoint VM operation: Cleanup done
Event: 1.707 Executing non-safepoint VM operation: HandshakeAllThreads (Deoptimize)
Event: 1.707 Executing non-safepoint VM operation: HandshakeAllThreads (Deoptimize) done
Event: 1.844 Executing non-safepoint VM operation: HandshakeAllThreads (Deoptimize)
Event: 1.844 Executing non-safepoint VM operation: HandshakeAllThreads (Deoptimize) done
Event: 2.846 Executing safepoint VM operation: Cleanup
Event: 2.847 Executing safepoint VM operation: Cleanup done

Memory protections (0 events):
No events

Nmethod flushes (0 events):
No events

Events (12 events):
Event: 0.066 Thread 0x00000242bc5fd240 Thread added: 0x00000242bc5fd240
Event: 0.103 Thread 0x00000242bc5fd240 Thread added: 0x00000242bc56d0b0
Event: 0.104 Thread 0x00000242bc5fd240 Thread added: 0x00000242bc5715a0
Event: 0.104 Thread 0x00000242bc5fd240 Thread added: 0x00000242bc5758a0
Event: 0.104 Thread 0x00000242bc5fd240 Thread added: 0x00000242bc576780
Event: 0.105 Thread 0x00000242bc5fd240 Thread added: 0x00000242bc57b9a0
Event: 0.105 Thread 0x00000242bc5fd240 Thread added: 0x00000242bc589bf0
Event: 0.105 Thread 0x00000242bc5fd240 Thread added: 0x00000242bc594700
Event: 0.105 Thread 0x00000242bc5fd240 Thread added: 0x00000242bc594f90
Event: 0.251 Thread 0x00000242bc5fd240 Thread added: 0x0000024315a4bf20
Event: 1.046 Thread 0x00000242bc5fd240 Thread added: 0x0000024315a4cc40
Event: 1.436 Thread 0x00000242bc594f90 Thread added: 0x0000024315c893d0


Dynamic libraries:
0x00007ff639120000 - 0x00007ff63912e000 	c:\Users\hp\.vscode\extensions\redhat.java-1.54.0-win32-x64\jre\21.0.10-win32-x86_64\bin\java.exe
0x00007ffb7cce0000 - 0x00007ffb7cf48000 	C:\WINDOWS\SYSTEM32\ntdll.dll
0x00007ffb7c170000 - 0x00007ffb7c239000 	C:\WINDOWS\System32\KERNEL32.DLL
0x00007ffb7a6b0000 - 0x00007ffb7aaa2000 	C:\WINDOWS\System32\KERNELBASE.dll
0x00007ffb79fe0000 - 0x00007ffb7a12b000 	C:\WINDOWS\System32\ucrtbase.dll
0x00007ffb53f50000 - 0x00007ffb53f68000 	c:\Users\hp\.vscode\extensions\redhat.java-1.54.0-win32-x64\jre\21.0.10-win32-x86_64\bin\jli.dll
0x00007ffb53f10000 - 0x00007ffb53f2e000 	c:\Users\hp\.vscode\extensions\redhat.java-1.54.0-win32-x64\jre\21.0.10-win32-x86_64\bin\VCRUNTIME140.dll
0x00007ffb7cad0000 - 0x00007ffb7cc95000 	C:\WINDOWS\System32\USER32.dll
0x00007ffb7a340000 - 0x00007ffb7a367000 	C:\WINDOWS\System32\win32u.dll
0x00007ffb62fb0000 - 0x00007ffb63243000 	C:\WINDOWS\WinSxS\amd64_microsoft.windows.common-controls_6595b64144ccf1df_6.0.26100.6899_none_3e0efeeae32e88c1\COMCTL32.dll
0x00007ffb7c860000 - 0x00007ffb7c88b000 	C:\WINDOWS\System32\GDI32.dll
0x00007ffb7a370000 - 0x00007ffb7a49d000 	C:\WINDOWS\System32\gdi32full.dll
0x00007ffb7c6d0000 - 0x00007ffb7c779000 	C:\WINDOWS\System32\msvcrt.dll
0x00007ffb79e70000 - 0x00007ffb79f13000 	C:\WINDOWS\System32\msvcp_win.dll
0x00007ffb7bc20000 - 0x00007ffb7bc4f000 	C:\WINDOWS\System32\IMM32.DLL
0x00007ffb6a380000 - 0x00007ffb6a38c000 	c:\Users\hp\.vscode\extensions\redhat.java-1.54.0-win32-x64\jre\21.0.10-win32-x86_64\bin\vcruntime140_1.dll
0x00007ffb3f440000 - 0x00007ffb3f4cd000 	c:\Users\hp\.vscode\extensions\redhat.java-1.54.0-win32-x64\jre\21.0.10-win32-x86_64\bin\msvcp140.dll
0x00007ffaf7270000 - 0x00007ffaf8011000 	c:\Users\hp\.vscode\extensions\redhat.java-1.54.0-win32-x64\jre\21.0.10-win32-x86_64\bin\server\jvm.dll
0x00007ffb7bd00000 - 0x00007ffb7bdb4000 	C:\WINDOWS\System32\ADVAPI32.dll
0x00007ffb7b390000 - 0x00007ffb7b436000 	C:\WINDOWS\System32\sechost.dll
0x00007ffb7b440000 - 0x00007ffb7b558000 	C:\WINDOWS\System32\RPCRT4.dll
0x00007ffb7c960000 - 0x00007ffb7c9d4000 	C:\WINDOWS\System32\WS2_32.dll
0x00007ffb79cd0000 - 0x00007ffb79d2e000 	C:\WINDOWS\SYSTEM32\POWRPROF.dll
0x00007ffb5c030000 - 0x00007ffb5c065000 	C:\WINDOWS\SYSTEM32\WINMM.dll
0x00007ffb72c40000 - 0x00007ffb72c4b000 	C:\WINDOWS\SYSTEM32\VERSION.dll
0x00007ffb79cb0000 - 0x00007ffb79cc4000 	C:\WINDOWS\SYSTEM32\UMPDC.dll
0x00007ffb78c40000 - 0x00007ffb78c5b000 	C:\WINDOWS\SYSTEM32\kernel.appcore.dll
0x00007ffb6a2e0000 - 0x00007ffb6a2ea000 	c:\Users\hp\.vscode\extensions\redhat.java-1.54.0-win32-x64\jre\21.0.10-win32-x86_64\bin\jimage.dll
0x00007ffb771a0000 - 0x00007ffb773e2000 	C:\WINDOWS\SYSTEM32\DBGHELP.DLL
0x00007ffb7b840000 - 0x00007ffb7bbbb000 	C:\WINDOWS\System32\combase.dll
0x00007ffb7c780000 - 0x00007ffb7c857000 	C:\WINDOWS\System32\OLEAUT32.dll
0x00007ffb5a650000 - 0x00007ffb5a68c000 	C:\WINDOWS\SYSTEM32\dbgcore.DLL
0x00007ffb7a610000 - 0x00007ffb7a6a8000 	C:\WINDOWS\System32\bcryptPrimitives.dll
0x00007ffb69a30000 - 0x00007ffb69a3f000 	c:\Users\hp\.vscode\extensions\redhat.java-1.54.0-win32-x64\jre\21.0.10-win32-x86_64\bin\instrument.dll
0x00007ffb4f370000 - 0x00007ffb4f390000 	c:\Users\hp\.vscode\extensions\redhat.java-1.54.0-win32-x64\jre\21.0.10-win32-x86_64\bin\java.dll
0x00007ffb7aab0000 - 0x00007ffb7b1fd000 	C:\WINDOWS\System32\SHELL32.dll
0x00007ffb7a4a0000 - 0x00007ffb7a60b000 	C:\WINDOWS\System32\wintypes.dll
0x00007ffb77b00000 - 0x00007ffb7835d000 	C:\WINDOWS\SYSTEM32\windows.storage.dll
0x00007ffb7c070000 - 0x00007ffb7c162000 	C:\WINDOWS\System32\SHCORE.dll
0x00007ffb7c890000 - 0x00007ffb7c8f2000 	C:\WINDOWS\System32\shlwapi.dll
0x00007ffb79d90000 - 0x00007ffb79db9000 	C:\WINDOWS\SYSTEM32\profapi.dll
0x00007ffb4f390000 - 0x00007ffb4f3a8000 	c:\Users\hp\.vscode\extensions\redhat.java-1.54.0-win32-x64\jre\21.0.10-win32-x86_64\bin\zip.dll
0x00007ffb69950000 - 0x00007ffb69960000 	C:\Users\hp\.vscode\extensions\redhat.java-1.54.0-win32-x64\jre\21.0.10-win32-x86_64\bin\net.dll
0x00007ffb6d3c0000 - 0x00007ffb6d4df000 	C:\WINDOWS\SYSTEM32\WINHTTP.dll
0x00007ffb791b0000 - 0x00007ffb7921b000 	C:\WINDOWS\system32\mswsock.dll
0x00007ffb4f350000 - 0x00007ffb4f366000 	C:\Users\hp\.vscode\extensions\redhat.java-1.54.0-win32-x64\jre\21.0.10-win32-x86_64\bin\nio.dll
0x00007ffb689e0000 - 0x00007ffb689f0000 	c:\Users\hp\.vscode\extensions\redhat.java-1.54.0-win32-x64\jre\21.0.10-win32-x86_64\bin\verify.dll

JVMTI agents:
c:\Users\hp\.vscode\extensions\redhat.java-1.54.0-win32-x64\lombok\lombok-1.18.39-4050.jar path:c:\Users\hp\.vscode\extensions\redhat.java-1.54.0-win32-x64\jre\21.0.10-win32-x86_64\bin\instrument.dll, loaded, initialized, instrumentlib options:none

dbghelp: loaded successfully - version: 4.0.5 - missing functions: none
symbol engine: initialized successfully - sym options: 0x614 - pdb path: .;c:\Users\hp\.vscode\extensions\redhat.java-1.54.0-win32-x64\jre\21.0.10-win32-x86_64\bin;C:\WINDOWS\SYSTEM32;C:\WINDOWS\WinSxS\amd64_microsoft.windows.common-controls_6595b64144ccf1df_6.0.26100.6899_none_3e0efeeae32e88c1;c:\Users\hp\.vscode\extensions\redhat.java-1.54.0-win32-x64\jre\21.0.10-win32-x86_64\bin\server

VM Arguments:
jvm_args: --add-modules=ALL-SYSTEM --add-opens=java.base/java.util=ALL-UNNAMED --add-opens=java.base/java.lang=ALL-UNNAMED --add-opens=java.base/sun.nio.fs=ALL-UNNAMED -Declipse.application=org.eclipse.jdt.ls.core.id1 -Dosgi.bundles.defaultStartLevel=4 -Declipse.product=org.eclipse.jdt.ls.core.product -Djava.import.generatesMetadataFilesAtProjectRoot=false -DDetectVMInstallationsJob.disabled=true -Dfile.encoding=utf8 -XX:+UseParallelGC -XX:GCTimeRatio=4 -XX:AdaptiveSizePolicyWeight=90 -Dsun.zip.disableMemoryMapping=true -Xmx2G -Xms100m -Xlog:disable -javaagent:c:\Users\hp\.vscode\extensions\redhat.java-1.54.0-win32-x64\lombok\lombok-1.18.39-4050.jar -XX:+HeapDumpOnOutOfMemoryError -XX:HeapDumpPath=c:\Users\hp\AppData\Roaming\Code\User\workspaceStorage\51bd6c2c68655f22c02ba8e91f7495b2\redhat.java -Daether.dependencyCollector.impl=bf 
java_command: c:\Users\hp\.vscode\extensions\redhat.java-1.54.0-win32-x64\server\plugins\org.eclipse.equinox.launcher_1.7.100.v20251111-0406.jar -configuration c:\Users\hp\AppData\Roaming\Code\User\globalStorage\redhat.java\1.54.0\config_win -data c:\Users\hp\AppData\Roaming\Code\User\workspaceStorage\51bd6c2c68655f22c02ba8e91f7495b2\redhat.java\jdt_ws --pipe=\\.\pipe\lsp-daa609cf1f317027f99e7f4c77a2de83-sock
java_class_path (initial): c:\Users\hp\.vscode\extensions\redhat.java-1.54.0-win32-x64\server\plugins\org.eclipse.equinox.launcher_1.7.100.v20251111-0406.jar
Launcher Type: SUN_STANDARD

[Global flags]
    uintx AdaptiveSizePolicyWeight                 = 90                                        {product} {command line}
     intx CICompilerCount                          = 4                                         {product} {ergonomic}
    uintx GCTimeRatio                              = 4                                         {product} {command line}
     bool HeapDumpOnOutOfMemoryError               = true                                   {manageable} {command line}
    ccstr HeapDumpPath                             = c:\Users\hp\AppData\Roaming\Code\User\workspaceStorage\51bd6c2c68655f22c02ba8e91f7495b2\redhat.java         {manageable} {command line}
   size_t InitialHeapSize                          = 104857600                                 {product} {command line}
   size_t MaxHeapSize                              = 2147483648                                {product} {command line}
   size_t MaxNewSize                               = 715653120                                 {product} {ergonomic}
   size_t MinHeapDeltaBytes                        = 524288                                    {product} {ergonomic}
   size_t MinHeapSize                              = 104857600                                 {product} {command line}
   size_t NewSize                                  = 34603008                                  {product} {ergonomic}
    uintx NonNMethodCodeHeapSize                   = 5839372                                {pd product} {ergonomic}
    uintx NonProfiledCodeHeapSize                  = 122909434                              {pd product} {ergonomic}
   size_t OldSize                                  = 70254592                                  {product} {ergonomic}
    uintx ProfiledCodeHeapSize                     = 122909434                              {pd product} {ergonomic}
    uintx ReservedCodeCacheSize                    = 251658240                              {pd product} {ergonomic}
     bool SegmentedCodeCache                       = true                                      {product} {ergonomic}
   size_t SoftMaxHeapSize                          = 2147483648                             {manageable} {ergonomic}
     bool UseCompressedOops                        = true                           {product lp64_product} {ergonomic}
     bool UseLargePagesIndividualAllocation        = false                                  {pd product} {ergonomic}
     bool UseParallelGC                            = true                                      {product} {command line}

Logging:
Log output configuration:
 #0: stdout all=off uptime,level,tags foldmultilines=false
 #1: stderr all=off uptime,level,tags foldmultilines=false

Release file:
JAVA_VERSION="21.0.10" 
MODULES="java.base java.compiler java.datatransfer java.xml java.prefs java.desktop java.instrument java.logging java.management java.security.sasl java.naming java.rmi java.management.rmi java.net.http java.scripting java.security.jgss java.transaction.xa java.sql java.sql.rowset java.xml.crypto java.se java.smartcardio jdk.accessibility jdk.internal.jvmstat jdk.attach jdk.charsets jdk.internal.opt jdk.zipfs jdk.compiler jdk.crypto.ec jdk.crypto.cryptoki jdk.crypto.mscapi jdk.dynalink jdk.internal.ed jdk.editpad jdk.hotspot.agent jdk.httpserver jdk.internal.le jdk.internal.vm.ci jdk.internal.vm.compiler jdk.internal.vm.compiler.management jdk.jartool jdk.javadoc jdk.jcmd jdk.management jdk.management.agent jdk.jconsole jdk.jdeps jdk.jdwp.agent jdk.jdi jdk.jfr jdk.jshell jdk.jsobject jdk.jstatd jdk.localedata jdk.management.jfr jdk.naming.dns jdk.naming.rmi jdk.net jdk.nio.mapmode jdk.random jdk.sctp jdk.security.auth jdk.security.jgss jdk.unsupported jdk.unsupported.desktop jdk.xml.dom" 

Environment Variables:
PATH=C:\Python313\Scripts\;C:\Python313\;C:\Program Files\Common Files\Oracle\Java\javapath;C:\Program Files (x86)\Common Files\Oracle\Java\java8path;C:\Program Files (x86)\Common Files\Oracle\Java\javapath;C:\Program Files (x86)\NVIDIA Corporation\PhysX\Common;C:\WINDOWS\system32;C:\WINDOWS;C:\WINDOWS\System32\Wbem;C:\WINDOWS\System32\WindowsPowerShell\v1.0\;C:\WINDOWS\System32\OpenSSH\;C:\Program Files\Git\cmd;C:\Program Files\nodejs\;C:\ProgramData\chocolatey\bin;C:\Program Files\dotnet\;C:\Users\hp\Downloads\apache-maven-3.9.14-bin;C:\ProgramData\chocolatey\lib\maven\apache-maven-3.9.15\bin;C:\Users\hp\AppData\Local\Programs\Python\Python314\Scripts\;C:\Users\hp\AppData\Local\Programs\Python\Python314\;C:\Users\hp\AppData\Local\Microsoft\WindowsApps;C:\Users\hp\AppData\Local\Programs\Microsoft VS Code\bin;C:\Users\hp\AppData\Roaming\npm;;C:\tools\mysql\current\bin
USERNAME=KENNEDY
OS=Windows_NT
PROCESSOR_IDENTIFIER=Intel64 Family 6 Model 142 Stepping 11, GenuineIntel
TMP=C:\Users\hp\AppData\Local\Temp
TEMP=C:\Users\hp\AppData\Local\Temp




Periodic native trim disabled

---------------  S Y S T E M  ---------------

OS:
 Windows 11 , 64 bit Build 26100 (10.0.26100.6725)
OS uptime: 2 days 0:30 hours

CPU: total 8 (initial active 8) (4 cores per cpu, 2 threads per core) family 6 model 142 stepping 11 microcode 0xf6, cx8, cmov, fxsr, ht, mmx, 3dnowpref, sse, sse2, sse3, ssse3, sse4.1, sse4.2, popcnt, lzcnt, tsc, tscinvbit, avx, avx2, aes, erms, clmul, bmi1, bmi2, adx, fma, vzeroupper, clflush, clflushopt, rdtscp, f16c
Processor Information for the first 8 processors :
  Max Mhz: 1800, Current Mhz: 1400, Mhz Limit: 1584

Memory: 4k page, system-wide physical 8030M (486M free)
TotalPageFile size 16222M (AvailPageFile size 14M)
current process WorkingSet (physical memory assigned to process): 70M, peak: 70M
current process commit charge ("private bytes"): 232M, peak: 234M

vm_info: OpenJDK 64-Bit Server VM (21.0.10+7-LTS) for windows-amd64 JRE (21.0.10+7-LTS), built on 2026-01-20T00:00:00Z by "admin" with MS VC++ 17.12 (VS2022)

END.
