#
# There is insufficient memory for the Java Runtime Environment to continue.
# Native memory allocation (malloc) failed to allocate 1134096 bytes. Error detail: Chunk::new
# Possible reasons:
#   The system is out of physical RAM or swap space
#   This process is running with CompressedOops enabled, and the Java Heap may be blocking the growth of the native heap
# Possible solutions:
#   Reduce memory load on the system
#   Increase physical memory or swap space
#   Check if swap backing store is full
#   Decrease Java heap size (-Xmx/-Xms)
#   Decrease number of Java threads
#   Decrease Java thread stack sizes (-Xss)
#   Set larger code cache with -XX:ReservedCodeCacheSize=
#   JVM is running with Unscaled Compressed Oops mode in which the Java heap is
#     placed in the first 4GB address space. The Java Heap base address is the
#     maximum limit for the native heap growth. Please use -XX:HeapBaseMinAddress
#     to set the Java Heap base and to place the Java Heap above 4GB virtual address.
# This output file may be truncated or incomplete.
#
#  Out of Memory Error (arena.cpp:168), pid=17560, tid=20760
#
# JRE version: OpenJDK Runtime Environment Temurin-21.0.10+7 (21.0.10+7) (build 21.0.10+7-LTS)
# Java VM: OpenJDK 64-Bit Server VM Temurin-21.0.10+7 (21.0.10+7-LTS, mixed mode, sharing, tiered, compressed oops, compressed class ptrs, parallel gc, windows-amd64)
# No core dump will be written. Minidumps are not enabled by default on client versions of Windows
#

---------------  S U M M A R Y ------------

Command Line: --add-modules=ALL-SYSTEM --add-opens=java.base/java.util=ALL-UNNAMED --add-opens=java.base/java.lang=ALL-UNNAMED --add-opens=java.base/sun.nio.fs=ALL-UNNAMED -Declipse.application=org.eclipse.jdt.ls.core.id1 -Dosgi.bundles.defaultStartLevel=4 -Declipse.product=org.eclipse.jdt.ls.core.product -Djava.import.generatesMetadataFilesAtProjectRoot=false -DDetectVMInstallationsJob.disabled=true -Dfile.encoding=utf8 -XX:+UseParallelGC -XX:GCTimeRatio=4 -XX:AdaptiveSizePolicyWeight=90 -Dsun.zip.disableMemoryMapping=true -Xmx2G -Xms100m -Xlog:disable -javaagent:c:\Users\hp\.vscode\extensions\redhat.java-1.54.0-win32-x64\lombok\lombok-1.18.39-4050.jar -XX:+HeapDumpOnOutOfMemoryError -XX:HeapDumpPath=c:\Users\hp\AppData\Roaming\Code\User\workspaceStorage\07dbee5f1e131d463add0b55ac0a14a8\redhat.java -Daether.dependencyCollector.impl=bf c:\Users\hp\.vscode\extensions\redhat.java-1.54.0-win32-x64\server\plugins\org.eclipse.equinox.launcher_1.7.100.v20251111-0406.jar -configuration c:\Users\hp\AppData\Roaming\Code\User\globalStorage\redhat.java\1.54.0\config_win -data c:\Users\hp\AppData\Roaming\Code\User\workspaceStorage\07dbee5f1e131d463add0b55ac0a14a8\redhat.java\jdt_ws --pipe=\\.\pipe\lsp-25d9d79150b6847817fdb9e703311d93-sock

Host: Intel(R) Core(TM) i5-8265U CPU @ 1.60GHz, 8 cores, 7G,  Windows 11 , 64 bit Build 26100 (10.0.26100.6725)
Time: Thu Jun 11 14:46:59 2026 South Africa Standard Time elapsed time: 19.429682 seconds (0d 0h 0m 19s)

---------------  T H R E A D  ---------------

Current thread (0x000001e03167d770):  JavaThread "C2 CompilerThread0" daemon [_thread_in_native, id=20760, stack(0x000000828a700000,0x000000828a800000) (1024K)]


Current CompileTask:
C2:19429 3839       4       org.eclipse.osgi.internal.serviceregistry.ServiceRegistry::notifyHooksPrivileged (57 bytes)

Stack: [0x000000828a700000,0x000000828a800000]
Native frames: (J=compiled Java code, j=interpreted, Vv=VM code, C=native code)
V  [jvm.dll+0x6d7a39]
V  [jvm.dll+0x8b4b26]
V  [jvm.dll+0x8b70de]
V  [jvm.dll+0x8b77c3]
V  [jvm.dll+0x284346]
V  [jvm.dll+0xc66ed]
V  [jvm.dll+0xc6c31]
V  [jvm.dll+0x3bec01]
V  [jvm.dll+0x38b162]
V  [jvm.dll+0x38a5aa]
V  [jvm.dll+0x24c560]
V  [jvm.dll+0x24bb40]
V  [jvm.dll+0x1cb34e]
V  [jvm.dll+0x25b85d]
V  [jvm.dll+0x259dea]
V  [jvm.dll+0x3f857e]
V  [jvm.dll+0x85f59d]
V  [jvm.dll+0x6d626d]
C  [ucrtbase.dll+0x37b0]
C  [KERNEL32.DLL+0x2e8d7]
C  [ntdll.dll+0x8c53c]


---------------  P R O C E S S  ---------------

Threads class SMR info:
_java_thread_list=0x000001e08f848b20, length=23, elements={
0x000001e0316fcd20, 0x000001e03166cac0, 0x000001e0316710b0, 0x000001e031673ad0,
0x000001e031674630, 0x000001e0316788d0, 0x000001e03167a7f0, 0x000001e03167d770,
0x000001e031685330, 0x000001e08ab8e620, 0x000001e08acb6010, 0x000001e08f9d04d0,
0x000001e08f6a28d0, 0x000001e08f713920, 0x000001e08f89f5d0, 0x000001e08f9999e0,
0x000001e090082570, 0x000001e08fc17820, 0x000001e08f3e6100, 0x000001e08f3e7b40,
0x000001e08f3e81d0, 0x000001e08fbaff10, 0x000001e08f3e4d50
}

Java Threads: ( => current thread )
  0x000001e0316fcd20 JavaThread "main"                              [_thread_blocked, id=12532, stack(0x0000008289d00000,0x0000008289e00000) (1024K)]
  0x000001e03166cac0 JavaThread "Reference Handler"          daemon [_thread_blocked, id=16728, stack(0x000000828a100000,0x000000828a200000) (1024K)]
  0x000001e0316710b0 JavaThread "Finalizer"                  daemon [_thread_blocked, id=13536, stack(0x000000828a200000,0x000000828a300000) (1024K)]
  0x000001e031673ad0 JavaThread "Signal Dispatcher"          daemon [_thread_blocked, id=20852, stack(0x000000828a300000,0x000000828a400000) (1024K)]
  0x000001e031674630 JavaThread "Attach Listener"            daemon [_thread_blocked, id=19988, stack(0x000000828a400000,0x000000828a500000) (1024K)]
  0x000001e0316788d0 JavaThread "Service Thread"             daemon [_thread_blocked, id=17348, stack(0x000000828a500000,0x000000828a600000) (1024K)]
  0x000001e03167a7f0 JavaThread "Monitor Deflation Thread"   daemon [_thread_blocked, id=11920, stack(0x000000828a600000,0x000000828a700000) (1024K)]
=>0x000001e03167d770 JavaThread "C2 CompilerThread0"         daemon [_thread_in_native, id=20760, stack(0x000000828a700000,0x000000828a800000) (1024K)]
  0x000001e031685330 JavaThread "C1 CompilerThread0"         daemon [_thread_in_native, id=3668, stack(0x000000828a800000,0x000000828a900000) (1024K)]
  0x000001e08ab8e620 JavaThread "Common-Cleaner"             daemon [_thread_blocked, id=18028, stack(0x000000828aa00000,0x000000828ab00000) (1024K)]
  0x000001e08acb6010 JavaThread "Notification Thread"        daemon [_thread_blocked, id=9120, stack(0x000000828ab00000,0x000000828ac00000) (1024K)]
  0x000001e08f9d04d0 JavaThread "Active Thread: Equinox Container: 1bd07ba7-388c-4431-85eb-e8a6d4fc2b8f"        [_thread_blocked, id=14092, stack(0x000000828b100000,0x000000828b200000) (1024K)]
  0x000001e08f6a28d0 JavaThread "Refresh Thread: Equinox Container: 1bd07ba7-388c-4431-85eb-e8a6d4fc2b8f" daemon [_thread_blocked, id=12996, stack(0x000000828b200000,0x000000828b300000) (1024K)]
  0x000001e08f713920 JavaThread "Framework Event Dispatcher: Equinox Container: 1bd07ba7-388c-4431-85eb-e8a6d4fc2b8f" daemon [_thread_blocked, id=24216, stack(0x000000828b400000,0x000000828b500000) (1024K)]
  0x000001e08f89f5d0 JavaThread "Start Level: Equinox Container: 1bd07ba7-388c-4431-85eb-e8a6d4fc2b8f" daemon [_thread_in_native, id=17188, stack(0x000000828b500000,0x000000828b600000) (1024K)]
  0x000001e08f9999e0 JavaThread "Bundle File Closer"         daemon [_thread_blocked, id=24116, stack(0x000000828b700000,0x000000828b800000) (1024K)]
  0x000001e090082570 JavaThread "SCR Component Actor"        daemon [_thread_blocked, id=19524, stack(0x000000828b600000,0x000000828b700000) (1024K)]
  0x000001e08fc17820 JavaThread "Worker-JM"                         [_thread_blocked, id=14044, stack(0x000000828b800000,0x000000828b900000) (1024K)]
  0x000001e08f3e6100 JavaThread "Worker-0: Repository registry initialization"        [_thread_blocked, id=21012, stack(0x000000828b900000,0x000000828ba00000) (1024K)]
  0x000001e08f3e7b40 JavaThread "Worker-1: Updating Maven Dependencies"        [_thread_in_Java, id=22356, stack(0x000000828ba00000,0x000000828bb00000) (1024K)]
  0x000001e08f3e81d0 JavaThread "Worker-2"                          [_thread_blocked, id=11032, stack(0x000000828bb00000,0x000000828bc00000) (1024K)]
  0x000001e08fbaff10 JavaThread "C2 CompilerThread1"         daemon [_thread_in_native, id=2168, stack(0x000000828bc00000,0x000000828bd00000) (1024K)]
  0x000001e08f3e4d50 JavaThread "Worker-3"                          [_thread_blocked, id=23084, stack(0x000000828bd00000,0x000000828be00000) (1024K)]
Total: 23

Other Threads:
  0x000001e0317beb70 VMThread "VM Thread"                           [id=5712, stack(0x000000828a000000,0x000000828a100000) (1024K)]
  0x000001e03158ca00 WatcherThread "VM Periodic Task Thread"        [id=22948, stack(0x0000008289f00000,0x000000828a000000) (1024K)]
  0x000001e03171b1c0 WorkerThread "GC Thread#0"                     [id=21588, stack(0x0000008289e00000,0x0000008289f00000) (1024K)]
  0x000001e08f00ece0 WorkerThread "GC Thread#1"                     [id=9860, stack(0x000000828a900000,0x000000828aa00000) (1024K)]
  0x000001e08ad34580 WorkerThread "GC Thread#2"                     [id=12536, stack(0x000000828ac00000,0x000000828ad00000) (1024K)]
  0x000001e08ad34930 WorkerThread "GC Thread#3"                     [id=22536, stack(0x000000828ad00000,0x000000828ae00000) (1024K)]
  0x000001e08ad34ce0 WorkerThread "GC Thread#4"                     [id=21560, stack(0x000000828ae00000,0x000000828af00000) (1024K)]
  0x000001e08ad35090 WorkerThread "GC Thread#5"                     [id=4808, stack(0x000000828af00000,0x000000828b000000) (1024K)]
  0x000001e08acd39f0 WorkerThread "GC Thread#6"                     [id=24164, stack(0x000000828b000000,0x000000828b100000) (1024K)]
  0x000001e08f4414d0 WorkerThread "GC Thread#7"                     [id=17864, stack(0x000000828b300000,0x000000828b400000) (1024K)]
Total: 10

Threads with active compile tasks:
C2 CompilerThread0  19503 3839       4       org.eclipse.osgi.internal.serviceregistry.ServiceRegistry::notifyHooksPrivileged (57 bytes)
C2 CompilerThread1  19503 3794   !   4       org.eclipse.osgi.internal.loader.classpath.ClasspathManager::findClassImpl (328 bytes)
Total: 2

VM state: not at safepoint (normal execution)

VM Mutex/Monitor currently owned by a thread: None

Heap address: 0x0000000080000000, size: 2048 MB, Compressed Oops mode: 32-bit

CDS archive(s) mapped at: [0x000001e048000000-0x000001e048ba0000-0x000001e048ba0000), size 12189696, SharedBaseAddress: 0x000001e048000000, ArchiveRelocationMode: 1.
Compressed class space mapped at: 0x000001e049000000-0x000001e089000000, reserved size: 1073741824
Narrow klass base: 0x000001e048000000, Narrow klass shift: 0, Narrow klass range: 0x100000000

GC Precious Log:
 CardTable entry size: 512
 CPUs: 8 total, 8 available
 Memory: 8030M
 Large Page Support: Disabled
 NUMA Support: Disabled
 Compressed Oops: Enabled (32-bit)
 Alignments: Space 512K, Generation 512K, Heap 2M
 Heap Min Capacity: 100M
 Heap Initial Capacity: 100M
 Heap Max Capacity: 2G
 Pre-touch: Disabled
 Parallel Workers: 8

Heap:
 PSYoungGen      total 23552K, used 2356K [0x00000000d5580000, 0x00000000d7380000, 0x0000000100000000)
  eden space 22528K, 7% used [0x00000000d5580000,0x00000000d5735c08,0x00000000d6b80000)
  from space 1024K, 59% used [0x00000000d6f80000,0x00000000d70176b0,0x00000000d7080000)
  to   space 1536K, 0% used [0x00000000d7200000,0x00000000d7200000,0x00000000d7380000)
 ParOldGen       total 68608K, used 16007K [0x0000000080000000, 0x0000000084300000, 0x00000000d5580000)
  object space 68608K, 23% used [0x0000000080000000,0x0000000080fa1d00,0x0000000084300000)
 Metaspace       used 28309K, committed 29248K, reserved 1114112K
  class space    used 2906K, committed 3328K, reserved 1048576K

Card table byte_map: [0x000001e0310a0000,0x000001e0314b0000] _byte_map_base: 0x000001e030ca0000

Marking Bits: (ParMarkBitMap*) 0x00007ffae57d3450
 Begin Bits: [0x000001e043bb0000, 0x000001e045bb0000)
 End Bits:   [0x000001e045bb0000, 0x000001e047bb0000)

Polling page: 0x000001e02f510000

Metaspace:

Usage:
  Non-class:     24.81 MB used.
      Class:      2.84 MB used.
       Both:     27.65 MB used.

Virtual space:
  Non-class space:       64.00 MB reserved,      25.31 MB ( 40%) committed,  1 nodes.
      Class space:        1.00 GB reserved,       3.25 MB ( <1%) committed,  1 nodes.
             Both:        1.06 GB reserved,      28.56 MB (  3%) committed. 

Chunk freelists:
   Non-Class:  6.05 MB
       Class:  12.67 MB
        Both:  18.71 MB

MaxMetaspaceSize: unlimited
CompressedClassSpaceSize: 1.00 GB
Initial GC threshold: 21.00 MB
Current GC threshold: 35.00 MB
CDS: on
 - commit_granule_bytes: 65536.
 - commit_granule_words: 8192.
 - virtual_space_node_default_size: 8388608.
 - enlarge_chunks_in_place: 1.
 - use_allocation_guard: 0.


Internal statistics:

num_allocs_failed_limit: 3.
num_arena_births: 666.
num_arena_deaths: 14.
num_vsnodes_births: 2.
num_vsnodes_deaths: 0.
num_space_committed: 457.
num_space_uncommitted: 0.
num_chunks_returned_to_freelist: 17.
num_chunks_taken_from_freelist: 1873.
num_chunk_merges: 9.
num_chunk_splits: 1175.
num_chunks_enlarged: 694.
num_inconsistent_stats: 0.

CodeHeap 'non-profiled nmethods': size=120000Kb used=1776Kb max_used=1776Kb free=118223Kb
 bounds [0x000001e03c3d0000, 0x000001e03c640000, 0x000001e043900000]
CodeHeap 'profiled nmethods': size=120000Kb used=8551Kb max_used=8551Kb free=111448Kb
 bounds [0x000001e034900000, 0x000001e035160000, 0x000001e03be30000]
CodeHeap 'non-nmethods': size=5760Kb used=1323Kb max_used=1337Kb free=4436Kb
 bounds [0x000001e03be30000, 0x000001e03c0a0000, 0x000001e03c3d0000]
CodeCache: size=245760Kb, used=11650Kb, max_used=11664Kb, free=234107Kb
 total_blobs=4606, nmethods=3995, adapters=517, full_count=0
Compilation: enabled, stopped_count=0, restarted_count=0

Compilation events (20 events):
Event: 18.377 Thread 0x000001e031685330 4011   !   3       org.eclipse.osgi.internal.hooks.EclipseLazyStarter::postFindLocalClass (394 bytes)
Event: 18.385 Thread 0x000001e031685330 nmethod 4011 0x000001e035149f90 code [0x000001e03514a4e0, 0x000001e03514d4b8]
Event: 18.388 Thread 0x000001e031685330 4013       1       lombok.patcher.scripts.ReplaceMethodCallScript::access$0 (5 bytes)
Event: 18.388 Thread 0x000001e031685330 nmethod 4013 0x000001e03c58c090 code [0x000001e03c58c220, 0x000001e03c58c2d0]
Event: 18.389 Thread 0x000001e031685330 4015       2       org.lombokweb.asm.MethodWriter::visitLocalVariable (222 bytes)
Event: 18.392 Thread 0x000001e031685330 nmethod 4015 0x000001e03514e790 code [0x000001e03514ea20, 0x000001e03514f2b8]
Event: 18.392 Thread 0x000001e031685330 4017       2       lombok.patcher.Hook::getClassSpec (8 bytes)
Event: 18.392 Thread 0x000001e031685330 nmethod 4017 0x000001e03514f990 code [0x000001e03514fb40, 0x000001e03514fc60]
Event: 18.393 Thread 0x000001e031685330 4018       2       lombok.patcher.scripts.ReplaceMethodCallScript$ReplaceMethodCall::visitMethodInsn (250 bytes)
Event: 18.396 Thread 0x000001e031685330 nmethod 4018 0x000001e03514fd10 code [0x000001e035150000, 0x000001e0351507e8]
Event: 18.396 Thread 0x000001e031685330 4019       2       org.lombokweb.asm.MethodVisitor::visitLocalVariable (24 bytes)
Event: 18.396 Thread 0x000001e031685330 nmethod 4019 0x000001e035150f10 code [0x000001e0351510c0, 0x000001e035151208]
Event: 18.397 Thread 0x000001e031685330 4016       2       java.util.regex.Matcher::<init> (95 bytes)
Event: 18.398 Thread 0x000001e031685330 nmethod 4016 0x000001e035151310 code [0x000001e0351514c0, 0x000001e035151858]
Event: 18.398 Thread 0x000001e031685330 4020       2       org.lombokweb.asm.MethodWriter::visitTypeInsn (116 bytes)
Event: 18.399 Thread 0x000001e031685330 nmethod 4020 0x000001e035151990 code [0x000001e035151b60, 0x000001e035151dd0]
Event: 18.399 Thread 0x000001e031685330 4021       2       org.lombokweb.asm.MethodWriter::endCurrentBasicBlockWithNoSuccessor (98 bytes)
Event: 18.400 Thread 0x000001e031685330 nmethod 4021 0x000001e035151f90 code [0x000001e035152160, 0x000001e0351524d8]
Event: 18.403 Thread 0x000001e031685330 4022       2       org.lombokweb.asm.MethodVisitor::visitTypeInsn (17 bytes)
Event: 18.403 Thread 0x000001e031685330 nmethod 4022 0x000001e035152690 code [0x000001e035152840, 0x000001e035152980]

GC Heap History (20 events):
Event: 6.620 GC heap before
{Heap before GC invocations=2 (full 0):
 PSYoungGen      total 29696K, used 28880K [0x00000000d5580000, 0x00000000d7680000, 0x0000000100000000)
  eden space 25600K, 100% used [0x00000000d5580000,0x00000000d6e80000,0x00000000d6e80000)
  from space 4096K, 80% used [0x00000000d6e80000,0x00000000d71b4148,0x00000000d7280000)
  to   space 4096K, 0% used [0x00000000d7280000,0x00000000d7280000,0x00000000d7680000)
 ParOldGen       total 68608K, used 8K [0x0000000080000000, 0x0000000084300000, 0x00000000d5580000)
  object space 68608K, 0% used [0x0000000080000000,0x0000000080002000,0x0000000084300000)
 Metaspace       used 7998K, committed 8256K, reserved 1114112K
  class space    used 831K, committed 960K, reserved 1048576K
}
Event: 6.638 GC heap after
{Heap after GC invocations=2 (full 0):
 PSYoungGen      total 29696K, used 4070K [0x00000000d5580000, 0x00000000d7680000, 0x0000000100000000)
  eden space 25600K, 0% used [0x00000000d5580000,0x00000000d5580000,0x00000000d6e80000)
  from space 4096K, 99% used [0x00000000d7280000,0x00000000d7679820,0x00000000d7680000)
  to   space 4096K, 0% used [0x00000000d6e80000,0x00000000d6e80000,0x00000000d7280000)
 ParOldGen       total 68608K, used 2051K [0x0000000080000000, 0x0000000084300000, 0x00000000d5580000)
  object space 68608K, 2% used [0x0000000080000000,0x0000000080200e68,0x0000000084300000)
 Metaspace       used 7998K, committed 8256K, reserved 1114112K
  class space    used 831K, committed 960K, reserved 1048576K
}
Event: 7.834 GC heap before
{Heap before GC invocations=3 (full 0):
 PSYoungGen      total 29696K, used 29570K [0x00000000d5580000, 0x00000000d7680000, 0x0000000100000000)
  eden space 25600K, 99% used [0x00000000d5580000,0x00000000d6e670d0,0x00000000d6e80000)
  from space 4096K, 99% used [0x00000000d7280000,0x00000000d7679820,0x00000000d7680000)
  to   space 4096K, 0% used [0x00000000d6e80000,0x00000000d6e80000,0x00000000d7280000)
 ParOldGen       total 68608K, used 2051K [0x0000000080000000, 0x0000000084300000, 0x00000000d5580000)
  object space 68608K, 2% used [0x0000000080000000,0x0000000080200e68,0x0000000084300000)
 Metaspace       used 9457K, committed 9728K, reserved 1114112K
  class space    used 1009K, committed 1152K, reserved 1048576K
}
Event: 7.849 GC heap after
{Heap after GC invocations=3 (full 0):
 PSYoungGen      total 29696K, used 4093K [0x00000000d5580000, 0x00000000d7680000, 0x0000000100000000)
  eden space 25600K, 0% used [0x00000000d5580000,0x00000000d5580000,0x00000000d6e80000)
  from space 4096K, 99% used [0x00000000d6e80000,0x00000000d727f500,0x00000000d7280000)
  to   space 4096K, 0% used [0x00000000d7280000,0x00000000d7280000,0x00000000d7680000)
 ParOldGen       total 68608K, used 4806K [0x0000000080000000, 0x0000000084300000, 0x00000000d5580000)
  object space 68608K, 7% used [0x0000000080000000,0x00000000804b1ac0,0x0000000084300000)
 Metaspace       used 9457K, committed 9728K, reserved 1114112K
  class space    used 1009K, committed 1152K, reserved 1048576K
}
Event: 11.155 GC heap before
{Heap before GC invocations=4 (full 0):
 PSYoungGen      total 29696K, used 29693K [0x00000000d5580000, 0x00000000d7680000, 0x0000000100000000)
  eden space 25600K, 100% used [0x00000000d5580000,0x00000000d6e80000,0x00000000d6e80000)
  from space 4096K, 99% used [0x00000000d6e80000,0x00000000d727f500,0x00000000d7280000)
  to   space 4096K, 0% used [0x00000000d7280000,0x00000000d7280000,0x00000000d7680000)
 ParOldGen       total 68608K, used 4806K [0x0000000080000000, 0x0000000084300000, 0x00000000d5580000)
  object space 68608K, 7% used [0x0000000080000000,0x00000000804b1ac0,0x0000000084300000)
 Metaspace       used 11611K, committed 11968K, reserved 1114112K
  class space    used 1224K, committed 1408K, reserved 1048576K
}
Event: 11.175 GC heap after
{Heap after GC invocations=4 (full 0):
 PSYoungGen      total 29696K, used 4067K [0x00000000d5580000, 0x00000000d7680000, 0x0000000100000000)
  eden space 25600K, 0% used [0x00000000d5580000,0x00000000d5580000,0x00000000d6e80000)
  from space 4096K, 99% used [0x00000000d7280000,0x00000000d7678f50,0x00000000d7680000)
  to   space 4096K, 0% used [0x00000000d6e80000,0x00000000d6e80000,0x00000000d7280000)
 ParOldGen       total 68608K, used 6808K [0x0000000080000000, 0x0000000084300000, 0x00000000d5580000)
  object space 68608K, 9% used [0x0000000080000000,0x00000000806a6118,0x0000000084300000)
 Metaspace       used 11611K, committed 11968K, reserved 1114112K
  class space    used 1224K, committed 1408K, reserved 1048576K
}
Event: 14.138 GC heap before
{Heap before GC invocations=5 (full 0):
 PSYoungGen      total 29696K, used 29667K [0x00000000d5580000, 0x00000000d7680000, 0x0000000100000000)
  eden space 25600K, 100% used [0x00000000d5580000,0x00000000d6e80000,0x00000000d6e80000)
  from space 4096K, 99% used [0x00000000d7280000,0x00000000d7678f50,0x00000000d7680000)
  to   space 4096K, 0% used [0x00000000d6e80000,0x00000000d6e80000,0x00000000d7280000)
 ParOldGen       total 68608K, used 6808K [0x0000000080000000, 0x0000000084300000, 0x00000000d5580000)
  object space 68608K, 9% used [0x0000000080000000,0x00000000806a6118,0x0000000084300000)
 Metaspace       used 15679K, committed 16192K, reserved 1114112K
  class space    used 1634K, committed 1856K, reserved 1048576K
}
Event: 14.146 GC heap after
{Heap after GC invocations=5 (full 0):
 PSYoungGen      total 29184K, used 4080K [0x00000000d5580000, 0x00000000d7900000, 0x0000000100000000)
  eden space 25088K, 0% used [0x00000000d5580000,0x00000000d5580000,0x00000000d6e00000)
  from space 4096K, 99% used [0x00000000d6e80000,0x00000000d727c0d8,0x00000000d7280000)
  to   space 5632K, 0% used [0x00000000d7380000,0x00000000d7380000,0x00000000d7900000)
 ParOldGen       total 68608K, used 7876K [0x0000000080000000, 0x0000000084300000, 0x00000000d5580000)
  object space 68608K, 11% used [0x0000000080000000,0x00000000807b11e8,0x0000000084300000)
 Metaspace       used 15679K, committed 16192K, reserved 1114112K
  class space    used 1634K, committed 1856K, reserved 1048576K
}
Event: 15.212 GC heap before
{Heap before GC invocations=6 (full 0):
 PSYoungGen      total 29184K, used 29168K [0x00000000d5580000, 0x00000000d7900000, 0x0000000100000000)
  eden space 25088K, 100% used [0x00000000d5580000,0x00000000d6e00000,0x00000000d6e00000)
  from space 4096K, 99% used [0x00000000d6e80000,0x00000000d727c0d8,0x00000000d7280000)
  to   space 5632K, 0% used [0x00000000d7380000,0x00000000d7380000,0x00000000d7900000)
 ParOldGen       total 68608K, used 7876K [0x0000000080000000, 0x0000000084300000, 0x00000000d5580000)
  object space 68608K, 11% used [0x0000000080000000,0x00000000807b11e8,0x0000000084300000)
 Metaspace       used 18035K, committed 18752K, reserved 1114112K
  class space    used 1897K, committed 2176K, reserved 1048576K
}
Event: 15.224 GC heap after
{Heap after GC invocations=6 (full 0):
 PSYoungGen      total 29696K, used 4680K [0x00000000d5580000, 0x00000000d7880000, 0x0000000100000000)
  eden space 24576K, 0% used [0x00000000d5580000,0x00000000d5580000,0x00000000d6d80000)
  from space 5120K, 91% used [0x00000000d7380000,0x00000000d78121f8,0x00000000d7880000)
  to   space 5120K, 0% used [0x00000000d6e80000,0x00000000d6e80000,0x00000000d7380000)
 ParOldGen       total 68608K, used 7884K [0x0000000080000000, 0x0000000084300000, 0x00000000d5580000)
  object space 68608K, 11% used [0x0000000080000000,0x00000000807b31e8,0x0000000084300000)
 Metaspace       used 18035K, committed 18752K, reserved 1114112K
  class space    used 1897K, committed 2176K, reserved 1048576K
}
Event: 16.672 GC heap before
{Heap before GC invocations=7 (full 0):
 PSYoungGen      total 29696K, used 29256K [0x00000000d5580000, 0x00000000d7880000, 0x0000000100000000)
  eden space 24576K, 100% used [0x00000000d5580000,0x00000000d6d80000,0x00000000d6d80000)
  from space 5120K, 91% used [0x00000000d7380000,0x00000000d78121f8,0x00000000d7880000)
  to   space 5120K, 0% used [0x00000000d6e80000,0x00000000d6e80000,0x00000000d7380000)
 ParOldGen       total 68608K, used 7884K [0x0000000080000000, 0x0000000084300000, 0x00000000d5580000)
  object space 68608K, 11% used [0x0000000080000000,0x00000000807b31e8,0x0000000084300000)
 Metaspace       used 20607K, committed 21376K, reserved 1114112K
  class space    used 2143K, committed 2496K, reserved 1048576K
}
Event: 16.683 GC heap after
{Heap after GC invocations=7 (full 0):
 PSYoungGen      total 29184K, used 5109K [0x00000000d5580000, 0x00000000d7d00000, 0x0000000100000000)
  eden space 24064K, 0% used [0x00000000d5580000,0x00000000d5580000,0x00000000d6d00000)
  from space 5120K, 99% used [0x00000000d6e80000,0x00000000d737d518,0x00000000d7380000)
  to   space 8192K, 0% used [0x00000000d7500000,0x00000000d7500000,0x00000000d7d00000)
 ParOldGen       total 68608K, used 10221K [0x0000000080000000, 0x0000000084300000, 0x00000000d5580000)
  object space 68608K, 14% used [0x0000000080000000,0x00000000809fb528,0x0000000084300000)
 Metaspace       used 20607K, committed 21376K, reserved 1114112K
  class space    used 2143K, committed 2496K, reserved 1048576K
}
Event: 16.813 GC heap before
{Heap before GC invocations=8 (full 0):
 PSYoungGen      total 29184K, used 11470K [0x00000000d5580000, 0x00000000d7d00000, 0x0000000100000000)
  eden space 24064K, 26% used [0x00000000d5580000,0x00000000d5bb6438,0x00000000d6d00000)
  from space 5120K, 99% used [0x00000000d6e80000,0x00000000d737d518,0x00000000d7380000)
  to   space 8192K, 0% used [0x00000000d7500000,0x00000000d7500000,0x00000000d7d00000)
 ParOldGen       total 68608K, used 10221K [0x0000000080000000, 0x0000000084300000, 0x00000000d5580000)
  object space 68608K, 14% used [0x0000000080000000,0x00000000809fb528,0x0000000084300000)
 Metaspace       used 20779K, committed 21504K, reserved 1114112K
  class space    used 2145K, committed 2496K, reserved 1048576K
}
Event: 16.819 GC heap after
{Heap after GC invocations=8 (full 0):
 PSYoungGen      total 28672K, used 4131K [0x00000000d5580000, 0x00000000d7980000, 0x0000000100000000)
  eden space 24064K, 0% used [0x00000000d5580000,0x00000000d5580000,0x00000000d6d00000)
  from space 4608K, 89% used [0x00000000d7500000,0x00000000d7908ee8,0x00000000d7980000)
  to   space 5632K, 0% used [0x00000000d6e80000,0x00000000d6e80000,0x00000000d7400000)
 ParOldGen       total 68608K, used 11161K [0x0000000080000000, 0x0000000084300000, 0x00000000d5580000)
  object space 68608K, 16% used [0x0000000080000000,0x0000000080ae6570,0x0000000084300000)
 Metaspace       used 20779K, committed 21504K, reserved 1114112K
  class space    used 2145K, committed 2496K, reserved 1048576K
}
Event: 16.819 GC heap before
{Heap before GC invocations=9 (full 1):
 PSYoungGen      total 28672K, used 4131K [0x00000000d5580000, 0x00000000d7980000, 0x0000000100000000)
  eden space 24064K, 0% used [0x00000000d5580000,0x00000000d5580000,0x00000000d6d00000)
  from space 4608K, 89% used [0x00000000d7500000,0x00000000d7908ee8,0x00000000d7980000)
  to   space 5632K, 0% used [0x00000000d6e80000,0x00000000d6e80000,0x00000000d7400000)
 ParOldGen       total 68608K, used 11161K [0x0000000080000000, 0x0000000084300000, 0x00000000d5580000)
  object space 68608K, 16% used [0x0000000080000000,0x0000000080ae6570,0x0000000084300000)
 Metaspace       used 20779K, committed 21504K, reserved 1114112K
  class space    used 2145K, committed 2496K, reserved 1048576K
}
Event: 16.922 GC heap after
{Heap after GC invocations=9 (full 1):
 PSYoungGen      total 28672K, used 0K [0x00000000d5580000, 0x00000000d7980000, 0x0000000100000000)
  eden space 24064K, 0% used [0x00000000d5580000,0x00000000d5580000,0x00000000d6d00000)
  from space 4608K, 0% used [0x00000000d7500000,0x00000000d7500000,0x00000000d7980000)
  to   space 5632K, 0% used [0x00000000d6e80000,0x00000000d6e80000,0x00000000d7400000)
 ParOldGen       total 68608K, used 13712K [0x0000000080000000, 0x0000000084300000, 0x00000000d5580000)
  object space 68608K, 19% used [0x0000000080000000,0x0000000080d641f0,0x0000000084300000)
 Metaspace       used 20766K, committed 21504K, reserved 1114112K
  class space    used 2142K, committed 2496K, reserved 1048576K
}
Event: 17.509 GC heap before
{Heap before GC invocations=10 (full 1):
 PSYoungGen      total 28672K, used 24050K [0x00000000d5580000, 0x00000000d7980000, 0x0000000100000000)
  eden space 24064K, 99% used [0x00000000d5580000,0x00000000d6cfcac8,0x00000000d6d00000)
  from space 4608K, 0% used [0x00000000d7500000,0x00000000d7500000,0x00000000d7980000)
  to   space 5632K, 0% used [0x00000000d6e80000,0x00000000d6e80000,0x00000000d7400000)
 ParOldGen       total 68608K, used 13712K [0x0000000080000000, 0x0000000084300000, 0x00000000d5580000)
  object space 68608K, 19% used [0x0000000080000000,0x0000000080d641f0,0x0000000084300000)
 Metaspace       used 24552K, committed 25472K, reserved 1114112K
  class space    used 2502K, committed 2944K, reserved 1048576K
}
Event: 17.513 GC heap after
{Heap after GC invocations=10 (full 1):
 PSYoungGen      total 24576K, used 692K [0x00000000d5580000, 0x00000000d7580000, 0x0000000100000000)
  eden space 23552K, 0% used [0x00000000d5580000,0x00000000d5580000,0x00000000d6c80000)
  from space 1024K, 67% used [0x00000000d6e80000,0x00000000d6f2d1a8,0x00000000d6f80000)
  to   space 2560K, 0% used [0x00000000d7300000,0x00000000d7300000,0x00000000d7580000)
 ParOldGen       total 68608K, used 13720K [0x0000000080000000, 0x0000000084300000, 0x00000000d5580000)
  object space 68608K, 19% used [0x0000000080000000,0x0000000080d661f0,0x0000000084300000)
 Metaspace       used 24552K, committed 25472K, reserved 1114112K
  class space    used 2502K, committed 2944K, reserved 1048576K
}
Event: 17.979 GC heap before
{Heap before GC invocations=11 (full 1):
 PSYoungGen      total 24576K, used 24244K [0x00000000d5580000, 0x00000000d7580000, 0x0000000100000000)
  eden space 23552K, 100% used [0x00000000d5580000,0x00000000d6c80000,0x00000000d6c80000)
  from space 1024K, 67% used [0x00000000d6e80000,0x00000000d6f2d1a8,0x00000000d6f80000)
  to   space 2560K, 0% used [0x00000000d7300000,0x00000000d7300000,0x00000000d7580000)
 ParOldGen       total 68608K, used 13720K [0x0000000080000000, 0x0000000084300000, 0x00000000d5580000)
  object space 68608K, 19% used [0x0000000080000000,0x0000000080d661f0,0x0000000084300000)
 Metaspace       used 27404K, committed 28288K, reserved 1114112K
  class space    used 2824K, committed 3200K, reserved 1048576K
}
Event: 17.984 GC heap after
{Heap after GC invocations=11 (full 1):
 PSYoungGen      total 25600K, used 2499K [0x00000000d5580000, 0x00000000d7580000, 0x0000000100000000)
  eden space 23040K, 0% used [0x00000000d5580000,0x00000000d5580000,0x00000000d6c00000)
  from space 2560K, 97% used [0x00000000d7300000,0x00000000d7570ef0,0x00000000d7580000)
  to   space 3072K, 0% used [0x00000000d6f80000,0x00000000d6f80000,0x00000000d7280000)
 ParOldGen       total 68608K, used 13728K [0x0000000080000000, 0x0000000084300000, 0x00000000d5580000)
  object space 68608K, 20% used [0x0000000080000000,0x0000000080d681f0,0x0000000084300000)
 Metaspace       used 27404K, committed 28288K, reserved 1114112K
  class space    used 2824K, committed 3200K, reserved 1048576K
}

Dll operation events (11 events):
Event: 0.128 Loaded shared library c:\Users\hp\.vscode\extensions\redhat.java-1.54.0-win32-x64\jre\21.0.10-win32-x86_64\bin\java.dll
Event: 0.581 Loaded shared library c:\Users\hp\.vscode\extensions\redhat.java-1.54.0-win32-x64\jre\21.0.10-win32-x86_64\bin\zip.dll
Event: 0.699 Loaded shared library C:\Users\hp\.vscode\extensions\redhat.java-1.54.0-win32-x64\jre\21.0.10-win32-x86_64\bin\instrument.dll
Event: 0.756 Loaded shared library C:\Users\hp\.vscode\extensions\redhat.java-1.54.0-win32-x64\jre\21.0.10-win32-x86_64\bin\net.dll
Event: 0.763 Loaded shared library C:\Users\hp\.vscode\extensions\redhat.java-1.54.0-win32-x64\jre\21.0.10-win32-x86_64\bin\nio.dll
Event: 0.779 Loaded shared library C:\Users\hp\.vscode\extensions\redhat.java-1.54.0-win32-x64\jre\21.0.10-win32-x86_64\bin\zip.dll
Event: 0.833 Loaded shared library C:\Users\hp\.vscode\extensions\redhat.java-1.54.0-win32-x64\jre\21.0.10-win32-x86_64\bin\jimage.dll
Event: 1.086 Loaded shared library c:\Users\hp\.vscode\extensions\redhat.java-1.54.0-win32-x64\jre\21.0.10-win32-x86_64\bin\verify.dll
Event: 6.865 Loaded shared library C:\Users\hp\AppData\Roaming\Code\User\globalStorage\redhat.java\1.54.0\config_win\org.eclipse.equinox.launcher\org.eclipse.equinox.launcher.win32.win32.x86_64_1.3.0.v20260203-2149\eclipse_11919.dll
Event: 13.848 Loaded shared library C:\Users\hp\.vscode\extensions\redhat.java-1.54.0-win32-x64\jre\21.0.10-win32-x86_64\bin\management.dll
Event: 13.879 Loaded shared library C:\Users\hp\.vscode\extensions\redhat.java-1.54.0-win32-x64\jre\21.0.10-win32-x86_64\bin\management_ext.dll

Deoptimization events (20 events):
Event: 17.964 Thread 0x000001e08f3e7b40 Uncommon trap: trap_request=0xffffff45 fr.pc=0x000001e03c4a7398 relative=0x00000000000008d8
Event: 17.964 Thread 0x000001e08f3e7b40 Uncommon trap: reason=unstable_if action=reinterpret pc=0x000001e03c4a7398 method=jdk.internal.org.objectweb.asm.SymbolTable.put(Ljdk/internal/org/objectweb/asm/SymbolTable$Entry;)Ljdk/internal/org/objectweb/asm/SymbolTable$Entry; @ 13 c2
Event: 17.964 Thread 0x000001e08f3e7b40 DEOPT PACKING pc=0x000001e03c4a7398 sp=0x000000828bafd670
Event: 17.964 Thread 0x000001e08f3e7b40 DEOPT UNPACKING pc=0x000001e03be83aa2 sp=0x000000828bafd588 mode 2
Event: 18.010 Thread 0x000001e08f3e7b40 Uncommon trap: trap_request=0xffffffc6 fr.pc=0x000001e03c4e2a34 relative=0x00000000000010b4
Event: 18.010 Thread 0x000001e08f3e7b40 Uncommon trap: reason=bimorphic_or_optimized_type_check action=maybe_recompile pc=0x000001e03c4e2a34 method=java.util.Properties$LineReader.readLine()I @ 479 c2
Event: 18.010 Thread 0x000001e08f3e7b40 DEOPT PACKING pc=0x000001e03c4e2a34 sp=0x000000828bafd780
Event: 18.010 Thread 0x000001e08f3e7b40 DEOPT UNPACKING pc=0x000001e03be83aa2 sp=0x000000828bafd720 mode 2
Event: 18.101 Thread 0x000001e08f3e7b40 Uncommon trap: trap_request=0xffffff45 fr.pc=0x000001e03c44acc8 relative=0x0000000000000588
Event: 18.101 Thread 0x000001e08f3e7b40 Uncommon trap: reason=unstable_if action=reinterpret pc=0x000001e03c44acc8 method=java.io.BufferedInputStream.implRead([BII)I @ 30 c2
Event: 18.102 Thread 0x000001e08f3e7b40 DEOPT PACKING pc=0x000001e03c44acc8 sp=0x000000828bafe070
Event: 18.102 Thread 0x000001e08f3e7b40 DEOPT UNPACKING pc=0x000001e03be83aa2 sp=0x000000828bafe048 mode 2
Event: 18.207 Thread 0x000001e08f3e7b40 Uncommon trap: trap_request=0xffffff45 fr.pc=0x000001e03c519c54 relative=0x0000000000000134
Event: 18.207 Thread 0x000001e08f3e7b40 Uncommon trap: reason=unstable_if action=reinterpret pc=0x000001e03c519c54 method=java.util.ArrayList.indexOfRange(Ljava/lang/Object;II)I @ 7 c2
Event: 18.207 Thread 0x000001e08f3e7b40 DEOPT PACKING pc=0x000001e03c519c54 sp=0x000000828bafe2f0
Event: 18.207 Thread 0x000001e08f3e7b40 DEOPT UNPACKING pc=0x000001e03be83aa2 sp=0x000000828bafe1b0 mode 2
Event: 18.240 Thread 0x000001e08f3e7b40 Uncommon trap: trap_request=0xffffff45 fr.pc=0x000001e03c5104c4 relative=0x0000000000000124
Event: 18.240 Thread 0x000001e08f3e7b40 Uncommon trap: reason=unstable_if action=reinterpret pc=0x000001e03c5104c4 method=java.util.ArrayList.indexOfRange(Ljava/lang/Object;II)I @ 7 c2
Event: 18.240 Thread 0x000001e08f3e7b40 DEOPT PACKING pc=0x000001e03c5104c4 sp=0x000000828bafe240
Event: 18.240 Thread 0x000001e08f3e7b40 DEOPT UNPACKING pc=0x000001e03be83aa2 sp=0x000000828bafe1c0 mode 2

Classes loaded (20 events):
Event: 17.592 Loading class sun/reflect/annotation/AnnotatedTypeFactory$AnnotatedTypeBaseImpl
Event: 17.593 Loading class sun/reflect/annotation/AnnotatedTypeFactory$AnnotatedTypeBaseImpl done
Event: 17.771 Loading class java/lang/reflect/UndeclaredThrowableException
Event: 17.772 Loading class java/lang/reflect/UndeclaredThrowableException done
Event: 17.777 Loading class java/lang/annotation/ElementType
Event: 17.777 Loading class java/lang/annotation/ElementType done
Event: 17.778 Loading class java/lang/annotation/Documented
Event: 17.778 Loading class java/lang/annotation/Documented done
Event: 17.852 Loading class java/lang/reflect/ParameterizedType
Event: 17.852 Loading class java/lang/reflect/ParameterizedType done
Event: 17.859 Loading class java/lang/reflect/WildcardType
Event: 17.859 Loading class java/lang/reflect/WildcardType done
Event: 17.876 Loading class sun/reflect/generics/tree/TypeVariableSignature
Event: 17.876 Loading class sun/reflect/generics/tree/TypeVariableSignature done
Event: 17.919 Loading class java/lang/Deprecated
Event: 17.919 Loading class java/lang/Deprecated done
Event: 18.087 Loading class java/lang/annotation/IncompleteAnnotationException
Event: 18.088 Loading class java/lang/annotation/IncompleteAnnotationException done
Event: 18.322 Loading class java/lang/foreign/MemorySegment
Event: 18.323 Loading class java/lang/foreign/MemorySegment done

Classes unloaded (7 events):
Event: 16.833 Thread 0x000001e0317beb70 Unloading class 0x000001e0491ab400 'java/lang/invoke/LambdaForm$MH+0x000001e0491ab400'
Event: 16.833 Thread 0x000001e0317beb70 Unloading class 0x000001e0491ab000 'java/lang/invoke/LambdaForm$MH+0x000001e0491ab000'
Event: 16.833 Thread 0x000001e0317beb70 Unloading class 0x000001e0491aac00 'java/lang/invoke/LambdaForm$MH+0x000001e0491aac00'
Event: 16.833 Thread 0x000001e0317beb70 Unloading class 0x000001e0491aa800 'java/lang/invoke/LambdaForm$MH+0x000001e0491aa800'
Event: 16.833 Thread 0x000001e0317beb70 Unloading class 0x000001e0491aa400 'java/lang/invoke/LambdaForm$BMH+0x000001e0491aa400'
Event: 16.833 Thread 0x000001e0317beb70 Unloading class 0x000001e0491aa000 'java/lang/invoke/LambdaForm$DMH+0x000001e0491aa000'
Event: 16.833 Thread 0x000001e0317beb70 Unloading class 0x000001e0491a8c00 'java/lang/invoke/LambdaForm$DMH+0x000001e0491a8c00'

Classes redefined (0 events):
No events

Internal exceptions (20 events):
Event: 17.024 Thread 0x000001e08f3e6100 Exception <a 'java/lang/NoSuchMethodError'{0x00000000d5819d80}: 'int java.lang.invoke.DirectMethodHandle$Holder.invokeStaticInit(java.lang.Object, long, long)'> (0x00000000d5819d80) 
thrown [s\src\hotspot\share\interpreter\linkResolver.cpp, line 773]
Event: 17.025 Thread 0x000001e08f3e6100 Exception <a 'java/lang/NoSuchMethodError'{0x00000000d586ab58}: 'int java.lang.invoke.DirectMethodHandle$Holder.invokeStaticInit(java.lang.Object, float, float)'> (0x00000000d586ab58) 
thrown [s\src\hotspot\share\interpreter\linkResolver.cpp, line 773]
Event: 17.027 Thread 0x000001e08f3e6100 Exception <a 'java/lang/NoSuchMethodError'{0x00000000d5871490}: 'int java.lang.invoke.DirectMethodHandle$Holder.invokeStaticInit(java.lang.Object, double, double)'> (0x00000000d5871490) 
thrown [s\src\hotspot\share\interpreter\linkResolver.cpp, line 773]
Event: 17.028 Thread 0x000001e08f3e6100 Exception <a 'java/lang/NoSuchMethodError'{0x00000000d58755d8}: 'int java.lang.invoke.DirectMethodHandle$Holder.invokeStatic(java.lang.Object, long)'> (0x00000000d58755d8) 
thrown [s\src\hotspot\share\interpreter\linkResolver.cpp, line 773]
Event: 17.031 Thread 0x000001e08f3e7b40 Exception <a 'java/lang/NoSuchMethodError'{0x00000000d574bad8}: 'java.lang.Object java.lang.invoke.Invokers$Holder.invoke_MT(java.lang.Object, java.lang.Object, java.lang.Object, java.lang.Object, java.lang.Object, java.lang.Object, java.lang.Object, java.lang.Object, java.lang.Object)'> (0x00000000d574bad8) 
thrown [s\src\hotspot\share\interpreter\linkResolver.cpp, line 773]
Event: 17.034 Thread 0x000001e08f3e7b40 Exception <a 'java/lang/NoSuchMethodError'{0x00000000d5888f18}: 'int java.lang.invoke.DirectMethodHandle$Holder.invokeSpecial(java.lang.Object, java.lang.Object, int, int)'> (0x00000000d5888f18) 
thrown [s\src\hotspot\share\interpreter\linkResolver.cpp, line 773]
Event: 17.034 Thread 0x000001e08f3e6100 Exception <a 'java/lang/NoSuchMethodError'{0x00000000d5885f00}: 'int java.lang.invoke.DirectMethodHandle$Holder.invokeSpecial(java.lang.Object, java.lang.Object, int, int)'> (0x00000000d5885f00) 
thrown [s\src\hotspot\share\interpreter\linkResolver.cpp, line 773]
Event: 17.037 Thread 0x000001e08f3e6100 Exception <a 'java/lang/NoSuchMethodError'{0x00000000d58a3040}: 'int java.lang.invoke.Invokers$Holder.linkToTargetMethod(java.lang.Object, java.lang.Object)'> (0x00000000d58a3040) 
thrown [s\src\hotspot\share\interpreter\linkResolver.cpp, line 773]
Event: 17.037 Thread 0x000001e08f3e7b40 Exception <a 'java/lang/NoSuchMethodError'{0x00000000d589f460}: 'int java.lang.invoke.Invokers$Holder.linkToTargetMethod(java.lang.Object, java.lang.Object)'> (0x00000000d589f460) 
thrown [s\src\hotspot\share\interpreter\linkResolver.cpp, line 773]
Event: 17.040 Thread 0x000001e08f3e6100 Exception <a 'java/lang/NoSuchMethodError'{0x00000000d58b38a8}: 'int java.lang.invoke.DirectMethodHandle$Holder.invokeSpecial(java.lang.Object, java.lang.Object, java.lang.Object, java.lang.Object)'> (0x00000000d58b38a8) 
thrown [s\src\hotspot\share\interpreter\linkResolver.cpp, line 773]
Event: 17.056 Thread 0x000001e08f3e6100 Exception <a 'java/lang/NoSuchMethodError'{0x00000000d59209c0}: 'java.lang.Object java.lang.invoke.DirectMethodHandle$Holder.invokeStatic(java.lang.Object, int, java.lang.Object, java.lang.Object)'> (0x00000000d59209c0) 
thrown [s\src\hotspot\share\interpreter\linkResolver.cpp, line 773]
Event: 17.057 Thread 0x000001e08f3e6100 Exception <a 'java/lang/NoSuchMethodError'{0x00000000d59abd18}: 'java.lang.Object java.lang.invoke.DelegatingMethodHandle$Holder.delegate(java.lang.Object, int, java.lang.Object, java.lang.Object)'> (0x00000000d59abd18) 
thrown [s\src\hotspot\share\interpreter\linkResolver.cpp, line 773]
Event: 17.062 Thread 0x000001e08f3e6100 Exception <a 'java/lang/NoSuchMethodError'{0x00000000d59c7c00}: 'int java.lang.invoke.Invokers$Holder.linkToTargetMethod(java.lang.Object, java.lang.Object, java.lang.Object)'> (0x00000000d59c7c00) 
thrown [s\src\hotspot\share\interpreter\linkResolver.cpp, line 773]
Event: 17.155 Thread 0x000001e08f3e7b40 Exception <a 'java/lang/NoSuchMethodError'{0x00000000d5d24b20}: 'java.lang.Object java.lang.invoke.DirectMethodHandle$Holder.invokeSpecialIFC(java.lang.Object, java.lang.Object, java.lang.Object, java.lang.Object)'> (0x00000000d5d24b20) 
thrown [s\src\hotspot\share\interpreter\linkResolver.cpp, line 773]
Event: 17.651 Thread 0x000001e08f89f5d0 Implicit null exception at 0x000001e03c585df5 to 0x000001e03c585ee8
Event: 17.953 Thread 0x000001e08f89f5d0 Exception <a 'java/io/FileNotFoundException'{0x00000000d69e3a90}> (0x00000000d69e3a90) 
thrown [s\src\hotspot\share\prims\jni.cpp, line 520]
Event: 18.072 Thread 0x000001e08f89f5d0 Exception <a 'java/io/FileNotFoundException'{0x00000000d60b76f0}> (0x00000000d60b76f0) 
thrown [s\src\hotspot\share\prims\jni.cpp, line 520]
Event: 18.073 Thread 0x000001e08f89f5d0 Exception <a 'java/io/FileNotFoundException'{0x00000000d60b86d8}> (0x00000000d60b86d8) 
thrown [s\src\hotspot\share\prims\jni.cpp, line 520]
Event: 18.088 Thread 0x000001e08f3e7b40 Exception <a 'java/lang/NoClassDefFoundError'{0x00000000d60f7348}: javax/enterprise/inject/Typed> (0x00000000d60f7348) 
thrown [s\src\hotspot\share\classfile\systemDictionary.cpp, line 301]
Event: 18.089 Thread 0x000001e08f89f5d0 Exception <a 'java/io/FileNotFoundException'{0x00000000d60c7308}> (0x00000000d60c7308) 
thrown [s\src\hotspot\share\prims\jni.cpp, line 520]

ZGC Phase Switch (0 events):
No events

VM Operations (20 events):
Event: 15.097 Executing safepoint VM operation: ICBufferFull
Event: 15.098 Executing safepoint VM operation: ICBufferFull done
Event: 15.212 Executing safepoint VM operation: ParallelGCFailedAllocation (Allocation Failure)
Event: 15.224 Executing safepoint VM operation: ParallelGCFailedAllocation (Allocation Failure) done
Event: 16.239 Executing safepoint VM operation: Cleanup
Event: 16.256 Executing safepoint VM operation: Cleanup done
Event: 16.672 Executing safepoint VM operation: ParallelGCFailedAllocation (Allocation Failure)
Event: 16.683 Executing safepoint VM operation: ParallelGCFailedAllocation (Allocation Failure) done
Event: 16.813 Executing safepoint VM operation: CollectForMetadataAllocation (Metadata GC Threshold)
Event: 16.922 Executing safepoint VM operation: CollectForMetadataAllocation (Metadata GC Threshold) done
Event: 17.048 Executing non-safepoint VM operation: HandshakeAllThreads (Deoptimize)
Event: 17.048 Executing non-safepoint VM operation: HandshakeAllThreads (Deoptimize) done
Event: 17.509 Executing safepoint VM operation: ParallelGCFailedAllocation (Allocation Failure)
Event: 17.513 Executing safepoint VM operation: ParallelGCFailedAllocation (Allocation Failure) done
Event: 17.979 Executing safepoint VM operation: ParallelGCFailedAllocation (Allocation Failure)
Event: 17.984 Executing safepoint VM operation: ParallelGCFailedAllocation (Allocation Failure) done
Event: 18.019 Executing non-safepoint VM operation: HandshakeAllThreads (Deoptimize)
Event: 18.044 Executing non-safepoint VM operation: HandshakeAllThreads (Deoptimize) done
Event: 19.044 Executing safepoint VM operation: Cleanup
Event: 19.044 Executing safepoint VM operation: Cleanup done

Memory protections (0 events):
No events

Nmethod flushes (0 events):
No events

Events (20 events):
Event: 6.271 Thread 0x000001e08f60eb80 Thread exited: 0x000001e08f60eb80
Event: 6.426 Thread 0x000001e031685330 Thread added: 0x000001e08f6106c0
Event: 6.702 Thread 0x000001e08f6106c0 Thread exited: 0x000001e08f6106c0
Event: 6.765 Thread 0x000001e0316fcd20 Thread added: 0x000001e08f6a28d0
Event: 6.915 Thread 0x000001e08f6a28d0 Thread added: 0x000001e08f713920
Event: 6.923 Thread 0x000001e0316fcd20 Thread added: 0x000001e08f89f5d0
Event: 7.401 Thread 0x000001e031685330 Thread added: 0x000001e08f1c0790
Event: 8.018 Thread 0x000001e08f89f5d0 Thread added: 0x000001e08f9999e0
Event: 8.632 Thread 0x000001e08f1c0790 Thread exited: 0x000001e08f1c0790
Event: 11.056 Thread 0x000001e08f89f5d0 Thread added: 0x000001e090082570
Event: 11.346 Thread 0x000001e03167d770 Thread added: 0x000001e090081830
Event: 11.607 Thread 0x000001e090081830 Thread exited: 0x000001e090081830
Event: 12.886 Thread 0x000001e08f89f5d0 Thread added: 0x000001e08fc17820
Event: 14.189 Thread 0x000001e08f89f5d0 Thread added: 0x000001e08f3e6100
Event: 14.242 Thread 0x000001e08f89f5d0 Thread added: 0x000001e08f3e7b40
Event: 14.455 Thread 0x000001e031685330 Thread added: 0x000001e08fbb1a50
Event: 15.442 Thread 0x000001e08fbb1a50 Thread exited: 0x000001e08fbb1a50
Event: 17.006 Thread 0x000001e08f3e6100 Thread added: 0x000001e08f3e81d0
Event: 17.113 Thread 0x000001e031685330 Thread added: 0x000001e08fbaff10
Event: 17.136 Thread 0x000001e08f3e81d0 Thread added: 0x000001e08f3e4d50


Dynamic libraries:
0x00007ff721e90000 - 0x00007ff721e9e000 	c:\Users\hp\.vscode\extensions\redhat.java-1.54.0-win32-x64\jre\21.0.10-win32-x86_64\bin\java.exe
0x00007ffb7cce0000 - 0x00007ffb7cf48000 	C:\WINDOWS\SYSTEM32\ntdll.dll
0x00007ffb7c170000 - 0x00007ffb7c239000 	C:\WINDOWS\System32\KERNEL32.DLL
0x00007ffb7a6b0000 - 0x00007ffb7aaa2000 	C:\WINDOWS\System32\KERNELBASE.dll
0x00007ffb79fe0000 - 0x00007ffb7a12b000 	C:\WINDOWS\System32\ucrtbase.dll
0x00007ffb13620000 - 0x00007ffb13638000 	c:\Users\hp\.vscode\extensions\redhat.java-1.54.0-win32-x64\jre\21.0.10-win32-x86_64\bin\jli.dll
0x00007ffb7cad0000 - 0x00007ffb7cc95000 	C:\WINDOWS\System32\USER32.dll
0x00007ffb7a340000 - 0x00007ffb7a367000 	C:\WINDOWS\System32\win32u.dll
0x00007ffb7c860000 - 0x00007ffb7c88b000 	C:\WINDOWS\System32\GDI32.dll
0x00007ffb7a370000 - 0x00007ffb7a49d000 	C:\WINDOWS\System32\gdi32full.dll
0x00007ffb79e70000 - 0x00007ffb79f13000 	C:\WINDOWS\System32\msvcp_win.dll
0x00007ffb62fb0000 - 0x00007ffb63243000 	C:\WINDOWS\WinSxS\amd64_microsoft.windows.common-controls_6595b64144ccf1df_6.0.26100.6899_none_3e0efeeae32e88c1\COMCTL32.dll
0x00007ffb7c6d0000 - 0x00007ffb7c779000 	C:\WINDOWS\System32\msvcrt.dll
0x00007ffb0e480000 - 0x00007ffb0e49e000 	c:\Users\hp\.vscode\extensions\redhat.java-1.54.0-win32-x64\jre\21.0.10-win32-x86_64\bin\VCRUNTIME140.dll
0x00007ffb7bc20000 - 0x00007ffb7bc4f000 	C:\WINDOWS\System32\IMM32.DLL
0x00007ffb4cdc0000 - 0x00007ffb4cdcc000 	c:\Users\hp\.vscode\extensions\redhat.java-1.54.0-win32-x64\jre\21.0.10-win32-x86_64\bin\vcruntime140_1.dll
0x00007ffb0a8c0000 - 0x00007ffb0a94d000 	c:\Users\hp\.vscode\extensions\redhat.java-1.54.0-win32-x64\jre\21.0.10-win32-x86_64\bin\msvcp140.dll
0x00007ffae4b10000 - 0x00007ffae58b1000 	c:\Users\hp\.vscode\extensions\redhat.java-1.54.0-win32-x64\jre\21.0.10-win32-x86_64\bin\server\jvm.dll
0x00007ffb7bd00000 - 0x00007ffb7bdb4000 	C:\WINDOWS\System32\ADVAPI32.dll
0x00007ffb7b390000 - 0x00007ffb7b436000 	C:\WINDOWS\System32\sechost.dll
0x00007ffb7b440000 - 0x00007ffb7b558000 	C:\WINDOWS\System32\RPCRT4.dll
0x00007ffb7c960000 - 0x00007ffb7c9d4000 	C:\WINDOWS\System32\WS2_32.dll
0x00007ffb79cd0000 - 0x00007ffb79d2e000 	C:\WINDOWS\SYSTEM32\POWRPROF.dll
0x00007ffb5c030000 - 0x00007ffb5c065000 	C:\WINDOWS\SYSTEM32\WINMM.dll
0x00007ffb72c40000 - 0x00007ffb72c4b000 	C:\WINDOWS\SYSTEM32\VERSION.dll
0x00007ffb79cb0000 - 0x00007ffb79cc4000 	C:\WINDOWS\SYSTEM32\UMPDC.dll
0x00007ffb78c40000 - 0x00007ffb78c5b000 	C:\WINDOWS\SYSTEM32\kernel.appcore.dll
0x00007ffb49cd0000 - 0x00007ffb49cda000 	c:\Users\hp\.vscode\extensions\redhat.java-1.54.0-win32-x64\jre\21.0.10-win32-x86_64\bin\jimage.dll
0x00007ffb771a0000 - 0x00007ffb773e2000 	C:\WINDOWS\SYSTEM32\DBGHELP.DLL
0x00007ffb7b840000 - 0x00007ffb7bbbb000 	C:\WINDOWS\System32\combase.dll
0x00007ffb7c780000 - 0x00007ffb7c857000 	C:\WINDOWS\System32\OLEAUT32.dll
0x00007ffb5a650000 - 0x00007ffb5a68c000 	C:\WINDOWS\SYSTEM32\dbgcore.DLL
0x00007ffb7a610000 - 0x00007ffb7a6a8000 	C:\WINDOWS\System32\bcryptPrimitives.dll
0x00007ffb46d40000 - 0x00007ffb46d4f000 	c:\Users\hp\.vscode\extensions\redhat.java-1.54.0-win32-x64\jre\21.0.10-win32-x86_64\bin\instrument.dll
0x00007ffb0d220000 - 0x00007ffb0d240000 	c:\Users\hp\.vscode\extensions\redhat.java-1.54.0-win32-x64\jre\21.0.10-win32-x86_64\bin\java.dll
0x00007ffb7aab0000 - 0x00007ffb7b1fd000 	C:\WINDOWS\System32\SHELL32.dll
0x00007ffb7a4a0000 - 0x00007ffb7a60b000 	C:\WINDOWS\System32\wintypes.dll
0x00007ffb77b00000 - 0x00007ffb7835d000 	C:\WINDOWS\SYSTEM32\windows.storage.dll
0x00007ffb7c070000 - 0x00007ffb7c162000 	C:\WINDOWS\System32\SHCORE.dll
0x00007ffb7c890000 - 0x00007ffb7c8f2000 	C:\WINDOWS\System32\shlwapi.dll
0x00007ffb79d90000 - 0x00007ffb79db9000 	C:\WINDOWS\SYSTEM32\profapi.dll
0x00007ffb0d200000 - 0x00007ffb0d218000 	c:\Users\hp\.vscode\extensions\redhat.java-1.54.0-win32-x64\jre\21.0.10-win32-x86_64\bin\zip.dll
0x00007ffb4d2f0000 - 0x00007ffb4d300000 	C:\Users\hp\.vscode\extensions\redhat.java-1.54.0-win32-x64\jre\21.0.10-win32-x86_64\bin\net.dll
0x00007ffb6d3c0000 - 0x00007ffb6d4df000 	C:\WINDOWS\SYSTEM32\WINHTTP.dll
0x00007ffb791b0000 - 0x00007ffb7921b000 	C:\WINDOWS\system32\mswsock.dll
0x00007ffb1dd80000 - 0x00007ffb1dd96000 	C:\Users\hp\.vscode\extensions\redhat.java-1.54.0-win32-x64\jre\21.0.10-win32-x86_64\bin\nio.dll
0x00007ffb46c40000 - 0x00007ffb46c50000 	c:\Users\hp\.vscode\extensions\redhat.java-1.54.0-win32-x64\jre\21.0.10-win32-x86_64\bin\verify.dll
0x00007ffb45d90000 - 0x00007ffb45dd5000 	C:\Users\hp\AppData\Roaming\Code\User\globalStorage\redhat.java\1.54.0\config_win\org.eclipse.equinox.launcher\org.eclipse.equinox.launcher.win32.win32.x86_64_1.3.0.v20260203-2149\eclipse_11919.dll
0x00007ffb7bec0000 - 0x00007ffb7c058000 	C:\WINDOWS\System32\ole32.dll
0x00007ffb5eee0000 - 0x00007ffb5eeea000 	C:\Users\hp\.vscode\extensions\redhat.java-1.54.0-win32-x64\jre\21.0.10-win32-x86_64\bin\management.dll
0x00007ffb5eed0000 - 0x00007ffb5eedc000 	C:\Users\hp\.vscode\extensions\redhat.java-1.54.0-win32-x64\jre\21.0.10-win32-x86_64\bin\management_ext.dll
0x00007ffb7bc60000 - 0x00007ffb7bc68000 	C:\WINDOWS\System32\PSAPI.DLL

JVMTI agents:
c:\Users\hp\.vscode\extensions\redhat.java-1.54.0-win32-x64\lombok\lombok-1.18.39-4050.jar path:c:\Users\hp\.vscode\extensions\redhat.java-1.54.0-win32-x64\jre\21.0.10-win32-x86_64\bin\instrument.dll, loaded, initialized, instrumentlib options:none

dbghelp: loaded successfully - version: 4.0.5 - missing functions: none
symbol engine: initialized successfully - sym options: 0x614 - pdb path: .;c:\Users\hp\.vscode\extensions\redhat.java-1.54.0-win32-x64\jre\21.0.10-win32-x86_64\bin;C:\WINDOWS\SYSTEM32;C:\WINDOWS\WinSxS\amd64_microsoft.windows.common-controls_6595b64144ccf1df_6.0.26100.6899_none_3e0efeeae32e88c1;c:\Users\hp\.vscode\extensions\redhat.java-1.54.0-win32-x64\jre\21.0.10-win32-x86_64\bin\server;C:\Users\hp\AppData\Roaming\Code\User\globalStorage\redhat.java\1.54.0\config_win\org.eclipse.equinox.launcher\org.eclipse.equinox.launcher.win32.win32.x86_64_1.3.0.v20260203-2149

VM Arguments:
jvm_args: --add-modules=ALL-SYSTEM --add-opens=java.base/java.util=ALL-UNNAMED --add-opens=java.base/java.lang=ALL-UNNAMED --add-opens=java.base/sun.nio.fs=ALL-UNNAMED -Declipse.application=org.eclipse.jdt.ls.core.id1 -Dosgi.bundles.defaultStartLevel=4 -Declipse.product=org.eclipse.jdt.ls.core.product -Djava.import.generatesMetadataFilesAtProjectRoot=false -DDetectVMInstallationsJob.disabled=true -Dfile.encoding=utf8 -XX:+UseParallelGC -XX:GCTimeRatio=4 -XX:AdaptiveSizePolicyWeight=90 -Dsun.zip.disableMemoryMapping=true -Xmx2G -Xms100m -Xlog:disable -javaagent:c:\Users\hp\.vscode\extensions\redhat.java-1.54.0-win32-x64\lombok\lombok-1.18.39-4050.jar -XX:+HeapDumpOnOutOfMemoryError -XX:HeapDumpPath=c:\Users\hp\AppData\Roaming\Code\User\workspaceStorage\07dbee5f1e131d463add0b55ac0a14a8\redhat.java -Daether.dependencyCollector.impl=bf 
java_command: c:\Users\hp\.vscode\extensions\redhat.java-1.54.0-win32-x64\server\plugins\org.eclipse.equinox.launcher_1.7.100.v20251111-0406.jar -configuration c:\Users\hp\AppData\Roaming\Code\User\globalStorage\redhat.java\1.54.0\config_win -data c:\Users\hp\AppData\Roaming\Code\User\workspaceStorage\07dbee5f1e131d463add0b55ac0a14a8\redhat.java\jdt_ws --pipe=\\.\pipe\lsp-25d9d79150b6847817fdb9e703311d93-sock
java_class_path (initial): c:\Users\hp\.vscode\extensions\redhat.java-1.54.0-win32-x64\server\plugins\org.eclipse.equinox.launcher_1.7.100.v20251111-0406.jar
Launcher Type: SUN_STANDARD

[Global flags]
    uintx AdaptiveSizePolicyWeight                 = 90                                        {product} {command line}
     intx CICompilerCount                          = 4                                         {product} {ergonomic}
    uintx GCTimeRatio                              = 4                                         {product} {command line}
     bool HeapDumpOnOutOfMemoryError               = true                                   {manageable} {command line}
    ccstr HeapDumpPath                             = c:\Users\hp\AppData\Roaming\Code\User\workspaceStorage\07dbee5f1e131d463add0b55ac0a14a8\redhat.java         {manageable} {command line}
   size_t InitialHeapSize                          = 104857600                                 {product} {command line}
   size_t MaxHeapSize                              = 2147483648                                {product} {command line}
   size_t MaxNewSize                               = 715653120                                 {product} {ergonomic}
   size_t MinHeapDeltaBytes                        = 524288                                    {product} {ergonomic}
   size_t MinHeapSize                              = 104857600                                 {product} {command line}
   size_t NewSize                                  = 34603008                                  {product} {ergonomic}
    uintx NonNMethodCodeHeapSize                   = 5839372                                {pd product} {ergonomic}
    uintx NonProfiledCodeHeapSize                  = 122909434                              {pd product} {ergonomic}
   size_t OldSize                                  = 70254592                                  {product} {ergonomic}
    uintx ProfiledCodeHeapSize                     = 122909434                              {pd product} {ergonomic}
    uintx ReservedCodeCacheSize                    = 251658240                              {pd product} {ergonomic}
     bool SegmentedCodeCache                       = true                                      {product} {ergonomic}
   size_t SoftMaxHeapSize                          = 2147483648                             {manageable} {ergonomic}
     bool UseCompressedOops                        = true                           {product lp64_product} {ergonomic}
     bool UseLargePagesIndividualAllocation        = false                                  {pd product} {ergonomic}
     bool UseParallelGC                            = true                                      {product} {command line}

Logging:
Log output configuration:
 #0: stdout all=off uptime,level,tags foldmultilines=false
 #1: stderr all=off uptime,level,tags foldmultilines=false

Release file:
JAVA_VERSION="21.0.10" 
MODULES="java.base java.compiler java.datatransfer java.xml java.prefs java.desktop java.instrument java.logging java.management java.security.sasl java.naming java.rmi java.management.rmi java.net.http java.scripting java.security.jgss java.transaction.xa java.sql java.sql.rowset java.xml.crypto java.se java.smartcardio jdk.accessibility jdk.internal.jvmstat jdk.attach jdk.charsets jdk.internal.opt jdk.zipfs jdk.compiler jdk.crypto.ec jdk.crypto.cryptoki jdk.crypto.mscapi jdk.dynalink jdk.internal.ed jdk.editpad jdk.hotspot.agent jdk.httpserver jdk.internal.le jdk.internal.vm.ci jdk.internal.vm.compiler jdk.internal.vm.compiler.management jdk.jartool jdk.javadoc jdk.jcmd jdk.management jdk.management.agent jdk.jconsole jdk.jdeps jdk.jdwp.agent jdk.jdi jdk.jfr jdk.jshell jdk.jsobject jdk.jstatd jdk.localedata jdk.management.jfr jdk.naming.dns jdk.naming.rmi jdk.net jdk.nio.mapmode jdk.random jdk.sctp jdk.security.auth jdk.security.jgss jdk.unsupported jdk.unsupported.desktop jdk.xml.dom" 

Environment Variables:
PATH=C:\Python313\Scripts\;C:\Python313\;C:\Program Files\Common Files\Oracle\Java\javapath;C:\Program Files (x86)\Common Files\Oracle\Java\java8path;C:\Program Files (x86)\Common Files\Oracle\Java\javapath;C:\Program Files (x86)\NVIDIA Corporation\PhysX\Common;C:\WINDOWS\system32;C:\WINDOWS;C:\WINDOWS\System32\Wbem;C:\WINDOWS\System32\WindowsPowerShell\v1.0\;C:\WINDOWS\System32\OpenSSH\;C:\Program Files\Git\cmd;C:\Program Files\nodejs\;C:\ProgramData\chocolatey\bin;C:\Program Files\dotnet\;C:\Users\hp\Downloads\apache-maven-3.9.14-bin;C:\ProgramData\chocolatey\lib\maven\apache-maven-3.9.15\bin;C:\Users\hp\AppData\Local\Programs\Python\Python314\Scripts\;C:\Users\hp\AppData\Local\Programs\Python\Python314\;C:\Users\hp\AppData\Local\Microsoft\WindowsApps;C:\Users\hp\AppData\Local\Programs\Microsoft VS Code\bin;C:\Users\hp\AppData\Roaming\npm;;C:\tools\mysql\current\bin
USERNAME=KENNEDY
OS=Windows_NT
PROCESSOR_IDENTIFIER=Intel64 Family 6 Model 142 Stepping 11, GenuineIntel
TMP=C:\Users\hp\AppData\Local\Temp
TEMP=C:\Users\hp\AppData\Local\Temp




Periodic native trim disabled

---------------  S Y S T E M  ---------------

OS:
 Windows 11 , 64 bit Build 26100 (10.0.26100.6725)
OS uptime: 0 days 18:06 hours

CPU: total 8 (initial active 8) (4 cores per cpu, 2 threads per core) family 6 model 142 stepping 11 microcode 0xf6, cx8, cmov, fxsr, ht, mmx, 3dnowpref, sse, sse2, sse3, ssse3, sse4.1, sse4.2, popcnt, lzcnt, tsc, tscinvbit, avx, avx2, aes, erms, clmul, bmi1, bmi2, adx, fma, vzeroupper, clflush, clflushopt, rdtscp, f16c
Processor Information for the first 8 processors :
  Max Mhz: 1800, Current Mhz: 1300, Mhz Limit: 1584

Memory: 4k page, system-wide physical 8030M (463M free)
TotalPageFile size 16222M (AvailPageFile size 96M)
current process WorkingSet (physical memory assigned to process): 175M, peak: 178M
current process commit charge ("private bytes"): 302M, peak: 306M

vm_info: OpenJDK 64-Bit Server VM (21.0.10+7-LTS) for windows-amd64 JRE (21.0.10+7-LTS), built on 2026-01-20T00:00:00Z by "admin" with MS VC++ 17.12 (VS2022)

END.
